   1              		.syntax unified
   2              		.cpu cortex-m4
   3              		.eabi_attribute 27, 3
   4              		.fpu fpv4-sp-d16
   5              		.eabi_attribute 20, 1
   6              		.eabi_attribute 21, 1
   7              		.eabi_attribute 23, 3
   8              		.eabi_attribute 24, 1
   9              		.eabi_attribute 25, 1
  10              		.eabi_attribute 26, 1
  11              		.eabi_attribute 30, 6
  12              		.eabi_attribute 34, 1
  13              		.eabi_attribute 18, 4
  14              		.thumb
  15              		.file	"port.c"
  16              		.text
  17              	.Ltext0:
  18              		.cfi_sections	.debug_frame
  19              		.global	ulKernelPriority
  20              		.section	.rodata.ulKernelPriority,"a",%progbits
  21              		.align	2
  24              	ulKernelPriority:
  25 0000 FF000000 		.word	255
  26              		.section	.data.uxCriticalNesting,"aw",%progbits
  27              		.align	2
  30              	uxCriticalNesting:
  31 0000 AAAAAAAA 		.word	-1431655766
  32              		.section	.text.pxPortInitialiseStack,"ax",%progbits
  33              		.align	2
  34              		.global	pxPortInitialiseStack
  35              		.thumb
  36              		.thumb_func
  38              	pxPortInitialiseStack:
  39              	.LFB110:
  40              		.file 1 "FreeRTOS/Source/portable/GCC/ARM_CM4F/port.c"
   1:FreeRTOS/Source/portable/GCC/ARM_CM4F/port.c **** /*
   2:FreeRTOS/Source/portable/GCC/ARM_CM4F/port.c ****     FreeRTOS V7.1.1 - Copyright (C) 2012 Real Time Engineers Ltd.
   3:FreeRTOS/Source/portable/GCC/ARM_CM4F/port.c **** 
   4:FreeRTOS/Source/portable/GCC/ARM_CM4F/port.c **** 
   5:FreeRTOS/Source/portable/GCC/ARM_CM4F/port.c ****     ***************************************************************************
   6:FreeRTOS/Source/portable/GCC/ARM_CM4F/port.c ****      *                                                                       *
   7:FreeRTOS/Source/portable/GCC/ARM_CM4F/port.c ****      *    FreeRTOS tutorial books are available in pdf and paperback.        *
   8:FreeRTOS/Source/portable/GCC/ARM_CM4F/port.c ****      *    Complete, revised, and edited pdf reference manuals are also       *
   9:FreeRTOS/Source/portable/GCC/ARM_CM4F/port.c ****      *    available.                                                         *
  10:FreeRTOS/Source/portable/GCC/ARM_CM4F/port.c ****      *                                                                       *
  11:FreeRTOS/Source/portable/GCC/ARM_CM4F/port.c ****      *    Purchasing FreeRTOS documentation will not only help you, by       *
  12:FreeRTOS/Source/portable/GCC/ARM_CM4F/port.c ****      *    ensuring you get running as quickly as possible and with an        *
  13:FreeRTOS/Source/portable/GCC/ARM_CM4F/port.c ****      *    in-depth knowledge of how to use FreeRTOS, it will also help       *
  14:FreeRTOS/Source/portable/GCC/ARM_CM4F/port.c ****      *    the FreeRTOS project to continue with its mission of providing     *
  15:FreeRTOS/Source/portable/GCC/ARM_CM4F/port.c ****      *    professional grade, cross platform, de facto standard solutions    *
  16:FreeRTOS/Source/portable/GCC/ARM_CM4F/port.c ****      *    for microcontrollers - completely free of charge!                  *
  17:FreeRTOS/Source/portable/GCC/ARM_CM4F/port.c ****      *                                                                       *
  18:FreeRTOS/Source/portable/GCC/ARM_CM4F/port.c ****      *    >>> See http://www.FreeRTOS.org/Documentation for details. <<<     *
  19:FreeRTOS/Source/portable/GCC/ARM_CM4F/port.c ****      *                                                                       *
  20:FreeRTOS/Source/portable/GCC/ARM_CM4F/port.c ****      *    Thank you for using FreeRTOS, and thank you for your support!      *
  21:FreeRTOS/Source/portable/GCC/ARM_CM4F/port.c ****      *                                                                       *
  22:FreeRTOS/Source/portable/GCC/ARM_CM4F/port.c ****     ***************************************************************************
  23:FreeRTOS/Source/portable/GCC/ARM_CM4F/port.c **** 
  24:FreeRTOS/Source/portable/GCC/ARM_CM4F/port.c **** 
  25:FreeRTOS/Source/portable/GCC/ARM_CM4F/port.c ****     This file is part of the FreeRTOS distribution.
  26:FreeRTOS/Source/portable/GCC/ARM_CM4F/port.c **** 
  27:FreeRTOS/Source/portable/GCC/ARM_CM4F/port.c ****     FreeRTOS is free software; you can redistribute it and/or modify it under
  28:FreeRTOS/Source/portable/GCC/ARM_CM4F/port.c ****     the terms of the GNU General Public License (version 2) as published by the
  29:FreeRTOS/Source/portable/GCC/ARM_CM4F/port.c ****     Free Software Foundation AND MODIFIED BY the FreeRTOS exception.
  30:FreeRTOS/Source/portable/GCC/ARM_CM4F/port.c ****     >>>NOTE<<< The modification to the GPL is included to allow you to
  31:FreeRTOS/Source/portable/GCC/ARM_CM4F/port.c ****     distribute a combined work that includes FreeRTOS without being obliged to
  32:FreeRTOS/Source/portable/GCC/ARM_CM4F/port.c ****     provide the source code for proprietary components outside of the FreeRTOS
  33:FreeRTOS/Source/portable/GCC/ARM_CM4F/port.c ****     kernel.  FreeRTOS is distributed in the hope that it will be useful, but
  34:FreeRTOS/Source/portable/GCC/ARM_CM4F/port.c ****     WITHOUT ANY WARRANTY; without even the implied warranty of MERCHANTABILITY
  35:FreeRTOS/Source/portable/GCC/ARM_CM4F/port.c ****     or FITNESS FOR A PARTICULAR PURPOSE.  See the GNU General Public License for
  36:FreeRTOS/Source/portable/GCC/ARM_CM4F/port.c ****     more details. You should have received a copy of the GNU General Public
  37:FreeRTOS/Source/portable/GCC/ARM_CM4F/port.c ****     License and the FreeRTOS license exception along with FreeRTOS; if not it
  38:FreeRTOS/Source/portable/GCC/ARM_CM4F/port.c ****     can be viewed here: http://www.freertos.org/a00114.html and also obtained
  39:FreeRTOS/Source/portable/GCC/ARM_CM4F/port.c ****     by writing to Richard Barry, contact details for whom are available on the
  40:FreeRTOS/Source/portable/GCC/ARM_CM4F/port.c ****     FreeRTOS WEB site.
  41:FreeRTOS/Source/portable/GCC/ARM_CM4F/port.c **** 
  42:FreeRTOS/Source/portable/GCC/ARM_CM4F/port.c ****     1 tab == 4 spaces!
  43:FreeRTOS/Source/portable/GCC/ARM_CM4F/port.c ****     
  44:FreeRTOS/Source/portable/GCC/ARM_CM4F/port.c ****     ***************************************************************************
  45:FreeRTOS/Source/portable/GCC/ARM_CM4F/port.c ****      *                                                                       *
  46:FreeRTOS/Source/portable/GCC/ARM_CM4F/port.c ****      *    Having a problem?  Start by reading the FAQ "My application does   *
  47:FreeRTOS/Source/portable/GCC/ARM_CM4F/port.c ****      *    not run, what could be wrong?                                      *
  48:FreeRTOS/Source/portable/GCC/ARM_CM4F/port.c ****      *                                                                       *
  49:FreeRTOS/Source/portable/GCC/ARM_CM4F/port.c ****      *    http://www.FreeRTOS.org/FAQHelp.html                               *
  50:FreeRTOS/Source/portable/GCC/ARM_CM4F/port.c ****      *                                                                       *
  51:FreeRTOS/Source/portable/GCC/ARM_CM4F/port.c ****     ***************************************************************************
  52:FreeRTOS/Source/portable/GCC/ARM_CM4F/port.c **** 
  53:FreeRTOS/Source/portable/GCC/ARM_CM4F/port.c ****     
  54:FreeRTOS/Source/portable/GCC/ARM_CM4F/port.c ****     http://www.FreeRTOS.org - Documentation, training, latest information, 
  55:FreeRTOS/Source/portable/GCC/ARM_CM4F/port.c ****     license and contact details.
  56:FreeRTOS/Source/portable/GCC/ARM_CM4F/port.c ****     
  57:FreeRTOS/Source/portable/GCC/ARM_CM4F/port.c ****     http://www.FreeRTOS.org/plus - A selection of FreeRTOS ecosystem products,
  58:FreeRTOS/Source/portable/GCC/ARM_CM4F/port.c ****     including FreeRTOS+Trace - an indispensable productivity tool.
  59:FreeRTOS/Source/portable/GCC/ARM_CM4F/port.c **** 
  60:FreeRTOS/Source/portable/GCC/ARM_CM4F/port.c ****     Real Time Engineers ltd license FreeRTOS to High Integrity Systems, who sell 
  61:FreeRTOS/Source/portable/GCC/ARM_CM4F/port.c ****     the code with commercial support, indemnification, and middleware, under 
  62:FreeRTOS/Source/portable/GCC/ARM_CM4F/port.c ****     the OpenRTOS brand: http://www.OpenRTOS.com.  High Integrity Systems also
  63:FreeRTOS/Source/portable/GCC/ARM_CM4F/port.c ****     provide a safety engineered and independently SIL3 certified version under 
  64:FreeRTOS/Source/portable/GCC/ARM_CM4F/port.c ****     the SafeRTOS brand: http://www.SafeRTOS.com.
  65:FreeRTOS/Source/portable/GCC/ARM_CM4F/port.c **** */
  66:FreeRTOS/Source/portable/GCC/ARM_CM4F/port.c **** 
  67:FreeRTOS/Source/portable/GCC/ARM_CM4F/port.c **** /*-----------------------------------------------------------
  68:FreeRTOS/Source/portable/GCC/ARM_CM4F/port.c ****  * Implementation of functions defined in portable.h for the ARM CM4F port.
  69:FreeRTOS/Source/portable/GCC/ARM_CM4F/port.c ****  *----------------------------------------------------------*/
  70:FreeRTOS/Source/portable/GCC/ARM_CM4F/port.c **** 
  71:FreeRTOS/Source/portable/GCC/ARM_CM4F/port.c **** /* Scheduler includes. */
  72:FreeRTOS/Source/portable/GCC/ARM_CM4F/port.c **** #include "FreeRTOS.h"
  73:FreeRTOS/Source/portable/GCC/ARM_CM4F/port.c **** #include "task.h"
  74:FreeRTOS/Source/portable/GCC/ARM_CM4F/port.c **** 
  75:FreeRTOS/Source/portable/GCC/ARM_CM4F/port.c **** #ifndef __VFP_FP__
  76:FreeRTOS/Source/portable/GCC/ARM_CM4F/port.c **** 	#error This port can only be used when the project options are configured to enable hardware float
  77:FreeRTOS/Source/portable/GCC/ARM_CM4F/port.c **** #endif
  78:FreeRTOS/Source/portable/GCC/ARM_CM4F/port.c **** 
  79:FreeRTOS/Source/portable/GCC/ARM_CM4F/port.c **** /* Constants required to manipulate the NVIC. */
  80:FreeRTOS/Source/portable/GCC/ARM_CM4F/port.c **** #define portNVIC_SYSTICK_CTRL		( ( volatile unsigned long * ) 0xe000e010 )
  81:FreeRTOS/Source/portable/GCC/ARM_CM4F/port.c **** #define portNVIC_SYSTICK_LOAD		( ( volatile unsigned long * ) 0xe000e014 )
  82:FreeRTOS/Source/portable/GCC/ARM_CM4F/port.c **** #define portNVIC_INT_CTRL			( ( volatile unsigned long * ) 0xe000ed04 )
  83:FreeRTOS/Source/portable/GCC/ARM_CM4F/port.c **** #define portNVIC_SYSPRI2			( ( volatile unsigned long * ) 0xe000ed20 )
  84:FreeRTOS/Source/portable/GCC/ARM_CM4F/port.c **** #define portNVIC_SYSTICK_CLK		0x00000004
  85:FreeRTOS/Source/portable/GCC/ARM_CM4F/port.c **** #define portNVIC_SYSTICK_INT		0x00000002
  86:FreeRTOS/Source/portable/GCC/ARM_CM4F/port.c **** #define portNVIC_SYSTICK_ENABLE		0x00000001
  87:FreeRTOS/Source/portable/GCC/ARM_CM4F/port.c **** #define portNVIC_PENDSVSET			0x10000000
  88:FreeRTOS/Source/portable/GCC/ARM_CM4F/port.c **** #define portNVIC_PENDSV_PRI			( ( ( unsigned long ) configKERNEL_INTERRUPT_PRIORITY ) << 16 )
  89:FreeRTOS/Source/portable/GCC/ARM_CM4F/port.c **** #define portNVIC_SYSTICK_PRI		( ( ( unsigned long ) configKERNEL_INTERRUPT_PRIORITY ) << 24 )
  90:FreeRTOS/Source/portable/GCC/ARM_CM4F/port.c **** 
  91:FreeRTOS/Source/portable/GCC/ARM_CM4F/port.c **** /* Constants required to manipulate the VFP. */
  92:FreeRTOS/Source/portable/GCC/ARM_CM4F/port.c **** #define portFPCCR					( ( volatile unsigned long * ) 0xe000ef34 ) /* Floating point context control
  93:FreeRTOS/Source/portable/GCC/ARM_CM4F/port.c **** #define portASPEN_AND_LSPEN_BITS	( 0x3UL << 30UL )
  94:FreeRTOS/Source/portable/GCC/ARM_CM4F/port.c **** 
  95:FreeRTOS/Source/portable/GCC/ARM_CM4F/port.c **** /* Constants required to set up the initial stack. */
  96:FreeRTOS/Source/portable/GCC/ARM_CM4F/port.c **** #define portINITIAL_XPSR			( 0x01000000 )
  97:FreeRTOS/Source/portable/GCC/ARM_CM4F/port.c **** #define portINITIAL_EXEC_RETURN		( 0xfffffffd )
  98:FreeRTOS/Source/portable/GCC/ARM_CM4F/port.c **** 
  99:FreeRTOS/Source/portable/GCC/ARM_CM4F/port.c **** /* The priority used by the kernel is assigned to a variable to make access
 100:FreeRTOS/Source/portable/GCC/ARM_CM4F/port.c **** from inline assembler easier. */
 101:FreeRTOS/Source/portable/GCC/ARM_CM4F/port.c **** const unsigned long ulKernelPriority = configKERNEL_INTERRUPT_PRIORITY;
 102:FreeRTOS/Source/portable/GCC/ARM_CM4F/port.c **** 
 103:FreeRTOS/Source/portable/GCC/ARM_CM4F/port.c **** /* Each task maintains its own interrupt status in the critical nesting
 104:FreeRTOS/Source/portable/GCC/ARM_CM4F/port.c **** variable. */
 105:FreeRTOS/Source/portable/GCC/ARM_CM4F/port.c **** static unsigned portBASE_TYPE uxCriticalNesting = 0xaaaaaaaa;
 106:FreeRTOS/Source/portable/GCC/ARM_CM4F/port.c **** 
 107:FreeRTOS/Source/portable/GCC/ARM_CM4F/port.c **** /*
 108:FreeRTOS/Source/portable/GCC/ARM_CM4F/port.c ****  * Setup the timer to generate the tick interrupts.
 109:FreeRTOS/Source/portable/GCC/ARM_CM4F/port.c ****  */
 110:FreeRTOS/Source/portable/GCC/ARM_CM4F/port.c **** static void prvSetupTimerInterrupt( void );
 111:FreeRTOS/Source/portable/GCC/ARM_CM4F/port.c **** 
 112:FreeRTOS/Source/portable/GCC/ARM_CM4F/port.c **** /*
 113:FreeRTOS/Source/portable/GCC/ARM_CM4F/port.c ****  * Exception handlers.
 114:FreeRTOS/Source/portable/GCC/ARM_CM4F/port.c ****  */
 115:FreeRTOS/Source/portable/GCC/ARM_CM4F/port.c **** void xPortPendSVHandler( void ) __attribute__ (( naked ));
 116:FreeRTOS/Source/portable/GCC/ARM_CM4F/port.c **** void xPortSysTickHandler( void );
 117:FreeRTOS/Source/portable/GCC/ARM_CM4F/port.c **** void vPortSVCHandler( void ) __attribute__ (( naked ));
 118:FreeRTOS/Source/portable/GCC/ARM_CM4F/port.c **** 
 119:FreeRTOS/Source/portable/GCC/ARM_CM4F/port.c **** /*
 120:FreeRTOS/Source/portable/GCC/ARM_CM4F/port.c ****  * Start first task is a separate function so it can be tested in isolation.
 121:FreeRTOS/Source/portable/GCC/ARM_CM4F/port.c ****  */
 122:FreeRTOS/Source/portable/GCC/ARM_CM4F/port.c **** static void vPortStartFirstTask( void ) __attribute__ (( naked ));
 123:FreeRTOS/Source/portable/GCC/ARM_CM4F/port.c **** 
 124:FreeRTOS/Source/portable/GCC/ARM_CM4F/port.c **** /*
 125:FreeRTOS/Source/portable/GCC/ARM_CM4F/port.c ****  * Function to enable the VFP.
 126:FreeRTOS/Source/portable/GCC/ARM_CM4F/port.c ****  */
 127:FreeRTOS/Source/portable/GCC/ARM_CM4F/port.c ****  static void vPortEnableVFP( void ) __attribute__ (( naked ));
 128:FreeRTOS/Source/portable/GCC/ARM_CM4F/port.c **** 
 129:FreeRTOS/Source/portable/GCC/ARM_CM4F/port.c **** 
 130:FreeRTOS/Source/portable/GCC/ARM_CM4F/port.c **** /*-----------------------------------------------------------*/
 131:FreeRTOS/Source/portable/GCC/ARM_CM4F/port.c **** 
 132:FreeRTOS/Source/portable/GCC/ARM_CM4F/port.c **** /*
 133:FreeRTOS/Source/portable/GCC/ARM_CM4F/port.c ****  * See header file for description.
 134:FreeRTOS/Source/portable/GCC/ARM_CM4F/port.c ****  */
 135:FreeRTOS/Source/portable/GCC/ARM_CM4F/port.c **** portSTACK_TYPE *pxPortInitialiseStack( portSTACK_TYPE *pxTopOfStack, pdTASK_CODE pxCode, void *pvPa
 136:FreeRTOS/Source/portable/GCC/ARM_CM4F/port.c **** {
  41              		.loc 1 136 0
  42              		.cfi_startproc
  43              		@ args = 0, pretend = 0, frame = 16
  44              		@ frame_needed = 1, uses_anonymous_args = 0
  45              		@ link register save eliminated.
  46 0000 80B4     		push	{r7}
  47              	.LCFI0:
  48              		.cfi_def_cfa_offset 4
  49              		.cfi_offset 7, -4
  50 0002 85B0     		sub	sp, sp, #20
  51              	.LCFI1:
  52              		.cfi_def_cfa_offset 24
  53 0004 00AF     		add	r7, sp, #0
  54              	.LCFI2:
  55              		.cfi_def_cfa_register 7
  56 0006 F860     		str	r0, [r7, #12]
  57 0008 B960     		str	r1, [r7, #8]
  58 000a 7A60     		str	r2, [r7, #4]
 137:FreeRTOS/Source/portable/GCC/ARM_CM4F/port.c **** 	/* Simulate the stack frame as it would be created by a context switch
 138:FreeRTOS/Source/portable/GCC/ARM_CM4F/port.c **** 	interrupt. */
 139:FreeRTOS/Source/portable/GCC/ARM_CM4F/port.c **** 
 140:FreeRTOS/Source/portable/GCC/ARM_CM4F/port.c **** 	/* Offset added to account for the way the MCU uses the stack on entry/exit
 141:FreeRTOS/Source/portable/GCC/ARM_CM4F/port.c **** 	of interrupts, and to ensure alignment. */
 142:FreeRTOS/Source/portable/GCC/ARM_CM4F/port.c **** 	pxTopOfStack--;
  59              		.loc 1 142 0
  60 000c FB68     		ldr	r3, [r7, #12]
  61 000e A3F10403 		sub	r3, r3, #4
  62 0012 FB60     		str	r3, [r7, #12]
 143:FreeRTOS/Source/portable/GCC/ARM_CM4F/port.c **** 
 144:FreeRTOS/Source/portable/GCC/ARM_CM4F/port.c **** 	*pxTopOfStack = portINITIAL_XPSR;	/* xPSR */
  63              		.loc 1 144 0
  64 0014 FB68     		ldr	r3, [r7, #12]
  65 0016 4FF08072 		mov	r2, #16777216
  66 001a 1A60     		str	r2, [r3, #0]
 145:FreeRTOS/Source/portable/GCC/ARM_CM4F/port.c **** 	pxTopOfStack--;
  67              		.loc 1 145 0
  68 001c FB68     		ldr	r3, [r7, #12]
  69 001e A3F10403 		sub	r3, r3, #4
  70 0022 FB60     		str	r3, [r7, #12]
 146:FreeRTOS/Source/portable/GCC/ARM_CM4F/port.c **** 	*pxTopOfStack = ( portSTACK_TYPE ) pxCode;	/* PC */
  71              		.loc 1 146 0
  72 0024 BA68     		ldr	r2, [r7, #8]
  73 0026 FB68     		ldr	r3, [r7, #12]
  74 0028 1A60     		str	r2, [r3, #0]
 147:FreeRTOS/Source/portable/GCC/ARM_CM4F/port.c **** 	pxTopOfStack--;
  75              		.loc 1 147 0
  76 002a FB68     		ldr	r3, [r7, #12]
  77 002c A3F10403 		sub	r3, r3, #4
  78 0030 FB60     		str	r3, [r7, #12]
 148:FreeRTOS/Source/portable/GCC/ARM_CM4F/port.c **** 	*pxTopOfStack = 0;	/* LR */
  79              		.loc 1 148 0
  80 0032 FB68     		ldr	r3, [r7, #12]
  81 0034 4FF00002 		mov	r2, #0
  82 0038 1A60     		str	r2, [r3, #0]
 149:FreeRTOS/Source/portable/GCC/ARM_CM4F/port.c **** 
 150:FreeRTOS/Source/portable/GCC/ARM_CM4F/port.c **** 	/* Save code space by skipping register initialisation. */
 151:FreeRTOS/Source/portable/GCC/ARM_CM4F/port.c **** 	pxTopOfStack -= 5;	/* R12, R3, R2 and R1. */
  83              		.loc 1 151 0
  84 003a FB68     		ldr	r3, [r7, #12]
  85 003c A3F11403 		sub	r3, r3, #20
  86 0040 FB60     		str	r3, [r7, #12]
 152:FreeRTOS/Source/portable/GCC/ARM_CM4F/port.c **** 	*pxTopOfStack = ( portSTACK_TYPE ) pvParameters;	/* R0 */
  87              		.loc 1 152 0
  88 0042 7A68     		ldr	r2, [r7, #4]
  89 0044 FB68     		ldr	r3, [r7, #12]
  90 0046 1A60     		str	r2, [r3, #0]
 153:FreeRTOS/Source/portable/GCC/ARM_CM4F/port.c **** 
 154:FreeRTOS/Source/portable/GCC/ARM_CM4F/port.c **** 	/* A save method is being used that requires each task to maintain its
 155:FreeRTOS/Source/portable/GCC/ARM_CM4F/port.c **** 	own exec return value. */
 156:FreeRTOS/Source/portable/GCC/ARM_CM4F/port.c **** 	pxTopOfStack--;
  91              		.loc 1 156 0
  92 0048 FB68     		ldr	r3, [r7, #12]
  93 004a A3F10403 		sub	r3, r3, #4
  94 004e FB60     		str	r3, [r7, #12]
 157:FreeRTOS/Source/portable/GCC/ARM_CM4F/port.c **** 	*pxTopOfStack = portINITIAL_EXEC_RETURN;
  95              		.loc 1 157 0
  96 0050 FB68     		ldr	r3, [r7, #12]
  97 0052 6FF00202 		mvn	r2, #2
  98 0056 1A60     		str	r2, [r3, #0]
 158:FreeRTOS/Source/portable/GCC/ARM_CM4F/port.c **** 
 159:FreeRTOS/Source/portable/GCC/ARM_CM4F/port.c **** 	pxTopOfStack -= 8;	/* R11, R10, R9, R8, R7, R6, R5 and R4. */
  99              		.loc 1 159 0
 100 0058 FB68     		ldr	r3, [r7, #12]
 101 005a A3F12003 		sub	r3, r3, #32
 102 005e FB60     		str	r3, [r7, #12]
 160:FreeRTOS/Source/portable/GCC/ARM_CM4F/port.c **** 
 161:FreeRTOS/Source/portable/GCC/ARM_CM4F/port.c **** 	return pxTopOfStack;
 103              		.loc 1 161 0
 104 0060 FB68     		ldr	r3, [r7, #12]
 162:FreeRTOS/Source/portable/GCC/ARM_CM4F/port.c **** }
 105              		.loc 1 162 0
 106 0062 1846     		mov	r0, r3
 107 0064 07F11407 		add	r7, r7, #20
 108 0068 BD46     		mov	sp, r7
 109 006a 80BC     		pop	{r7}
 110 006c 7047     		bx	lr
 111              		.cfi_endproc
 112              	.LFE110:
 114 006e 00BF     		.section	.text.SVC_Handler,"ax",%progbits
 115              		.align	2
 116              		.global	SVC_Handler
 117              		.thumb
 118              		.thumb_func
 120              	SVC_Handler:
 121              	.LFB111:
 163:FreeRTOS/Source/portable/GCC/ARM_CM4F/port.c **** /*-----------------------------------------------------------*/
 164:FreeRTOS/Source/portable/GCC/ARM_CM4F/port.c **** 
 165:FreeRTOS/Source/portable/GCC/ARM_CM4F/port.c **** void vPortSVCHandler( void )
 166:FreeRTOS/Source/portable/GCC/ARM_CM4F/port.c **** {
 122              		.loc 1 166 0
 123              		.cfi_startproc
 124              		@ Naked Function: prologue and epilogue provided by programmer.
 125              		@ args = 0, pretend = 0, frame = 0
 126              		@ frame_needed = 1, uses_anonymous_args = 0
 167:FreeRTOS/Source/portable/GCC/ARM_CM4F/port.c **** 	__asm volatile (
 127              		.loc 1 167 0
 128              	@ 167 "FreeRTOS/Source/portable/GCC/ARM_CM4F/port.c" 1
 129 0000 054B     			ldr	r3, pxCurrentTCBConst2		
 130 0002 1968     		ldr r1, [r3]					
 131 0004 0868     		ldr r0, [r1]					
 132 0006 B0E8F04F 		ldmia r0!, {r4-r11, r14}		
 133 000a 80F30988 		msr psp, r0						
 134 000e 4FF00000 		mov r0, #0 						
 135 0012 80F31188 		msr	basepri, r0					
 136 0016 7047     		bx r14							
 137              										
 138              		.align 2						
 139 0018 00000000 	pxCurrentTCBConst2: .word pxCurrentTCB				
 140              	
 141              	@ 0 "" 2
 168:FreeRTOS/Source/portable/GCC/ARM_CM4F/port.c **** 					"	ldr	r3, pxCurrentTCBConst2		\n" /* Restore the context. */
 169:FreeRTOS/Source/portable/GCC/ARM_CM4F/port.c **** 					"	ldr r1, [r3]					\n" /* Use pxCurrentTCBConst to get the pxCurrentTCB address. */
 170:FreeRTOS/Source/portable/GCC/ARM_CM4F/port.c **** 					"	ldr r0, [r1]					\n" /* The first item in pxCurrentTCB is the task top of stack. */
 171:FreeRTOS/Source/portable/GCC/ARM_CM4F/port.c **** 					"	ldmia r0!, {r4-r11, r14}		\n" /* Pop the registers that are not automatically saved on excep
 172:FreeRTOS/Source/portable/GCC/ARM_CM4F/port.c **** 					"	msr psp, r0						\n" /* Restore the task stack pointer. */
 173:FreeRTOS/Source/portable/GCC/ARM_CM4F/port.c **** 					"	mov r0, #0 						\n"
 174:FreeRTOS/Source/portable/GCC/ARM_CM4F/port.c **** 					"	msr	basepri, r0					\n"
 175:FreeRTOS/Source/portable/GCC/ARM_CM4F/port.c **** 					"	bx r14							\n"
 176:FreeRTOS/Source/portable/GCC/ARM_CM4F/port.c **** 					"									\n"
 177:FreeRTOS/Source/portable/GCC/ARM_CM4F/port.c **** 					"	.align 2						\n"
 178:FreeRTOS/Source/portable/GCC/ARM_CM4F/port.c **** 					"pxCurrentTCBConst2: .word pxCurrentTCB				\n"
 179:FreeRTOS/Source/portable/GCC/ARM_CM4F/port.c **** 				);
 180:FreeRTOS/Source/portable/GCC/ARM_CM4F/port.c **** }
 142              		.loc 1 180 0
 143              		.thumb
 144              		.cfi_endproc
 145              	.LFE111:
 147              		.section	.text.vPortStartFirstTask,"ax",%progbits
 148              		.align	2
 149              		.thumb
 150              		.thumb_func
 152              	vPortStartFirstTask:
 153              	.LFB112:
 181:FreeRTOS/Source/portable/GCC/ARM_CM4F/port.c **** /*-----------------------------------------------------------*/
 182:FreeRTOS/Source/portable/GCC/ARM_CM4F/port.c **** 
 183:FreeRTOS/Source/portable/GCC/ARM_CM4F/port.c **** static void vPortStartFirstTask( void )
 184:FreeRTOS/Source/portable/GCC/ARM_CM4F/port.c **** {
 154              		.loc 1 184 0
 155              		.cfi_startproc
 156              		@ Naked Function: prologue and epilogue provided by programmer.
 157              		@ args = 0, pretend = 0, frame = 0
 158              		@ frame_needed = 1, uses_anonymous_args = 0
 185:FreeRTOS/Source/portable/GCC/ARM_CM4F/port.c **** 	__asm volatile(
 159              		.loc 1 185 0
 160              	@ 185 "FreeRTOS/Source/portable/GCC/ARM_CM4F/port.c" 1
 161 0000 0348     		 ldr r0, =0xE000ED08 	
 162 0002 0068     	 ldr r0, [r0] 			
 163 0004 0068     	 ldr r0, [r0] 			
 164 0006 80F30888 	 msr msp, r0			
 165 000a 62B6     	 cpsie i				
 166 000c 00DF     	 svc 0					
 167 000e 00BF     	 nop					
 168              	
 169              	@ 0 "" 2
 186:FreeRTOS/Source/portable/GCC/ARM_CM4F/port.c **** 					" ldr r0, =0xE000ED08 	\n" /* Use the NVIC offset register to locate the stack. */
 187:FreeRTOS/Source/portable/GCC/ARM_CM4F/port.c **** 					" ldr r0, [r0] 			\n"
 188:FreeRTOS/Source/portable/GCC/ARM_CM4F/port.c **** 					" ldr r0, [r0] 			\n"
 189:FreeRTOS/Source/portable/GCC/ARM_CM4F/port.c **** 					" msr msp, r0			\n" /* Set the msp back to the start of the stack. */
 190:FreeRTOS/Source/portable/GCC/ARM_CM4F/port.c **** 					" cpsie i				\n" /* Globally enable interrupts. */
 191:FreeRTOS/Source/portable/GCC/ARM_CM4F/port.c **** 					" svc 0					\n" /* System call to start first task. */
 192:FreeRTOS/Source/portable/GCC/ARM_CM4F/port.c **** 					" nop					\n"
 193:FreeRTOS/Source/portable/GCC/ARM_CM4F/port.c **** 				);
 194:FreeRTOS/Source/portable/GCC/ARM_CM4F/port.c **** }
 170              		.loc 1 194 0
 171              		.thumb
 172              		.cfi_endproc
 173              	.LFE112:
 175              		.section	.text.xPortStartScheduler,"ax",%progbits
 176              		.align	2
 177              		.global	xPortStartScheduler
 178              		.thumb
 179              		.thumb_func
 181              	xPortStartScheduler:
 182              	.LFB113:
 195:FreeRTOS/Source/portable/GCC/ARM_CM4F/port.c **** /*-----------------------------------------------------------*/
 196:FreeRTOS/Source/portable/GCC/ARM_CM4F/port.c **** 
 197:FreeRTOS/Source/portable/GCC/ARM_CM4F/port.c **** /*
 198:FreeRTOS/Source/portable/GCC/ARM_CM4F/port.c ****  * See header file for description.
 199:FreeRTOS/Source/portable/GCC/ARM_CM4F/port.c ****  */
 200:FreeRTOS/Source/portable/GCC/ARM_CM4F/port.c **** portBASE_TYPE xPortStartScheduler( void )
 201:FreeRTOS/Source/portable/GCC/ARM_CM4F/port.c **** {
 183              		.loc 1 201 0
 184              		.cfi_startproc
 185              		@ args = 0, pretend = 0, frame = 0
 186              		@ frame_needed = 1, uses_anonymous_args = 0
 187 0000 80B5     		push	{r7, lr}
 188              	.LCFI3:
 189              		.cfi_def_cfa_offset 8
 190              		.cfi_offset 14, -4
 191              		.cfi_offset 7, -8
 192 0002 00AF     		add	r7, sp, #0
 193              	.LCFI4:
 194              		.cfi_def_cfa_register 7
 202:FreeRTOS/Source/portable/GCC/ARM_CM4F/port.c **** 	/* Make PendSV and SysTick the lowest priority interrupts. */
 203:FreeRTOS/Source/portable/GCC/ARM_CM4F/port.c **** 	*(portNVIC_SYSPRI2) |= portNVIC_PENDSV_PRI;
 195              		.loc 1 203 0
 196 0004 4EF62053 		movw	r3, #60704
 197 0008 CEF20003 		movt	r3, 57344
 198 000c 4EF62052 		movw	r2, #60704
 199 0010 CEF20002 		movt	r2, 57344
 200 0014 1268     		ldr	r2, [r2, #0]
 201 0016 42F47F02 		orr	r2, r2, #16711680
 202 001a 1A60     		str	r2, [r3, #0]
 204:FreeRTOS/Source/portable/GCC/ARM_CM4F/port.c **** 	*(portNVIC_SYSPRI2) |= portNVIC_SYSTICK_PRI;
 203              		.loc 1 204 0
 204 001c 4EF62053 		movw	r3, #60704
 205 0020 CEF20003 		movt	r3, 57344
 206 0024 4EF62052 		movw	r2, #60704
 207 0028 CEF20002 		movt	r2, 57344
 208 002c 1268     		ldr	r2, [r2, #0]
 209 002e 42F07F42 		orr	r2, r2, #-16777216
 210 0032 1A60     		str	r2, [r3, #0]
 205:FreeRTOS/Source/portable/GCC/ARM_CM4F/port.c **** 
 206:FreeRTOS/Source/portable/GCC/ARM_CM4F/port.c **** 	/* Start the timer that generates the tick ISR.  Interrupts are disabled
 207:FreeRTOS/Source/portable/GCC/ARM_CM4F/port.c **** 	here already. */
 208:FreeRTOS/Source/portable/GCC/ARM_CM4F/port.c **** 	prvSetupTimerInterrupt();
 211              		.loc 1 208 0
 212 0034 FFF7FEFF 		bl	prvSetupTimerInterrupt
 209:FreeRTOS/Source/portable/GCC/ARM_CM4F/port.c **** 
 210:FreeRTOS/Source/portable/GCC/ARM_CM4F/port.c **** 	/* Initialise the critical nesting count ready for the first task. */
 211:FreeRTOS/Source/portable/GCC/ARM_CM4F/port.c **** 	uxCriticalNesting = 0;
 213              		.loc 1 211 0
 214 0038 40F20003 		movw	r3, #:lower16:uxCriticalNesting
 215 003c C0F20003 		movt	r3, #:upper16:uxCriticalNesting
 216 0040 4FF00002 		mov	r2, #0
 217 0044 1A60     		str	r2, [r3, #0]
 212:FreeRTOS/Source/portable/GCC/ARM_CM4F/port.c **** 
 213:FreeRTOS/Source/portable/GCC/ARM_CM4F/port.c **** 	/* Ensure the VFP is enabled - it should be anyway. */
 214:FreeRTOS/Source/portable/GCC/ARM_CM4F/port.c **** 	vPortEnableVFP();
 218              		.loc 1 214 0
 219 0046 FFF7FEFF 		bl	vPortEnableVFP
 215:FreeRTOS/Source/portable/GCC/ARM_CM4F/port.c **** 
 216:FreeRTOS/Source/portable/GCC/ARM_CM4F/port.c **** 	/* Lazy save always. */
 217:FreeRTOS/Source/portable/GCC/ARM_CM4F/port.c **** 	*( portFPCCR ) |= portASPEN_AND_LSPEN_BITS;
 220              		.loc 1 217 0
 221 004a 4EF63473 		movw	r3, #61236
 222 004e CEF20003 		movt	r3, 57344
 223 0052 4EF63472 		movw	r2, #61236
 224 0056 CEF20002 		movt	r2, 57344
 225 005a 1268     		ldr	r2, [r2, #0]
 226 005c 42F04042 		orr	r2, r2, #-1073741824
 227 0060 1A60     		str	r2, [r3, #0]
 218:FreeRTOS/Source/portable/GCC/ARM_CM4F/port.c **** 
 219:FreeRTOS/Source/portable/GCC/ARM_CM4F/port.c **** 	/* Start the first task. */
 220:FreeRTOS/Source/portable/GCC/ARM_CM4F/port.c **** 	vPortStartFirstTask();
 228              		.loc 1 220 0
 229 0062 FFF7FEFF 		bl	vPortStartFirstTask
 221:FreeRTOS/Source/portable/GCC/ARM_CM4F/port.c **** 
 222:FreeRTOS/Source/portable/GCC/ARM_CM4F/port.c **** 	/* Should not get here! */
 223:FreeRTOS/Source/portable/GCC/ARM_CM4F/port.c **** 	return 0;
 230              		.loc 1 223 0
 231 0066 4FF00003 		mov	r3, #0
 224:FreeRTOS/Source/portable/GCC/ARM_CM4F/port.c **** }
 232              		.loc 1 224 0
 233 006a 1846     		mov	r0, r3
 234 006c 80BD     		pop	{r7, pc}
 235              		.cfi_endproc
 236              	.LFE113:
 238 006e 00BF     		.section	.text.vPortEndScheduler,"ax",%progbits
 239              		.align	2
 240              		.global	vPortEndScheduler
 241              		.thumb
 242              		.thumb_func
 244              	vPortEndScheduler:
 245              	.LFB114:
 225:FreeRTOS/Source/portable/GCC/ARM_CM4F/port.c **** /*-----------------------------------------------------------*/
 226:FreeRTOS/Source/portable/GCC/ARM_CM4F/port.c **** 
 227:FreeRTOS/Source/portable/GCC/ARM_CM4F/port.c **** void vPortEndScheduler( void )
 228:FreeRTOS/Source/portable/GCC/ARM_CM4F/port.c **** {
 246              		.loc 1 228 0
 247              		.cfi_startproc
 248              		@ args = 0, pretend = 0, frame = 0
 249              		@ frame_needed = 1, uses_anonymous_args = 0
 250              		@ link register save eliminated.
 251 0000 80B4     		push	{r7}
 252              	.LCFI5:
 253              		.cfi_def_cfa_offset 4
 254              		.cfi_offset 7, -4
 255 0002 00AF     		add	r7, sp, #0
 256              	.LCFI6:
 257              		.cfi_def_cfa_register 7
 229:FreeRTOS/Source/portable/GCC/ARM_CM4F/port.c **** 	/* It is unlikely that the CM4F port will require this function as there
 230:FreeRTOS/Source/portable/GCC/ARM_CM4F/port.c **** 	is nothing to return to.  */
 231:FreeRTOS/Source/portable/GCC/ARM_CM4F/port.c **** }
 258              		.loc 1 231 0
 259 0004 BD46     		mov	sp, r7
 260 0006 80BC     		pop	{r7}
 261 0008 7047     		bx	lr
 262              		.cfi_endproc
 263              	.LFE114:
 265 000a 00BF     		.section	.text.vPortYieldFromISR,"ax",%progbits
 266              		.align	2
 267              		.global	vPortYieldFromISR
 268              		.thumb
 269              		.thumb_func
 271              	vPortYieldFromISR:
 272              	.LFB115:
 232:FreeRTOS/Source/portable/GCC/ARM_CM4F/port.c **** /*-----------------------------------------------------------*/
 233:FreeRTOS/Source/portable/GCC/ARM_CM4F/port.c **** 
 234:FreeRTOS/Source/portable/GCC/ARM_CM4F/port.c **** void vPortYieldFromISR( void )
 235:FreeRTOS/Source/portable/GCC/ARM_CM4F/port.c **** {
 273              		.loc 1 235 0
 274              		.cfi_startproc
 275              		@ args = 0, pretend = 0, frame = 0
 276              		@ frame_needed = 1, uses_anonymous_args = 0
 277              		@ link register save eliminated.
 278 0000 80B4     		push	{r7}
 279              	.LCFI7:
 280              		.cfi_def_cfa_offset 4
 281              		.cfi_offset 7, -4
 282 0002 00AF     		add	r7, sp, #0
 283              	.LCFI8:
 284              		.cfi_def_cfa_register 7
 236:FreeRTOS/Source/portable/GCC/ARM_CM4F/port.c **** 	/* Set a PendSV to request a context switch. */
 237:FreeRTOS/Source/portable/GCC/ARM_CM4F/port.c **** 	*(portNVIC_INT_CTRL) = portNVIC_PENDSVSET;
 285              		.loc 1 237 0
 286 0004 4EF60453 		movw	r3, #60676
 287 0008 CEF20003 		movt	r3, 57344
 288 000c 4FF08052 		mov	r2, #268435456
 289 0010 1A60     		str	r2, [r3, #0]
 238:FreeRTOS/Source/portable/GCC/ARM_CM4F/port.c **** }
 290              		.loc 1 238 0
 291 0012 BD46     		mov	sp, r7
 292 0014 80BC     		pop	{r7}
 293 0016 7047     		bx	lr
 294              		.cfi_endproc
 295              	.LFE115:
 297              		.section	.text.vPortEnterCritical,"ax",%progbits
 298              		.align	2
 299              		.global	vPortEnterCritical
 300              		.thumb
 301              		.thumb_func
 303              	vPortEnterCritical:
 304              	.LFB116:
 239:FreeRTOS/Source/portable/GCC/ARM_CM4F/port.c **** /*-----------------------------------------------------------*/
 240:FreeRTOS/Source/portable/GCC/ARM_CM4F/port.c **** 
 241:FreeRTOS/Source/portable/GCC/ARM_CM4F/port.c **** void vPortEnterCritical( void )
 242:FreeRTOS/Source/portable/GCC/ARM_CM4F/port.c **** {
 305              		.loc 1 242 0
 306              		.cfi_startproc
 307              		@ args = 0, pretend = 0, frame = 0
 308              		@ frame_needed = 1, uses_anonymous_args = 0
 309              		@ link register save eliminated.
 310 0000 80B4     		push	{r7}
 311              	.LCFI9:
 312              		.cfi_def_cfa_offset 4
 313              		.cfi_offset 7, -4
 314 0002 00AF     		add	r7, sp, #0
 315              	.LCFI10:
 316              		.cfi_def_cfa_register 7
 243:FreeRTOS/Source/portable/GCC/ARM_CM4F/port.c **** 	portDISABLE_INTERRUPTS();
 317              		.loc 1 243 0
 318              	@ 243 "FreeRTOS/Source/portable/GCC/ARM_CM4F/port.c" 1
 319 0004 4FF0BF00 			mov r0, #191								
 320 0008 80F31188 		msr basepri, r0							
 321              	
 322              	@ 0 "" 2
 244:FreeRTOS/Source/portable/GCC/ARM_CM4F/port.c **** 	uxCriticalNesting++;
 323              		.loc 1 244 0
 324              		.thumb
 325 000c 40F20003 		movw	r3, #:lower16:uxCriticalNesting
 326 0010 C0F20003 		movt	r3, #:upper16:uxCriticalNesting
 327 0014 1B68     		ldr	r3, [r3, #0]
 328 0016 03F10102 		add	r2, r3, #1
 329 001a 40F20003 		movw	r3, #:lower16:uxCriticalNesting
 330 001e C0F20003 		movt	r3, #:upper16:uxCriticalNesting
 331 0022 1A60     		str	r2, [r3, #0]
 245:FreeRTOS/Source/portable/GCC/ARM_CM4F/port.c **** }
 332              		.loc 1 245 0
 333 0024 BD46     		mov	sp, r7
 334 0026 80BC     		pop	{r7}
 335 0028 7047     		bx	lr
 336              		.cfi_endproc
 337              	.LFE116:
 339 002a 00BF     		.section	.text.vPortExitCritical,"ax",%progbits
 340              		.align	2
 341              		.global	vPortExitCritical
 342              		.thumb
 343              		.thumb_func
 345              	vPortExitCritical:
 346              	.LFB117:
 246:FreeRTOS/Source/portable/GCC/ARM_CM4F/port.c **** /*-----------------------------------------------------------*/
 247:FreeRTOS/Source/portable/GCC/ARM_CM4F/port.c **** 
 248:FreeRTOS/Source/portable/GCC/ARM_CM4F/port.c **** void vPortExitCritical( void )
 249:FreeRTOS/Source/portable/GCC/ARM_CM4F/port.c **** {
 347              		.loc 1 249 0
 348              		.cfi_startproc
 349              		@ args = 0, pretend = 0, frame = 0
 350              		@ frame_needed = 1, uses_anonymous_args = 0
 351              		@ link register save eliminated.
 352 0000 80B4     		push	{r7}
 353              	.LCFI11:
 354              		.cfi_def_cfa_offset 4
 355              		.cfi_offset 7, -4
 356 0002 00AF     		add	r7, sp, #0
 357              	.LCFI12:
 358              		.cfi_def_cfa_register 7
 250:FreeRTOS/Source/portable/GCC/ARM_CM4F/port.c **** 	uxCriticalNesting--;
 359              		.loc 1 250 0
 360 0004 40F20003 		movw	r3, #:lower16:uxCriticalNesting
 361 0008 C0F20003 		movt	r3, #:upper16:uxCriticalNesting
 362 000c 1B68     		ldr	r3, [r3, #0]
 363 000e 03F1FF32 		add	r2, r3, #-1
 364 0012 40F20003 		movw	r3, #:lower16:uxCriticalNesting
 365 0016 C0F20003 		movt	r3, #:upper16:uxCriticalNesting
 366 001a 1A60     		str	r2, [r3, #0]
 251:FreeRTOS/Source/portable/GCC/ARM_CM4F/port.c **** 	if( uxCriticalNesting == 0 )
 367              		.loc 1 251 0
 368 001c 40F20003 		movw	r3, #:lower16:uxCriticalNesting
 369 0020 C0F20003 		movt	r3, #:upper16:uxCriticalNesting
 370 0024 1B68     		ldr	r3, [r3, #0]
 371 0026 002B     		cmp	r3, #0
 372 0028 03D1     		bne	.L8
 252:FreeRTOS/Source/portable/GCC/ARM_CM4F/port.c **** 	{
 253:FreeRTOS/Source/portable/GCC/ARM_CM4F/port.c **** 		portENABLE_INTERRUPTS();
 373              		.loc 1 253 0
 374              	@ 253 "FreeRTOS/Source/portable/GCC/ARM_CM4F/port.c" 1
 375 002a 4FF00000 			mov r0, #0					
 376 002e 80F31188 		msr basepri, r0				
 377              	
 378              	@ 0 "" 2
 379              		.thumb
 380              	.L8:
 254:FreeRTOS/Source/portable/GCC/ARM_CM4F/port.c **** 	}
 255:FreeRTOS/Source/portable/GCC/ARM_CM4F/port.c **** }
 381              		.loc 1 255 0
 382 0032 BD46     		mov	sp, r7
 383 0034 80BC     		pop	{r7}
 384 0036 7047     		bx	lr
 385              		.cfi_endproc
 386              	.LFE117:
 388              		.section	.text.PendSV_Handler,"ax",%progbits
 389              		.align	2
 390              		.global	PendSV_Handler
 391              		.thumb
 392              		.thumb_func
 394              	PendSV_Handler:
 395              	.LFB118:
 256:FreeRTOS/Source/portable/GCC/ARM_CM4F/port.c **** /*-----------------------------------------------------------*/
 257:FreeRTOS/Source/portable/GCC/ARM_CM4F/port.c **** 
 258:FreeRTOS/Source/portable/GCC/ARM_CM4F/port.c **** void xPortPendSVHandler( void )
 259:FreeRTOS/Source/portable/GCC/ARM_CM4F/port.c **** {
 396              		.loc 1 259 0
 397              		.cfi_startproc
 398              		@ Naked Function: prologue and epilogue provided by programmer.
 399              		@ args = 0, pretend = 0, frame = 0
 400              		@ frame_needed = 1, uses_anonymous_args = 0
 260:FreeRTOS/Source/portable/GCC/ARM_CM4F/port.c **** 	/* This is a naked function. */
 261:FreeRTOS/Source/portable/GCC/ARM_CM4F/port.c **** 
 262:FreeRTOS/Source/portable/GCC/ARM_CM4F/port.c **** 	__asm volatile
 401              		.loc 1 262 0
 402              	@ 262 "FreeRTOS/Source/portable/GCC/ARM_CM4F/port.c" 1
 403 0000 EFF30980 			mrs r0, psp							
 404              											
 405 0004 114B     		ldr	r3, pxCurrentTCBConst				
 406 0006 1A68     		ldr	r2, [r3]						
 407              											
 408 0008 1EF0100F 		tst r14, #0x10						
 409 000c 08BF     		it eq								
 410 000e 20ED108A 		vstmdbeq r0!, {s16-s31}				
 411              											
 412 0012 20E9F04F 		stmdb r0!, {r4-r11, r14}			
 413              											
 414 0016 1060     		str r0, [r2]						
 415              											
 416 0018 2DE90840 		stmdb sp!, {r3, r14}				
 417 001c 4FF0BF00 		mov r0, #191 							
 418 0020 80F31188 		msr basepri, r0						
 419 0024 FFF7FEFF 		bl vTaskSwitchContext				
 420 0028 4FF00000 		mov r0, #0							
 421 002c 80F31188 		msr basepri, r0						
 422 0030 BDE80840 		ldmia sp!, {r3, r14}				
 423              											
 424 0034 1968     		ldr r1, [r3]						
 425 0036 0868     		ldr r0, [r1]						
 426              											
 427 0038 B0E8F04F 		ldmia r0!, {r4-r11, r14}			
 428              											
 429 003c 1EF0100F 		tst r14, #0x10						
 430 0040 08BF     		it eq								
 431 0042 B0EC108A 		vldmiaeq r0!, {s16-s31}				
 432              											
 433 0046 80F30988 		msr psp, r0							
 434 004a 7047     		bx r14								
 435              											
 436              		.align 2							
 437 004c 00000000 	pxCurrentTCBConst: .word pxCurrentTCB	
 438              	
 439              	@ 0 "" 2
 263:FreeRTOS/Source/portable/GCC/ARM_CM4F/port.c **** 	(
 264:FreeRTOS/Source/portable/GCC/ARM_CM4F/port.c **** 	"	mrs r0, psp							\n"
 265:FreeRTOS/Source/portable/GCC/ARM_CM4F/port.c **** 	"										\n"
 266:FreeRTOS/Source/portable/GCC/ARM_CM4F/port.c **** 	"	ldr	r3, pxCurrentTCBConst				\n" /* Get the location of the current TCB. */
 267:FreeRTOS/Source/portable/GCC/ARM_CM4F/port.c **** 	"	ldr	r2, [r3]						\n"
 268:FreeRTOS/Source/portable/GCC/ARM_CM4F/port.c **** 	"										\n"
 269:FreeRTOS/Source/portable/GCC/ARM_CM4F/port.c **** 	"	tst r14, #0x10						\n" /* Is the task using the FPU context?  If so, push high vfp registers. *
 270:FreeRTOS/Source/portable/GCC/ARM_CM4F/port.c **** 	"	it eq								\n"
 271:FreeRTOS/Source/portable/GCC/ARM_CM4F/port.c **** 	"	vstmdbeq r0!, {s16-s31}				\n"
 272:FreeRTOS/Source/portable/GCC/ARM_CM4F/port.c **** 	"										\n"
 273:FreeRTOS/Source/portable/GCC/ARM_CM4F/port.c **** 	"	stmdb r0!, {r4-r11, r14}			\n" /* Save the core registers. */
 274:FreeRTOS/Source/portable/GCC/ARM_CM4F/port.c **** 	"										\n"
 275:FreeRTOS/Source/portable/GCC/ARM_CM4F/port.c **** 	"	str r0, [r2]						\n" /* Save the new top of stack into the first member of the TCB. */
 276:FreeRTOS/Source/portable/GCC/ARM_CM4F/port.c **** 	"										\n"
 277:FreeRTOS/Source/portable/GCC/ARM_CM4F/port.c **** 	"	stmdb sp!, {r3, r14}				\n"
 278:FreeRTOS/Source/portable/GCC/ARM_CM4F/port.c **** 	"	mov r0, %0 							\n"
 279:FreeRTOS/Source/portable/GCC/ARM_CM4F/port.c **** 	"	msr basepri, r0						\n"
 280:FreeRTOS/Source/portable/GCC/ARM_CM4F/port.c **** 	"	bl vTaskSwitchContext				\n"
 281:FreeRTOS/Source/portable/GCC/ARM_CM4F/port.c **** 	"	mov r0, #0							\n"
 282:FreeRTOS/Source/portable/GCC/ARM_CM4F/port.c **** 	"	msr basepri, r0						\n"
 283:FreeRTOS/Source/portable/GCC/ARM_CM4F/port.c **** 	"	ldmia sp!, {r3, r14}				\n"
 284:FreeRTOS/Source/portable/GCC/ARM_CM4F/port.c **** 	"										\n"
 285:FreeRTOS/Source/portable/GCC/ARM_CM4F/port.c **** 	"	ldr r1, [r3]						\n" /* The first item in pxCurrentTCB is the task top of stack. */
 286:FreeRTOS/Source/portable/GCC/ARM_CM4F/port.c **** 	"	ldr r0, [r1]						\n"
 287:FreeRTOS/Source/portable/GCC/ARM_CM4F/port.c **** 	"										\n"
 288:FreeRTOS/Source/portable/GCC/ARM_CM4F/port.c **** 	"	ldmia r0!, {r4-r11, r14}			\n" /* Pop the core registers. */
 289:FreeRTOS/Source/portable/GCC/ARM_CM4F/port.c **** 	"										\n"
 290:FreeRTOS/Source/portable/GCC/ARM_CM4F/port.c **** 	"	tst r14, #0x10						\n" /* Is the task using the FPU context?  If so, pop the high vfp registers
 291:FreeRTOS/Source/portable/GCC/ARM_CM4F/port.c **** 	"	it eq								\n"
 292:FreeRTOS/Source/portable/GCC/ARM_CM4F/port.c **** 	"	vldmiaeq r0!, {s16-s31}				\n"
 293:FreeRTOS/Source/portable/GCC/ARM_CM4F/port.c **** 	"										\n"
 294:FreeRTOS/Source/portable/GCC/ARM_CM4F/port.c **** 	"	msr psp, r0							\n"
 295:FreeRTOS/Source/portable/GCC/ARM_CM4F/port.c **** 	"	bx r14								\n"
 296:FreeRTOS/Source/portable/GCC/ARM_CM4F/port.c **** 	"										\n"
 297:FreeRTOS/Source/portable/GCC/ARM_CM4F/port.c **** 	"	.align 2							\n"
 298:FreeRTOS/Source/portable/GCC/ARM_CM4F/port.c **** 	"pxCurrentTCBConst: .word pxCurrentTCB	\n"
 299:FreeRTOS/Source/portable/GCC/ARM_CM4F/port.c **** 	::"i"(configMAX_SYSCALL_INTERRUPT_PRIORITY)
 300:FreeRTOS/Source/portable/GCC/ARM_CM4F/port.c **** 	);
 301:FreeRTOS/Source/portable/GCC/ARM_CM4F/port.c **** }
 440              		.loc 1 301 0
 441              		.thumb
 442              		.cfi_endproc
 443              	.LFE118:
 445              		.section	.text.SysTick_Handler,"ax",%progbits
 446              		.align	2
 447              		.global	SysTick_Handler
 448              		.thumb
 449              		.thumb_func
 451              	SysTick_Handler:
 452              	.LFB119:
 302:FreeRTOS/Source/portable/GCC/ARM_CM4F/port.c **** /*-----------------------------------------------------------*/
 303:FreeRTOS/Source/portable/GCC/ARM_CM4F/port.c **** 
 304:FreeRTOS/Source/portable/GCC/ARM_CM4F/port.c **** void xPortSysTickHandler( void )
 305:FreeRTOS/Source/portable/GCC/ARM_CM4F/port.c **** {
 453              		.loc 1 305 0
 454              		.cfi_startproc
 455              		@ args = 0, pretend = 0, frame = 8
 456              		@ frame_needed = 1, uses_anonymous_args = 0
 457 0000 80B5     		push	{r7, lr}
 458              	.LCFI13:
 459              		.cfi_def_cfa_offset 8
 460              		.cfi_offset 14, -4
 461              		.cfi_offset 7, -8
 462 0002 82B0     		sub	sp, sp, #8
 463              	.LCFI14:
 464              		.cfi_def_cfa_offset 16
 465 0004 00AF     		add	r7, sp, #0
 466              	.LCFI15:
 467              		.cfi_def_cfa_register 7
 306:FreeRTOS/Source/portable/GCC/ARM_CM4F/port.c **** unsigned long ulDummy;
 307:FreeRTOS/Source/portable/GCC/ARM_CM4F/port.c **** 
 308:FreeRTOS/Source/portable/GCC/ARM_CM4F/port.c **** 	/* If using preemption, also force a context switch. */
 309:FreeRTOS/Source/portable/GCC/ARM_CM4F/port.c **** 	#if configUSE_PREEMPTION == 1
 310:FreeRTOS/Source/portable/GCC/ARM_CM4F/port.c **** 		*(portNVIC_INT_CTRL) = portNVIC_PENDSVSET;
 468              		.loc 1 310 0
 469 0006 4EF60453 		movw	r3, #60676
 470 000a CEF20003 		movt	r3, 57344
 471 000e 4FF08052 		mov	r2, #268435456
 472 0012 1A60     		str	r2, [r3, #0]
 311:FreeRTOS/Source/portable/GCC/ARM_CM4F/port.c **** 	#endif
 312:FreeRTOS/Source/portable/GCC/ARM_CM4F/port.c **** 
 313:FreeRTOS/Source/portable/GCC/ARM_CM4F/port.c **** 	ulDummy = portSET_INTERRUPT_MASK_FROM_ISR();
 473              		.loc 1 313 0
 474 0014 4FF00003 		mov	r3, #0
 475 0018 7B60     		str	r3, [r7, #4]
 476              	@ 313 "FreeRTOS/Source/portable/GCC/ARM_CM4F/port.c" 1
 477 001a 4FF0BF00 			mov r0, #191								
 478 001e 80F31188 		msr basepri, r0							
 479              	
 480              	@ 0 "" 2
 314:FreeRTOS/Source/portable/GCC/ARM_CM4F/port.c **** 	{
 315:FreeRTOS/Source/portable/GCC/ARM_CM4F/port.c **** 		vTaskIncrementTick();
 481              		.loc 1 315 0
 482              		.thumb
 483 0022 FFF7FEFF 		bl	vTaskIncrementTick
 316:FreeRTOS/Source/portable/GCC/ARM_CM4F/port.c **** 	}
 317:FreeRTOS/Source/portable/GCC/ARM_CM4F/port.c **** 	portCLEAR_INTERRUPT_MASK_FROM_ISR( ulDummy );
 484              		.loc 1 317 0
 485              	@ 317 "FreeRTOS/Source/portable/GCC/ARM_CM4F/port.c" 1
 486 0026 4FF00000 			mov r0, #0					
 487 002a 80F31188 		msr basepri, r0				
 488              	
 489              	@ 0 "" 2
 318:FreeRTOS/Source/portable/GCC/ARM_CM4F/port.c **** }
 490              		.loc 1 318 0
 491              		.thumb
 492 002e 07F10807 		add	r7, r7, #8
 493 0032 BD46     		mov	sp, r7
 494 0034 80BD     		pop	{r7, pc}
 495              		.cfi_endproc
 496              	.LFE119:
 498 0036 00BF     		.section	.text.prvSetupTimerInterrupt,"ax",%progbits
 499              		.align	2
 500              		.thumb
 501              		.thumb_func
 503              	prvSetupTimerInterrupt:
 504              	.LFB120:
 319:FreeRTOS/Source/portable/GCC/ARM_CM4F/port.c **** /*-----------------------------------------------------------*/
 320:FreeRTOS/Source/portable/GCC/ARM_CM4F/port.c **** 
 321:FreeRTOS/Source/portable/GCC/ARM_CM4F/port.c **** /*
 322:FreeRTOS/Source/portable/GCC/ARM_CM4F/port.c ****  * Setup the systick timer to generate the tick interrupts at the required
 323:FreeRTOS/Source/portable/GCC/ARM_CM4F/port.c ****  * frequency.
 324:FreeRTOS/Source/portable/GCC/ARM_CM4F/port.c ****  */
 325:FreeRTOS/Source/portable/GCC/ARM_CM4F/port.c **** void prvSetupTimerInterrupt( void )
 326:FreeRTOS/Source/portable/GCC/ARM_CM4F/port.c **** {
 505              		.loc 1 326 0
 506              		.cfi_startproc
 507              		@ args = 0, pretend = 0, frame = 0
 508              		@ frame_needed = 1, uses_anonymous_args = 0
 509              		@ link register save eliminated.
 510 0000 80B4     		push	{r7}
 511              	.LCFI16:
 512              		.cfi_def_cfa_offset 4
 513              		.cfi_offset 7, -4
 514 0002 00AF     		add	r7, sp, #0
 515              	.LCFI17:
 516              		.cfi_def_cfa_register 7
 327:FreeRTOS/Source/portable/GCC/ARM_CM4F/port.c **** 	/* Configure SysTick to interrupt at the requested rate. */
 328:FreeRTOS/Source/portable/GCC/ARM_CM4F/port.c **** 	*(portNVIC_SYSTICK_LOAD) = ( configCPU_CLOCK_HZ / configTICK_RATE_HZ ) - 1UL;
 517              		.loc 1 328 0
 518 0004 4EF21403 		movw	r3, #57364
 519 0008 CEF20003 		movt	r3, 57344
 520 000c 40F20002 		movw	r2, #:lower16:SystemCoreClock
 521 0010 C0F20002 		movt	r2, #:upper16:SystemCoreClock
 522 0014 1168     		ldr	r1, [r2, #0]
 523 0016 44F6D352 		movw	r2, #19923
 524 001a C1F26202 		movt	r2, 4194
 525 001e A2FB0102 		umull	r0, r2, r2, r1
 526 0022 4FEA9212 		lsr	r2, r2, #6
 527 0026 02F1FF32 		add	r2, r2, #-1
 528 002a 1A60     		str	r2, [r3, #0]
 329:FreeRTOS/Source/portable/GCC/ARM_CM4F/port.c **** 	*(portNVIC_SYSTICK_CTRL) = portNVIC_SYSTICK_CLK | portNVIC_SYSTICK_INT | portNVIC_SYSTICK_ENABLE;
 529              		.loc 1 329 0
 530 002c 4EF21003 		movw	r3, #57360
 531 0030 CEF20003 		movt	r3, 57344
 532 0034 4FF00702 		mov	r2, #7
 533 0038 1A60     		str	r2, [r3, #0]
 330:FreeRTOS/Source/portable/GCC/ARM_CM4F/port.c **** }
 534              		.loc 1 330 0
 535 003a BD46     		mov	sp, r7
 536 003c 80BC     		pop	{r7}
 537 003e 7047     		bx	lr
 538              		.cfi_endproc
 539              	.LFE120:
 541              		.section	.text.vPortEnableVFP,"ax",%progbits
 542              		.align	2
 543              		.thumb
 544              		.thumb_func
 546              	vPortEnableVFP:
 547              	.LFB121:
 331:FreeRTOS/Source/portable/GCC/ARM_CM4F/port.c **** /*-----------------------------------------------------------*/
 332:FreeRTOS/Source/portable/GCC/ARM_CM4F/port.c **** 
 333:FreeRTOS/Source/portable/GCC/ARM_CM4F/port.c **** /* This is a naked function. */
 334:FreeRTOS/Source/portable/GCC/ARM_CM4F/port.c **** static void vPortEnableVFP( void )
 335:FreeRTOS/Source/portable/GCC/ARM_CM4F/port.c **** {
 548              		.loc 1 335 0
 549              		.cfi_startproc
 550              		@ Naked Function: prologue and epilogue provided by programmer.
 551              		@ args = 0, pretend = 0, frame = 0
 552              		@ frame_needed = 1, uses_anonymous_args = 0
 336:FreeRTOS/Source/portable/GCC/ARM_CM4F/port.c **** 	__asm volatile
 553              		.loc 1 336 0
 554              	@ 336 "FreeRTOS/Source/portable/GCC/ARM_CM4F/port.c" 1
 555 0000 DFF80C00 			ldr.w r0, =0xE000ED88		
 556 0004 0168     		ldr r1, [r0]				
 557              									
 558 0006 41F47001 		orr r1, r1, #( 0xf << 20 )	
 559 000a 0160     		str r1, [r0]				
 560 000c 7047     		bx r14						
 561              	@ 0 "" 2
 337:FreeRTOS/Source/portable/GCC/ARM_CM4F/port.c **** 	(
 338:FreeRTOS/Source/portable/GCC/ARM_CM4F/port.c **** 		"	ldr.w r0, =0xE000ED88		\n" /* The FPU enable bits are in the CPACR. */
 339:FreeRTOS/Source/portable/GCC/ARM_CM4F/port.c **** 		"	ldr r1, [r0]				\n"
 340:FreeRTOS/Source/portable/GCC/ARM_CM4F/port.c **** 		"								\n"
 341:FreeRTOS/Source/portable/GCC/ARM_CM4F/port.c **** 		"	orr r1, r1, #( 0xf << 20 )	\n" /* Enable CP10 and CP11 coprocessors, then save back. */
 342:FreeRTOS/Source/portable/GCC/ARM_CM4F/port.c **** 		"	str r1, [r0]				\n"
 343:FreeRTOS/Source/portable/GCC/ARM_CM4F/port.c **** 		"	bx r14						"
 344:FreeRTOS/Source/portable/GCC/ARM_CM4F/port.c **** 	);
 345:FreeRTOS/Source/portable/GCC/ARM_CM4F/port.c **** }
 562              		.loc 1 345 0
 563              		.thumb
 564              		.cfi_endproc
 565              	.LFE121:
 567 000e 0000     		.text
 568              	.Letext0:
 569              		.file 2 "FreeRTOS/Source/include/projdefs.h"
 570              		.file 3 "/usr/local/csl/arm-2012.03/bin/../lib/gcc/arm-none-eabi/4.6.3/../../../../arm-none-eabi/i
 571              		.file 4 "FreeRTOS/Source/include/../../Source/portable/GCC/ARM_CM4F/portmacro.h"
 572              		.file 5 "libs/CMSIS/Include/core_cm4.h"
 573              		.file 6 "libs/Device/STM32F4xx/Include/system_stm32f4xx.h"
DEFINED SYMBOLS
                            *ABS*:00000000 port.c
     /tmp/ccI2oNYC.s:24     .rodata.ulKernelPriority:00000000 ulKernelPriority
     /tmp/ccI2oNYC.s:21     .rodata.ulKernelPriority:00000000 $d
     /tmp/ccI2oNYC.s:27     .data.uxCriticalNesting:00000000 $d
     /tmp/ccI2oNYC.s:30     .data.uxCriticalNesting:00000000 uxCriticalNesting
     /tmp/ccI2oNYC.s:33     .text.pxPortInitialiseStack:00000000 $t
     /tmp/ccI2oNYC.s:38     .text.pxPortInitialiseStack:00000000 pxPortInitialiseStack
     /tmp/ccI2oNYC.s:115    .text.SVC_Handler:00000000 $t
     /tmp/ccI2oNYC.s:120    .text.SVC_Handler:00000000 SVC_Handler
     /tmp/ccI2oNYC.s:139    .text.SVC_Handler:00000018 pxCurrentTCBConst2
     /tmp/ccI2oNYC.s:139    .text.SVC_Handler:00000018 $d
     /tmp/ccI2oNYC.s:148    .text.vPortStartFirstTask:00000000 $t
     /tmp/ccI2oNYC.s:152    .text.vPortStartFirstTask:00000000 vPortStartFirstTask
     /tmp/ccI2oNYC.s:176    .text.xPortStartScheduler:00000000 $t
     /tmp/ccI2oNYC.s:181    .text.xPortStartScheduler:00000000 xPortStartScheduler
     /tmp/ccI2oNYC.s:503    .text.prvSetupTimerInterrupt:00000000 prvSetupTimerInterrupt
     /tmp/ccI2oNYC.s:546    .text.vPortEnableVFP:00000000 vPortEnableVFP
     /tmp/ccI2oNYC.s:239    .text.vPortEndScheduler:00000000 $t
     /tmp/ccI2oNYC.s:244    .text.vPortEndScheduler:00000000 vPortEndScheduler
     /tmp/ccI2oNYC.s:266    .text.vPortYieldFromISR:00000000 $t
     /tmp/ccI2oNYC.s:271    .text.vPortYieldFromISR:00000000 vPortYieldFromISR
     /tmp/ccI2oNYC.s:298    .text.vPortEnterCritical:00000000 $t
     /tmp/ccI2oNYC.s:303    .text.vPortEnterCritical:00000000 vPortEnterCritical
     /tmp/ccI2oNYC.s:340    .text.vPortExitCritical:00000000 $t
     /tmp/ccI2oNYC.s:345    .text.vPortExitCritical:00000000 vPortExitCritical
     /tmp/ccI2oNYC.s:389    .text.PendSV_Handler:00000000 $t
     /tmp/ccI2oNYC.s:394    .text.PendSV_Handler:00000000 PendSV_Handler
     /tmp/ccI2oNYC.s:437    .text.PendSV_Handler:0000004c pxCurrentTCBConst
     /tmp/ccI2oNYC.s:437    .text.PendSV_Handler:0000004c $d
     /tmp/ccI2oNYC.s:446    .text.SysTick_Handler:00000000 $t
     /tmp/ccI2oNYC.s:451    .text.SysTick_Handler:00000000 SysTick_Handler
     /tmp/ccI2oNYC.s:499    .text.prvSetupTimerInterrupt:00000000 $t
     /tmp/ccI2oNYC.s:542    .text.vPortEnableVFP:00000000 $t
     /tmp/ccI2oNYC.s:567    .text.vPortEnableVFP:0000000e $d
     /tmp/ccI2oNYC.s:175    .text.vPortStartFirstTask:00000010 $d
                     .debug_frame:00000010 $d

UNDEFINED SYMBOLS
pxCurrentTCB
vTaskSwitchContext
vTaskIncrementTick
SystemCoreClock
