   1              		.syntax unified
   2              		.cpu cortex-m4
   3              		.eabi_attribute 27, 3
   4              		.fpu fpv4-sp-d16
   5              		.eabi_attribute 20, 1
   6              		.eabi_attribute 21, 1
   7              		.eabi_attribute 23, 3
   8              		.eabi_attribute 24, 1
   9              		.eabi_attribute 25, 1
  10              		.eabi_attribute 26, 1
  11              		.eabi_attribute 30, 6
  12              		.eabi_attribute 34, 1
  13              		.eabi_attribute 18, 4
  14              		.thumb
  15              		.file	"stm32f4xx_dcmi.c"
  16              		.text
  17              	.Ltext0:
  18              		.cfi_sections	.debug_frame
  19              		.section	.text.DCMI_DeInit,"ax",%progbits
  20              		.align	2
  21              		.global	DCMI_DeInit
  22              		.thumb
  23              		.thumb_func
  25              	DCMI_DeInit:
  26              	.LFB110:
  27              		.file 1 "libs/STM32F4xx_StdPeriph_Driver/src/stm32f4xx_dcmi.c"
   1:libs/STM32F4xx_StdPeriph_Driver/src/stm32f4xx_dcmi.c **** /**
   2:libs/STM32F4xx_StdPeriph_Driver/src/stm32f4xx_dcmi.c ****   ******************************************************************************
   3:libs/STM32F4xx_StdPeriph_Driver/src/stm32f4xx_dcmi.c ****   * @file    stm32f4xx_dcmi.c
   4:libs/STM32F4xx_StdPeriph_Driver/src/stm32f4xx_dcmi.c ****   * @author  MCD Application Team
   5:libs/STM32F4xx_StdPeriph_Driver/src/stm32f4xx_dcmi.c ****   * @version V1.0.0RC1
   6:libs/STM32F4xx_StdPeriph_Driver/src/stm32f4xx_dcmi.c ****   * @date    25-August-2011
   7:libs/STM32F4xx_StdPeriph_Driver/src/stm32f4xx_dcmi.c ****   * @brief   This file provides firmware functions to manage the following 
   8:libs/STM32F4xx_StdPeriph_Driver/src/stm32f4xx_dcmi.c ****   *          functionalities of the DCMI peripheral:           
   9:libs/STM32F4xx_StdPeriph_Driver/src/stm32f4xx_dcmi.c ****   *           - Initialization and Configuration
  10:libs/STM32F4xx_StdPeriph_Driver/src/stm32f4xx_dcmi.c ****   *           - Image capture functions  
  11:libs/STM32F4xx_StdPeriph_Driver/src/stm32f4xx_dcmi.c ****   *           - Interrupts and flags management
  12:libs/STM32F4xx_StdPeriph_Driver/src/stm32f4xx_dcmi.c ****   *
  13:libs/STM32F4xx_StdPeriph_Driver/src/stm32f4xx_dcmi.c ****   *  @verbatim  
  14:libs/STM32F4xx_StdPeriph_Driver/src/stm32f4xx_dcmi.c ****   *  
  15:libs/STM32F4xx_StdPeriph_Driver/src/stm32f4xx_dcmi.c ****   *        
  16:libs/STM32F4xx_StdPeriph_Driver/src/stm32f4xx_dcmi.c ****   *          ===================================================================
  17:libs/STM32F4xx_StdPeriph_Driver/src/stm32f4xx_dcmi.c ****   *                                 How to use this driver
  18:libs/STM32F4xx_StdPeriph_Driver/src/stm32f4xx_dcmi.c ****   *          ===================================================================  
  19:libs/STM32F4xx_StdPeriph_Driver/src/stm32f4xx_dcmi.c ****   *         
  20:libs/STM32F4xx_StdPeriph_Driver/src/stm32f4xx_dcmi.c ****   *         The sequence below describes how to use this driver to capture image
  21:libs/STM32F4xx_StdPeriph_Driver/src/stm32f4xx_dcmi.c ****   *         from a camera module connected to the DCMI Interface.
  22:libs/STM32F4xx_StdPeriph_Driver/src/stm32f4xx_dcmi.c ****   *         This sequence does not take into account the configuration of the  
  23:libs/STM32F4xx_StdPeriph_Driver/src/stm32f4xx_dcmi.c ****   *         camera module, which should be made before to configure and enable
  24:libs/STM32F4xx_StdPeriph_Driver/src/stm32f4xx_dcmi.c ****   *         the DCMI to capture images.
  25:libs/STM32F4xx_StdPeriph_Driver/src/stm32f4xx_dcmi.c ****   *           
  26:libs/STM32F4xx_StdPeriph_Driver/src/stm32f4xx_dcmi.c ****   *          1. Enable the clock for the DCMI and associated GPIOs using the following functions:
  27:libs/STM32F4xx_StdPeriph_Driver/src/stm32f4xx_dcmi.c ****   *                 RCC_AHB2PeriphClockCmd(RCC_AHB2Periph_DCMI, ENABLE);
  28:libs/STM32F4xx_StdPeriph_Driver/src/stm32f4xx_dcmi.c ****   *                 RCC_AHB1PeriphClockCmd(RCC_AHB1Periph_GPIOx, ENABLE);
  29:libs/STM32F4xx_StdPeriph_Driver/src/stm32f4xx_dcmi.c ****   *
  30:libs/STM32F4xx_StdPeriph_Driver/src/stm32f4xx_dcmi.c ****   *          2. DCMI pins configuration 
  31:libs/STM32F4xx_StdPeriph_Driver/src/stm32f4xx_dcmi.c ****   *             - Connect the involved DCMI pins to AF13 using the following function 
  32:libs/STM32F4xx_StdPeriph_Driver/src/stm32f4xx_dcmi.c ****   *                 GPIO_PinAFConfig(GPIOx, GPIO_PinSourcex, GPIO_AF_DCMI); 
  33:libs/STM32F4xx_StdPeriph_Driver/src/stm32f4xx_dcmi.c ****   *             - Configure these DCMI pins in alternate function mode by calling the function
  34:libs/STM32F4xx_StdPeriph_Driver/src/stm32f4xx_dcmi.c ****   *                 GPIO_Init();
  35:libs/STM32F4xx_StdPeriph_Driver/src/stm32f4xx_dcmi.c ****   *    
  36:libs/STM32F4xx_StdPeriph_Driver/src/stm32f4xx_dcmi.c ****   *          3. Declare a DCMI_InitTypeDef structure, for example:
  37:libs/STM32F4xx_StdPeriph_Driver/src/stm32f4xx_dcmi.c ****   *                 DCMI_InitTypeDef  DCMI_InitStructure;
  38:libs/STM32F4xx_StdPeriph_Driver/src/stm32f4xx_dcmi.c ****   *             and fill the DCMI_InitStructure variable with the allowed values
  39:libs/STM32F4xx_StdPeriph_Driver/src/stm32f4xx_dcmi.c ****   *             of the structure member.
  40:libs/STM32F4xx_StdPeriph_Driver/src/stm32f4xx_dcmi.c ****   *  
  41:libs/STM32F4xx_StdPeriph_Driver/src/stm32f4xx_dcmi.c ****   *          4. Initialize the DCMI interface by calling the function
  42:libs/STM32F4xx_StdPeriph_Driver/src/stm32f4xx_dcmi.c ****   *                 DCMI_Init(&DCMI_InitStructure); 
  43:libs/STM32F4xx_StdPeriph_Driver/src/stm32f4xx_dcmi.c ****   *  
  44:libs/STM32F4xx_StdPeriph_Driver/src/stm32f4xx_dcmi.c ****   *          5. Configure the DMA2_Stream1 channel1 to transfer Data from DCMI DR
  45:libs/STM32F4xx_StdPeriph_Driver/src/stm32f4xx_dcmi.c ****   *             register to the destination memory buffer.
  46:libs/STM32F4xx_StdPeriph_Driver/src/stm32f4xx_dcmi.c ****   *  
  47:libs/STM32F4xx_StdPeriph_Driver/src/stm32f4xx_dcmi.c ****   *          6. Enable DCMI interface using the function
  48:libs/STM32F4xx_StdPeriph_Driver/src/stm32f4xx_dcmi.c ****   *                 DCMI_Cmd(ENABLE);
  49:libs/STM32F4xx_StdPeriph_Driver/src/stm32f4xx_dcmi.c ****   *                 
  50:libs/STM32F4xx_StdPeriph_Driver/src/stm32f4xx_dcmi.c ****   *         7. Start the image capture using the function
  51:libs/STM32F4xx_StdPeriph_Driver/src/stm32f4xx_dcmi.c ****   *                 DCMI_CaptureCmd(ENABLE);
  52:libs/STM32F4xx_StdPeriph_Driver/src/stm32f4xx_dcmi.c ****   *                 
  53:libs/STM32F4xx_StdPeriph_Driver/src/stm32f4xx_dcmi.c ****   *         8. At this stage the DCMI interface waits for the first start of frame,
  54:libs/STM32F4xx_StdPeriph_Driver/src/stm32f4xx_dcmi.c ****   *            then a DMA request is generated continuously/once (depending on the
  55:libs/STM32F4xx_StdPeriph_Driver/src/stm32f4xx_dcmi.c ****   *            mode used, Continuous/Snapshot) to transfer the received data into
  56:libs/STM32F4xx_StdPeriph_Driver/src/stm32f4xx_dcmi.c ****   *            the destination memory. 
  57:libs/STM32F4xx_StdPeriph_Driver/src/stm32f4xx_dcmi.c ****   *   
  58:libs/STM32F4xx_StdPeriph_Driver/src/stm32f4xx_dcmi.c ****   *  @note  If you need to capture only a rectangular window from the received
  59:libs/STM32F4xx_StdPeriph_Driver/src/stm32f4xx_dcmi.c ****   *         image, you have to use the DCMI_CROPConfig() function to configure 
  60:libs/STM32F4xx_StdPeriph_Driver/src/stm32f4xx_dcmi.c ****   *         the coordinates and size of the window to be captured, then enable 
  61:libs/STM32F4xx_StdPeriph_Driver/src/stm32f4xx_dcmi.c ****   *         the Crop feature using DCMI_CROPCmd(ENABLE);  
  62:libs/STM32F4xx_StdPeriph_Driver/src/stm32f4xx_dcmi.c ****   *         In this case, the Crop configuration should be made before to enable
  63:libs/STM32F4xx_StdPeriph_Driver/src/stm32f4xx_dcmi.c ****   *         and start the DCMI interface. 
  64:libs/STM32F4xx_StdPeriph_Driver/src/stm32f4xx_dcmi.c ****   *        
  65:libs/STM32F4xx_StdPeriph_Driver/src/stm32f4xx_dcmi.c ****   *  @endverbatim   
  66:libs/STM32F4xx_StdPeriph_Driver/src/stm32f4xx_dcmi.c ****   *  
  67:libs/STM32F4xx_StdPeriph_Driver/src/stm32f4xx_dcmi.c ****   ******************************************************************************
  68:libs/STM32F4xx_StdPeriph_Driver/src/stm32f4xx_dcmi.c ****   * @attention
  69:libs/STM32F4xx_StdPeriph_Driver/src/stm32f4xx_dcmi.c ****   *
  70:libs/STM32F4xx_StdPeriph_Driver/src/stm32f4xx_dcmi.c ****   * THE PRESENT FIRMWARE WHICH IS FOR GUIDANCE ONLY AIMS AT PROVIDING CUSTOMERS
  71:libs/STM32F4xx_StdPeriph_Driver/src/stm32f4xx_dcmi.c ****   * WITH CODING INFORMATION REGARDING THEIR PRODUCTS IN ORDER FOR THEM TO SAVE
  72:libs/STM32F4xx_StdPeriph_Driver/src/stm32f4xx_dcmi.c ****   * TIME. AS A RESULT, STMICROELECTRONICS SHALL NOT BE HELD LIABLE FOR ANY
  73:libs/STM32F4xx_StdPeriph_Driver/src/stm32f4xx_dcmi.c ****   * DIRECT, INDIRECT OR CONSEQUENTIAL DAMAGES WITH RESPECT TO ANY CLAIMS ARISING
  74:libs/STM32F4xx_StdPeriph_Driver/src/stm32f4xx_dcmi.c ****   * FROM THE CONTENT OF SUCH FIRMWARE AND/OR THE USE MADE BY CUSTOMERS OF THE
  75:libs/STM32F4xx_StdPeriph_Driver/src/stm32f4xx_dcmi.c ****   * CODING INFORMATION CONTAINED HEREIN IN CONNECTION WITH THEIR PRODUCTS.
  76:libs/STM32F4xx_StdPeriph_Driver/src/stm32f4xx_dcmi.c ****   *
  77:libs/STM32F4xx_StdPeriph_Driver/src/stm32f4xx_dcmi.c ****   * <h2><center>&copy; COPYRIGHT 2011 STMicroelectronics</center></h2>
  78:libs/STM32F4xx_StdPeriph_Driver/src/stm32f4xx_dcmi.c ****   ******************************************************************************
  79:libs/STM32F4xx_StdPeriph_Driver/src/stm32f4xx_dcmi.c ****   */
  80:libs/STM32F4xx_StdPeriph_Driver/src/stm32f4xx_dcmi.c **** 
  81:libs/STM32F4xx_StdPeriph_Driver/src/stm32f4xx_dcmi.c **** /* Includes ------------------------------------------------------------------*/
  82:libs/STM32F4xx_StdPeriph_Driver/src/stm32f4xx_dcmi.c **** #include "stm32f4xx_dcmi.h"
  83:libs/STM32F4xx_StdPeriph_Driver/src/stm32f4xx_dcmi.c **** #include "stm32f4xx_rcc.h"
  84:libs/STM32F4xx_StdPeriph_Driver/src/stm32f4xx_dcmi.c **** 
  85:libs/STM32F4xx_StdPeriph_Driver/src/stm32f4xx_dcmi.c **** /** @addtogroup STM32F4xx_StdPeriph_Driver
  86:libs/STM32F4xx_StdPeriph_Driver/src/stm32f4xx_dcmi.c ****   * @{
  87:libs/STM32F4xx_StdPeriph_Driver/src/stm32f4xx_dcmi.c ****   */
  88:libs/STM32F4xx_StdPeriph_Driver/src/stm32f4xx_dcmi.c **** 
  89:libs/STM32F4xx_StdPeriph_Driver/src/stm32f4xx_dcmi.c **** /** @defgroup DCMI 
  90:libs/STM32F4xx_StdPeriph_Driver/src/stm32f4xx_dcmi.c ****   * @brief DCMI driver modules
  91:libs/STM32F4xx_StdPeriph_Driver/src/stm32f4xx_dcmi.c ****   * @{
  92:libs/STM32F4xx_StdPeriph_Driver/src/stm32f4xx_dcmi.c ****   */ 
  93:libs/STM32F4xx_StdPeriph_Driver/src/stm32f4xx_dcmi.c **** 
  94:libs/STM32F4xx_StdPeriph_Driver/src/stm32f4xx_dcmi.c **** /* Private typedef -----------------------------------------------------------*/
  95:libs/STM32F4xx_StdPeriph_Driver/src/stm32f4xx_dcmi.c **** /* Private define ------------------------------------------------------------*/
  96:libs/STM32F4xx_StdPeriph_Driver/src/stm32f4xx_dcmi.c **** /* Private macro -------------------------------------------------------------*/
  97:libs/STM32F4xx_StdPeriph_Driver/src/stm32f4xx_dcmi.c **** /* Private variables ---------------------------------------------------------*/
  98:libs/STM32F4xx_StdPeriph_Driver/src/stm32f4xx_dcmi.c **** /* Private function prototypes -----------------------------------------------*/
  99:libs/STM32F4xx_StdPeriph_Driver/src/stm32f4xx_dcmi.c **** /* Private functions ---------------------------------------------------------*/
 100:libs/STM32F4xx_StdPeriph_Driver/src/stm32f4xx_dcmi.c **** 
 101:libs/STM32F4xx_StdPeriph_Driver/src/stm32f4xx_dcmi.c **** /** @defgroup DCMI_Private_Functions
 102:libs/STM32F4xx_StdPeriph_Driver/src/stm32f4xx_dcmi.c ****   * @{
 103:libs/STM32F4xx_StdPeriph_Driver/src/stm32f4xx_dcmi.c ****   */ 
 104:libs/STM32F4xx_StdPeriph_Driver/src/stm32f4xx_dcmi.c **** 
 105:libs/STM32F4xx_StdPeriph_Driver/src/stm32f4xx_dcmi.c **** /** @defgroup DCMI_Group1 Initialization and Configuration functions
 106:libs/STM32F4xx_StdPeriph_Driver/src/stm32f4xx_dcmi.c ****  *  @brief   Initialization and Configuration functions 
 107:libs/STM32F4xx_StdPeriph_Driver/src/stm32f4xx_dcmi.c ****  *
 108:libs/STM32F4xx_StdPeriph_Driver/src/stm32f4xx_dcmi.c **** @verbatim   
 109:libs/STM32F4xx_StdPeriph_Driver/src/stm32f4xx_dcmi.c ****  ===============================================================================
 110:libs/STM32F4xx_StdPeriph_Driver/src/stm32f4xx_dcmi.c ****                   Initialization and Configuration functions
 111:libs/STM32F4xx_StdPeriph_Driver/src/stm32f4xx_dcmi.c ****  ===============================================================================  
 112:libs/STM32F4xx_StdPeriph_Driver/src/stm32f4xx_dcmi.c **** 
 113:libs/STM32F4xx_StdPeriph_Driver/src/stm32f4xx_dcmi.c **** @endverbatim
 114:libs/STM32F4xx_StdPeriph_Driver/src/stm32f4xx_dcmi.c ****   * @{
 115:libs/STM32F4xx_StdPeriph_Driver/src/stm32f4xx_dcmi.c ****   */
 116:libs/STM32F4xx_StdPeriph_Driver/src/stm32f4xx_dcmi.c **** 
 117:libs/STM32F4xx_StdPeriph_Driver/src/stm32f4xx_dcmi.c **** /**
 118:libs/STM32F4xx_StdPeriph_Driver/src/stm32f4xx_dcmi.c ****   * @brief  Deinitializes the DCMI registers to their default reset values.
 119:libs/STM32F4xx_StdPeriph_Driver/src/stm32f4xx_dcmi.c ****   * @param  None
 120:libs/STM32F4xx_StdPeriph_Driver/src/stm32f4xx_dcmi.c ****   * @retval None
 121:libs/STM32F4xx_StdPeriph_Driver/src/stm32f4xx_dcmi.c ****   */
 122:libs/STM32F4xx_StdPeriph_Driver/src/stm32f4xx_dcmi.c **** void DCMI_DeInit(void)
 123:libs/STM32F4xx_StdPeriph_Driver/src/stm32f4xx_dcmi.c **** {
  28              		.loc 1 123 0
  29              		.cfi_startproc
  30              		@ args = 0, pretend = 0, frame = 0
  31              		@ frame_needed = 1, uses_anonymous_args = 0
  32              		@ link register save eliminated.
  33 0000 80B4     		push	{r7}
  34              	.LCFI0:
  35              		.cfi_def_cfa_offset 4
  36              		.cfi_offset 7, -4
  37 0002 00AF     		add	r7, sp, #0
  38              	.LCFI1:
  39              		.cfi_def_cfa_register 7
 124:libs/STM32F4xx_StdPeriph_Driver/src/stm32f4xx_dcmi.c ****   DCMI->CR = 0x0;
  40              		.loc 1 124 0
  41 0004 4FF00003 		mov	r3, #0
  42 0008 C5F20503 		movt	r3, 20485
  43 000c 4FF00002 		mov	r2, #0
  44 0010 1A60     		str	r2, [r3, #0]
 125:libs/STM32F4xx_StdPeriph_Driver/src/stm32f4xx_dcmi.c ****   DCMI->IER = 0x0;
  45              		.loc 1 125 0
  46 0012 4FF00003 		mov	r3, #0
  47 0016 C5F20503 		movt	r3, 20485
  48 001a 4FF00002 		mov	r2, #0
  49 001e DA60     		str	r2, [r3, #12]
 126:libs/STM32F4xx_StdPeriph_Driver/src/stm32f4xx_dcmi.c ****   DCMI->ICR = 0x1F;
  50              		.loc 1 126 0
  51 0020 4FF00003 		mov	r3, #0
  52 0024 C5F20503 		movt	r3, 20485
  53 0028 4FF01F02 		mov	r2, #31
  54 002c 5A61     		str	r2, [r3, #20]
 127:libs/STM32F4xx_StdPeriph_Driver/src/stm32f4xx_dcmi.c ****   DCMI->ESCR = 0x0;
  55              		.loc 1 127 0
  56 002e 4FF00003 		mov	r3, #0
  57 0032 C5F20503 		movt	r3, 20485
  58 0036 4FF00002 		mov	r2, #0
  59 003a 9A61     		str	r2, [r3, #24]
 128:libs/STM32F4xx_StdPeriph_Driver/src/stm32f4xx_dcmi.c ****   DCMI->ESUR = 0x0;
  60              		.loc 1 128 0
  61 003c 4FF00003 		mov	r3, #0
  62 0040 C5F20503 		movt	r3, 20485
  63 0044 4FF00002 		mov	r2, #0
  64 0048 DA61     		str	r2, [r3, #28]
 129:libs/STM32F4xx_StdPeriph_Driver/src/stm32f4xx_dcmi.c ****   DCMI->CWSTRTR = 0x0;
  65              		.loc 1 129 0
  66 004a 4FF00003 		mov	r3, #0
  67 004e C5F20503 		movt	r3, 20485
  68 0052 4FF00002 		mov	r2, #0
  69 0056 1A62     		str	r2, [r3, #32]
 130:libs/STM32F4xx_StdPeriph_Driver/src/stm32f4xx_dcmi.c ****   DCMI->CWSIZER = 0x0;
  70              		.loc 1 130 0
  71 0058 4FF00003 		mov	r3, #0
  72 005c C5F20503 		movt	r3, 20485
  73 0060 4FF00002 		mov	r2, #0
  74 0064 5A62     		str	r2, [r3, #36]
 131:libs/STM32F4xx_StdPeriph_Driver/src/stm32f4xx_dcmi.c **** }
  75              		.loc 1 131 0
  76 0066 BD46     		mov	sp, r7
  77 0068 80BC     		pop	{r7}
  78 006a 7047     		bx	lr
  79              		.cfi_endproc
  80              	.LFE110:
  82              		.section	.text.DCMI_Init,"ax",%progbits
  83              		.align	2
  84              		.global	DCMI_Init
  85              		.thumb
  86              		.thumb_func
  88              	DCMI_Init:
  89              	.LFB111:
 132:libs/STM32F4xx_StdPeriph_Driver/src/stm32f4xx_dcmi.c **** 
 133:libs/STM32F4xx_StdPeriph_Driver/src/stm32f4xx_dcmi.c **** /**
 134:libs/STM32F4xx_StdPeriph_Driver/src/stm32f4xx_dcmi.c ****   * @brief  Initializes the DCMI according to the specified parameters in the DCMI_InitStruct.
 135:libs/STM32F4xx_StdPeriph_Driver/src/stm32f4xx_dcmi.c ****   * @param  DCMI_InitStruct: pointer to a DCMI_InitTypeDef structure that contains 
 136:libs/STM32F4xx_StdPeriph_Driver/src/stm32f4xx_dcmi.c ****   *         the configuration information for the DCMI.
 137:libs/STM32F4xx_StdPeriph_Driver/src/stm32f4xx_dcmi.c ****   * @retval None
 138:libs/STM32F4xx_StdPeriph_Driver/src/stm32f4xx_dcmi.c ****   */
 139:libs/STM32F4xx_StdPeriph_Driver/src/stm32f4xx_dcmi.c **** void DCMI_Init(DCMI_InitTypeDef* DCMI_InitStruct)
 140:libs/STM32F4xx_StdPeriph_Driver/src/stm32f4xx_dcmi.c **** {
  90              		.loc 1 140 0
  91              		.cfi_startproc
  92              		@ args = 0, pretend = 0, frame = 16
  93              		@ frame_needed = 1, uses_anonymous_args = 0
  94              		@ link register save eliminated.
  95 0000 80B4     		push	{r7}
  96              	.LCFI2:
  97              		.cfi_def_cfa_offset 4
  98              		.cfi_offset 7, -4
  99 0002 85B0     		sub	sp, sp, #20
 100              	.LCFI3:
 101              		.cfi_def_cfa_offset 24
 102 0004 00AF     		add	r7, sp, #0
 103              	.LCFI4:
 104              		.cfi_def_cfa_register 7
 105 0006 7860     		str	r0, [r7, #4]
 141:libs/STM32F4xx_StdPeriph_Driver/src/stm32f4xx_dcmi.c ****   uint32_t temp = 0x0;
 106              		.loc 1 141 0
 107 0008 4FF00003 		mov	r3, #0
 108 000c FB60     		str	r3, [r7, #12]
 142:libs/STM32F4xx_StdPeriph_Driver/src/stm32f4xx_dcmi.c ****   
 143:libs/STM32F4xx_StdPeriph_Driver/src/stm32f4xx_dcmi.c ****   /* Check the parameters */
 144:libs/STM32F4xx_StdPeriph_Driver/src/stm32f4xx_dcmi.c ****   assert_param(IS_DCMI_CAPTURE_MODE(DCMI_InitStruct->DCMI_CaptureMode));
 145:libs/STM32F4xx_StdPeriph_Driver/src/stm32f4xx_dcmi.c ****   assert_param(IS_DCMI_SYNCHRO(DCMI_InitStruct->DCMI_SynchroMode));
 146:libs/STM32F4xx_StdPeriph_Driver/src/stm32f4xx_dcmi.c ****   assert_param(IS_DCMI_PCKPOLARITY(DCMI_InitStruct->DCMI_PCKPolarity));
 147:libs/STM32F4xx_StdPeriph_Driver/src/stm32f4xx_dcmi.c ****   assert_param(IS_DCMI_VSPOLARITY(DCMI_InitStruct->DCMI_VSPolarity));
 148:libs/STM32F4xx_StdPeriph_Driver/src/stm32f4xx_dcmi.c ****   assert_param(IS_DCMI_HSPOLARITY(DCMI_InitStruct->DCMI_HSPolarity));
 149:libs/STM32F4xx_StdPeriph_Driver/src/stm32f4xx_dcmi.c ****   assert_param(IS_DCMI_CAPTURE_RATE(DCMI_InitStruct->DCMI_CaptureRate));
 150:libs/STM32F4xx_StdPeriph_Driver/src/stm32f4xx_dcmi.c ****   assert_param(IS_DCMI_EXTENDED_DATA(DCMI_InitStruct->DCMI_ExtendedDataMode));
 151:libs/STM32F4xx_StdPeriph_Driver/src/stm32f4xx_dcmi.c **** 
 152:libs/STM32F4xx_StdPeriph_Driver/src/stm32f4xx_dcmi.c ****   /* The DCMI configuration registers should be programmed correctly before 
 153:libs/STM32F4xx_StdPeriph_Driver/src/stm32f4xx_dcmi.c ****   enabling the CR_ENABLE Bit and the CR_CAPTURE Bit */
 154:libs/STM32F4xx_StdPeriph_Driver/src/stm32f4xx_dcmi.c ****   DCMI->CR &= ~(DCMI_CR_ENABLE | DCMI_CR_CAPTURE);
 109              		.loc 1 154 0
 110 000e 4FF00003 		mov	r3, #0
 111 0012 C5F20503 		movt	r3, 20485
 112 0016 4FF00002 		mov	r2, #0
 113 001a C5F20502 		movt	r2, 20485
 114 001e 1268     		ldr	r2, [r2, #0]
 115 0020 22F48042 		bic	r2, r2, #16384
 116 0024 22F00102 		bic	r2, r2, #1
 117 0028 1A60     		str	r2, [r3, #0]
 155:libs/STM32F4xx_StdPeriph_Driver/src/stm32f4xx_dcmi.c ****    
 156:libs/STM32F4xx_StdPeriph_Driver/src/stm32f4xx_dcmi.c ****   /* Reset the old DCMI configuration */
 157:libs/STM32F4xx_StdPeriph_Driver/src/stm32f4xx_dcmi.c ****   temp = DCMI->CR;
 118              		.loc 1 157 0
 119 002a 4FF00003 		mov	r3, #0
 120 002e C5F20503 		movt	r3, 20485
 121 0032 1B68     		ldr	r3, [r3, #0]
 122 0034 FB60     		str	r3, [r7, #12]
 158:libs/STM32F4xx_StdPeriph_Driver/src/stm32f4xx_dcmi.c ****   
 159:libs/STM32F4xx_StdPeriph_Driver/src/stm32f4xx_dcmi.c ****   temp &= ~((uint32_t)DCMI_CR_CM     | DCMI_CR_ESS   | DCMI_CR_PCKPOL |
 123              		.loc 1 159 0
 124 0036 FB68     		ldr	r3, [r7, #12]
 125 0038 23F47E63 		bic	r3, r3, #4064
 126 003c 23F01203 		bic	r3, r3, #18
 127 0040 FB60     		str	r3, [r7, #12]
 160:libs/STM32F4xx_StdPeriph_Driver/src/stm32f4xx_dcmi.c ****                       DCMI_CR_HSPOL  | DCMI_CR_VSPOL | DCMI_CR_FCRC_0 | 
 161:libs/STM32F4xx_StdPeriph_Driver/src/stm32f4xx_dcmi.c ****                       DCMI_CR_FCRC_1 | DCMI_CR_EDM_0 | DCMI_CR_EDM_1); 
 162:libs/STM32F4xx_StdPeriph_Driver/src/stm32f4xx_dcmi.c ****                   
 163:libs/STM32F4xx_StdPeriph_Driver/src/stm32f4xx_dcmi.c ****   /* Sets the new configuration of the DCMI peripheral */
 164:libs/STM32F4xx_StdPeriph_Driver/src/stm32f4xx_dcmi.c ****   temp |= ((uint32_t)DCMI_InitStruct->DCMI_CaptureMode |
 128              		.loc 1 164 0
 129 0042 7B68     		ldr	r3, [r7, #4]
 130 0044 1A88     		ldrh	r2, [r3, #0]
 165:libs/STM32F4xx_StdPeriph_Driver/src/stm32f4xx_dcmi.c ****                      DCMI_InitStruct->DCMI_SynchroMode |
 131              		.loc 1 165 0
 132 0046 7B68     		ldr	r3, [r7, #4]
 133 0048 5B88     		ldrh	r3, [r3, #2]
 166:libs/STM32F4xx_StdPeriph_Driver/src/stm32f4xx_dcmi.c ****                      DCMI_InitStruct->DCMI_PCKPolarity |
 167:libs/STM32F4xx_StdPeriph_Driver/src/stm32f4xx_dcmi.c ****                      DCMI_InitStruct->DCMI_VSPolarity |
 168:libs/STM32F4xx_StdPeriph_Driver/src/stm32f4xx_dcmi.c ****                      DCMI_InitStruct->DCMI_HSPolarity |
 169:libs/STM32F4xx_StdPeriph_Driver/src/stm32f4xx_dcmi.c ****                      DCMI_InitStruct->DCMI_CaptureRate |
 134              		.loc 1 169 0
 135 004a 1343     		orrs	r3, r3, r2
 136 004c 9AB2     		uxth	r2, r3
 166:libs/STM32F4xx_StdPeriph_Driver/src/stm32f4xx_dcmi.c ****                      DCMI_InitStruct->DCMI_PCKPolarity |
 137              		.loc 1 166 0
 138 004e 7B68     		ldr	r3, [r7, #4]
 139 0050 9B88     		ldrh	r3, [r3, #4]
 140              		.loc 1 169 0
 141 0052 1343     		orrs	r3, r3, r2
 142 0054 9AB2     		uxth	r2, r3
 167:libs/STM32F4xx_StdPeriph_Driver/src/stm32f4xx_dcmi.c ****                      DCMI_InitStruct->DCMI_VSPolarity |
 143              		.loc 1 167 0
 144 0056 7B68     		ldr	r3, [r7, #4]
 145 0058 DB88     		ldrh	r3, [r3, #6]
 146              		.loc 1 169 0
 147 005a 1343     		orrs	r3, r3, r2
 148 005c 9AB2     		uxth	r2, r3
 168:libs/STM32F4xx_StdPeriph_Driver/src/stm32f4xx_dcmi.c ****                      DCMI_InitStruct->DCMI_HSPolarity |
 149              		.loc 1 168 0
 150 005e 7B68     		ldr	r3, [r7, #4]
 151 0060 1B89     		ldrh	r3, [r3, #8]
 152              		.loc 1 169 0
 153 0062 1343     		orrs	r3, r3, r2
 154 0064 9AB2     		uxth	r2, r3
 155 0066 7B68     		ldr	r3, [r7, #4]
 156 0068 5B89     		ldrh	r3, [r3, #10]
 157 006a 1343     		orrs	r3, r3, r2
 158 006c 9AB2     		uxth	r2, r3
 170:libs/STM32F4xx_StdPeriph_Driver/src/stm32f4xx_dcmi.c ****                      DCMI_InitStruct->DCMI_ExtendedDataMode);
 159              		.loc 1 170 0
 160 006e 7B68     		ldr	r3, [r7, #4]
 161 0070 9B89     		ldrh	r3, [r3, #12]
 169:libs/STM32F4xx_StdPeriph_Driver/src/stm32f4xx_dcmi.c ****                      DCMI_InitStruct->DCMI_CaptureRate |
 162              		.loc 1 169 0
 163 0072 1343     		orrs	r3, r3, r2
 164 0074 9BB2     		uxth	r3, r3
 164:libs/STM32F4xx_StdPeriph_Driver/src/stm32f4xx_dcmi.c ****   temp |= ((uint32_t)DCMI_InitStruct->DCMI_CaptureMode |
 165              		.loc 1 164 0
 166 0076 FA68     		ldr	r2, [r7, #12]
 167 0078 1343     		orrs	r3, r3, r2
 168 007a FB60     		str	r3, [r7, #12]
 171:libs/STM32F4xx_StdPeriph_Driver/src/stm32f4xx_dcmi.c **** 
 172:libs/STM32F4xx_StdPeriph_Driver/src/stm32f4xx_dcmi.c ****   DCMI->CR = temp;                              
 169              		.loc 1 172 0
 170 007c 4FF00003 		mov	r3, #0
 171 0080 C5F20503 		movt	r3, 20485
 172 0084 FA68     		ldr	r2, [r7, #12]
 173 0086 1A60     		str	r2, [r3, #0]
 173:libs/STM32F4xx_StdPeriph_Driver/src/stm32f4xx_dcmi.c **** }
 174              		.loc 1 173 0
 175 0088 07F11407 		add	r7, r7, #20
 176 008c BD46     		mov	sp, r7
 177 008e 80BC     		pop	{r7}
 178 0090 7047     		bx	lr
 179              		.cfi_endproc
 180              	.LFE111:
 182 0092 00BF     		.section	.text.DCMI_StructInit,"ax",%progbits
 183              		.align	2
 184              		.global	DCMI_StructInit
 185              		.thumb
 186              		.thumb_func
 188              	DCMI_StructInit:
 189              	.LFB112:
 174:libs/STM32F4xx_StdPeriph_Driver/src/stm32f4xx_dcmi.c **** 
 175:libs/STM32F4xx_StdPeriph_Driver/src/stm32f4xx_dcmi.c **** /**
 176:libs/STM32F4xx_StdPeriph_Driver/src/stm32f4xx_dcmi.c ****   * @brief  Fills each DCMI_InitStruct member with its default value.
 177:libs/STM32F4xx_StdPeriph_Driver/src/stm32f4xx_dcmi.c ****   * @param  DCMI_InitStruct : pointer to a DCMI_InitTypeDef structure which will
 178:libs/STM32F4xx_StdPeriph_Driver/src/stm32f4xx_dcmi.c ****   *         be initialized.
 179:libs/STM32F4xx_StdPeriph_Driver/src/stm32f4xx_dcmi.c ****   * @retval None
 180:libs/STM32F4xx_StdPeriph_Driver/src/stm32f4xx_dcmi.c ****   */
 181:libs/STM32F4xx_StdPeriph_Driver/src/stm32f4xx_dcmi.c **** void DCMI_StructInit(DCMI_InitTypeDef* DCMI_InitStruct)
 182:libs/STM32F4xx_StdPeriph_Driver/src/stm32f4xx_dcmi.c **** {
 190              		.loc 1 182 0
 191              		.cfi_startproc
 192              		@ args = 0, pretend = 0, frame = 8
 193              		@ frame_needed = 1, uses_anonymous_args = 0
 194              		@ link register save eliminated.
 195 0000 80B4     		push	{r7}
 196              	.LCFI5:
 197              		.cfi_def_cfa_offset 4
 198              		.cfi_offset 7, -4
 199 0002 83B0     		sub	sp, sp, #12
 200              	.LCFI6:
 201              		.cfi_def_cfa_offset 16
 202 0004 00AF     		add	r7, sp, #0
 203              	.LCFI7:
 204              		.cfi_def_cfa_register 7
 205 0006 7860     		str	r0, [r7, #4]
 183:libs/STM32F4xx_StdPeriph_Driver/src/stm32f4xx_dcmi.c ****   /* Set the default configuration */
 184:libs/STM32F4xx_StdPeriph_Driver/src/stm32f4xx_dcmi.c ****   DCMI_InitStruct->DCMI_CaptureMode = DCMI_CaptureMode_Continuous;
 206              		.loc 1 184 0
 207 0008 7B68     		ldr	r3, [r7, #4]
 208 000a 4FF00002 		mov	r2, #0
 209 000e 1A80     		strh	r2, [r3, #0]	@ movhi
 185:libs/STM32F4xx_StdPeriph_Driver/src/stm32f4xx_dcmi.c ****   DCMI_InitStruct->DCMI_SynchroMode = DCMI_SynchroMode_Hardware;
 210              		.loc 1 185 0
 211 0010 7B68     		ldr	r3, [r7, #4]
 212 0012 4FF00002 		mov	r2, #0
 213 0016 5A80     		strh	r2, [r3, #2]	@ movhi
 186:libs/STM32F4xx_StdPeriph_Driver/src/stm32f4xx_dcmi.c ****   DCMI_InitStruct->DCMI_PCKPolarity = DCMI_PCKPolarity_Falling;
 214              		.loc 1 186 0
 215 0018 7B68     		ldr	r3, [r7, #4]
 216 001a 4FF00002 		mov	r2, #0
 217 001e 9A80     		strh	r2, [r3, #4]	@ movhi
 187:libs/STM32F4xx_StdPeriph_Driver/src/stm32f4xx_dcmi.c ****   DCMI_InitStruct->DCMI_VSPolarity = DCMI_VSPolarity_Low;
 218              		.loc 1 187 0
 219 0020 7B68     		ldr	r3, [r7, #4]
 220 0022 4FF00002 		mov	r2, #0
 221 0026 DA80     		strh	r2, [r3, #6]	@ movhi
 188:libs/STM32F4xx_StdPeriph_Driver/src/stm32f4xx_dcmi.c ****   DCMI_InitStruct->DCMI_HSPolarity = DCMI_HSPolarity_Low;
 222              		.loc 1 188 0
 223 0028 7B68     		ldr	r3, [r7, #4]
 224 002a 4FF00002 		mov	r2, #0
 225 002e 1A81     		strh	r2, [r3, #8]	@ movhi
 189:libs/STM32F4xx_StdPeriph_Driver/src/stm32f4xx_dcmi.c ****   DCMI_InitStruct->DCMI_CaptureRate = DCMI_CaptureRate_All_Frame;
 226              		.loc 1 189 0
 227 0030 7B68     		ldr	r3, [r7, #4]
 228 0032 4FF00002 		mov	r2, #0
 229 0036 5A81     		strh	r2, [r3, #10]	@ movhi
 190:libs/STM32F4xx_StdPeriph_Driver/src/stm32f4xx_dcmi.c ****   DCMI_InitStruct->DCMI_ExtendedDataMode = DCMI_ExtendedDataMode_8b;
 230              		.loc 1 190 0
 231 0038 7B68     		ldr	r3, [r7, #4]
 232 003a 4FF00002 		mov	r2, #0
 233 003e 9A81     		strh	r2, [r3, #12]	@ movhi
 191:libs/STM32F4xx_StdPeriph_Driver/src/stm32f4xx_dcmi.c **** }
 234              		.loc 1 191 0
 235 0040 07F10C07 		add	r7, r7, #12
 236 0044 BD46     		mov	sp, r7
 237 0046 80BC     		pop	{r7}
 238 0048 7047     		bx	lr
 239              		.cfi_endproc
 240              	.LFE112:
 242 004a 00BF     		.section	.text.DCMI_CROPConfig,"ax",%progbits
 243              		.align	2
 244              		.global	DCMI_CROPConfig
 245              		.thumb
 246              		.thumb_func
 248              	DCMI_CROPConfig:
 249              	.LFB113:
 192:libs/STM32F4xx_StdPeriph_Driver/src/stm32f4xx_dcmi.c **** 
 193:libs/STM32F4xx_StdPeriph_Driver/src/stm32f4xx_dcmi.c **** /**
 194:libs/STM32F4xx_StdPeriph_Driver/src/stm32f4xx_dcmi.c ****   * @brief  Initializes the DCMI peripheral CROP mode according to the specified
 195:libs/STM32F4xx_StdPeriph_Driver/src/stm32f4xx_dcmi.c ****   *         parameters in the DCMI_CROPInitStruct.
 196:libs/STM32F4xx_StdPeriph_Driver/src/stm32f4xx_dcmi.c ****   * @note   This function should be called before to enable and start the DCMI interface.   
 197:libs/STM32F4xx_StdPeriph_Driver/src/stm32f4xx_dcmi.c ****   * @param  DCMI_CROPInitStruct:  pointer to a DCMI_CROPInitTypeDef structure that 
 198:libs/STM32F4xx_StdPeriph_Driver/src/stm32f4xx_dcmi.c ****   *         contains the configuration information for the DCMI peripheral CROP mode.
 199:libs/STM32F4xx_StdPeriph_Driver/src/stm32f4xx_dcmi.c ****   * @retval None
 200:libs/STM32F4xx_StdPeriph_Driver/src/stm32f4xx_dcmi.c ****   */
 201:libs/STM32F4xx_StdPeriph_Driver/src/stm32f4xx_dcmi.c **** void DCMI_CROPConfig(DCMI_CROPInitTypeDef* DCMI_CROPInitStruct)
 202:libs/STM32F4xx_StdPeriph_Driver/src/stm32f4xx_dcmi.c **** {  
 250              		.loc 1 202 0
 251              		.cfi_startproc
 252              		@ args = 0, pretend = 0, frame = 8
 253              		@ frame_needed = 1, uses_anonymous_args = 0
 254              		@ link register save eliminated.
 255 0000 80B4     		push	{r7}
 256              	.LCFI8:
 257              		.cfi_def_cfa_offset 4
 258              		.cfi_offset 7, -4
 259 0002 83B0     		sub	sp, sp, #12
 260              	.LCFI9:
 261              		.cfi_def_cfa_offset 16
 262 0004 00AF     		add	r7, sp, #0
 263              	.LCFI10:
 264              		.cfi_def_cfa_register 7
 265 0006 7860     		str	r0, [r7, #4]
 203:libs/STM32F4xx_StdPeriph_Driver/src/stm32f4xx_dcmi.c ****   /* Sets the CROP window coordinates */
 204:libs/STM32F4xx_StdPeriph_Driver/src/stm32f4xx_dcmi.c ****   DCMI->CWSTRTR = (uint32_t)((uint32_t)DCMI_CROPInitStruct->DCMI_HorizontalOffsetCount |
 266              		.loc 1 204 0
 267 0008 4FF00003 		mov	r3, #0
 268 000c C5F20503 		movt	r3, 20485
 269 0010 7A68     		ldr	r2, [r7, #4]
 270 0012 5288     		ldrh	r2, [r2, #2]
 271 0014 1146     		mov	r1, r2
 205:libs/STM32F4xx_StdPeriph_Driver/src/stm32f4xx_dcmi.c ****                   ((uint32_t)DCMI_CROPInitStruct->DCMI_VerticalStartLine << 16));
 272              		.loc 1 205 0
 273 0016 7A68     		ldr	r2, [r7, #4]
 274 0018 1288     		ldrh	r2, [r2, #0]
 275 001a 4FEA0242 		lsl	r2, r2, #16
 204:libs/STM32F4xx_StdPeriph_Driver/src/stm32f4xx_dcmi.c ****   DCMI->CWSTRTR = (uint32_t)((uint32_t)DCMI_CROPInitStruct->DCMI_HorizontalOffsetCount |
 276              		.loc 1 204 0
 277 001e 0A43     		orrs	r2, r2, r1
 278 0020 1A62     		str	r2, [r3, #32]
 206:libs/STM32F4xx_StdPeriph_Driver/src/stm32f4xx_dcmi.c **** 
 207:libs/STM32F4xx_StdPeriph_Driver/src/stm32f4xx_dcmi.c ****   /* Sets the CROP window size */
 208:libs/STM32F4xx_StdPeriph_Driver/src/stm32f4xx_dcmi.c ****   DCMI->CWSIZER = (uint32_t)(DCMI_CROPInitStruct->DCMI_CaptureCount |
 279              		.loc 1 208 0
 280 0022 4FF00003 		mov	r3, #0
 281 0026 C5F20503 		movt	r3, 20485
 282 002a 7A68     		ldr	r2, [r7, #4]
 283 002c D288     		ldrh	r2, [r2, #6]
 284 002e 1146     		mov	r1, r2
 209:libs/STM32F4xx_StdPeriph_Driver/src/stm32f4xx_dcmi.c ****                   ((uint32_t)DCMI_CROPInitStruct->DCMI_VerticalLineCount << 16));
 285              		.loc 1 209 0
 286 0030 7A68     		ldr	r2, [r7, #4]
 287 0032 9288     		ldrh	r2, [r2, #4]
 288 0034 4FEA0242 		lsl	r2, r2, #16
 208:libs/STM32F4xx_StdPeriph_Driver/src/stm32f4xx_dcmi.c ****   DCMI->CWSIZER = (uint32_t)(DCMI_CROPInitStruct->DCMI_CaptureCount |
 289              		.loc 1 208 0
 290 0038 0A43     		orrs	r2, r2, r1
 291 003a 5A62     		str	r2, [r3, #36]
 210:libs/STM32F4xx_StdPeriph_Driver/src/stm32f4xx_dcmi.c **** }
 292              		.loc 1 210 0
 293 003c 07F10C07 		add	r7, r7, #12
 294 0040 BD46     		mov	sp, r7
 295 0042 80BC     		pop	{r7}
 296 0044 7047     		bx	lr
 297              		.cfi_endproc
 298              	.LFE113:
 300 0046 00BF     		.section	.text.DCMI_CROPCmd,"ax",%progbits
 301              		.align	2
 302              		.global	DCMI_CROPCmd
 303              		.thumb
 304              		.thumb_func
 306              	DCMI_CROPCmd:
 307              	.LFB114:
 211:libs/STM32F4xx_StdPeriph_Driver/src/stm32f4xx_dcmi.c **** 
 212:libs/STM32F4xx_StdPeriph_Driver/src/stm32f4xx_dcmi.c **** /**
 213:libs/STM32F4xx_StdPeriph_Driver/src/stm32f4xx_dcmi.c ****   * @brief  Enables or disables the DCMI Crop feature.
 214:libs/STM32F4xx_StdPeriph_Driver/src/stm32f4xx_dcmi.c ****   * @note   This function should be called before to enable and start the DCMI interface.
 215:libs/STM32F4xx_StdPeriph_Driver/src/stm32f4xx_dcmi.c ****   * @param  NewState: new state of the DCMI Crop feature. 
 216:libs/STM32F4xx_StdPeriph_Driver/src/stm32f4xx_dcmi.c ****   *          This parameter can be: ENABLE or DISABLE.
 217:libs/STM32F4xx_StdPeriph_Driver/src/stm32f4xx_dcmi.c ****   * @retval None
 218:libs/STM32F4xx_StdPeriph_Driver/src/stm32f4xx_dcmi.c ****   */
 219:libs/STM32F4xx_StdPeriph_Driver/src/stm32f4xx_dcmi.c **** void DCMI_CROPCmd(FunctionalState NewState)
 220:libs/STM32F4xx_StdPeriph_Driver/src/stm32f4xx_dcmi.c **** {
 308              		.loc 1 220 0
 309              		.cfi_startproc
 310              		@ args = 0, pretend = 0, frame = 8
 311              		@ frame_needed = 1, uses_anonymous_args = 0
 312              		@ link register save eliminated.
 313 0000 80B4     		push	{r7}
 314              	.LCFI11:
 315              		.cfi_def_cfa_offset 4
 316              		.cfi_offset 7, -4
 317 0002 83B0     		sub	sp, sp, #12
 318              	.LCFI12:
 319              		.cfi_def_cfa_offset 16
 320 0004 00AF     		add	r7, sp, #0
 321              	.LCFI13:
 322              		.cfi_def_cfa_register 7
 323 0006 0346     		mov	r3, r0
 324 0008 FB71     		strb	r3, [r7, #7]
 221:libs/STM32F4xx_StdPeriph_Driver/src/stm32f4xx_dcmi.c ****   /* Check the parameters */
 222:libs/STM32F4xx_StdPeriph_Driver/src/stm32f4xx_dcmi.c ****   assert_param(IS_FUNCTIONAL_STATE(NewState));
 223:libs/STM32F4xx_StdPeriph_Driver/src/stm32f4xx_dcmi.c ****     
 224:libs/STM32F4xx_StdPeriph_Driver/src/stm32f4xx_dcmi.c ****   if (NewState != DISABLE)
 325              		.loc 1 224 0
 326 000a FB79     		ldrb	r3, [r7, #7]	@ zero_extendqisi2
 327 000c 002B     		cmp	r3, #0
 328 000e 0CD0     		beq	.L6
 225:libs/STM32F4xx_StdPeriph_Driver/src/stm32f4xx_dcmi.c ****   {
 226:libs/STM32F4xx_StdPeriph_Driver/src/stm32f4xx_dcmi.c ****     /* Enable the DCMI Crop feature */
 227:libs/STM32F4xx_StdPeriph_Driver/src/stm32f4xx_dcmi.c ****     DCMI->CR |= (uint32_t)DCMI_CR_CROP;
 329              		.loc 1 227 0
 330 0010 4FF00003 		mov	r3, #0
 331 0014 C5F20503 		movt	r3, 20485
 332 0018 4FF00002 		mov	r2, #0
 333 001c C5F20502 		movt	r2, 20485
 334 0020 1268     		ldr	r2, [r2, #0]
 335 0022 42F00402 		orr	r2, r2, #4
 336 0026 1A60     		str	r2, [r3, #0]
 337 0028 0BE0     		b	.L5
 338              	.L6:
 228:libs/STM32F4xx_StdPeriph_Driver/src/stm32f4xx_dcmi.c ****   }
 229:libs/STM32F4xx_StdPeriph_Driver/src/stm32f4xx_dcmi.c ****   else
 230:libs/STM32F4xx_StdPeriph_Driver/src/stm32f4xx_dcmi.c ****   {
 231:libs/STM32F4xx_StdPeriph_Driver/src/stm32f4xx_dcmi.c ****     /* Disable the DCMI Crop feature */
 232:libs/STM32F4xx_StdPeriph_Driver/src/stm32f4xx_dcmi.c ****     DCMI->CR &= ~(uint32_t)DCMI_CR_CROP;
 339              		.loc 1 232 0
 340 002a 4FF00003 		mov	r3, #0
 341 002e C5F20503 		movt	r3, 20485
 342 0032 4FF00002 		mov	r2, #0
 343 0036 C5F20502 		movt	r2, 20485
 344 003a 1268     		ldr	r2, [r2, #0]
 345 003c 22F00402 		bic	r2, r2, #4
 346 0040 1A60     		str	r2, [r3, #0]
 347              	.L5:
 233:libs/STM32F4xx_StdPeriph_Driver/src/stm32f4xx_dcmi.c ****   }
 234:libs/STM32F4xx_StdPeriph_Driver/src/stm32f4xx_dcmi.c **** }
 348              		.loc 1 234 0
 349 0042 07F10C07 		add	r7, r7, #12
 350 0046 BD46     		mov	sp, r7
 351 0048 80BC     		pop	{r7}
 352 004a 7047     		bx	lr
 353              		.cfi_endproc
 354              	.LFE114:
 356              		.section	.text.DCMI_SetEmbeddedSynchroCodes,"ax",%progbits
 357              		.align	2
 358              		.global	DCMI_SetEmbeddedSynchroCodes
 359              		.thumb
 360              		.thumb_func
 362              	DCMI_SetEmbeddedSynchroCodes:
 363              	.LFB115:
 235:libs/STM32F4xx_StdPeriph_Driver/src/stm32f4xx_dcmi.c **** 
 236:libs/STM32F4xx_StdPeriph_Driver/src/stm32f4xx_dcmi.c **** /**
 237:libs/STM32F4xx_StdPeriph_Driver/src/stm32f4xx_dcmi.c ****   * @brief  Sets the embedded synchronization codes
 238:libs/STM32F4xx_StdPeriph_Driver/src/stm32f4xx_dcmi.c ****   * @param  DCMI_CodesInitTypeDef: pointer to a DCMI_CodesInitTypeDef structure that
 239:libs/STM32F4xx_StdPeriph_Driver/src/stm32f4xx_dcmi.c ****   *         contains the embedded synchronization codes for the DCMI peripheral.
 240:libs/STM32F4xx_StdPeriph_Driver/src/stm32f4xx_dcmi.c ****   * @retval None
 241:libs/STM32F4xx_StdPeriph_Driver/src/stm32f4xx_dcmi.c ****   */
 242:libs/STM32F4xx_StdPeriph_Driver/src/stm32f4xx_dcmi.c **** void DCMI_SetEmbeddedSynchroCodes(DCMI_CodesInitTypeDef* DCMI_CodesInitStruct)
 243:libs/STM32F4xx_StdPeriph_Driver/src/stm32f4xx_dcmi.c **** {
 364              		.loc 1 243 0
 365              		.cfi_startproc
 366              		@ args = 0, pretend = 0, frame = 8
 367              		@ frame_needed = 1, uses_anonymous_args = 0
 368              		@ link register save eliminated.
 369 0000 80B4     		push	{r7}
 370              	.LCFI14:
 371              		.cfi_def_cfa_offset 4
 372              		.cfi_offset 7, -4
 373 0002 83B0     		sub	sp, sp, #12
 374              	.LCFI15:
 375              		.cfi_def_cfa_offset 16
 376 0004 00AF     		add	r7, sp, #0
 377              	.LCFI16:
 378              		.cfi_def_cfa_register 7
 379 0006 7860     		str	r0, [r7, #4]
 244:libs/STM32F4xx_StdPeriph_Driver/src/stm32f4xx_dcmi.c ****   DCMI->ESCR = (uint32_t)(DCMI_CodesInitStruct->DCMI_FrameStartCode |
 380              		.loc 1 244 0
 381 0008 4FF00003 		mov	r3, #0
 382 000c C5F20503 		movt	r3, 20485
 383 0010 7A68     		ldr	r2, [r7, #4]
 384 0012 1278     		ldrb	r2, [r2, #0]	@ zero_extendqisi2
 385 0014 1146     		mov	r1, r2
 245:libs/STM32F4xx_StdPeriph_Driver/src/stm32f4xx_dcmi.c ****                           ((uint32_t)DCMI_CodesInitStruct->DCMI_LineStartCode << 8)|
 386              		.loc 1 245 0
 387 0016 7A68     		ldr	r2, [r7, #4]
 388 0018 5278     		ldrb	r2, [r2, #1]	@ zero_extendqisi2
 389 001a 4FEA0222 		lsl	r2, r2, #8
 244:libs/STM32F4xx_StdPeriph_Driver/src/stm32f4xx_dcmi.c ****   DCMI->ESCR = (uint32_t)(DCMI_CodesInitStruct->DCMI_FrameStartCode |
 390              		.loc 1 244 0
 391 001e 1143     		orrs	r1, r1, r2
 246:libs/STM32F4xx_StdPeriph_Driver/src/stm32f4xx_dcmi.c ****                           ((uint32_t)DCMI_CodesInitStruct->DCMI_LineEndCode << 16)|
 392              		.loc 1 246 0
 393 0020 7A68     		ldr	r2, [r7, #4]
 394 0022 9278     		ldrb	r2, [r2, #2]	@ zero_extendqisi2
 395 0024 4FEA0242 		lsl	r2, r2, #16
 245:libs/STM32F4xx_StdPeriph_Driver/src/stm32f4xx_dcmi.c ****                           ((uint32_t)DCMI_CodesInitStruct->DCMI_LineStartCode << 8)|
 396              		.loc 1 245 0
 397 0028 1143     		orrs	r1, r1, r2
 247:libs/STM32F4xx_StdPeriph_Driver/src/stm32f4xx_dcmi.c ****                           ((uint32_t)DCMI_CodesInitStruct->DCMI_FrameEndCode << 24));
 398              		.loc 1 247 0
 399 002a 7A68     		ldr	r2, [r7, #4]
 400 002c D278     		ldrb	r2, [r2, #3]	@ zero_extendqisi2
 401 002e 4FEA0262 		lsl	r2, r2, #24
 244:libs/STM32F4xx_StdPeriph_Driver/src/stm32f4xx_dcmi.c ****   DCMI->ESCR = (uint32_t)(DCMI_CodesInitStruct->DCMI_FrameStartCode |
 402              		.loc 1 244 0
 403 0032 0A43     		orrs	r2, r2, r1
 404 0034 9A61     		str	r2, [r3, #24]
 248:libs/STM32F4xx_StdPeriph_Driver/src/stm32f4xx_dcmi.c **** }
 405              		.loc 1 248 0
 406 0036 07F10C07 		add	r7, r7, #12
 407 003a BD46     		mov	sp, r7
 408 003c 80BC     		pop	{r7}
 409 003e 7047     		bx	lr
 410              		.cfi_endproc
 411              	.LFE115:
 413              		.section	.text.DCMI_JPEGCmd,"ax",%progbits
 414              		.align	2
 415              		.global	DCMI_JPEGCmd
 416              		.thumb
 417              		.thumb_func
 419              	DCMI_JPEGCmd:
 420              	.LFB116:
 249:libs/STM32F4xx_StdPeriph_Driver/src/stm32f4xx_dcmi.c **** 
 250:libs/STM32F4xx_StdPeriph_Driver/src/stm32f4xx_dcmi.c **** /**
 251:libs/STM32F4xx_StdPeriph_Driver/src/stm32f4xx_dcmi.c ****   * @brief  Enables or disables the DCMI JPEG format.
 252:libs/STM32F4xx_StdPeriph_Driver/src/stm32f4xx_dcmi.c ****   * @note   The Crop and Embedded Synchronization features cannot be used in this mode.  
 253:libs/STM32F4xx_StdPeriph_Driver/src/stm32f4xx_dcmi.c ****   * @param  NewState: new state of the DCMI JPEG format. 
 254:libs/STM32F4xx_StdPeriph_Driver/src/stm32f4xx_dcmi.c ****   *          This parameter can be: ENABLE or DISABLE.
 255:libs/STM32F4xx_StdPeriph_Driver/src/stm32f4xx_dcmi.c ****   * @retval None
 256:libs/STM32F4xx_StdPeriph_Driver/src/stm32f4xx_dcmi.c ****   */
 257:libs/STM32F4xx_StdPeriph_Driver/src/stm32f4xx_dcmi.c **** void DCMI_JPEGCmd(FunctionalState NewState)
 258:libs/STM32F4xx_StdPeriph_Driver/src/stm32f4xx_dcmi.c **** {
 421              		.loc 1 258 0
 422              		.cfi_startproc
 423              		@ args = 0, pretend = 0, frame = 8
 424              		@ frame_needed = 1, uses_anonymous_args = 0
 425              		@ link register save eliminated.
 426 0000 80B4     		push	{r7}
 427              	.LCFI17:
 428              		.cfi_def_cfa_offset 4
 429              		.cfi_offset 7, -4
 430 0002 83B0     		sub	sp, sp, #12
 431              	.LCFI18:
 432              		.cfi_def_cfa_offset 16
 433 0004 00AF     		add	r7, sp, #0
 434              	.LCFI19:
 435              		.cfi_def_cfa_register 7
 436 0006 0346     		mov	r3, r0
 437 0008 FB71     		strb	r3, [r7, #7]
 259:libs/STM32F4xx_StdPeriph_Driver/src/stm32f4xx_dcmi.c ****   /* Check the parameters */
 260:libs/STM32F4xx_StdPeriph_Driver/src/stm32f4xx_dcmi.c ****   assert_param(IS_FUNCTIONAL_STATE(NewState));
 261:libs/STM32F4xx_StdPeriph_Driver/src/stm32f4xx_dcmi.c ****  
 262:libs/STM32F4xx_StdPeriph_Driver/src/stm32f4xx_dcmi.c ****   if (NewState != DISABLE)
 438              		.loc 1 262 0
 439 000a FB79     		ldrb	r3, [r7, #7]	@ zero_extendqisi2
 440 000c 002B     		cmp	r3, #0
 441 000e 0CD0     		beq	.L10
 263:libs/STM32F4xx_StdPeriph_Driver/src/stm32f4xx_dcmi.c ****   {
 264:libs/STM32F4xx_StdPeriph_Driver/src/stm32f4xx_dcmi.c ****     /* Enable the DCMI JPEG format */
 265:libs/STM32F4xx_StdPeriph_Driver/src/stm32f4xx_dcmi.c ****     DCMI->CR |= (uint32_t)DCMI_CR_JPEG;
 442              		.loc 1 265 0
 443 0010 4FF00003 		mov	r3, #0
 444 0014 C5F20503 		movt	r3, 20485
 445 0018 4FF00002 		mov	r2, #0
 446 001c C5F20502 		movt	r2, 20485
 447 0020 1268     		ldr	r2, [r2, #0]
 448 0022 42F00802 		orr	r2, r2, #8
 449 0026 1A60     		str	r2, [r3, #0]
 450 0028 0BE0     		b	.L9
 451              	.L10:
 266:libs/STM32F4xx_StdPeriph_Driver/src/stm32f4xx_dcmi.c ****   }
 267:libs/STM32F4xx_StdPeriph_Driver/src/stm32f4xx_dcmi.c ****   else
 268:libs/STM32F4xx_StdPeriph_Driver/src/stm32f4xx_dcmi.c ****   {
 269:libs/STM32F4xx_StdPeriph_Driver/src/stm32f4xx_dcmi.c ****     /* Disable the DCMI JPEG format */
 270:libs/STM32F4xx_StdPeriph_Driver/src/stm32f4xx_dcmi.c ****     DCMI->CR &= ~(uint32_t)DCMI_CR_JPEG;
 452              		.loc 1 270 0
 453 002a 4FF00003 		mov	r3, #0
 454 002e C5F20503 		movt	r3, 20485
 455 0032 4FF00002 		mov	r2, #0
 456 0036 C5F20502 		movt	r2, 20485
 457 003a 1268     		ldr	r2, [r2, #0]
 458 003c 22F00802 		bic	r2, r2, #8
 459 0040 1A60     		str	r2, [r3, #0]
 460              	.L9:
 271:libs/STM32F4xx_StdPeriph_Driver/src/stm32f4xx_dcmi.c ****   }
 272:libs/STM32F4xx_StdPeriph_Driver/src/stm32f4xx_dcmi.c **** }
 461              		.loc 1 272 0
 462 0042 07F10C07 		add	r7, r7, #12
 463 0046 BD46     		mov	sp, r7
 464 0048 80BC     		pop	{r7}
 465 004a 7047     		bx	lr
 466              		.cfi_endproc
 467              	.LFE116:
 469              		.section	.text.DCMI_Cmd,"ax",%progbits
 470              		.align	2
 471              		.global	DCMI_Cmd
 472              		.thumb
 473              		.thumb_func
 475              	DCMI_Cmd:
 476              	.LFB117:
 273:libs/STM32F4xx_StdPeriph_Driver/src/stm32f4xx_dcmi.c **** /**
 274:libs/STM32F4xx_StdPeriph_Driver/src/stm32f4xx_dcmi.c ****   * @}
 275:libs/STM32F4xx_StdPeriph_Driver/src/stm32f4xx_dcmi.c ****   */
 276:libs/STM32F4xx_StdPeriph_Driver/src/stm32f4xx_dcmi.c **** 
 277:libs/STM32F4xx_StdPeriph_Driver/src/stm32f4xx_dcmi.c **** /** @defgroup DCMI_Group2 Image capture functions
 278:libs/STM32F4xx_StdPeriph_Driver/src/stm32f4xx_dcmi.c ****  *  @brief   Image capture functions
 279:libs/STM32F4xx_StdPeriph_Driver/src/stm32f4xx_dcmi.c ****  *
 280:libs/STM32F4xx_StdPeriph_Driver/src/stm32f4xx_dcmi.c **** @verbatim   
 281:libs/STM32F4xx_StdPeriph_Driver/src/stm32f4xx_dcmi.c ****  ===============================================================================
 282:libs/STM32F4xx_StdPeriph_Driver/src/stm32f4xx_dcmi.c ****                                  Image capture functions
 283:libs/STM32F4xx_StdPeriph_Driver/src/stm32f4xx_dcmi.c ****  ===============================================================================  
 284:libs/STM32F4xx_StdPeriph_Driver/src/stm32f4xx_dcmi.c **** 
 285:libs/STM32F4xx_StdPeriph_Driver/src/stm32f4xx_dcmi.c **** @endverbatim
 286:libs/STM32F4xx_StdPeriph_Driver/src/stm32f4xx_dcmi.c ****   * @{
 287:libs/STM32F4xx_StdPeriph_Driver/src/stm32f4xx_dcmi.c ****   */
 288:libs/STM32F4xx_StdPeriph_Driver/src/stm32f4xx_dcmi.c ****   
 289:libs/STM32F4xx_StdPeriph_Driver/src/stm32f4xx_dcmi.c **** /**
 290:libs/STM32F4xx_StdPeriph_Driver/src/stm32f4xx_dcmi.c ****   * @brief  Enables or disables the DCMI interface.
 291:libs/STM32F4xx_StdPeriph_Driver/src/stm32f4xx_dcmi.c ****   * @param  NewState: new state of the DCMI interface. 
 292:libs/STM32F4xx_StdPeriph_Driver/src/stm32f4xx_dcmi.c ****   *          This parameter can be: ENABLE or DISABLE.
 293:libs/STM32F4xx_StdPeriph_Driver/src/stm32f4xx_dcmi.c ****   * @retval None
 294:libs/STM32F4xx_StdPeriph_Driver/src/stm32f4xx_dcmi.c ****   */
 295:libs/STM32F4xx_StdPeriph_Driver/src/stm32f4xx_dcmi.c **** void DCMI_Cmd(FunctionalState NewState)
 296:libs/STM32F4xx_StdPeriph_Driver/src/stm32f4xx_dcmi.c **** {
 477              		.loc 1 296 0
 478              		.cfi_startproc
 479              		@ args = 0, pretend = 0, frame = 8
 480              		@ frame_needed = 1, uses_anonymous_args = 0
 481              		@ link register save eliminated.
 482 0000 80B4     		push	{r7}
 483              	.LCFI20:
 484              		.cfi_def_cfa_offset 4
 485              		.cfi_offset 7, -4
 486 0002 83B0     		sub	sp, sp, #12
 487              	.LCFI21:
 488              		.cfi_def_cfa_offset 16
 489 0004 00AF     		add	r7, sp, #0
 490              	.LCFI22:
 491              		.cfi_def_cfa_register 7
 492 0006 0346     		mov	r3, r0
 493 0008 FB71     		strb	r3, [r7, #7]
 297:libs/STM32F4xx_StdPeriph_Driver/src/stm32f4xx_dcmi.c ****   /* Check the parameters */
 298:libs/STM32F4xx_StdPeriph_Driver/src/stm32f4xx_dcmi.c ****   assert_param(IS_FUNCTIONAL_STATE(NewState));
 299:libs/STM32F4xx_StdPeriph_Driver/src/stm32f4xx_dcmi.c ****   
 300:libs/STM32F4xx_StdPeriph_Driver/src/stm32f4xx_dcmi.c ****   if (NewState != DISABLE)
 494              		.loc 1 300 0
 495 000a FB79     		ldrb	r3, [r7, #7]	@ zero_extendqisi2
 496 000c 002B     		cmp	r3, #0
 497 000e 0CD0     		beq	.L13
 301:libs/STM32F4xx_StdPeriph_Driver/src/stm32f4xx_dcmi.c ****   {
 302:libs/STM32F4xx_StdPeriph_Driver/src/stm32f4xx_dcmi.c ****     /* Enable the DCMI by setting ENABLE bit */
 303:libs/STM32F4xx_StdPeriph_Driver/src/stm32f4xx_dcmi.c ****     DCMI->CR |= (uint32_t)DCMI_CR_ENABLE;
 498              		.loc 1 303 0
 499 0010 4FF00003 		mov	r3, #0
 500 0014 C5F20503 		movt	r3, 20485
 501 0018 4FF00002 		mov	r2, #0
 502 001c C5F20502 		movt	r2, 20485
 503 0020 1268     		ldr	r2, [r2, #0]
 504 0022 42F48042 		orr	r2, r2, #16384
 505 0026 1A60     		str	r2, [r3, #0]
 506 0028 0BE0     		b	.L12
 507              	.L13:
 304:libs/STM32F4xx_StdPeriph_Driver/src/stm32f4xx_dcmi.c ****   }
 305:libs/STM32F4xx_StdPeriph_Driver/src/stm32f4xx_dcmi.c ****   else
 306:libs/STM32F4xx_StdPeriph_Driver/src/stm32f4xx_dcmi.c ****   {
 307:libs/STM32F4xx_StdPeriph_Driver/src/stm32f4xx_dcmi.c ****     /* Disable the DCMI by clearing ENABLE bit */
 308:libs/STM32F4xx_StdPeriph_Driver/src/stm32f4xx_dcmi.c ****     DCMI->CR &= ~(uint32_t)DCMI_CR_ENABLE;
 508              		.loc 1 308 0
 509 002a 4FF00003 		mov	r3, #0
 510 002e C5F20503 		movt	r3, 20485
 511 0032 4FF00002 		mov	r2, #0
 512 0036 C5F20502 		movt	r2, 20485
 513 003a 1268     		ldr	r2, [r2, #0]
 514 003c 22F48042 		bic	r2, r2, #16384
 515 0040 1A60     		str	r2, [r3, #0]
 516              	.L12:
 309:libs/STM32F4xx_StdPeriph_Driver/src/stm32f4xx_dcmi.c ****   }
 310:libs/STM32F4xx_StdPeriph_Driver/src/stm32f4xx_dcmi.c **** }
 517              		.loc 1 310 0
 518 0042 07F10C07 		add	r7, r7, #12
 519 0046 BD46     		mov	sp, r7
 520 0048 80BC     		pop	{r7}
 521 004a 7047     		bx	lr
 522              		.cfi_endproc
 523              	.LFE117:
 525              		.section	.text.DCMI_CaptureCmd,"ax",%progbits
 526              		.align	2
 527              		.global	DCMI_CaptureCmd
 528              		.thumb
 529              		.thumb_func
 531              	DCMI_CaptureCmd:
 532              	.LFB118:
 311:libs/STM32F4xx_StdPeriph_Driver/src/stm32f4xx_dcmi.c **** 
 312:libs/STM32F4xx_StdPeriph_Driver/src/stm32f4xx_dcmi.c **** /**
 313:libs/STM32F4xx_StdPeriph_Driver/src/stm32f4xx_dcmi.c ****   * @brief  Enables or disables the DCMI Capture.
 314:libs/STM32F4xx_StdPeriph_Driver/src/stm32f4xx_dcmi.c ****   * @param  NewState: new state of the DCMI capture. 
 315:libs/STM32F4xx_StdPeriph_Driver/src/stm32f4xx_dcmi.c ****   *          This parameter can be: ENABLE or DISABLE.
 316:libs/STM32F4xx_StdPeriph_Driver/src/stm32f4xx_dcmi.c ****   * @retval None
 317:libs/STM32F4xx_StdPeriph_Driver/src/stm32f4xx_dcmi.c ****   */
 318:libs/STM32F4xx_StdPeriph_Driver/src/stm32f4xx_dcmi.c **** void DCMI_CaptureCmd(FunctionalState NewState)
 319:libs/STM32F4xx_StdPeriph_Driver/src/stm32f4xx_dcmi.c **** {
 533              		.loc 1 319 0
 534              		.cfi_startproc
 535              		@ args = 0, pretend = 0, frame = 8
 536              		@ frame_needed = 1, uses_anonymous_args = 0
 537              		@ link register save eliminated.
 538 0000 80B4     		push	{r7}
 539              	.LCFI23:
 540              		.cfi_def_cfa_offset 4
 541              		.cfi_offset 7, -4
 542 0002 83B0     		sub	sp, sp, #12
 543              	.LCFI24:
 544              		.cfi_def_cfa_offset 16
 545 0004 00AF     		add	r7, sp, #0
 546              	.LCFI25:
 547              		.cfi_def_cfa_register 7
 548 0006 0346     		mov	r3, r0
 549 0008 FB71     		strb	r3, [r7, #7]
 320:libs/STM32F4xx_StdPeriph_Driver/src/stm32f4xx_dcmi.c ****   /* Check the parameters */
 321:libs/STM32F4xx_StdPeriph_Driver/src/stm32f4xx_dcmi.c ****   assert_param(IS_FUNCTIONAL_STATE(NewState));
 322:libs/STM32F4xx_StdPeriph_Driver/src/stm32f4xx_dcmi.c ****     
 323:libs/STM32F4xx_StdPeriph_Driver/src/stm32f4xx_dcmi.c ****   if (NewState != DISABLE)
 550              		.loc 1 323 0
 551 000a FB79     		ldrb	r3, [r7, #7]	@ zero_extendqisi2
 552 000c 002B     		cmp	r3, #0
 553 000e 0CD0     		beq	.L16
 324:libs/STM32F4xx_StdPeriph_Driver/src/stm32f4xx_dcmi.c ****   {
 325:libs/STM32F4xx_StdPeriph_Driver/src/stm32f4xx_dcmi.c ****     /* Enable the DCMI Capture */
 326:libs/STM32F4xx_StdPeriph_Driver/src/stm32f4xx_dcmi.c ****     DCMI->CR |= (uint32_t)DCMI_CR_CAPTURE;
 554              		.loc 1 326 0
 555 0010 4FF00003 		mov	r3, #0
 556 0014 C5F20503 		movt	r3, 20485
 557 0018 4FF00002 		mov	r2, #0
 558 001c C5F20502 		movt	r2, 20485
 559 0020 1268     		ldr	r2, [r2, #0]
 560 0022 42F00102 		orr	r2, r2, #1
 561 0026 1A60     		str	r2, [r3, #0]
 562 0028 0BE0     		b	.L15
 563              	.L16:
 327:libs/STM32F4xx_StdPeriph_Driver/src/stm32f4xx_dcmi.c ****   }
 328:libs/STM32F4xx_StdPeriph_Driver/src/stm32f4xx_dcmi.c ****   else
 329:libs/STM32F4xx_StdPeriph_Driver/src/stm32f4xx_dcmi.c ****   {
 330:libs/STM32F4xx_StdPeriph_Driver/src/stm32f4xx_dcmi.c ****     /* Disable the DCMI Capture */
 331:libs/STM32F4xx_StdPeriph_Driver/src/stm32f4xx_dcmi.c ****     DCMI->CR &= ~(uint32_t)DCMI_CR_CAPTURE;
 564              		.loc 1 331 0
 565 002a 4FF00003 		mov	r3, #0
 566 002e C5F20503 		movt	r3, 20485
 567 0032 4FF00002 		mov	r2, #0
 568 0036 C5F20502 		movt	r2, 20485
 569 003a 1268     		ldr	r2, [r2, #0]
 570 003c 22F00102 		bic	r2, r2, #1
 571 0040 1A60     		str	r2, [r3, #0]
 572              	.L15:
 332:libs/STM32F4xx_StdPeriph_Driver/src/stm32f4xx_dcmi.c ****   }
 333:libs/STM32F4xx_StdPeriph_Driver/src/stm32f4xx_dcmi.c **** }
 573              		.loc 1 333 0
 574 0042 07F10C07 		add	r7, r7, #12
 575 0046 BD46     		mov	sp, r7
 576 0048 80BC     		pop	{r7}
 577 004a 7047     		bx	lr
 578              		.cfi_endproc
 579              	.LFE118:
 581              		.section	.text.DCMI_ReadData,"ax",%progbits
 582              		.align	2
 583              		.global	DCMI_ReadData
 584              		.thumb
 585              		.thumb_func
 587              	DCMI_ReadData:
 588              	.LFB119:
 334:libs/STM32F4xx_StdPeriph_Driver/src/stm32f4xx_dcmi.c **** 
 335:libs/STM32F4xx_StdPeriph_Driver/src/stm32f4xx_dcmi.c **** /**
 336:libs/STM32F4xx_StdPeriph_Driver/src/stm32f4xx_dcmi.c ****   * @brief  Reads the data stored in the DR register.
 337:libs/STM32F4xx_StdPeriph_Driver/src/stm32f4xx_dcmi.c ****   * @param  None 
 338:libs/STM32F4xx_StdPeriph_Driver/src/stm32f4xx_dcmi.c ****   * @retval Data register value
 339:libs/STM32F4xx_StdPeriph_Driver/src/stm32f4xx_dcmi.c ****   */
 340:libs/STM32F4xx_StdPeriph_Driver/src/stm32f4xx_dcmi.c **** uint32_t DCMI_ReadData(void)
 341:libs/STM32F4xx_StdPeriph_Driver/src/stm32f4xx_dcmi.c **** {
 589              		.loc 1 341 0
 590              		.cfi_startproc
 591              		@ args = 0, pretend = 0, frame = 0
 592              		@ frame_needed = 1, uses_anonymous_args = 0
 593              		@ link register save eliminated.
 594 0000 80B4     		push	{r7}
 595              	.LCFI26:
 596              		.cfi_def_cfa_offset 4
 597              		.cfi_offset 7, -4
 598 0002 00AF     		add	r7, sp, #0
 599              	.LCFI27:
 600              		.cfi_def_cfa_register 7
 342:libs/STM32F4xx_StdPeriph_Driver/src/stm32f4xx_dcmi.c ****   return DCMI->DR;
 601              		.loc 1 342 0
 602 0004 4FF00003 		mov	r3, #0
 603 0008 C5F20503 		movt	r3, 20485
 604 000c 9B6A     		ldr	r3, [r3, #40]
 343:libs/STM32F4xx_StdPeriph_Driver/src/stm32f4xx_dcmi.c **** }
 605              		.loc 1 343 0
 606 000e 1846     		mov	r0, r3
 607 0010 BD46     		mov	sp, r7
 608 0012 80BC     		pop	{r7}
 609 0014 7047     		bx	lr
 610              		.cfi_endproc
 611              	.LFE119:
 613 0016 00BF     		.section	.text.DCMI_ITConfig,"ax",%progbits
 614              		.align	2
 615              		.global	DCMI_ITConfig
 616              		.thumb
 617              		.thumb_func
 619              	DCMI_ITConfig:
 620              	.LFB120:
 344:libs/STM32F4xx_StdPeriph_Driver/src/stm32f4xx_dcmi.c **** /**
 345:libs/STM32F4xx_StdPeriph_Driver/src/stm32f4xx_dcmi.c ****   * @}
 346:libs/STM32F4xx_StdPeriph_Driver/src/stm32f4xx_dcmi.c ****   */
 347:libs/STM32F4xx_StdPeriph_Driver/src/stm32f4xx_dcmi.c **** 
 348:libs/STM32F4xx_StdPeriph_Driver/src/stm32f4xx_dcmi.c **** /** @defgroup DCMI_Group3 Interrupts and flags management functions
 349:libs/STM32F4xx_StdPeriph_Driver/src/stm32f4xx_dcmi.c ****  *  @brief   Interrupts and flags management functions
 350:libs/STM32F4xx_StdPeriph_Driver/src/stm32f4xx_dcmi.c ****  *
 351:libs/STM32F4xx_StdPeriph_Driver/src/stm32f4xx_dcmi.c **** @verbatim   
 352:libs/STM32F4xx_StdPeriph_Driver/src/stm32f4xx_dcmi.c ****  ===============================================================================
 353:libs/STM32F4xx_StdPeriph_Driver/src/stm32f4xx_dcmi.c ****                   Interrupts and flags management functions
 354:libs/STM32F4xx_StdPeriph_Driver/src/stm32f4xx_dcmi.c ****  ===============================================================================  
 355:libs/STM32F4xx_StdPeriph_Driver/src/stm32f4xx_dcmi.c **** 
 356:libs/STM32F4xx_StdPeriph_Driver/src/stm32f4xx_dcmi.c **** @endverbatim
 357:libs/STM32F4xx_StdPeriph_Driver/src/stm32f4xx_dcmi.c ****   * @{
 358:libs/STM32F4xx_StdPeriph_Driver/src/stm32f4xx_dcmi.c ****   */
 359:libs/STM32F4xx_StdPeriph_Driver/src/stm32f4xx_dcmi.c **** 
 360:libs/STM32F4xx_StdPeriph_Driver/src/stm32f4xx_dcmi.c **** /**
 361:libs/STM32F4xx_StdPeriph_Driver/src/stm32f4xx_dcmi.c ****   * @brief  Enables or disables the DCMI interface interrupts.
 362:libs/STM32F4xx_StdPeriph_Driver/src/stm32f4xx_dcmi.c ****   * @param  DCMI_IT: specifies the DCMI interrupt sources to be enabled or disabled. 
 363:libs/STM32F4xx_StdPeriph_Driver/src/stm32f4xx_dcmi.c ****   *          This parameter can be any combination of the following values:
 364:libs/STM32F4xx_StdPeriph_Driver/src/stm32f4xx_dcmi.c ****   *            @arg DCMI_IT_FRAME: Frame capture complete interrupt mask
 365:libs/STM32F4xx_StdPeriph_Driver/src/stm32f4xx_dcmi.c ****   *            @arg DCMI_IT_OVF: Overflow interrupt mask
 366:libs/STM32F4xx_StdPeriph_Driver/src/stm32f4xx_dcmi.c ****   *            @arg DCMI_IT_ERR: Synchronization error interrupt mask
 367:libs/STM32F4xx_StdPeriph_Driver/src/stm32f4xx_dcmi.c ****   *            @arg DCMI_IT_VSYNC: VSYNC interrupt mask
 368:libs/STM32F4xx_StdPeriph_Driver/src/stm32f4xx_dcmi.c ****   *            @arg DCMI_IT_LINE: Line interrupt mask
 369:libs/STM32F4xx_StdPeriph_Driver/src/stm32f4xx_dcmi.c ****   * @param  NewState: new state of the specified DCMI interrupts.
 370:libs/STM32F4xx_StdPeriph_Driver/src/stm32f4xx_dcmi.c ****   *          This parameter can be: ENABLE or DISABLE.
 371:libs/STM32F4xx_StdPeriph_Driver/src/stm32f4xx_dcmi.c ****   * @retval None
 372:libs/STM32F4xx_StdPeriph_Driver/src/stm32f4xx_dcmi.c ****   */
 373:libs/STM32F4xx_StdPeriph_Driver/src/stm32f4xx_dcmi.c **** void DCMI_ITConfig(uint16_t DCMI_IT, FunctionalState NewState)
 374:libs/STM32F4xx_StdPeriph_Driver/src/stm32f4xx_dcmi.c **** {
 621              		.loc 1 374 0
 622              		.cfi_startproc
 623              		@ args = 0, pretend = 0, frame = 8
 624              		@ frame_needed = 1, uses_anonymous_args = 0
 625              		@ link register save eliminated.
 626 0000 80B4     		push	{r7}
 627              	.LCFI28:
 628              		.cfi_def_cfa_offset 4
 629              		.cfi_offset 7, -4
 630 0002 83B0     		sub	sp, sp, #12
 631              	.LCFI29:
 632              		.cfi_def_cfa_offset 16
 633 0004 00AF     		add	r7, sp, #0
 634              	.LCFI30:
 635              		.cfi_def_cfa_register 7
 636 0006 0246     		mov	r2, r0
 637 0008 0B46     		mov	r3, r1
 638 000a FA80     		strh	r2, [r7, #6]	@ movhi
 639 000c 7B71     		strb	r3, [r7, #5]
 375:libs/STM32F4xx_StdPeriph_Driver/src/stm32f4xx_dcmi.c ****   /* Check the parameters */
 376:libs/STM32F4xx_StdPeriph_Driver/src/stm32f4xx_dcmi.c ****   assert_param(IS_DCMI_CONFIG_IT(DCMI_IT));
 377:libs/STM32F4xx_StdPeriph_Driver/src/stm32f4xx_dcmi.c ****   assert_param(IS_FUNCTIONAL_STATE(NewState));
 378:libs/STM32F4xx_StdPeriph_Driver/src/stm32f4xx_dcmi.c ****   
 379:libs/STM32F4xx_StdPeriph_Driver/src/stm32f4xx_dcmi.c ****   if (NewState != DISABLE)
 640              		.loc 1 379 0
 641 000e 7B79     		ldrb	r3, [r7, #5]	@ zero_extendqisi2
 642 0010 002B     		cmp	r3, #0
 643 0012 0CD0     		beq	.L20
 380:libs/STM32F4xx_StdPeriph_Driver/src/stm32f4xx_dcmi.c ****   {
 381:libs/STM32F4xx_StdPeriph_Driver/src/stm32f4xx_dcmi.c ****     /* Enable the Interrupt sources */
 382:libs/STM32F4xx_StdPeriph_Driver/src/stm32f4xx_dcmi.c ****     DCMI->IER |= DCMI_IT;
 644              		.loc 1 382 0
 645 0014 4FF00003 		mov	r3, #0
 646 0018 C5F20503 		movt	r3, 20485
 647 001c 4FF00002 		mov	r2, #0
 648 0020 C5F20502 		movt	r2, 20485
 649 0024 D168     		ldr	r1, [r2, #12]
 650 0026 FA88     		ldrh	r2, [r7, #6]
 651 0028 0A43     		orrs	r2, r2, r1
 652 002a DA60     		str	r2, [r3, #12]
 653 002c 0EE0     		b	.L19
 654              	.L20:
 383:libs/STM32F4xx_StdPeriph_Driver/src/stm32f4xx_dcmi.c ****   }
 384:libs/STM32F4xx_StdPeriph_Driver/src/stm32f4xx_dcmi.c ****   else
 385:libs/STM32F4xx_StdPeriph_Driver/src/stm32f4xx_dcmi.c ****   {
 386:libs/STM32F4xx_StdPeriph_Driver/src/stm32f4xx_dcmi.c ****     /* Disable the Interrupt sources */
 387:libs/STM32F4xx_StdPeriph_Driver/src/stm32f4xx_dcmi.c ****     DCMI->IER &= (uint16_t)(~DCMI_IT);
 655              		.loc 1 387 0
 656 002e 4FF00003 		mov	r3, #0
 657 0032 C5F20503 		movt	r3, 20485
 658 0036 4FF00002 		mov	r2, #0
 659 003a C5F20502 		movt	r2, 20485
 660 003e D168     		ldr	r1, [r2, #12]
 661 0040 FA88     		ldrh	r2, [r7, #6]	@ movhi
 662 0042 6FEA0202 		mvn	r2, r2
 663 0046 92B2     		uxth	r2, r2
 664 0048 0A40     		ands	r2, r2, r1
 665 004a DA60     		str	r2, [r3, #12]
 666              	.L19:
 388:libs/STM32F4xx_StdPeriph_Driver/src/stm32f4xx_dcmi.c ****   }  
 389:libs/STM32F4xx_StdPeriph_Driver/src/stm32f4xx_dcmi.c **** }
 667              		.loc 1 389 0
 668 004c 07F10C07 		add	r7, r7, #12
 669 0050 BD46     		mov	sp, r7
 670 0052 80BC     		pop	{r7}
 671 0054 7047     		bx	lr
 672              		.cfi_endproc
 673              	.LFE120:
 675 0056 00BF     		.section	.text.DCMI_GetFlagStatus,"ax",%progbits
 676              		.align	2
 677              		.global	DCMI_GetFlagStatus
 678              		.thumb
 679              		.thumb_func
 681              	DCMI_GetFlagStatus:
 682              	.LFB121:
 390:libs/STM32F4xx_StdPeriph_Driver/src/stm32f4xx_dcmi.c **** 
 391:libs/STM32F4xx_StdPeriph_Driver/src/stm32f4xx_dcmi.c **** /**
 392:libs/STM32F4xx_StdPeriph_Driver/src/stm32f4xx_dcmi.c ****   * @brief  Checks whether the  DCMI interface flag is set or not.
 393:libs/STM32F4xx_StdPeriph_Driver/src/stm32f4xx_dcmi.c ****   * @param  DCMI_FLAG: specifies the flag to check.
 394:libs/STM32F4xx_StdPeriph_Driver/src/stm32f4xx_dcmi.c ****   *          This parameter can be one of the following values:
 395:libs/STM32F4xx_StdPeriph_Driver/src/stm32f4xx_dcmi.c ****   *            @arg DCMI_FLAG_FRAMERI: Frame capture complete Raw flag mask
 396:libs/STM32F4xx_StdPeriph_Driver/src/stm32f4xx_dcmi.c ****   *            @arg DCMI_FLAG_OVFRI: Overflow Raw flag mask
 397:libs/STM32F4xx_StdPeriph_Driver/src/stm32f4xx_dcmi.c ****   *            @arg DCMI_FLAG_ERRRI: Synchronization error Raw flag mask
 398:libs/STM32F4xx_StdPeriph_Driver/src/stm32f4xx_dcmi.c ****   *            @arg DCMI_FLAG_VSYNCRI: VSYNC Raw flag mask
 399:libs/STM32F4xx_StdPeriph_Driver/src/stm32f4xx_dcmi.c ****   *            @arg DCMI_FLAG_LINERI: Line Raw flag mask
 400:libs/STM32F4xx_StdPeriph_Driver/src/stm32f4xx_dcmi.c ****   *            @arg DCMI_FLAG_FRAMEMI: Frame capture complete Masked flag mask
 401:libs/STM32F4xx_StdPeriph_Driver/src/stm32f4xx_dcmi.c ****   *            @arg DCMI_FLAG_OVFMI: Overflow Masked flag mask
 402:libs/STM32F4xx_StdPeriph_Driver/src/stm32f4xx_dcmi.c ****   *            @arg DCMI_FLAG_ERRMI: Synchronization error Masked flag mask
 403:libs/STM32F4xx_StdPeriph_Driver/src/stm32f4xx_dcmi.c ****   *            @arg DCMI_FLAG_VSYNCMI: VSYNC Masked flag mask
 404:libs/STM32F4xx_StdPeriph_Driver/src/stm32f4xx_dcmi.c ****   *            @arg DCMI_FLAG_LINEMI: Line Masked flag mask
 405:libs/STM32F4xx_StdPeriph_Driver/src/stm32f4xx_dcmi.c ****   *            @arg DCMI_FLAG_HSYNC: HSYNC flag mask
 406:libs/STM32F4xx_StdPeriph_Driver/src/stm32f4xx_dcmi.c ****   *            @arg DCMI_FLAG_VSYNC: VSYNC flag mask
 407:libs/STM32F4xx_StdPeriph_Driver/src/stm32f4xx_dcmi.c ****   *            @arg DCMI_FLAG_FNE: Fifo not empty flag mask
 408:libs/STM32F4xx_StdPeriph_Driver/src/stm32f4xx_dcmi.c ****   * @retval The new state of DCMI_FLAG (SET or RESET).
 409:libs/STM32F4xx_StdPeriph_Driver/src/stm32f4xx_dcmi.c ****   */
 410:libs/STM32F4xx_StdPeriph_Driver/src/stm32f4xx_dcmi.c **** FlagStatus DCMI_GetFlagStatus(uint16_t DCMI_FLAG)
 411:libs/STM32F4xx_StdPeriph_Driver/src/stm32f4xx_dcmi.c **** {
 683              		.loc 1 411 0
 684              		.cfi_startproc
 685              		@ args = 0, pretend = 0, frame = 24
 686              		@ frame_needed = 1, uses_anonymous_args = 0
 687              		@ link register save eliminated.
 688 0000 80B4     		push	{r7}
 689              	.LCFI31:
 690              		.cfi_def_cfa_offset 4
 691              		.cfi_offset 7, -4
 692 0002 87B0     		sub	sp, sp, #28
 693              	.LCFI32:
 694              		.cfi_def_cfa_offset 32
 695 0004 00AF     		add	r7, sp, #0
 696              	.LCFI33:
 697              		.cfi_def_cfa_register 7
 698 0006 0346     		mov	r3, r0
 699 0008 FB80     		strh	r3, [r7, #6]	@ movhi
 412:libs/STM32F4xx_StdPeriph_Driver/src/stm32f4xx_dcmi.c ****   FlagStatus bitstatus = RESET;
 700              		.loc 1 412 0
 701 000a 4FF00003 		mov	r3, #0
 702 000e FB75     		strb	r3, [r7, #23]
 413:libs/STM32F4xx_StdPeriph_Driver/src/stm32f4xx_dcmi.c ****   uint32_t dcmireg, tempreg = 0;
 703              		.loc 1 413 0
 704 0010 4FF00003 		mov	r3, #0
 705 0014 3B61     		str	r3, [r7, #16]
 414:libs/STM32F4xx_StdPeriph_Driver/src/stm32f4xx_dcmi.c **** 
 415:libs/STM32F4xx_StdPeriph_Driver/src/stm32f4xx_dcmi.c ****   /* Check the parameters */
 416:libs/STM32F4xx_StdPeriph_Driver/src/stm32f4xx_dcmi.c ****   assert_param(IS_DCMI_GET_FLAG(DCMI_FLAG));
 417:libs/STM32F4xx_StdPeriph_Driver/src/stm32f4xx_dcmi.c ****   
 418:libs/STM32F4xx_StdPeriph_Driver/src/stm32f4xx_dcmi.c ****   /* Get the DCMI register index */
 419:libs/STM32F4xx_StdPeriph_Driver/src/stm32f4xx_dcmi.c ****   dcmireg = (((uint16_t)DCMI_FLAG) >> 12);
 706              		.loc 1 419 0
 707 0016 FB88     		ldrh	r3, [r7, #6]
 708 0018 4FEA1333 		lsr	r3, r3, #12
 709 001c 9BB2     		uxth	r3, r3
 710 001e FB60     		str	r3, [r7, #12]
 420:libs/STM32F4xx_StdPeriph_Driver/src/stm32f4xx_dcmi.c ****   
 421:libs/STM32F4xx_StdPeriph_Driver/src/stm32f4xx_dcmi.c ****   if (dcmireg == 0x01) /* The FLAG is in RISR register */
 711              		.loc 1 421 0
 712 0020 FB68     		ldr	r3, [r7, #12]
 713 0022 012B     		cmp	r3, #1
 714 0024 06D1     		bne	.L23
 422:libs/STM32F4xx_StdPeriph_Driver/src/stm32f4xx_dcmi.c ****   {
 423:libs/STM32F4xx_StdPeriph_Driver/src/stm32f4xx_dcmi.c ****     tempreg= DCMI->RISR;
 715              		.loc 1 423 0
 716 0026 4FF00003 		mov	r3, #0
 717 002a C5F20503 		movt	r3, 20485
 718 002e 9B68     		ldr	r3, [r3, #8]
 719 0030 3B61     		str	r3, [r7, #16]
 720 0032 0FE0     		b	.L24
 721              	.L23:
 424:libs/STM32F4xx_StdPeriph_Driver/src/stm32f4xx_dcmi.c ****   }
 425:libs/STM32F4xx_StdPeriph_Driver/src/stm32f4xx_dcmi.c ****   else if (dcmireg == 0x02) /* The FLAG is in SR register */
 722              		.loc 1 425 0
 723 0034 FB68     		ldr	r3, [r7, #12]
 724 0036 022B     		cmp	r3, #2
 725 0038 06D1     		bne	.L25
 426:libs/STM32F4xx_StdPeriph_Driver/src/stm32f4xx_dcmi.c ****   {
 427:libs/STM32F4xx_StdPeriph_Driver/src/stm32f4xx_dcmi.c ****     tempreg = DCMI->SR;
 726              		.loc 1 427 0
 727 003a 4FF00003 		mov	r3, #0
 728 003e C5F20503 		movt	r3, 20485
 729 0042 5B68     		ldr	r3, [r3, #4]
 730 0044 3B61     		str	r3, [r7, #16]
 731 0046 05E0     		b	.L24
 732              	.L25:
 428:libs/STM32F4xx_StdPeriph_Driver/src/stm32f4xx_dcmi.c ****   }
 429:libs/STM32F4xx_StdPeriph_Driver/src/stm32f4xx_dcmi.c ****   else /* The FLAG is in MISR register */
 430:libs/STM32F4xx_StdPeriph_Driver/src/stm32f4xx_dcmi.c ****   {
 431:libs/STM32F4xx_StdPeriph_Driver/src/stm32f4xx_dcmi.c ****     tempreg = DCMI->MISR;
 733              		.loc 1 431 0
 734 0048 4FF00003 		mov	r3, #0
 735 004c C5F20503 		movt	r3, 20485
 736 0050 1B69     		ldr	r3, [r3, #16]
 737 0052 3B61     		str	r3, [r7, #16]
 738              	.L24:
 432:libs/STM32F4xx_StdPeriph_Driver/src/stm32f4xx_dcmi.c ****   }
 433:libs/STM32F4xx_StdPeriph_Driver/src/stm32f4xx_dcmi.c ****   
 434:libs/STM32F4xx_StdPeriph_Driver/src/stm32f4xx_dcmi.c ****   if ((tempreg & DCMI_FLAG) != (uint16_t)RESET )
 739              		.loc 1 434 0
 740 0054 FA88     		ldrh	r2, [r7, #6]
 741 0056 3B69     		ldr	r3, [r7, #16]
 742 0058 1340     		ands	r3, r3, r2
 743 005a 002B     		cmp	r3, #0
 744 005c 03D0     		beq	.L26
 435:libs/STM32F4xx_StdPeriph_Driver/src/stm32f4xx_dcmi.c ****   {
 436:libs/STM32F4xx_StdPeriph_Driver/src/stm32f4xx_dcmi.c ****     bitstatus = SET;
 745              		.loc 1 436 0
 746 005e 4FF00103 		mov	r3, #1
 747 0062 FB75     		strb	r3, [r7, #23]
 748 0064 02E0     		b	.L27
 749              	.L26:
 437:libs/STM32F4xx_StdPeriph_Driver/src/stm32f4xx_dcmi.c ****   }
 438:libs/STM32F4xx_StdPeriph_Driver/src/stm32f4xx_dcmi.c ****   else
 439:libs/STM32F4xx_StdPeriph_Driver/src/stm32f4xx_dcmi.c ****   {
 440:libs/STM32F4xx_StdPeriph_Driver/src/stm32f4xx_dcmi.c ****     bitstatus = RESET;
 750              		.loc 1 440 0
 751 0066 4FF00003 		mov	r3, #0
 752 006a FB75     		strb	r3, [r7, #23]
 753              	.L27:
 441:libs/STM32F4xx_StdPeriph_Driver/src/stm32f4xx_dcmi.c ****   }
 442:libs/STM32F4xx_StdPeriph_Driver/src/stm32f4xx_dcmi.c ****   /* Return the DCMI_FLAG status */
 443:libs/STM32F4xx_StdPeriph_Driver/src/stm32f4xx_dcmi.c ****   return  bitstatus;
 754              		.loc 1 443 0
 755 006c FB7D     		ldrb	r3, [r7, #23]	@ zero_extendqisi2
 444:libs/STM32F4xx_StdPeriph_Driver/src/stm32f4xx_dcmi.c **** }
 756              		.loc 1 444 0
 757 006e 1846     		mov	r0, r3
 758 0070 07F11C07 		add	r7, r7, #28
 759 0074 BD46     		mov	sp, r7
 760 0076 80BC     		pop	{r7}
 761 0078 7047     		bx	lr
 762              		.cfi_endproc
 763              	.LFE121:
 765 007a 00BF     		.section	.text.DCMI_ClearFlag,"ax",%progbits
 766              		.align	2
 767              		.global	DCMI_ClearFlag
 768              		.thumb
 769              		.thumb_func
 771              	DCMI_ClearFlag:
 772              	.LFB122:
 445:libs/STM32F4xx_StdPeriph_Driver/src/stm32f4xx_dcmi.c **** 
 446:libs/STM32F4xx_StdPeriph_Driver/src/stm32f4xx_dcmi.c **** /**
 447:libs/STM32F4xx_StdPeriph_Driver/src/stm32f4xx_dcmi.c ****   * @brief  Clears the DCMI's pending flags.
 448:libs/STM32F4xx_StdPeriph_Driver/src/stm32f4xx_dcmi.c ****   * @param  DCMI_FLAG: specifies the flag to clear.
 449:libs/STM32F4xx_StdPeriph_Driver/src/stm32f4xx_dcmi.c ****   *          This parameter can be any combination of the following values:
 450:libs/STM32F4xx_StdPeriph_Driver/src/stm32f4xx_dcmi.c ****   *            @arg DCMI_FLAG_FRAMERI: Frame capture complete Raw flag mask
 451:libs/STM32F4xx_StdPeriph_Driver/src/stm32f4xx_dcmi.c ****   *            @arg DCMI_FLAG_OVFRI: Overflow Raw flag mask
 452:libs/STM32F4xx_StdPeriph_Driver/src/stm32f4xx_dcmi.c ****   *            @arg DCMI_FLAG_ERRRI: Synchronization error Raw flag mask
 453:libs/STM32F4xx_StdPeriph_Driver/src/stm32f4xx_dcmi.c ****   *            @arg DCMI_FLAG_VSYNCRI: VSYNC Raw flag mask
 454:libs/STM32F4xx_StdPeriph_Driver/src/stm32f4xx_dcmi.c ****   *            @arg DCMI_FLAG_LINERI: Line Raw flag mask
 455:libs/STM32F4xx_StdPeriph_Driver/src/stm32f4xx_dcmi.c ****   * @retval None
 456:libs/STM32F4xx_StdPeriph_Driver/src/stm32f4xx_dcmi.c ****   */
 457:libs/STM32F4xx_StdPeriph_Driver/src/stm32f4xx_dcmi.c **** void DCMI_ClearFlag(uint16_t DCMI_FLAG)
 458:libs/STM32F4xx_StdPeriph_Driver/src/stm32f4xx_dcmi.c **** {
 773              		.loc 1 458 0
 774              		.cfi_startproc
 775              		@ args = 0, pretend = 0, frame = 8
 776              		@ frame_needed = 1, uses_anonymous_args = 0
 777              		@ link register save eliminated.
 778 0000 80B4     		push	{r7}
 779              	.LCFI34:
 780              		.cfi_def_cfa_offset 4
 781              		.cfi_offset 7, -4
 782 0002 83B0     		sub	sp, sp, #12
 783              	.LCFI35:
 784              		.cfi_def_cfa_offset 16
 785 0004 00AF     		add	r7, sp, #0
 786              	.LCFI36:
 787              		.cfi_def_cfa_register 7
 788 0006 0346     		mov	r3, r0
 789 0008 FB80     		strh	r3, [r7, #6]	@ movhi
 459:libs/STM32F4xx_StdPeriph_Driver/src/stm32f4xx_dcmi.c ****   /* Check the parameters */
 460:libs/STM32F4xx_StdPeriph_Driver/src/stm32f4xx_dcmi.c ****   assert_param(IS_DCMI_CLEAR_FLAG(DCMI_FLAG));
 461:libs/STM32F4xx_StdPeriph_Driver/src/stm32f4xx_dcmi.c ****   
 462:libs/STM32F4xx_StdPeriph_Driver/src/stm32f4xx_dcmi.c ****   /* Clear the flag by writing in the ICR register 1 in the corresponding 
 463:libs/STM32F4xx_StdPeriph_Driver/src/stm32f4xx_dcmi.c ****   Flag position*/
 464:libs/STM32F4xx_StdPeriph_Driver/src/stm32f4xx_dcmi.c ****   
 465:libs/STM32F4xx_StdPeriph_Driver/src/stm32f4xx_dcmi.c ****   DCMI->ICR = DCMI_FLAG;
 790              		.loc 1 465 0
 791 000a 4FF00003 		mov	r3, #0
 792 000e C5F20503 		movt	r3, 20485
 793 0012 FA88     		ldrh	r2, [r7, #6]
 794 0014 5A61     		str	r2, [r3, #20]
 466:libs/STM32F4xx_StdPeriph_Driver/src/stm32f4xx_dcmi.c **** }
 795              		.loc 1 466 0
 796 0016 07F10C07 		add	r7, r7, #12
 797 001a BD46     		mov	sp, r7
 798 001c 80BC     		pop	{r7}
 799 001e 7047     		bx	lr
 800              		.cfi_endproc
 801              	.LFE122:
 803              		.section	.text.DCMI_GetITStatus,"ax",%progbits
 804              		.align	2
 805              		.global	DCMI_GetITStatus
 806              		.thumb
 807              		.thumb_func
 809              	DCMI_GetITStatus:
 810              	.LFB123:
 467:libs/STM32F4xx_StdPeriph_Driver/src/stm32f4xx_dcmi.c **** 
 468:libs/STM32F4xx_StdPeriph_Driver/src/stm32f4xx_dcmi.c **** /**
 469:libs/STM32F4xx_StdPeriph_Driver/src/stm32f4xx_dcmi.c ****   * @brief  Checks whether the DCMI interrupt has occurred or not.
 470:libs/STM32F4xx_StdPeriph_Driver/src/stm32f4xx_dcmi.c ****   * @param  DCMI_IT: specifies the DCMI interrupt source to check.
 471:libs/STM32F4xx_StdPeriph_Driver/src/stm32f4xx_dcmi.c ****   *          This parameter can be one of the following values:
 472:libs/STM32F4xx_StdPeriph_Driver/src/stm32f4xx_dcmi.c ****   *            @arg DCMI_IT_FRAME: Frame capture complete interrupt mask
 473:libs/STM32F4xx_StdPeriph_Driver/src/stm32f4xx_dcmi.c ****   *            @arg DCMI_IT_OVF: Overflow interrupt mask
 474:libs/STM32F4xx_StdPeriph_Driver/src/stm32f4xx_dcmi.c ****   *            @arg DCMI_IT_ERR: Synchronization error interrupt mask
 475:libs/STM32F4xx_StdPeriph_Driver/src/stm32f4xx_dcmi.c ****   *            @arg DCMI_IT_VSYNC: VSYNC interrupt mask
 476:libs/STM32F4xx_StdPeriph_Driver/src/stm32f4xx_dcmi.c ****   *            @arg DCMI_IT_LINE: Line interrupt mask
 477:libs/STM32F4xx_StdPeriph_Driver/src/stm32f4xx_dcmi.c ****   * @retval The new state of DCMI_IT (SET or RESET).
 478:libs/STM32F4xx_StdPeriph_Driver/src/stm32f4xx_dcmi.c ****   */
 479:libs/STM32F4xx_StdPeriph_Driver/src/stm32f4xx_dcmi.c **** ITStatus DCMI_GetITStatus(uint16_t DCMI_IT)
 480:libs/STM32F4xx_StdPeriph_Driver/src/stm32f4xx_dcmi.c **** {
 811              		.loc 1 480 0
 812              		.cfi_startproc
 813              		@ args = 0, pretend = 0, frame = 16
 814              		@ frame_needed = 1, uses_anonymous_args = 0
 815              		@ link register save eliminated.
 816 0000 80B4     		push	{r7}
 817              	.LCFI37:
 818              		.cfi_def_cfa_offset 4
 819              		.cfi_offset 7, -4
 820 0002 85B0     		sub	sp, sp, #20
 821              	.LCFI38:
 822              		.cfi_def_cfa_offset 24
 823 0004 00AF     		add	r7, sp, #0
 824              	.LCFI39:
 825              		.cfi_def_cfa_register 7
 826 0006 0346     		mov	r3, r0
 827 0008 FB80     		strh	r3, [r7, #6]	@ movhi
 481:libs/STM32F4xx_StdPeriph_Driver/src/stm32f4xx_dcmi.c ****   ITStatus bitstatus = RESET;
 828              		.loc 1 481 0
 829 000a 4FF00003 		mov	r3, #0
 830 000e FB73     		strb	r3, [r7, #15]
 482:libs/STM32F4xx_StdPeriph_Driver/src/stm32f4xx_dcmi.c ****   uint32_t itstatus = 0;
 831              		.loc 1 482 0
 832 0010 4FF00003 		mov	r3, #0
 833 0014 BB60     		str	r3, [r7, #8]
 483:libs/STM32F4xx_StdPeriph_Driver/src/stm32f4xx_dcmi.c ****   
 484:libs/STM32F4xx_StdPeriph_Driver/src/stm32f4xx_dcmi.c ****   /* Check the parameters */
 485:libs/STM32F4xx_StdPeriph_Driver/src/stm32f4xx_dcmi.c ****   assert_param(IS_DCMI_GET_IT(DCMI_IT));
 486:libs/STM32F4xx_StdPeriph_Driver/src/stm32f4xx_dcmi.c ****   
 487:libs/STM32F4xx_StdPeriph_Driver/src/stm32f4xx_dcmi.c ****   itstatus = DCMI->MISR & DCMI_IT; /* Only masked interrupts are checked */
 834              		.loc 1 487 0
 835 0016 4FF00003 		mov	r3, #0
 836 001a C5F20503 		movt	r3, 20485
 837 001e 1A69     		ldr	r2, [r3, #16]
 838 0020 FB88     		ldrh	r3, [r7, #6]
 839 0022 1340     		ands	r3, r3, r2
 840 0024 BB60     		str	r3, [r7, #8]
 488:libs/STM32F4xx_StdPeriph_Driver/src/stm32f4xx_dcmi.c ****   
 489:libs/STM32F4xx_StdPeriph_Driver/src/stm32f4xx_dcmi.c ****   if ((itstatus != (uint16_t)RESET))
 841              		.loc 1 489 0
 842 0026 BB68     		ldr	r3, [r7, #8]
 843 0028 002B     		cmp	r3, #0
 844 002a 03D0     		beq	.L30
 490:libs/STM32F4xx_StdPeriph_Driver/src/stm32f4xx_dcmi.c ****   {
 491:libs/STM32F4xx_StdPeriph_Driver/src/stm32f4xx_dcmi.c ****     bitstatus = SET;
 845              		.loc 1 491 0
 846 002c 4FF00103 		mov	r3, #1
 847 0030 FB73     		strb	r3, [r7, #15]
 848 0032 02E0     		b	.L31
 849              	.L30:
 492:libs/STM32F4xx_StdPeriph_Driver/src/stm32f4xx_dcmi.c ****   }
 493:libs/STM32F4xx_StdPeriph_Driver/src/stm32f4xx_dcmi.c ****   else
 494:libs/STM32F4xx_StdPeriph_Driver/src/stm32f4xx_dcmi.c ****   {
 495:libs/STM32F4xx_StdPeriph_Driver/src/stm32f4xx_dcmi.c ****     bitstatus = RESET;
 850              		.loc 1 495 0
 851 0034 4FF00003 		mov	r3, #0
 852 0038 FB73     		strb	r3, [r7, #15]
 853              	.L31:
 496:libs/STM32F4xx_StdPeriph_Driver/src/stm32f4xx_dcmi.c ****   }
 497:libs/STM32F4xx_StdPeriph_Driver/src/stm32f4xx_dcmi.c ****   return bitstatus;
 854              		.loc 1 497 0
 855 003a FB7B     		ldrb	r3, [r7, #15]	@ zero_extendqisi2
 498:libs/STM32F4xx_StdPeriph_Driver/src/stm32f4xx_dcmi.c **** }
 856              		.loc 1 498 0
 857 003c 1846     		mov	r0, r3
 858 003e 07F11407 		add	r7, r7, #20
 859 0042 BD46     		mov	sp, r7
 860 0044 80BC     		pop	{r7}
 861 0046 7047     		bx	lr
 862              		.cfi_endproc
 863              	.LFE123:
 865              		.section	.text.DCMI_ClearITPendingBit,"ax",%progbits
 866              		.align	2
 867              		.global	DCMI_ClearITPendingBit
 868              		.thumb
 869              		.thumb_func
 871              	DCMI_ClearITPendingBit:
 872              	.LFB124:
 499:libs/STM32F4xx_StdPeriph_Driver/src/stm32f4xx_dcmi.c **** 
 500:libs/STM32F4xx_StdPeriph_Driver/src/stm32f4xx_dcmi.c **** /**
 501:libs/STM32F4xx_StdPeriph_Driver/src/stm32f4xx_dcmi.c ****   * @brief  Clears the DCMI's interrupt pending bits.
 502:libs/STM32F4xx_StdPeriph_Driver/src/stm32f4xx_dcmi.c ****   * @param  DCMI_IT: specifies the DCMI interrupt pending bit to clear.
 503:libs/STM32F4xx_StdPeriph_Driver/src/stm32f4xx_dcmi.c ****   *          This parameter can be any combination of the following values:
 504:libs/STM32F4xx_StdPeriph_Driver/src/stm32f4xx_dcmi.c ****   *            @arg DCMI_IT_FRAME: Frame capture complete interrupt mask
 505:libs/STM32F4xx_StdPeriph_Driver/src/stm32f4xx_dcmi.c ****   *            @arg DCMI_IT_OVF: Overflow interrupt mask
 506:libs/STM32F4xx_StdPeriph_Driver/src/stm32f4xx_dcmi.c ****   *            @arg DCMI_IT_ERR: Synchronization error interrupt mask
 507:libs/STM32F4xx_StdPeriph_Driver/src/stm32f4xx_dcmi.c ****   *            @arg DCMI_IT_VSYNC: VSYNC interrupt mask
 508:libs/STM32F4xx_StdPeriph_Driver/src/stm32f4xx_dcmi.c ****   *            @arg DCMI_IT_LINE: Line interrupt mask
 509:libs/STM32F4xx_StdPeriph_Driver/src/stm32f4xx_dcmi.c ****   * @retval None
 510:libs/STM32F4xx_StdPeriph_Driver/src/stm32f4xx_dcmi.c ****   */
 511:libs/STM32F4xx_StdPeriph_Driver/src/stm32f4xx_dcmi.c **** void DCMI_ClearITPendingBit(uint16_t DCMI_IT)
 512:libs/STM32F4xx_StdPeriph_Driver/src/stm32f4xx_dcmi.c **** {
 873              		.loc 1 512 0
 874              		.cfi_startproc
 875              		@ args = 0, pretend = 0, frame = 8
 876              		@ frame_needed = 1, uses_anonymous_args = 0
 877              		@ link register save eliminated.
 878 0000 80B4     		push	{r7}
 879              	.LCFI40:
 880              		.cfi_def_cfa_offset 4
 881              		.cfi_offset 7, -4
 882 0002 83B0     		sub	sp, sp, #12
 883              	.LCFI41:
 884              		.cfi_def_cfa_offset 16
 885 0004 00AF     		add	r7, sp, #0
 886              	.LCFI42:
 887              		.cfi_def_cfa_register 7
 888 0006 0346     		mov	r3, r0
 889 0008 FB80     		strh	r3, [r7, #6]	@ movhi
 513:libs/STM32F4xx_StdPeriph_Driver/src/stm32f4xx_dcmi.c ****   /* Clear the interrupt pending Bit by writing in the ICR register 1 in the 
 514:libs/STM32F4xx_StdPeriph_Driver/src/stm32f4xx_dcmi.c ****   corresponding pending Bit position*/
 515:libs/STM32F4xx_StdPeriph_Driver/src/stm32f4xx_dcmi.c ****   
 516:libs/STM32F4xx_StdPeriph_Driver/src/stm32f4xx_dcmi.c ****   DCMI->ICR = DCMI_IT;
 890              		.loc 1 516 0
 891 000a 4FF00003 		mov	r3, #0
 892 000e C5F20503 		movt	r3, 20485
 893 0012 FA88     		ldrh	r2, [r7, #6]
 894 0014 5A61     		str	r2, [r3, #20]
 517:libs/STM32F4xx_StdPeriph_Driver/src/stm32f4xx_dcmi.c **** }
 895              		.loc 1 517 0
 896 0016 07F10C07 		add	r7, r7, #12
 897 001a BD46     		mov	sp, r7
 898 001c 80BC     		pop	{r7}
 899 001e 7047     		bx	lr
 900              		.cfi_endproc
 901              	.LFE124:
 903              		.text
 904              	.Letext0:
 905              		.file 2 "/usr/local/csl/arm-2012.03/bin/../lib/gcc/arm-none-eabi/4.6.3/../../../../arm-none-eabi/i
 906              		.file 3 "libs/Device/STM32F4xx/Include/stm32f4xx.h"
 907              		.file 4 "libs/STM32F4xx_StdPeriph_Driver/inc/stm32f4xx_dcmi.h"
 908              		.file 5 "libs/CMSIS/Include/core_cm4.h"
DEFINED SYMBOLS
                            *ABS*:00000000 stm32f4xx_dcmi.c
     /tmp/cceaaDwh.s:20     .text.DCMI_DeInit:00000000 $t
     /tmp/cceaaDwh.s:25     .text.DCMI_DeInit:00000000 DCMI_DeInit
     /tmp/cceaaDwh.s:83     .text.DCMI_Init:00000000 $t
     /tmp/cceaaDwh.s:88     .text.DCMI_Init:00000000 DCMI_Init
     /tmp/cceaaDwh.s:183    .text.DCMI_StructInit:00000000 $t
     /tmp/cceaaDwh.s:188    .text.DCMI_StructInit:00000000 DCMI_StructInit
     /tmp/cceaaDwh.s:243    .text.DCMI_CROPConfig:00000000 $t
     /tmp/cceaaDwh.s:248    .text.DCMI_CROPConfig:00000000 DCMI_CROPConfig
     /tmp/cceaaDwh.s:301    .text.DCMI_CROPCmd:00000000 $t
     /tmp/cceaaDwh.s:306    .text.DCMI_CROPCmd:00000000 DCMI_CROPCmd
     /tmp/cceaaDwh.s:357    .text.DCMI_SetEmbeddedSynchroCodes:00000000 $t
     /tmp/cceaaDwh.s:362    .text.DCMI_SetEmbeddedSynchroCodes:00000000 DCMI_SetEmbeddedSynchroCodes
     /tmp/cceaaDwh.s:414    .text.DCMI_JPEGCmd:00000000 $t
     /tmp/cceaaDwh.s:419    .text.DCMI_JPEGCmd:00000000 DCMI_JPEGCmd
     /tmp/cceaaDwh.s:470    .text.DCMI_Cmd:00000000 $t
     /tmp/cceaaDwh.s:475    .text.DCMI_Cmd:00000000 DCMI_Cmd
     /tmp/cceaaDwh.s:526    .text.DCMI_CaptureCmd:00000000 $t
     /tmp/cceaaDwh.s:531    .text.DCMI_CaptureCmd:00000000 DCMI_CaptureCmd
     /tmp/cceaaDwh.s:582    .text.DCMI_ReadData:00000000 $t
     /tmp/cceaaDwh.s:587    .text.DCMI_ReadData:00000000 DCMI_ReadData
     /tmp/cceaaDwh.s:614    .text.DCMI_ITConfig:00000000 $t
     /tmp/cceaaDwh.s:619    .text.DCMI_ITConfig:00000000 DCMI_ITConfig
     /tmp/cceaaDwh.s:676    .text.DCMI_GetFlagStatus:00000000 $t
     /tmp/cceaaDwh.s:681    .text.DCMI_GetFlagStatus:00000000 DCMI_GetFlagStatus
     /tmp/cceaaDwh.s:766    .text.DCMI_ClearFlag:00000000 $t
     /tmp/cceaaDwh.s:771    .text.DCMI_ClearFlag:00000000 DCMI_ClearFlag
     /tmp/cceaaDwh.s:804    .text.DCMI_GetITStatus:00000000 $t
     /tmp/cceaaDwh.s:809    .text.DCMI_GetITStatus:00000000 DCMI_GetITStatus
     /tmp/cceaaDwh.s:866    .text.DCMI_ClearITPendingBit:00000000 $t
     /tmp/cceaaDwh.s:871    .text.DCMI_ClearITPendingBit:00000000 DCMI_ClearITPendingBit
                     .debug_frame:00000010 $d

NO UNDEFINED SYMBOLS
