   1              		.syntax unified
   2              		.cpu cortex-m4
   3              		.eabi_attribute 27, 3
   4              		.fpu fpv4-sp-d16
   5              		.eabi_attribute 20, 1
   6              		.eabi_attribute 21, 1
   7              		.eabi_attribute 23, 3
   8              		.eabi_attribute 24, 1
   9              		.eabi_attribute 25, 1
  10              		.eabi_attribute 26, 1
  11              		.eabi_attribute 30, 6
  12              		.eabi_attribute 34, 1
  13              		.eabi_attribute 18, 4
  14              		.thumb
  15              		.file	"stm32f4xx_wwdg.c"
  16              		.text
  17              	.Ltext0:
  18              		.cfi_sections	.debug_frame
  19              		.section	.text.WWDG_DeInit,"ax",%progbits
  20              		.align	2
  21              		.global	WWDG_DeInit
  22              		.thumb
  23              		.thumb_func
  25              	WWDG_DeInit:
  26              	.LFB110:
  27              		.file 1 "libs/STM32F4xx_StdPeriph_Driver/src/stm32f4xx_wwdg.c"
   1:libs/STM32F4xx_StdPeriph_Driver/src/stm32f4xx_wwdg.c **** /**
   2:libs/STM32F4xx_StdPeriph_Driver/src/stm32f4xx_wwdg.c ****   ******************************************************************************
   3:libs/STM32F4xx_StdPeriph_Driver/src/stm32f4xx_wwdg.c ****   * @file    stm32f4xx_wwdg.c
   4:libs/STM32F4xx_StdPeriph_Driver/src/stm32f4xx_wwdg.c ****   * @author  MCD Application Team
   5:libs/STM32F4xx_StdPeriph_Driver/src/stm32f4xx_wwdg.c ****   * @version V1.0.0RC1
   6:libs/STM32F4xx_StdPeriph_Driver/src/stm32f4xx_wwdg.c ****   * @date    25-August-2011
   7:libs/STM32F4xx_StdPeriph_Driver/src/stm32f4xx_wwdg.c ****   * @brief   This file provides firmware functions to manage the following 
   8:libs/STM32F4xx_StdPeriph_Driver/src/stm32f4xx_wwdg.c ****   *          functionalities of the Window watchdog (WWDG) peripheral:           
   9:libs/STM32F4xx_StdPeriph_Driver/src/stm32f4xx_wwdg.c ****   *           - Prescaler, Refresh window and Counter configuration
  10:libs/STM32F4xx_StdPeriph_Driver/src/stm32f4xx_wwdg.c ****   *           - WWDG activation
  11:libs/STM32F4xx_StdPeriph_Driver/src/stm32f4xx_wwdg.c ****   *           - Interrupts and flags management
  12:libs/STM32F4xx_StdPeriph_Driver/src/stm32f4xx_wwdg.c ****   *             
  13:libs/STM32F4xx_StdPeriph_Driver/src/stm32f4xx_wwdg.c ****   *  @verbatim
  14:libs/STM32F4xx_StdPeriph_Driver/src/stm32f4xx_wwdg.c ****   *    
  15:libs/STM32F4xx_StdPeriph_Driver/src/stm32f4xx_wwdg.c ****   *          ===================================================================
  16:libs/STM32F4xx_StdPeriph_Driver/src/stm32f4xx_wwdg.c ****   *                                     WWDG features
  17:libs/STM32F4xx_StdPeriph_Driver/src/stm32f4xx_wwdg.c ****   *          ===================================================================
  18:libs/STM32F4xx_StdPeriph_Driver/src/stm32f4xx_wwdg.c ****   *                                        
  19:libs/STM32F4xx_StdPeriph_Driver/src/stm32f4xx_wwdg.c ****   *          Once enabled the WWDG generates a system reset on expiry of a programmed
  20:libs/STM32F4xx_StdPeriph_Driver/src/stm32f4xx_wwdg.c ****   *          time period, unless the program refreshes the counter (downcounter) 
  21:libs/STM32F4xx_StdPeriph_Driver/src/stm32f4xx_wwdg.c ****   *          before to reach 0x3F value (i.e. a reset is generated when the counter
  22:libs/STM32F4xx_StdPeriph_Driver/src/stm32f4xx_wwdg.c ****   *          value rolls over from 0x40 to 0x3F). 
  23:libs/STM32F4xx_StdPeriph_Driver/src/stm32f4xx_wwdg.c ****   *          An MCU reset is also generated if the counter value is refreshed
  24:libs/STM32F4xx_StdPeriph_Driver/src/stm32f4xx_wwdg.c ****   *          before the counter has reached the refresh window value. This 
  25:libs/STM32F4xx_StdPeriph_Driver/src/stm32f4xx_wwdg.c ****   *          implies that the counter must be refreshed in a limited window.
  26:libs/STM32F4xx_StdPeriph_Driver/src/stm32f4xx_wwdg.c ****   *            
  27:libs/STM32F4xx_StdPeriph_Driver/src/stm32f4xx_wwdg.c ****   *          Once enabled the WWDG cannot be disabled except by a system reset.                    
  28:libs/STM32F4xx_StdPeriph_Driver/src/stm32f4xx_wwdg.c ****   *          
  29:libs/STM32F4xx_StdPeriph_Driver/src/stm32f4xx_wwdg.c ****   *          WWDGRST flag in RCC_CSR register can be used to inform when a WWDG
  30:libs/STM32F4xx_StdPeriph_Driver/src/stm32f4xx_wwdg.c ****   *          reset occurs.
  31:libs/STM32F4xx_StdPeriph_Driver/src/stm32f4xx_wwdg.c ****   *            
  32:libs/STM32F4xx_StdPeriph_Driver/src/stm32f4xx_wwdg.c ****   *          The WWDG counter input clock is derived from the APB clock divided 
  33:libs/STM32F4xx_StdPeriph_Driver/src/stm32f4xx_wwdg.c ****   *          by a programmable prescaler.
  34:libs/STM32F4xx_StdPeriph_Driver/src/stm32f4xx_wwdg.c ****   *              
  35:libs/STM32F4xx_StdPeriph_Driver/src/stm32f4xx_wwdg.c ****   *          WWDG counter clock = PCLK1 / Prescaler
  36:libs/STM32F4xx_StdPeriph_Driver/src/stm32f4xx_wwdg.c ****   *          WWDG timeout = (WWDG counter clock) * (counter value)
  37:libs/STM32F4xx_StdPeriph_Driver/src/stm32f4xx_wwdg.c ****   *                      
  38:libs/STM32F4xx_StdPeriph_Driver/src/stm32f4xx_wwdg.c ****   *          Min-max timeout value @30 MHz(PCLK1): ~136.5 us / ~69.9 ms
  39:libs/STM32F4xx_StdPeriph_Driver/src/stm32f4xx_wwdg.c ****   *                            
  40:libs/STM32F4xx_StdPeriph_Driver/src/stm32f4xx_wwdg.c ****   *          ===================================================================
  41:libs/STM32F4xx_StdPeriph_Driver/src/stm32f4xx_wwdg.c ****   *                                 How to use this driver
  42:libs/STM32F4xx_StdPeriph_Driver/src/stm32f4xx_wwdg.c ****   *          =================================================================== 
  43:libs/STM32F4xx_StdPeriph_Driver/src/stm32f4xx_wwdg.c ****   *          1. Enable WWDG clock using RCC_APB1PeriphClockCmd(RCC_APB1Periph_WWDG, ENABLE) functio
  44:libs/STM32F4xx_StdPeriph_Driver/src/stm32f4xx_wwdg.c ****   *            
  45:libs/STM32F4xx_StdPeriph_Driver/src/stm32f4xx_wwdg.c ****   *          2. Configure the WWDG prescaler using WWDG_SetPrescaler() function
  46:libs/STM32F4xx_StdPeriph_Driver/src/stm32f4xx_wwdg.c ****   *                           
  47:libs/STM32F4xx_StdPeriph_Driver/src/stm32f4xx_wwdg.c ****   *          3. Configure the WWDG refresh window using WWDG_SetWindowValue() function
  48:libs/STM32F4xx_StdPeriph_Driver/src/stm32f4xx_wwdg.c ****   *            
  49:libs/STM32F4xx_StdPeriph_Driver/src/stm32f4xx_wwdg.c ****   *          4. Set the WWDG counter value and start it using WWDG_Enable() function.
  50:libs/STM32F4xx_StdPeriph_Driver/src/stm32f4xx_wwdg.c ****   *             When the WWDG is enabled the counter value should be configured to 
  51:libs/STM32F4xx_StdPeriph_Driver/src/stm32f4xx_wwdg.c ****   *             a value greater than 0x40 to prevent generating an immediate reset.     
  52:libs/STM32F4xx_StdPeriph_Driver/src/stm32f4xx_wwdg.c ****   *            
  53:libs/STM32F4xx_StdPeriph_Driver/src/stm32f4xx_wwdg.c ****   *          5. Optionally you can enable the Early wakeup interrupt which is 
  54:libs/STM32F4xx_StdPeriph_Driver/src/stm32f4xx_wwdg.c ****   *             generated when the counter reach 0x40.
  55:libs/STM32F4xx_StdPeriph_Driver/src/stm32f4xx_wwdg.c ****   *             Once enabled this interrupt cannot be disabled except by a system reset.
  56:libs/STM32F4xx_StdPeriph_Driver/src/stm32f4xx_wwdg.c ****   *                 
  57:libs/STM32F4xx_StdPeriph_Driver/src/stm32f4xx_wwdg.c ****   *          6. Then the application program must refresh the WWDG counter at regular
  58:libs/STM32F4xx_StdPeriph_Driver/src/stm32f4xx_wwdg.c ****   *             intervals during normal operation to prevent an MCU reset, using
  59:libs/STM32F4xx_StdPeriph_Driver/src/stm32f4xx_wwdg.c ****   *             WWDG_SetCounter() function. This operation must occur only when
  60:libs/STM32F4xx_StdPeriph_Driver/src/stm32f4xx_wwdg.c ****   *             the counter value is lower than the refresh window value, 
  61:libs/STM32F4xx_StdPeriph_Driver/src/stm32f4xx_wwdg.c ****   *             programmed using WWDG_SetWindowValue().         
  62:libs/STM32F4xx_StdPeriph_Driver/src/stm32f4xx_wwdg.c ****   *
  63:libs/STM32F4xx_StdPeriph_Driver/src/stm32f4xx_wwdg.c ****   *  @endverbatim  
  64:libs/STM32F4xx_StdPeriph_Driver/src/stm32f4xx_wwdg.c ****   *                             
  65:libs/STM32F4xx_StdPeriph_Driver/src/stm32f4xx_wwdg.c ****   ******************************************************************************
  66:libs/STM32F4xx_StdPeriph_Driver/src/stm32f4xx_wwdg.c ****   * @attention
  67:libs/STM32F4xx_StdPeriph_Driver/src/stm32f4xx_wwdg.c ****   *
  68:libs/STM32F4xx_StdPeriph_Driver/src/stm32f4xx_wwdg.c ****   * THE PRESENT FIRMWARE WHICH IS FOR GUIDANCE ONLY AIMS AT PROVIDING CUSTOMERS
  69:libs/STM32F4xx_StdPeriph_Driver/src/stm32f4xx_wwdg.c ****   * WITH CODING INFORMATION REGARDING THEIR PRODUCTS IN ORDER FOR THEM TO SAVE
  70:libs/STM32F4xx_StdPeriph_Driver/src/stm32f4xx_wwdg.c ****   * TIME. AS A RESULT, STMICROELECTRONICS SHALL NOT BE HELD LIABLE FOR ANY
  71:libs/STM32F4xx_StdPeriph_Driver/src/stm32f4xx_wwdg.c ****   * DIRECT, INDIRECT OR CONSEQUENTIAL DAMAGES WITH RESPECT TO ANY CLAIMS ARISING
  72:libs/STM32F4xx_StdPeriph_Driver/src/stm32f4xx_wwdg.c ****   * FROM THE CONTENT OF SUCH FIRMWARE AND/OR THE USE MADE BY CUSTOMERS OF THE
  73:libs/STM32F4xx_StdPeriph_Driver/src/stm32f4xx_wwdg.c ****   * CODING INFORMATION CONTAINED HEREIN IN CONNECTION WITH THEIR PRODUCTS.
  74:libs/STM32F4xx_StdPeriph_Driver/src/stm32f4xx_wwdg.c ****   *
  75:libs/STM32F4xx_StdPeriph_Driver/src/stm32f4xx_wwdg.c ****   * <h2><center>&copy; COPYRIGHT 2011 STMicroelectronics</center></h2>
  76:libs/STM32F4xx_StdPeriph_Driver/src/stm32f4xx_wwdg.c ****   ******************************************************************************
  77:libs/STM32F4xx_StdPeriph_Driver/src/stm32f4xx_wwdg.c ****   */
  78:libs/STM32F4xx_StdPeriph_Driver/src/stm32f4xx_wwdg.c **** 
  79:libs/STM32F4xx_StdPeriph_Driver/src/stm32f4xx_wwdg.c **** /* Includes ------------------------------------------------------------------*/
  80:libs/STM32F4xx_StdPeriph_Driver/src/stm32f4xx_wwdg.c **** #include "stm32f4xx_wwdg.h"
  81:libs/STM32F4xx_StdPeriph_Driver/src/stm32f4xx_wwdg.c **** #include "stm32f4xx_rcc.h"
  82:libs/STM32F4xx_StdPeriph_Driver/src/stm32f4xx_wwdg.c **** 
  83:libs/STM32F4xx_StdPeriph_Driver/src/stm32f4xx_wwdg.c **** /** @addtogroup STM32F4xx_StdPeriph_Driver
  84:libs/STM32F4xx_StdPeriph_Driver/src/stm32f4xx_wwdg.c ****   * @{
  85:libs/STM32F4xx_StdPeriph_Driver/src/stm32f4xx_wwdg.c ****   */
  86:libs/STM32F4xx_StdPeriph_Driver/src/stm32f4xx_wwdg.c **** 
  87:libs/STM32F4xx_StdPeriph_Driver/src/stm32f4xx_wwdg.c **** /** @defgroup WWDG 
  88:libs/STM32F4xx_StdPeriph_Driver/src/stm32f4xx_wwdg.c ****   * @brief WWDG driver modules
  89:libs/STM32F4xx_StdPeriph_Driver/src/stm32f4xx_wwdg.c ****   * @{
  90:libs/STM32F4xx_StdPeriph_Driver/src/stm32f4xx_wwdg.c ****   */
  91:libs/STM32F4xx_StdPeriph_Driver/src/stm32f4xx_wwdg.c **** 
  92:libs/STM32F4xx_StdPeriph_Driver/src/stm32f4xx_wwdg.c **** /* Private typedef -----------------------------------------------------------*/
  93:libs/STM32F4xx_StdPeriph_Driver/src/stm32f4xx_wwdg.c **** /* Private define ------------------------------------------------------------*/
  94:libs/STM32F4xx_StdPeriph_Driver/src/stm32f4xx_wwdg.c **** 
  95:libs/STM32F4xx_StdPeriph_Driver/src/stm32f4xx_wwdg.c **** /* ----------- WWDG registers bit address in the alias region ----------- */
  96:libs/STM32F4xx_StdPeriph_Driver/src/stm32f4xx_wwdg.c **** #define WWDG_OFFSET       (WWDG_BASE - PERIPH_BASE)
  97:libs/STM32F4xx_StdPeriph_Driver/src/stm32f4xx_wwdg.c **** /* Alias word address of EWI bit */
  98:libs/STM32F4xx_StdPeriph_Driver/src/stm32f4xx_wwdg.c **** #define CFR_OFFSET        (WWDG_OFFSET + 0x04)
  99:libs/STM32F4xx_StdPeriph_Driver/src/stm32f4xx_wwdg.c **** #define EWI_BitNumber     0x09
 100:libs/STM32F4xx_StdPeriph_Driver/src/stm32f4xx_wwdg.c **** #define CFR_EWI_BB        (PERIPH_BB_BASE + (CFR_OFFSET * 32) + (EWI_BitNumber * 4))
 101:libs/STM32F4xx_StdPeriph_Driver/src/stm32f4xx_wwdg.c **** 
 102:libs/STM32F4xx_StdPeriph_Driver/src/stm32f4xx_wwdg.c **** /* --------------------- WWDG registers bit mask ------------------------ */
 103:libs/STM32F4xx_StdPeriph_Driver/src/stm32f4xx_wwdg.c **** /* CFR register bit mask */
 104:libs/STM32F4xx_StdPeriph_Driver/src/stm32f4xx_wwdg.c **** #define CFR_WDGTB_MASK    ((uint32_t)0xFFFFFE7F)
 105:libs/STM32F4xx_StdPeriph_Driver/src/stm32f4xx_wwdg.c **** #define CFR_W_MASK        ((uint32_t)0xFFFFFF80)
 106:libs/STM32F4xx_StdPeriph_Driver/src/stm32f4xx_wwdg.c **** #define BIT_MASK          ((uint8_t)0x7F)
 107:libs/STM32F4xx_StdPeriph_Driver/src/stm32f4xx_wwdg.c **** 
 108:libs/STM32F4xx_StdPeriph_Driver/src/stm32f4xx_wwdg.c **** /* Private macro -------------------------------------------------------------*/
 109:libs/STM32F4xx_StdPeriph_Driver/src/stm32f4xx_wwdg.c **** /* Private variables ---------------------------------------------------------*/
 110:libs/STM32F4xx_StdPeriph_Driver/src/stm32f4xx_wwdg.c **** /* Private function prototypes -----------------------------------------------*/
 111:libs/STM32F4xx_StdPeriph_Driver/src/stm32f4xx_wwdg.c **** /* Private functions ---------------------------------------------------------*/
 112:libs/STM32F4xx_StdPeriph_Driver/src/stm32f4xx_wwdg.c **** 
 113:libs/STM32F4xx_StdPeriph_Driver/src/stm32f4xx_wwdg.c **** /** @defgroup WWDG_Private_Functions
 114:libs/STM32F4xx_StdPeriph_Driver/src/stm32f4xx_wwdg.c ****   * @{
 115:libs/STM32F4xx_StdPeriph_Driver/src/stm32f4xx_wwdg.c ****   */
 116:libs/STM32F4xx_StdPeriph_Driver/src/stm32f4xx_wwdg.c **** 
 117:libs/STM32F4xx_StdPeriph_Driver/src/stm32f4xx_wwdg.c **** /** @defgroup WWDG_Group1 Prescaler, Refresh window and Counter configuration functions
 118:libs/STM32F4xx_StdPeriph_Driver/src/stm32f4xx_wwdg.c ****  *  @brief   Prescaler, Refresh window and Counter configuration functions 
 119:libs/STM32F4xx_StdPeriph_Driver/src/stm32f4xx_wwdg.c ****  *
 120:libs/STM32F4xx_StdPeriph_Driver/src/stm32f4xx_wwdg.c **** @verbatim   
 121:libs/STM32F4xx_StdPeriph_Driver/src/stm32f4xx_wwdg.c ****  ===============================================================================
 122:libs/STM32F4xx_StdPeriph_Driver/src/stm32f4xx_wwdg.c ****           Prescaler, Refresh window and Counter configuration functions
 123:libs/STM32F4xx_StdPeriph_Driver/src/stm32f4xx_wwdg.c ****  ===============================================================================  
 124:libs/STM32F4xx_StdPeriph_Driver/src/stm32f4xx_wwdg.c **** 
 125:libs/STM32F4xx_StdPeriph_Driver/src/stm32f4xx_wwdg.c **** @endverbatim
 126:libs/STM32F4xx_StdPeriph_Driver/src/stm32f4xx_wwdg.c ****   * @{
 127:libs/STM32F4xx_StdPeriph_Driver/src/stm32f4xx_wwdg.c ****   */
 128:libs/STM32F4xx_StdPeriph_Driver/src/stm32f4xx_wwdg.c **** 
 129:libs/STM32F4xx_StdPeriph_Driver/src/stm32f4xx_wwdg.c **** /**
 130:libs/STM32F4xx_StdPeriph_Driver/src/stm32f4xx_wwdg.c ****   * @brief  Deinitializes the WWDG peripheral registers to their default reset values.
 131:libs/STM32F4xx_StdPeriph_Driver/src/stm32f4xx_wwdg.c ****   * @param  None
 132:libs/STM32F4xx_StdPeriph_Driver/src/stm32f4xx_wwdg.c ****   * @retval None
 133:libs/STM32F4xx_StdPeriph_Driver/src/stm32f4xx_wwdg.c ****   */
 134:libs/STM32F4xx_StdPeriph_Driver/src/stm32f4xx_wwdg.c **** void WWDG_DeInit(void)
 135:libs/STM32F4xx_StdPeriph_Driver/src/stm32f4xx_wwdg.c **** {
  28              		.loc 1 135 0
  29              		.cfi_startproc
  30              		@ args = 0, pretend = 0, frame = 0
  31              		@ frame_needed = 1, uses_anonymous_args = 0
  32 0000 80B5     		push	{r7, lr}
  33              	.LCFI0:
  34              		.cfi_def_cfa_offset 8
  35              		.cfi_offset 14, -4
  36              		.cfi_offset 7, -8
  37 0002 00AF     		add	r7, sp, #0
  38              	.LCFI1:
  39              		.cfi_def_cfa_register 7
 136:libs/STM32F4xx_StdPeriph_Driver/src/stm32f4xx_wwdg.c ****   RCC_APB1PeriphResetCmd(RCC_APB1Periph_WWDG, ENABLE);
  40              		.loc 1 136 0
  41 0004 4FF40060 		mov	r0, #2048
  42 0008 4FF00101 		mov	r1, #1
  43 000c FFF7FEFF 		bl	RCC_APB1PeriphResetCmd
 137:libs/STM32F4xx_StdPeriph_Driver/src/stm32f4xx_wwdg.c ****   RCC_APB1PeriphResetCmd(RCC_APB1Periph_WWDG, DISABLE);
  44              		.loc 1 137 0
  45 0010 4FF40060 		mov	r0, #2048
  46 0014 4FF00001 		mov	r1, #0
  47 0018 FFF7FEFF 		bl	RCC_APB1PeriphResetCmd
 138:libs/STM32F4xx_StdPeriph_Driver/src/stm32f4xx_wwdg.c **** }
  48              		.loc 1 138 0
  49 001c 80BD     		pop	{r7, pc}
  50              		.cfi_endproc
  51              	.LFE110:
  53 001e 00BF     		.section	.text.WWDG_SetPrescaler,"ax",%progbits
  54              		.align	2
  55              		.global	WWDG_SetPrescaler
  56              		.thumb
  57              		.thumb_func
  59              	WWDG_SetPrescaler:
  60              	.LFB111:
 139:libs/STM32F4xx_StdPeriph_Driver/src/stm32f4xx_wwdg.c **** 
 140:libs/STM32F4xx_StdPeriph_Driver/src/stm32f4xx_wwdg.c **** /**
 141:libs/STM32F4xx_StdPeriph_Driver/src/stm32f4xx_wwdg.c ****   * @brief  Sets the WWDG Prescaler.
 142:libs/STM32F4xx_StdPeriph_Driver/src/stm32f4xx_wwdg.c ****   * @param  WWDG_Prescaler: specifies the WWDG Prescaler.
 143:libs/STM32F4xx_StdPeriph_Driver/src/stm32f4xx_wwdg.c ****   *   This parameter can be one of the following values:
 144:libs/STM32F4xx_StdPeriph_Driver/src/stm32f4xx_wwdg.c ****   *     @arg WWDG_Prescaler_1: WWDG counter clock = (PCLK1/4096)/1
 145:libs/STM32F4xx_StdPeriph_Driver/src/stm32f4xx_wwdg.c ****   *     @arg WWDG_Prescaler_2: WWDG counter clock = (PCLK1/4096)/2
 146:libs/STM32F4xx_StdPeriph_Driver/src/stm32f4xx_wwdg.c ****   *     @arg WWDG_Prescaler_4: WWDG counter clock = (PCLK1/4096)/4
 147:libs/STM32F4xx_StdPeriph_Driver/src/stm32f4xx_wwdg.c ****   *     @arg WWDG_Prescaler_8: WWDG counter clock = (PCLK1/4096)/8
 148:libs/STM32F4xx_StdPeriph_Driver/src/stm32f4xx_wwdg.c ****   * @retval None
 149:libs/STM32F4xx_StdPeriph_Driver/src/stm32f4xx_wwdg.c ****   */
 150:libs/STM32F4xx_StdPeriph_Driver/src/stm32f4xx_wwdg.c **** void WWDG_SetPrescaler(uint32_t WWDG_Prescaler)
 151:libs/STM32F4xx_StdPeriph_Driver/src/stm32f4xx_wwdg.c **** {
  61              		.loc 1 151 0
  62              		.cfi_startproc
  63              		@ args = 0, pretend = 0, frame = 16
  64              		@ frame_needed = 1, uses_anonymous_args = 0
  65              		@ link register save eliminated.
  66 0000 80B4     		push	{r7}
  67              	.LCFI2:
  68              		.cfi_def_cfa_offset 4
  69              		.cfi_offset 7, -4
  70 0002 85B0     		sub	sp, sp, #20
  71              	.LCFI3:
  72              		.cfi_def_cfa_offset 24
  73 0004 00AF     		add	r7, sp, #0
  74              	.LCFI4:
  75              		.cfi_def_cfa_register 7
  76 0006 7860     		str	r0, [r7, #4]
 152:libs/STM32F4xx_StdPeriph_Driver/src/stm32f4xx_wwdg.c ****   uint32_t tmpreg = 0;
  77              		.loc 1 152 0
  78 0008 4FF00003 		mov	r3, #0
  79 000c FB60     		str	r3, [r7, #12]
 153:libs/STM32F4xx_StdPeriph_Driver/src/stm32f4xx_wwdg.c ****   /* Check the parameters */
 154:libs/STM32F4xx_StdPeriph_Driver/src/stm32f4xx_wwdg.c ****   assert_param(IS_WWDG_PRESCALER(WWDG_Prescaler));
 155:libs/STM32F4xx_StdPeriph_Driver/src/stm32f4xx_wwdg.c ****   /* Clear WDGTB[1:0] bits */
 156:libs/STM32F4xx_StdPeriph_Driver/src/stm32f4xx_wwdg.c ****   tmpreg = WWDG->CFR & CFR_WDGTB_MASK;
  80              		.loc 1 156 0
  81 000e 4FF43053 		mov	r3, #11264
  82 0012 C4F20003 		movt	r3, 16384
  83 0016 5B68     		ldr	r3, [r3, #4]
  84 0018 23F4C073 		bic	r3, r3, #384
  85 001c FB60     		str	r3, [r7, #12]
 157:libs/STM32F4xx_StdPeriph_Driver/src/stm32f4xx_wwdg.c ****   /* Set WDGTB[1:0] bits according to WWDG_Prescaler value */
 158:libs/STM32F4xx_StdPeriph_Driver/src/stm32f4xx_wwdg.c ****   tmpreg |= WWDG_Prescaler;
  86              		.loc 1 158 0
  87 001e FA68     		ldr	r2, [r7, #12]
  88 0020 7B68     		ldr	r3, [r7, #4]
  89 0022 1343     		orrs	r3, r3, r2
  90 0024 FB60     		str	r3, [r7, #12]
 159:libs/STM32F4xx_StdPeriph_Driver/src/stm32f4xx_wwdg.c ****   /* Store the new value */
 160:libs/STM32F4xx_StdPeriph_Driver/src/stm32f4xx_wwdg.c ****   WWDG->CFR = tmpreg;
  91              		.loc 1 160 0
  92 0026 4FF43053 		mov	r3, #11264
  93 002a C4F20003 		movt	r3, 16384
  94 002e FA68     		ldr	r2, [r7, #12]
  95 0030 5A60     		str	r2, [r3, #4]
 161:libs/STM32F4xx_StdPeriph_Driver/src/stm32f4xx_wwdg.c **** }
  96              		.loc 1 161 0
  97 0032 07F11407 		add	r7, r7, #20
  98 0036 BD46     		mov	sp, r7
  99 0038 80BC     		pop	{r7}
 100 003a 7047     		bx	lr
 101              		.cfi_endproc
 102              	.LFE111:
 104              		.section	.text.WWDG_SetWindowValue,"ax",%progbits
 105              		.align	2
 106              		.global	WWDG_SetWindowValue
 107              		.thumb
 108              		.thumb_func
 110              	WWDG_SetWindowValue:
 111              	.LFB112:
 162:libs/STM32F4xx_StdPeriph_Driver/src/stm32f4xx_wwdg.c **** 
 163:libs/STM32F4xx_StdPeriph_Driver/src/stm32f4xx_wwdg.c **** /**
 164:libs/STM32F4xx_StdPeriph_Driver/src/stm32f4xx_wwdg.c ****   * @brief  Sets the WWDG window value.
 165:libs/STM32F4xx_StdPeriph_Driver/src/stm32f4xx_wwdg.c ****   * @param  WindowValue: specifies the window value to be compared to the downcounter.
 166:libs/STM32F4xx_StdPeriph_Driver/src/stm32f4xx_wwdg.c ****   *   This parameter value must be lower than 0x80.
 167:libs/STM32F4xx_StdPeriph_Driver/src/stm32f4xx_wwdg.c ****   * @retval None
 168:libs/STM32F4xx_StdPeriph_Driver/src/stm32f4xx_wwdg.c ****   */
 169:libs/STM32F4xx_StdPeriph_Driver/src/stm32f4xx_wwdg.c **** void WWDG_SetWindowValue(uint8_t WindowValue)
 170:libs/STM32F4xx_StdPeriph_Driver/src/stm32f4xx_wwdg.c **** {
 112              		.loc 1 170 0
 113              		.cfi_startproc
 114              		@ args = 0, pretend = 0, frame = 16
 115              		@ frame_needed = 1, uses_anonymous_args = 0
 116              		@ link register save eliminated.
 117 0000 80B4     		push	{r7}
 118              	.LCFI5:
 119              		.cfi_def_cfa_offset 4
 120              		.cfi_offset 7, -4
 121 0002 85B0     		sub	sp, sp, #20
 122              	.LCFI6:
 123              		.cfi_def_cfa_offset 24
 124 0004 00AF     		add	r7, sp, #0
 125              	.LCFI7:
 126              		.cfi_def_cfa_register 7
 127 0006 0346     		mov	r3, r0
 128 0008 FB71     		strb	r3, [r7, #7]
 171:libs/STM32F4xx_StdPeriph_Driver/src/stm32f4xx_wwdg.c ****   __IO uint32_t tmpreg = 0;
 129              		.loc 1 171 0
 130 000a 4FF00003 		mov	r3, #0
 131 000e FB60     		str	r3, [r7, #12]
 172:libs/STM32F4xx_StdPeriph_Driver/src/stm32f4xx_wwdg.c **** 
 173:libs/STM32F4xx_StdPeriph_Driver/src/stm32f4xx_wwdg.c ****   /* Check the parameters */
 174:libs/STM32F4xx_StdPeriph_Driver/src/stm32f4xx_wwdg.c ****   assert_param(IS_WWDG_WINDOW_VALUE(WindowValue));
 175:libs/STM32F4xx_StdPeriph_Driver/src/stm32f4xx_wwdg.c ****   /* Clear W[6:0] bits */
 176:libs/STM32F4xx_StdPeriph_Driver/src/stm32f4xx_wwdg.c **** 
 177:libs/STM32F4xx_StdPeriph_Driver/src/stm32f4xx_wwdg.c ****   tmpreg = WWDG->CFR & CFR_W_MASK;
 132              		.loc 1 177 0
 133 0010 4FF43053 		mov	r3, #11264
 134 0014 C4F20003 		movt	r3, 16384
 135 0018 5B68     		ldr	r3, [r3, #4]
 136 001a 23F07F03 		bic	r3, r3, #127
 137 001e FB60     		str	r3, [r7, #12]
 178:libs/STM32F4xx_StdPeriph_Driver/src/stm32f4xx_wwdg.c **** 
 179:libs/STM32F4xx_StdPeriph_Driver/src/stm32f4xx_wwdg.c ****   /* Set W[6:0] bits according to WindowValue value */
 180:libs/STM32F4xx_StdPeriph_Driver/src/stm32f4xx_wwdg.c ****   tmpreg |= WindowValue & (uint32_t) BIT_MASK;
 138              		.loc 1 180 0
 139 0020 FB79     		ldrb	r3, [r7, #7]	@ zero_extendqisi2
 140 0022 03F07F02 		and	r2, r3, #127
 141 0026 FB68     		ldr	r3, [r7, #12]
 142 0028 1343     		orrs	r3, r3, r2
 143 002a FB60     		str	r3, [r7, #12]
 181:libs/STM32F4xx_StdPeriph_Driver/src/stm32f4xx_wwdg.c **** 
 182:libs/STM32F4xx_StdPeriph_Driver/src/stm32f4xx_wwdg.c ****   /* Store the new value */
 183:libs/STM32F4xx_StdPeriph_Driver/src/stm32f4xx_wwdg.c ****   WWDG->CFR = tmpreg;
 144              		.loc 1 183 0
 145 002c 4FF43053 		mov	r3, #11264
 146 0030 C4F20003 		movt	r3, 16384
 147 0034 FA68     		ldr	r2, [r7, #12]
 148 0036 5A60     		str	r2, [r3, #4]
 184:libs/STM32F4xx_StdPeriph_Driver/src/stm32f4xx_wwdg.c **** }
 149              		.loc 1 184 0
 150 0038 07F11407 		add	r7, r7, #20
 151 003c BD46     		mov	sp, r7
 152 003e 80BC     		pop	{r7}
 153 0040 7047     		bx	lr
 154              		.cfi_endproc
 155              	.LFE112:
 157 0042 00BF     		.section	.text.WWDG_EnableIT,"ax",%progbits
 158              		.align	2
 159              		.global	WWDG_EnableIT
 160              		.thumb
 161              		.thumb_func
 163              	WWDG_EnableIT:
 164              	.LFB113:
 185:libs/STM32F4xx_StdPeriph_Driver/src/stm32f4xx_wwdg.c **** 
 186:libs/STM32F4xx_StdPeriph_Driver/src/stm32f4xx_wwdg.c **** /**
 187:libs/STM32F4xx_StdPeriph_Driver/src/stm32f4xx_wwdg.c ****   * @brief  Enables the WWDG Early Wakeup interrupt(EWI).
 188:libs/STM32F4xx_StdPeriph_Driver/src/stm32f4xx_wwdg.c ****   * @note   Once enabled this interrupt cannot be disabled except by a system reset.
 189:libs/STM32F4xx_StdPeriph_Driver/src/stm32f4xx_wwdg.c ****   * @param  None
 190:libs/STM32F4xx_StdPeriph_Driver/src/stm32f4xx_wwdg.c ****   * @retval None
 191:libs/STM32F4xx_StdPeriph_Driver/src/stm32f4xx_wwdg.c ****   */
 192:libs/STM32F4xx_StdPeriph_Driver/src/stm32f4xx_wwdg.c **** void WWDG_EnableIT(void)
 193:libs/STM32F4xx_StdPeriph_Driver/src/stm32f4xx_wwdg.c **** {
 165              		.loc 1 193 0
 166              		.cfi_startproc
 167              		@ args = 0, pretend = 0, frame = 0
 168              		@ frame_needed = 1, uses_anonymous_args = 0
 169              		@ link register save eliminated.
 170 0000 80B4     		push	{r7}
 171              	.LCFI8:
 172              		.cfi_def_cfa_offset 4
 173              		.cfi_offset 7, -4
 174 0002 00AF     		add	r7, sp, #0
 175              	.LCFI9:
 176              		.cfi_def_cfa_register 7
 194:libs/STM32F4xx_StdPeriph_Driver/src/stm32f4xx_wwdg.c ****   *(__IO uint32_t *) CFR_EWI_BB = (uint32_t)ENABLE;
 177              		.loc 1 194 0
 178 0004 48F2A403 		movw	r3, #32932
 179 0008 C4F20523 		movt	r3, 16901
 180 000c 4FF00102 		mov	r2, #1
 181 0010 1A60     		str	r2, [r3, #0]
 195:libs/STM32F4xx_StdPeriph_Driver/src/stm32f4xx_wwdg.c **** }
 182              		.loc 1 195 0
 183 0012 BD46     		mov	sp, r7
 184 0014 80BC     		pop	{r7}
 185 0016 7047     		bx	lr
 186              		.cfi_endproc
 187              	.LFE113:
 189              		.section	.text.WWDG_SetCounter,"ax",%progbits
 190              		.align	2
 191              		.global	WWDG_SetCounter
 192              		.thumb
 193              		.thumb_func
 195              	WWDG_SetCounter:
 196              	.LFB114:
 196:libs/STM32F4xx_StdPeriph_Driver/src/stm32f4xx_wwdg.c **** 
 197:libs/STM32F4xx_StdPeriph_Driver/src/stm32f4xx_wwdg.c **** /**
 198:libs/STM32F4xx_StdPeriph_Driver/src/stm32f4xx_wwdg.c ****   * @brief  Sets the WWDG counter value.
 199:libs/STM32F4xx_StdPeriph_Driver/src/stm32f4xx_wwdg.c ****   * @param  Counter: specifies the watchdog counter value.
 200:libs/STM32F4xx_StdPeriph_Driver/src/stm32f4xx_wwdg.c ****   *   This parameter must be a number between 0x40 and 0x7F (to prevent generating
 201:libs/STM32F4xx_StdPeriph_Driver/src/stm32f4xx_wwdg.c ****   *   an immediate reset) 
 202:libs/STM32F4xx_StdPeriph_Driver/src/stm32f4xx_wwdg.c ****   * @retval None
 203:libs/STM32F4xx_StdPeriph_Driver/src/stm32f4xx_wwdg.c ****   */
 204:libs/STM32F4xx_StdPeriph_Driver/src/stm32f4xx_wwdg.c **** void WWDG_SetCounter(uint8_t Counter)
 205:libs/STM32F4xx_StdPeriph_Driver/src/stm32f4xx_wwdg.c **** {
 197              		.loc 1 205 0
 198              		.cfi_startproc
 199              		@ args = 0, pretend = 0, frame = 8
 200              		@ frame_needed = 1, uses_anonymous_args = 0
 201              		@ link register save eliminated.
 202 0000 80B4     		push	{r7}
 203              	.LCFI10:
 204              		.cfi_def_cfa_offset 4
 205              		.cfi_offset 7, -4
 206 0002 83B0     		sub	sp, sp, #12
 207              	.LCFI11:
 208              		.cfi_def_cfa_offset 16
 209 0004 00AF     		add	r7, sp, #0
 210              	.LCFI12:
 211              		.cfi_def_cfa_register 7
 212 0006 0346     		mov	r3, r0
 213 0008 FB71     		strb	r3, [r7, #7]
 206:libs/STM32F4xx_StdPeriph_Driver/src/stm32f4xx_wwdg.c ****   /* Check the parameters */
 207:libs/STM32F4xx_StdPeriph_Driver/src/stm32f4xx_wwdg.c ****   assert_param(IS_WWDG_COUNTER(Counter));
 208:libs/STM32F4xx_StdPeriph_Driver/src/stm32f4xx_wwdg.c ****   /* Write to T[6:0] bits to configure the counter value, no need to do
 209:libs/STM32F4xx_StdPeriph_Driver/src/stm32f4xx_wwdg.c ****      a read-modify-write; writing a 0 to WDGA bit does nothing */
 210:libs/STM32F4xx_StdPeriph_Driver/src/stm32f4xx_wwdg.c ****   WWDG->CR = Counter & BIT_MASK;
 214              		.loc 1 210 0
 215 000a 4FF43053 		mov	r3, #11264
 216 000e C4F20003 		movt	r3, 16384
 217 0012 FA79     		ldrb	r2, [r7, #7]	@ zero_extendqisi2
 218 0014 02F07F02 		and	r2, r2, #127
 219 0018 1A60     		str	r2, [r3, #0]
 211:libs/STM32F4xx_StdPeriph_Driver/src/stm32f4xx_wwdg.c **** }
 220              		.loc 1 211 0
 221 001a 07F10C07 		add	r7, r7, #12
 222 001e BD46     		mov	sp, r7
 223 0020 80BC     		pop	{r7}
 224 0022 7047     		bx	lr
 225              		.cfi_endproc
 226              	.LFE114:
 228              		.section	.text.WWDG_Enable,"ax",%progbits
 229              		.align	2
 230              		.global	WWDG_Enable
 231              		.thumb
 232              		.thumb_func
 234              	WWDG_Enable:
 235              	.LFB115:
 212:libs/STM32F4xx_StdPeriph_Driver/src/stm32f4xx_wwdg.c **** /**
 213:libs/STM32F4xx_StdPeriph_Driver/src/stm32f4xx_wwdg.c ****   * @}
 214:libs/STM32F4xx_StdPeriph_Driver/src/stm32f4xx_wwdg.c ****   */
 215:libs/STM32F4xx_StdPeriph_Driver/src/stm32f4xx_wwdg.c **** 
 216:libs/STM32F4xx_StdPeriph_Driver/src/stm32f4xx_wwdg.c **** /** @defgroup WWDG_Group2 WWDG activation functions
 217:libs/STM32F4xx_StdPeriph_Driver/src/stm32f4xx_wwdg.c ****  *  @brief   WWDG activation functions 
 218:libs/STM32F4xx_StdPeriph_Driver/src/stm32f4xx_wwdg.c ****  *
 219:libs/STM32F4xx_StdPeriph_Driver/src/stm32f4xx_wwdg.c **** @verbatim   
 220:libs/STM32F4xx_StdPeriph_Driver/src/stm32f4xx_wwdg.c ****  ===============================================================================
 221:libs/STM32F4xx_StdPeriph_Driver/src/stm32f4xx_wwdg.c ****                        WWDG activation function
 222:libs/STM32F4xx_StdPeriph_Driver/src/stm32f4xx_wwdg.c ****  ===============================================================================  
 223:libs/STM32F4xx_StdPeriph_Driver/src/stm32f4xx_wwdg.c **** 
 224:libs/STM32F4xx_StdPeriph_Driver/src/stm32f4xx_wwdg.c **** @endverbatim
 225:libs/STM32F4xx_StdPeriph_Driver/src/stm32f4xx_wwdg.c ****   * @{
 226:libs/STM32F4xx_StdPeriph_Driver/src/stm32f4xx_wwdg.c ****   */
 227:libs/STM32F4xx_StdPeriph_Driver/src/stm32f4xx_wwdg.c **** 
 228:libs/STM32F4xx_StdPeriph_Driver/src/stm32f4xx_wwdg.c **** /**
 229:libs/STM32F4xx_StdPeriph_Driver/src/stm32f4xx_wwdg.c ****   * @brief  Enables WWDG and load the counter value.                  
 230:libs/STM32F4xx_StdPeriph_Driver/src/stm32f4xx_wwdg.c ****   * @param  Counter: specifies the watchdog counter value.
 231:libs/STM32F4xx_StdPeriph_Driver/src/stm32f4xx_wwdg.c ****   *   This parameter must be a number between 0x40 and 0x7F (to prevent generating
 232:libs/STM32F4xx_StdPeriph_Driver/src/stm32f4xx_wwdg.c ****   *   an immediate reset)
 233:libs/STM32F4xx_StdPeriph_Driver/src/stm32f4xx_wwdg.c ****   * @retval None
 234:libs/STM32F4xx_StdPeriph_Driver/src/stm32f4xx_wwdg.c ****   */
 235:libs/STM32F4xx_StdPeriph_Driver/src/stm32f4xx_wwdg.c **** void WWDG_Enable(uint8_t Counter)
 236:libs/STM32F4xx_StdPeriph_Driver/src/stm32f4xx_wwdg.c **** {
 236              		.loc 1 236 0
 237              		.cfi_startproc
 238              		@ args = 0, pretend = 0, frame = 8
 239              		@ frame_needed = 1, uses_anonymous_args = 0
 240              		@ link register save eliminated.
 241 0000 80B4     		push	{r7}
 242              	.LCFI13:
 243              		.cfi_def_cfa_offset 4
 244              		.cfi_offset 7, -4
 245 0002 83B0     		sub	sp, sp, #12
 246              	.LCFI14:
 247              		.cfi_def_cfa_offset 16
 248 0004 00AF     		add	r7, sp, #0
 249              	.LCFI15:
 250              		.cfi_def_cfa_register 7
 251 0006 0346     		mov	r3, r0
 252 0008 FB71     		strb	r3, [r7, #7]
 237:libs/STM32F4xx_StdPeriph_Driver/src/stm32f4xx_wwdg.c ****   /* Check the parameters */
 238:libs/STM32F4xx_StdPeriph_Driver/src/stm32f4xx_wwdg.c ****   assert_param(IS_WWDG_COUNTER(Counter));
 239:libs/STM32F4xx_StdPeriph_Driver/src/stm32f4xx_wwdg.c ****   WWDG->CR = WWDG_CR_WDGA | Counter;
 253              		.loc 1 239 0
 254 000a 4FF43053 		mov	r3, #11264
 255 000e C4F20003 		movt	r3, 16384
 256 0012 FA79     		ldrb	r2, [r7, #7]
 257 0014 62F07F02 		orn	r2, r2, #127
 258 0018 D2B2     		uxtb	r2, r2
 259 001a 1A60     		str	r2, [r3, #0]
 240:libs/STM32F4xx_StdPeriph_Driver/src/stm32f4xx_wwdg.c **** }
 260              		.loc 1 240 0
 261 001c 07F10C07 		add	r7, r7, #12
 262 0020 BD46     		mov	sp, r7
 263 0022 80BC     		pop	{r7}
 264 0024 7047     		bx	lr
 265              		.cfi_endproc
 266              	.LFE115:
 268 0026 00BF     		.section	.text.WWDG_GetFlagStatus,"ax",%progbits
 269              		.align	2
 270              		.global	WWDG_GetFlagStatus
 271              		.thumb
 272              		.thumb_func
 274              	WWDG_GetFlagStatus:
 275              	.LFB116:
 241:libs/STM32F4xx_StdPeriph_Driver/src/stm32f4xx_wwdg.c **** /**
 242:libs/STM32F4xx_StdPeriph_Driver/src/stm32f4xx_wwdg.c ****   * @}
 243:libs/STM32F4xx_StdPeriph_Driver/src/stm32f4xx_wwdg.c ****   */
 244:libs/STM32F4xx_StdPeriph_Driver/src/stm32f4xx_wwdg.c **** 
 245:libs/STM32F4xx_StdPeriph_Driver/src/stm32f4xx_wwdg.c **** /** @defgroup WWDG_Group3 Interrupts and flags management functions
 246:libs/STM32F4xx_StdPeriph_Driver/src/stm32f4xx_wwdg.c ****  *  @brief   Interrupts and flags management functions 
 247:libs/STM32F4xx_StdPeriph_Driver/src/stm32f4xx_wwdg.c ****  *
 248:libs/STM32F4xx_StdPeriph_Driver/src/stm32f4xx_wwdg.c **** @verbatim   
 249:libs/STM32F4xx_StdPeriph_Driver/src/stm32f4xx_wwdg.c ****  ===============================================================================
 250:libs/STM32F4xx_StdPeriph_Driver/src/stm32f4xx_wwdg.c ****                  Interrupts and flags management functions
 251:libs/STM32F4xx_StdPeriph_Driver/src/stm32f4xx_wwdg.c ****  ===============================================================================  
 252:libs/STM32F4xx_StdPeriph_Driver/src/stm32f4xx_wwdg.c **** 
 253:libs/STM32F4xx_StdPeriph_Driver/src/stm32f4xx_wwdg.c **** @endverbatim
 254:libs/STM32F4xx_StdPeriph_Driver/src/stm32f4xx_wwdg.c ****   * @{
 255:libs/STM32F4xx_StdPeriph_Driver/src/stm32f4xx_wwdg.c ****   */
 256:libs/STM32F4xx_StdPeriph_Driver/src/stm32f4xx_wwdg.c **** 
 257:libs/STM32F4xx_StdPeriph_Driver/src/stm32f4xx_wwdg.c **** /**
 258:libs/STM32F4xx_StdPeriph_Driver/src/stm32f4xx_wwdg.c ****   * @brief  Checks whether the Early Wakeup interrupt flag is set or not.
 259:libs/STM32F4xx_StdPeriph_Driver/src/stm32f4xx_wwdg.c ****   * @param  None
 260:libs/STM32F4xx_StdPeriph_Driver/src/stm32f4xx_wwdg.c ****   * @retval The new state of the Early Wakeup interrupt flag (SET or RESET)
 261:libs/STM32F4xx_StdPeriph_Driver/src/stm32f4xx_wwdg.c ****   */
 262:libs/STM32F4xx_StdPeriph_Driver/src/stm32f4xx_wwdg.c **** FlagStatus WWDG_GetFlagStatus(void)
 263:libs/STM32F4xx_StdPeriph_Driver/src/stm32f4xx_wwdg.c **** {
 276              		.loc 1 263 0
 277              		.cfi_startproc
 278              		@ args = 0, pretend = 0, frame = 8
 279              		@ frame_needed = 1, uses_anonymous_args = 0
 280              		@ link register save eliminated.
 281 0000 80B4     		push	{r7}
 282              	.LCFI16:
 283              		.cfi_def_cfa_offset 4
 284              		.cfi_offset 7, -4
 285 0002 83B0     		sub	sp, sp, #12
 286              	.LCFI17:
 287              		.cfi_def_cfa_offset 16
 288 0004 00AF     		add	r7, sp, #0
 289              	.LCFI18:
 290              		.cfi_def_cfa_register 7
 264:libs/STM32F4xx_StdPeriph_Driver/src/stm32f4xx_wwdg.c ****   FlagStatus bitstatus = RESET;
 291              		.loc 1 264 0
 292 0006 4FF00003 		mov	r3, #0
 293 000a FB71     		strb	r3, [r7, #7]
 265:libs/STM32F4xx_StdPeriph_Driver/src/stm32f4xx_wwdg.c ****     
 266:libs/STM32F4xx_StdPeriph_Driver/src/stm32f4xx_wwdg.c ****   if ((WWDG->SR) != (uint32_t)RESET)
 294              		.loc 1 266 0
 295 000c 4FF43053 		mov	r3, #11264
 296 0010 C4F20003 		movt	r3, 16384
 297 0014 9B68     		ldr	r3, [r3, #8]
 298 0016 002B     		cmp	r3, #0
 299 0018 03D0     		beq	.L8
 267:libs/STM32F4xx_StdPeriph_Driver/src/stm32f4xx_wwdg.c ****   {
 268:libs/STM32F4xx_StdPeriph_Driver/src/stm32f4xx_wwdg.c ****     bitstatus = SET;
 300              		.loc 1 268 0
 301 001a 4FF00103 		mov	r3, #1
 302 001e FB71     		strb	r3, [r7, #7]
 303 0020 02E0     		b	.L9
 304              	.L8:
 269:libs/STM32F4xx_StdPeriph_Driver/src/stm32f4xx_wwdg.c ****   }
 270:libs/STM32F4xx_StdPeriph_Driver/src/stm32f4xx_wwdg.c ****   else
 271:libs/STM32F4xx_StdPeriph_Driver/src/stm32f4xx_wwdg.c ****   {
 272:libs/STM32F4xx_StdPeriph_Driver/src/stm32f4xx_wwdg.c ****     bitstatus = RESET;
 305              		.loc 1 272 0
 306 0022 4FF00003 		mov	r3, #0
 307 0026 FB71     		strb	r3, [r7, #7]
 308              	.L9:
 273:libs/STM32F4xx_StdPeriph_Driver/src/stm32f4xx_wwdg.c ****   }
 274:libs/STM32F4xx_StdPeriph_Driver/src/stm32f4xx_wwdg.c ****   return bitstatus;
 309              		.loc 1 274 0
 310 0028 FB79     		ldrb	r3, [r7, #7]	@ zero_extendqisi2
 275:libs/STM32F4xx_StdPeriph_Driver/src/stm32f4xx_wwdg.c **** }
 311              		.loc 1 275 0
 312 002a 1846     		mov	r0, r3
 313 002c 07F10C07 		add	r7, r7, #12
 314 0030 BD46     		mov	sp, r7
 315 0032 80BC     		pop	{r7}
 316 0034 7047     		bx	lr
 317              		.cfi_endproc
 318              	.LFE116:
 320 0036 00BF     		.section	.text.WWDG_ClearFlag,"ax",%progbits
 321              		.align	2
 322              		.global	WWDG_ClearFlag
 323              		.thumb
 324              		.thumb_func
 326              	WWDG_ClearFlag:
 327              	.LFB117:
 276:libs/STM32F4xx_StdPeriph_Driver/src/stm32f4xx_wwdg.c **** 
 277:libs/STM32F4xx_StdPeriph_Driver/src/stm32f4xx_wwdg.c **** /**
 278:libs/STM32F4xx_StdPeriph_Driver/src/stm32f4xx_wwdg.c ****   * @brief  Clears Early Wakeup interrupt flag.
 279:libs/STM32F4xx_StdPeriph_Driver/src/stm32f4xx_wwdg.c ****   * @param  None
 280:libs/STM32F4xx_StdPeriph_Driver/src/stm32f4xx_wwdg.c ****   * @retval None
 281:libs/STM32F4xx_StdPeriph_Driver/src/stm32f4xx_wwdg.c ****   */
 282:libs/STM32F4xx_StdPeriph_Driver/src/stm32f4xx_wwdg.c **** void WWDG_ClearFlag(void)
 283:libs/STM32F4xx_StdPeriph_Driver/src/stm32f4xx_wwdg.c **** {
 328              		.loc 1 283 0
 329              		.cfi_startproc
 330              		@ args = 0, pretend = 0, frame = 0
 331              		@ frame_needed = 1, uses_anonymous_args = 0
 332              		@ link register save eliminated.
 333 0000 80B4     		push	{r7}
 334              	.LCFI19:
 335              		.cfi_def_cfa_offset 4
 336              		.cfi_offset 7, -4
 337 0002 00AF     		add	r7, sp, #0
 338              	.LCFI20:
 339              		.cfi_def_cfa_register 7
 284:libs/STM32F4xx_StdPeriph_Driver/src/stm32f4xx_wwdg.c ****   WWDG->SR = (uint32_t)RESET;
 340              		.loc 1 284 0
 341 0004 4FF43053 		mov	r3, #11264
 342 0008 C4F20003 		movt	r3, 16384
 343 000c 4FF00002 		mov	r2, #0
 344 0010 9A60     		str	r2, [r3, #8]
 285:libs/STM32F4xx_StdPeriph_Driver/src/stm32f4xx_wwdg.c **** }
 345              		.loc 1 285 0
 346 0012 BD46     		mov	sp, r7
 347 0014 80BC     		pop	{r7}
 348 0016 7047     		bx	lr
 349              		.cfi_endproc
 350              	.LFE117:
 352              		.text
 353              	.Letext0:
 354              		.file 2 "/usr/local/csl/arm-2012.03/bin/../lib/gcc/arm-none-eabi/4.6.3/../../../../arm-none-eabi/i
 355              		.file 3 "libs/Device/STM32F4xx/Include/stm32f4xx.h"
 356              		.file 4 "libs/CMSIS/Include/core_cm4.h"
DEFINED SYMBOLS
                            *ABS*:00000000 stm32f4xx_wwdg.c
     /tmp/ccnyfzXO.s:20     .text.WWDG_DeInit:00000000 $t
     /tmp/ccnyfzXO.s:25     .text.WWDG_DeInit:00000000 WWDG_DeInit
     /tmp/ccnyfzXO.s:54     .text.WWDG_SetPrescaler:00000000 $t
     /tmp/ccnyfzXO.s:59     .text.WWDG_SetPrescaler:00000000 WWDG_SetPrescaler
     /tmp/ccnyfzXO.s:105    .text.WWDG_SetWindowValue:00000000 $t
     /tmp/ccnyfzXO.s:110    .text.WWDG_SetWindowValue:00000000 WWDG_SetWindowValue
     /tmp/ccnyfzXO.s:158    .text.WWDG_EnableIT:00000000 $t
     /tmp/ccnyfzXO.s:163    .text.WWDG_EnableIT:00000000 WWDG_EnableIT
     /tmp/ccnyfzXO.s:190    .text.WWDG_SetCounter:00000000 $t
     /tmp/ccnyfzXO.s:195    .text.WWDG_SetCounter:00000000 WWDG_SetCounter
     /tmp/ccnyfzXO.s:229    .text.WWDG_Enable:00000000 $t
     /tmp/ccnyfzXO.s:234    .text.WWDG_Enable:00000000 WWDG_Enable
     /tmp/ccnyfzXO.s:269    .text.WWDG_GetFlagStatus:00000000 $t
     /tmp/ccnyfzXO.s:274    .text.WWDG_GetFlagStatus:00000000 WWDG_GetFlagStatus
     /tmp/ccnyfzXO.s:321    .text.WWDG_ClearFlag:00000000 $t
     /tmp/ccnyfzXO.s:326    .text.WWDG_ClearFlag:00000000 WWDG_ClearFlag
                     .debug_frame:00000010 $d

UNDEFINED SYMBOLS
RCC_APB1PeriphResetCmd
