   1              		.syntax unified
   2              		.cpu cortex-m4
   3              		.eabi_attribute 27, 3
   4              		.fpu fpv4-sp-d16
   5              		.eabi_attribute 20, 1
   6              		.eabi_attribute 21, 1
   7              		.eabi_attribute 23, 3
   8              		.eabi_attribute 24, 1
   9              		.eabi_attribute 25, 1
  10              		.eabi_attribute 26, 1
  11              		.eabi_attribute 30, 6
  12              		.eabi_attribute 34, 1
  13              		.eabi_attribute 18, 4
  14              		.thumb
  15              		.file	"stm32f4xx_gpio.c"
  16              		.text
  17              	.Ltext0:
  18              		.cfi_sections	.debug_frame
  19              		.section	.text.GPIO_DeInit,"ax",%progbits
  20              		.align	2
  21              		.global	GPIO_DeInit
  22              		.thumb
  23              		.thumb_func
  25              	GPIO_DeInit:
  26              	.LFB110:
  27              		.file 1 "libs/STM32F4xx_StdPeriph_Driver/src/stm32f4xx_gpio.c"
   1:libs/STM32F4xx_StdPeriph_Driver/src/stm32f4xx_gpio.c **** /**
   2:libs/STM32F4xx_StdPeriph_Driver/src/stm32f4xx_gpio.c ****   ******************************************************************************
   3:libs/STM32F4xx_StdPeriph_Driver/src/stm32f4xx_gpio.c ****   * @file    stm32f4xx_gpio.c
   4:libs/STM32F4xx_StdPeriph_Driver/src/stm32f4xx_gpio.c ****   * @author  MCD Application Team
   5:libs/STM32F4xx_StdPeriph_Driver/src/stm32f4xx_gpio.c ****   * @version V1.0.0RC1
   6:libs/STM32F4xx_StdPeriph_Driver/src/stm32f4xx_gpio.c ****   * @date    25-August-2011
   7:libs/STM32F4xx_StdPeriph_Driver/src/stm32f4xx_gpio.c ****   * @brief   This file provides firmware functions to manage the following 
   8:libs/STM32F4xx_StdPeriph_Driver/src/stm32f4xx_gpio.c ****   *          functionalities of the GPIO peripheral:           
   9:libs/STM32F4xx_StdPeriph_Driver/src/stm32f4xx_gpio.c ****   *           - Initialization and Configuration
  10:libs/STM32F4xx_StdPeriph_Driver/src/stm32f4xx_gpio.c ****   *           - GPIO Read and Write
  11:libs/STM32F4xx_StdPeriph_Driver/src/stm32f4xx_gpio.c ****   *           - GPIO Alternate functions configuration
  12:libs/STM32F4xx_StdPeriph_Driver/src/stm32f4xx_gpio.c ****   * 
  13:libs/STM32F4xx_StdPeriph_Driver/src/stm32f4xx_gpio.c ****   *  @verbatim
  14:libs/STM32F4xx_StdPeriph_Driver/src/stm32f4xx_gpio.c ****   *
  15:libs/STM32F4xx_StdPeriph_Driver/src/stm32f4xx_gpio.c ****   *          ===================================================================
  16:libs/STM32F4xx_StdPeriph_Driver/src/stm32f4xx_gpio.c ****   *                                 How to use this driver
  17:libs/STM32F4xx_StdPeriph_Driver/src/stm32f4xx_gpio.c ****   *          ===================================================================       
  18:libs/STM32F4xx_StdPeriph_Driver/src/stm32f4xx_gpio.c ****   *           1. Enable the GPIO AHB clock using the following function
  19:libs/STM32F4xx_StdPeriph_Driver/src/stm32f4xx_gpio.c ****   *                RCC_AHB1PeriphClockCmd(RCC_AHB1Periph_GPIOx, ENABLE);
  20:libs/STM32F4xx_StdPeriph_Driver/src/stm32f4xx_gpio.c ****   *             
  21:libs/STM32F4xx_StdPeriph_Driver/src/stm32f4xx_gpio.c ****   *           2. Configure the GPIO pin(s) using GPIO_Init()
  22:libs/STM32F4xx_StdPeriph_Driver/src/stm32f4xx_gpio.c ****   *              Four possible configuration are available for each pin:
  23:libs/STM32F4xx_StdPeriph_Driver/src/stm32f4xx_gpio.c ****   *                - Input: Floating, Pull-up, Pull-down.
  24:libs/STM32F4xx_StdPeriph_Driver/src/stm32f4xx_gpio.c ****   *                - Output: Push-Pull (Pull-up, Pull-down or no Pull)
  25:libs/STM32F4xx_StdPeriph_Driver/src/stm32f4xx_gpio.c ****   *                          Open Drain (Pull-up, Pull-down or no Pull).
  26:libs/STM32F4xx_StdPeriph_Driver/src/stm32f4xx_gpio.c ****   *                  In output mode, the speed is configurable: 2 MHz, 25 MHz,
  27:libs/STM32F4xx_StdPeriph_Driver/src/stm32f4xx_gpio.c ****   *                  50 MHz or 100 MHz.
  28:libs/STM32F4xx_StdPeriph_Driver/src/stm32f4xx_gpio.c ****   *                - Alternate Function: Push-Pull (Pull-up, Pull-down or no Pull)
  29:libs/STM32F4xx_StdPeriph_Driver/src/stm32f4xx_gpio.c ****   *                                      Open Drain (Pull-up, Pull-down or no Pull).
  30:libs/STM32F4xx_StdPeriph_Driver/src/stm32f4xx_gpio.c ****   *                - Analog: required mode when a pin is to be used as ADC channel
  31:libs/STM32F4xx_StdPeriph_Driver/src/stm32f4xx_gpio.c ****   *                          or DAC output.
  32:libs/STM32F4xx_StdPeriph_Driver/src/stm32f4xx_gpio.c ****   * 
  33:libs/STM32F4xx_StdPeriph_Driver/src/stm32f4xx_gpio.c ****   *          3- Peripherals alternate function:
  34:libs/STM32F4xx_StdPeriph_Driver/src/stm32f4xx_gpio.c ****   *              - For ADC and DAC, configure the desired pin in analog mode using 
  35:libs/STM32F4xx_StdPeriph_Driver/src/stm32f4xx_gpio.c ****   *                  GPIO_InitStruct->GPIO_Mode = GPIO_Mode_AN;
  36:libs/STM32F4xx_StdPeriph_Driver/src/stm32f4xx_gpio.c ****   *              - For other peripherals (TIM, USART...):
  37:libs/STM32F4xx_StdPeriph_Driver/src/stm32f4xx_gpio.c ****   *                 - Connect the pin to the desired peripherals' Alternate 
  38:libs/STM32F4xx_StdPeriph_Driver/src/stm32f4xx_gpio.c ****   *                   Function (AF) using GPIO_PinAFConfig() function
  39:libs/STM32F4xx_StdPeriph_Driver/src/stm32f4xx_gpio.c ****   *                 - Configure the desired pin in alternate function mode using
  40:libs/STM32F4xx_StdPeriph_Driver/src/stm32f4xx_gpio.c ****   *                   GPIO_InitStruct->GPIO_Mode = GPIO_Mode_AF
  41:libs/STM32F4xx_StdPeriph_Driver/src/stm32f4xx_gpio.c ****   *                 - Select the type, pull-up/pull-down and output speed via 
  42:libs/STM32F4xx_StdPeriph_Driver/src/stm32f4xx_gpio.c ****   *                   GPIO_PuPd, GPIO_OType and GPIO_Speed members
  43:libs/STM32F4xx_StdPeriph_Driver/src/stm32f4xx_gpio.c ****   *                 - Call GPIO_Init() function
  44:libs/STM32F4xx_StdPeriph_Driver/src/stm32f4xx_gpio.c ****   *        
  45:libs/STM32F4xx_StdPeriph_Driver/src/stm32f4xx_gpio.c ****   *          4. To get the level of a pin configured in input mode use GPIO_ReadInputDataBit()
  46:libs/STM32F4xx_StdPeriph_Driver/src/stm32f4xx_gpio.c ****   *          
  47:libs/STM32F4xx_StdPeriph_Driver/src/stm32f4xx_gpio.c ****   *          5. To set/reset the level of a pin configured in output mode use
  48:libs/STM32F4xx_StdPeriph_Driver/src/stm32f4xx_gpio.c ****   *             GPIO_SetBits()/GPIO_ResetBits()
  49:libs/STM32F4xx_StdPeriph_Driver/src/stm32f4xx_gpio.c ****   *               
  50:libs/STM32F4xx_StdPeriph_Driver/src/stm32f4xx_gpio.c ****   *          6. During and just after reset, the alternate functions are not 
  51:libs/STM32F4xx_StdPeriph_Driver/src/stm32f4xx_gpio.c ****   *             active and the GPIO pins are configured in input floating mode
  52:libs/STM32F4xx_StdPeriph_Driver/src/stm32f4xx_gpio.c ****   *             (except JTAG pins).
  53:libs/STM32F4xx_StdPeriph_Driver/src/stm32f4xx_gpio.c ****   *
  54:libs/STM32F4xx_StdPeriph_Driver/src/stm32f4xx_gpio.c ****   *          7. The LSE oscillator pins OSC32_IN and OSC32_OUT can be used as 
  55:libs/STM32F4xx_StdPeriph_Driver/src/stm32f4xx_gpio.c ****   *             general-purpose (PC14 and PC15, respectively) when the LSE
  56:libs/STM32F4xx_StdPeriph_Driver/src/stm32f4xx_gpio.c ****   *             oscillator is off. The LSE has priority over the GPIO function.
  57:libs/STM32F4xx_StdPeriph_Driver/src/stm32f4xx_gpio.c ****   *
  58:libs/STM32F4xx_StdPeriph_Driver/src/stm32f4xx_gpio.c ****   *          8. The HSE oscillator pins OSC_IN/OSC_OUT can be used as 
  59:libs/STM32F4xx_StdPeriph_Driver/src/stm32f4xx_gpio.c ****   *             general-purpose PH0 and PH1, respectively, when the HSE 
  60:libs/STM32F4xx_StdPeriph_Driver/src/stm32f4xx_gpio.c ****   *             oscillator is off. The HSE has priority over the GPIO function.
  61:libs/STM32F4xx_StdPeriph_Driver/src/stm32f4xx_gpio.c ****   *             
  62:libs/STM32F4xx_StdPeriph_Driver/src/stm32f4xx_gpio.c ****   *  @endverbatim        
  63:libs/STM32F4xx_StdPeriph_Driver/src/stm32f4xx_gpio.c ****   *
  64:libs/STM32F4xx_StdPeriph_Driver/src/stm32f4xx_gpio.c ****   ******************************************************************************
  65:libs/STM32F4xx_StdPeriph_Driver/src/stm32f4xx_gpio.c ****   * @attention
  66:libs/STM32F4xx_StdPeriph_Driver/src/stm32f4xx_gpio.c ****   *
  67:libs/STM32F4xx_StdPeriph_Driver/src/stm32f4xx_gpio.c ****   * THE PRESENT FIRMWARE WHICH IS FOR GUIDANCE ONLY AIMS AT PROVIDING CUSTOMERS
  68:libs/STM32F4xx_StdPeriph_Driver/src/stm32f4xx_gpio.c ****   * WITH CODING INFORMATION REGARDING THEIR PRODUCTS IN ORDER FOR THEM TO SAVE
  69:libs/STM32F4xx_StdPeriph_Driver/src/stm32f4xx_gpio.c ****   * TIME. AS A RESULT, STMICROELECTRONICS SHALL NOT BE HELD LIABLE FOR ANY
  70:libs/STM32F4xx_StdPeriph_Driver/src/stm32f4xx_gpio.c ****   * DIRECT, INDIRECT OR CONSEQUENTIAL DAMAGES WITH RESPECT TO ANY CLAIMS ARISING
  71:libs/STM32F4xx_StdPeriph_Driver/src/stm32f4xx_gpio.c ****   * FROM THE CONTENT OF SUCH FIRMWARE AND/OR THE USE MADE BY CUSTOMERS OF THE
  72:libs/STM32F4xx_StdPeriph_Driver/src/stm32f4xx_gpio.c ****   * CODING INFORMATION CONTAINED HEREIN IN CONNECTION WITH THEIR PRODUCTS.
  73:libs/STM32F4xx_StdPeriph_Driver/src/stm32f4xx_gpio.c ****   *
  74:libs/STM32F4xx_StdPeriph_Driver/src/stm32f4xx_gpio.c ****   * <h2><center>&copy; COPYRIGHT 2011 STMicroelectronics</center></h2>
  75:libs/STM32F4xx_StdPeriph_Driver/src/stm32f4xx_gpio.c ****   ******************************************************************************
  76:libs/STM32F4xx_StdPeriph_Driver/src/stm32f4xx_gpio.c ****   */
  77:libs/STM32F4xx_StdPeriph_Driver/src/stm32f4xx_gpio.c **** 
  78:libs/STM32F4xx_StdPeriph_Driver/src/stm32f4xx_gpio.c **** /* Includes ------------------------------------------------------------------*/
  79:libs/STM32F4xx_StdPeriph_Driver/src/stm32f4xx_gpio.c **** #include "stm32f4xx_gpio.h"
  80:libs/STM32F4xx_StdPeriph_Driver/src/stm32f4xx_gpio.c **** #include "stm32f4xx_rcc.h"
  81:libs/STM32F4xx_StdPeriph_Driver/src/stm32f4xx_gpio.c **** 
  82:libs/STM32F4xx_StdPeriph_Driver/src/stm32f4xx_gpio.c **** /** @addtogroup STM32F4xx_StdPeriph_Driver
  83:libs/STM32F4xx_StdPeriph_Driver/src/stm32f4xx_gpio.c ****   * @{
  84:libs/STM32F4xx_StdPeriph_Driver/src/stm32f4xx_gpio.c ****   */
  85:libs/STM32F4xx_StdPeriph_Driver/src/stm32f4xx_gpio.c **** 
  86:libs/STM32F4xx_StdPeriph_Driver/src/stm32f4xx_gpio.c **** /** @defgroup GPIO 
  87:libs/STM32F4xx_StdPeriph_Driver/src/stm32f4xx_gpio.c ****   * @brief GPIO driver modules
  88:libs/STM32F4xx_StdPeriph_Driver/src/stm32f4xx_gpio.c ****   * @{
  89:libs/STM32F4xx_StdPeriph_Driver/src/stm32f4xx_gpio.c ****   */ 
  90:libs/STM32F4xx_StdPeriph_Driver/src/stm32f4xx_gpio.c **** 
  91:libs/STM32F4xx_StdPeriph_Driver/src/stm32f4xx_gpio.c **** /* Private typedef -----------------------------------------------------------*/
  92:libs/STM32F4xx_StdPeriph_Driver/src/stm32f4xx_gpio.c **** /* Private define ------------------------------------------------------------*/
  93:libs/STM32F4xx_StdPeriph_Driver/src/stm32f4xx_gpio.c **** /* Private macro -------------------------------------------------------------*/
  94:libs/STM32F4xx_StdPeriph_Driver/src/stm32f4xx_gpio.c **** /* Private variables ---------------------------------------------------------*/
  95:libs/STM32F4xx_StdPeriph_Driver/src/stm32f4xx_gpio.c **** /* Private function prototypes -----------------------------------------------*/
  96:libs/STM32F4xx_StdPeriph_Driver/src/stm32f4xx_gpio.c **** /* Private functions ---------------------------------------------------------*/
  97:libs/STM32F4xx_StdPeriph_Driver/src/stm32f4xx_gpio.c **** 
  98:libs/STM32F4xx_StdPeriph_Driver/src/stm32f4xx_gpio.c **** /** @defgroup GPIO_Private_Functions
  99:libs/STM32F4xx_StdPeriph_Driver/src/stm32f4xx_gpio.c ****   * @{
 100:libs/STM32F4xx_StdPeriph_Driver/src/stm32f4xx_gpio.c ****   */ 
 101:libs/STM32F4xx_StdPeriph_Driver/src/stm32f4xx_gpio.c **** 
 102:libs/STM32F4xx_StdPeriph_Driver/src/stm32f4xx_gpio.c **** /** @defgroup GPIO_Group1 Initialization and Configuration
 103:libs/STM32F4xx_StdPeriph_Driver/src/stm32f4xx_gpio.c ****  *  @brief   Initialization and Configuration
 104:libs/STM32F4xx_StdPeriph_Driver/src/stm32f4xx_gpio.c ****  *
 105:libs/STM32F4xx_StdPeriph_Driver/src/stm32f4xx_gpio.c **** @verbatim   
 106:libs/STM32F4xx_StdPeriph_Driver/src/stm32f4xx_gpio.c ****  ===============================================================================
 107:libs/STM32F4xx_StdPeriph_Driver/src/stm32f4xx_gpio.c ****                         Initialization and Configuration
 108:libs/STM32F4xx_StdPeriph_Driver/src/stm32f4xx_gpio.c ****  ===============================================================================  
 109:libs/STM32F4xx_StdPeriph_Driver/src/stm32f4xx_gpio.c **** 
 110:libs/STM32F4xx_StdPeriph_Driver/src/stm32f4xx_gpio.c **** @endverbatim
 111:libs/STM32F4xx_StdPeriph_Driver/src/stm32f4xx_gpio.c ****   * @{
 112:libs/STM32F4xx_StdPeriph_Driver/src/stm32f4xx_gpio.c ****   */
 113:libs/STM32F4xx_StdPeriph_Driver/src/stm32f4xx_gpio.c **** 
 114:libs/STM32F4xx_StdPeriph_Driver/src/stm32f4xx_gpio.c **** /**
 115:libs/STM32F4xx_StdPeriph_Driver/src/stm32f4xx_gpio.c ****   * @brief  Deinitializes the GPIOx peripheral registers to their default reset values.
 116:libs/STM32F4xx_StdPeriph_Driver/src/stm32f4xx_gpio.c ****   * @note   By default, The GPIO pins are configured in input floating mode (except JTAG pins).
 117:libs/STM32F4xx_StdPeriph_Driver/src/stm32f4xx_gpio.c ****   * @param  GPIOx: where x can be (A..I) to select the GPIO peripheral.
 118:libs/STM32F4xx_StdPeriph_Driver/src/stm32f4xx_gpio.c ****   * @retval None
 119:libs/STM32F4xx_StdPeriph_Driver/src/stm32f4xx_gpio.c ****   */
 120:libs/STM32F4xx_StdPeriph_Driver/src/stm32f4xx_gpio.c **** void GPIO_DeInit(GPIO_TypeDef* GPIOx)
 121:libs/STM32F4xx_StdPeriph_Driver/src/stm32f4xx_gpio.c **** {
  28              		.loc 1 121 0
  29              		.cfi_startproc
  30              		@ args = 0, pretend = 0, frame = 8
  31              		@ frame_needed = 1, uses_anonymous_args = 0
  32 0000 80B5     		push	{r7, lr}
  33              	.LCFI0:
  34              		.cfi_def_cfa_offset 8
  35              		.cfi_offset 14, -4
  36              		.cfi_offset 7, -8
  37 0002 82B0     		sub	sp, sp, #8
  38              	.LCFI1:
  39              		.cfi_def_cfa_offset 16
  40 0004 00AF     		add	r7, sp, #0
  41              	.LCFI2:
  42              		.cfi_def_cfa_register 7
  43 0006 7860     		str	r0, [r7, #4]
 122:libs/STM32F4xx_StdPeriph_Driver/src/stm32f4xx_gpio.c ****   /* Check the parameters */
 123:libs/STM32F4xx_StdPeriph_Driver/src/stm32f4xx_gpio.c ****   assert_param(IS_GPIO_ALL_PERIPH(GPIOx));
 124:libs/STM32F4xx_StdPeriph_Driver/src/stm32f4xx_gpio.c **** 
 125:libs/STM32F4xx_StdPeriph_Driver/src/stm32f4xx_gpio.c ****   if (GPIOx == GPIOA)
  44              		.loc 1 125 0
  45 0008 7A68     		ldr	r2, [r7, #4]
  46 000a 4FF00003 		mov	r3, #0
  47 000e C4F20203 		movt	r3, 16386
  48 0012 9A42     		cmp	r2, r3
  49 0014 0CD1     		bne	.L2
 126:libs/STM32F4xx_StdPeriph_Driver/src/stm32f4xx_gpio.c ****   {
 127:libs/STM32F4xx_StdPeriph_Driver/src/stm32f4xx_gpio.c ****     RCC_AHB1PeriphResetCmd(RCC_AHB1Periph_GPIOA, ENABLE);
  50              		.loc 1 127 0
  51 0016 4FF00100 		mov	r0, #1
  52 001a 4FF00101 		mov	r1, #1
  53 001e FFF7FEFF 		bl	RCC_AHB1PeriphResetCmd
 128:libs/STM32F4xx_StdPeriph_Driver/src/stm32f4xx_gpio.c ****     RCC_AHB1PeriphResetCmd(RCC_AHB1Periph_GPIOA, DISABLE);
  54              		.loc 1 128 0
  55 0022 4FF00100 		mov	r0, #1
  56 0026 4FF00001 		mov	r1, #0
  57 002a FFF7FEFF 		bl	RCC_AHB1PeriphResetCmd
  58 002e 9EE0     		b	.L1
  59              	.L2:
 129:libs/STM32F4xx_StdPeriph_Driver/src/stm32f4xx_gpio.c ****   }
 130:libs/STM32F4xx_StdPeriph_Driver/src/stm32f4xx_gpio.c ****   else if (GPIOx == GPIOB)
  60              		.loc 1 130 0
  61 0030 7A68     		ldr	r2, [r7, #4]
  62 0032 4FF48063 		mov	r3, #1024
  63 0036 C4F20203 		movt	r3, 16386
  64 003a 9A42     		cmp	r2, r3
  65 003c 0CD1     		bne	.L4
 131:libs/STM32F4xx_StdPeriph_Driver/src/stm32f4xx_gpio.c ****   {
 132:libs/STM32F4xx_StdPeriph_Driver/src/stm32f4xx_gpio.c ****     RCC_AHB1PeriphResetCmd(RCC_AHB1Periph_GPIOB, ENABLE);
  66              		.loc 1 132 0
  67 003e 4FF00200 		mov	r0, #2
  68 0042 4FF00101 		mov	r1, #1
  69 0046 FFF7FEFF 		bl	RCC_AHB1PeriphResetCmd
 133:libs/STM32F4xx_StdPeriph_Driver/src/stm32f4xx_gpio.c ****     RCC_AHB1PeriphResetCmd(RCC_AHB1Periph_GPIOB, DISABLE);
  70              		.loc 1 133 0
  71 004a 4FF00200 		mov	r0, #2
  72 004e 4FF00001 		mov	r1, #0
  73 0052 FFF7FEFF 		bl	RCC_AHB1PeriphResetCmd
  74 0056 8AE0     		b	.L1
  75              	.L4:
 134:libs/STM32F4xx_StdPeriph_Driver/src/stm32f4xx_gpio.c ****   }
 135:libs/STM32F4xx_StdPeriph_Driver/src/stm32f4xx_gpio.c ****   else if (GPIOx == GPIOC)
  76              		.loc 1 135 0
  77 0058 7A68     		ldr	r2, [r7, #4]
  78 005a 4FF40063 		mov	r3, #2048
  79 005e C4F20203 		movt	r3, 16386
  80 0062 9A42     		cmp	r2, r3
  81 0064 0CD1     		bne	.L5
 136:libs/STM32F4xx_StdPeriph_Driver/src/stm32f4xx_gpio.c ****   {
 137:libs/STM32F4xx_StdPeriph_Driver/src/stm32f4xx_gpio.c ****     RCC_AHB1PeriphResetCmd(RCC_AHB1Periph_GPIOC, ENABLE);
  82              		.loc 1 137 0
  83 0066 4FF00400 		mov	r0, #4
  84 006a 4FF00101 		mov	r1, #1
  85 006e FFF7FEFF 		bl	RCC_AHB1PeriphResetCmd
 138:libs/STM32F4xx_StdPeriph_Driver/src/stm32f4xx_gpio.c ****     RCC_AHB1PeriphResetCmd(RCC_AHB1Periph_GPIOC, DISABLE);
  86              		.loc 1 138 0
  87 0072 4FF00400 		mov	r0, #4
  88 0076 4FF00001 		mov	r1, #0
  89 007a FFF7FEFF 		bl	RCC_AHB1PeriphResetCmd
  90 007e 76E0     		b	.L1
  91              	.L5:
 139:libs/STM32F4xx_StdPeriph_Driver/src/stm32f4xx_gpio.c ****   }
 140:libs/STM32F4xx_StdPeriph_Driver/src/stm32f4xx_gpio.c ****   else if (GPIOx == GPIOD)
  92              		.loc 1 140 0
  93 0080 7A68     		ldr	r2, [r7, #4]
  94 0082 4FF44063 		mov	r3, #3072
  95 0086 C4F20203 		movt	r3, 16386
  96 008a 9A42     		cmp	r2, r3
  97 008c 0CD1     		bne	.L6
 141:libs/STM32F4xx_StdPeriph_Driver/src/stm32f4xx_gpio.c ****   {
 142:libs/STM32F4xx_StdPeriph_Driver/src/stm32f4xx_gpio.c ****     RCC_AHB1PeriphResetCmd(RCC_AHB1Periph_GPIOD, ENABLE);
  98              		.loc 1 142 0
  99 008e 4FF00800 		mov	r0, #8
 100 0092 4FF00101 		mov	r1, #1
 101 0096 FFF7FEFF 		bl	RCC_AHB1PeriphResetCmd
 143:libs/STM32F4xx_StdPeriph_Driver/src/stm32f4xx_gpio.c ****     RCC_AHB1PeriphResetCmd(RCC_AHB1Periph_GPIOD, DISABLE);
 102              		.loc 1 143 0
 103 009a 4FF00800 		mov	r0, #8
 104 009e 4FF00001 		mov	r1, #0
 105 00a2 FFF7FEFF 		bl	RCC_AHB1PeriphResetCmd
 106 00a6 62E0     		b	.L1
 107              	.L6:
 144:libs/STM32F4xx_StdPeriph_Driver/src/stm32f4xx_gpio.c ****   }
 145:libs/STM32F4xx_StdPeriph_Driver/src/stm32f4xx_gpio.c ****   else if (GPIOx == GPIOE)
 108              		.loc 1 145 0
 109 00a8 7A68     		ldr	r2, [r7, #4]
 110 00aa 4FF48053 		mov	r3, #4096
 111 00ae C4F20203 		movt	r3, 16386
 112 00b2 9A42     		cmp	r2, r3
 113 00b4 0CD1     		bne	.L7
 146:libs/STM32F4xx_StdPeriph_Driver/src/stm32f4xx_gpio.c ****   {
 147:libs/STM32F4xx_StdPeriph_Driver/src/stm32f4xx_gpio.c ****     RCC_AHB1PeriphResetCmd(RCC_AHB1Periph_GPIOE, ENABLE);
 114              		.loc 1 147 0
 115 00b6 4FF01000 		mov	r0, #16
 116 00ba 4FF00101 		mov	r1, #1
 117 00be FFF7FEFF 		bl	RCC_AHB1PeriphResetCmd
 148:libs/STM32F4xx_StdPeriph_Driver/src/stm32f4xx_gpio.c ****     RCC_AHB1PeriphResetCmd(RCC_AHB1Periph_GPIOE, DISABLE);
 118              		.loc 1 148 0
 119 00c2 4FF01000 		mov	r0, #16
 120 00c6 4FF00001 		mov	r1, #0
 121 00ca FFF7FEFF 		bl	RCC_AHB1PeriphResetCmd
 122 00ce 4EE0     		b	.L1
 123              	.L7:
 149:libs/STM32F4xx_StdPeriph_Driver/src/stm32f4xx_gpio.c ****   }
 150:libs/STM32F4xx_StdPeriph_Driver/src/stm32f4xx_gpio.c ****   else if (GPIOx == GPIOF)
 124              		.loc 1 150 0
 125 00d0 7A68     		ldr	r2, [r7, #4]
 126 00d2 4FF4A053 		mov	r3, #5120
 127 00d6 C4F20203 		movt	r3, 16386
 128 00da 9A42     		cmp	r2, r3
 129 00dc 0CD1     		bne	.L8
 151:libs/STM32F4xx_StdPeriph_Driver/src/stm32f4xx_gpio.c ****   {
 152:libs/STM32F4xx_StdPeriph_Driver/src/stm32f4xx_gpio.c ****     RCC_AHB1PeriphResetCmd(RCC_AHB1Periph_GPIOF, ENABLE);
 130              		.loc 1 152 0
 131 00de 4FF02000 		mov	r0, #32
 132 00e2 4FF00101 		mov	r1, #1
 133 00e6 FFF7FEFF 		bl	RCC_AHB1PeriphResetCmd
 153:libs/STM32F4xx_StdPeriph_Driver/src/stm32f4xx_gpio.c ****     RCC_AHB1PeriphResetCmd(RCC_AHB1Periph_GPIOF, DISABLE);
 134              		.loc 1 153 0
 135 00ea 4FF02000 		mov	r0, #32
 136 00ee 4FF00001 		mov	r1, #0
 137 00f2 FFF7FEFF 		bl	RCC_AHB1PeriphResetCmd
 138 00f6 3AE0     		b	.L1
 139              	.L8:
 154:libs/STM32F4xx_StdPeriph_Driver/src/stm32f4xx_gpio.c ****   }
 155:libs/STM32F4xx_StdPeriph_Driver/src/stm32f4xx_gpio.c ****   else if (GPIOx == GPIOG)
 140              		.loc 1 155 0
 141 00f8 7A68     		ldr	r2, [r7, #4]
 142 00fa 4FF4C053 		mov	r3, #6144
 143 00fe C4F20203 		movt	r3, 16386
 144 0102 9A42     		cmp	r2, r3
 145 0104 0CD1     		bne	.L9
 156:libs/STM32F4xx_StdPeriph_Driver/src/stm32f4xx_gpio.c ****   {
 157:libs/STM32F4xx_StdPeriph_Driver/src/stm32f4xx_gpio.c ****     RCC_AHB1PeriphResetCmd(RCC_AHB1Periph_GPIOG, ENABLE);
 146              		.loc 1 157 0
 147 0106 4FF04000 		mov	r0, #64
 148 010a 4FF00101 		mov	r1, #1
 149 010e FFF7FEFF 		bl	RCC_AHB1PeriphResetCmd
 158:libs/STM32F4xx_StdPeriph_Driver/src/stm32f4xx_gpio.c ****     RCC_AHB1PeriphResetCmd(RCC_AHB1Periph_GPIOG, DISABLE);
 150              		.loc 1 158 0
 151 0112 4FF04000 		mov	r0, #64
 152 0116 4FF00001 		mov	r1, #0
 153 011a FFF7FEFF 		bl	RCC_AHB1PeriphResetCmd
 154 011e 26E0     		b	.L1
 155              	.L9:
 159:libs/STM32F4xx_StdPeriph_Driver/src/stm32f4xx_gpio.c ****   }
 160:libs/STM32F4xx_StdPeriph_Driver/src/stm32f4xx_gpio.c ****   else if (GPIOx == GPIOH)
 156              		.loc 1 160 0
 157 0120 7A68     		ldr	r2, [r7, #4]
 158 0122 4FF4E053 		mov	r3, #7168
 159 0126 C4F20203 		movt	r3, 16386
 160 012a 9A42     		cmp	r2, r3
 161 012c 0CD1     		bne	.L10
 161:libs/STM32F4xx_StdPeriph_Driver/src/stm32f4xx_gpio.c ****   {
 162:libs/STM32F4xx_StdPeriph_Driver/src/stm32f4xx_gpio.c ****     RCC_AHB1PeriphResetCmd(RCC_AHB1Periph_GPIOH, ENABLE);
 162              		.loc 1 162 0
 163 012e 4FF08000 		mov	r0, #128
 164 0132 4FF00101 		mov	r1, #1
 165 0136 FFF7FEFF 		bl	RCC_AHB1PeriphResetCmd
 163:libs/STM32F4xx_StdPeriph_Driver/src/stm32f4xx_gpio.c ****     RCC_AHB1PeriphResetCmd(RCC_AHB1Periph_GPIOH, DISABLE);
 166              		.loc 1 163 0
 167 013a 4FF08000 		mov	r0, #128
 168 013e 4FF00001 		mov	r1, #0
 169 0142 FFF7FEFF 		bl	RCC_AHB1PeriphResetCmd
 170 0146 12E0     		b	.L1
 171              	.L10:
 164:libs/STM32F4xx_StdPeriph_Driver/src/stm32f4xx_gpio.c ****   }
 165:libs/STM32F4xx_StdPeriph_Driver/src/stm32f4xx_gpio.c ****   else
 166:libs/STM32F4xx_StdPeriph_Driver/src/stm32f4xx_gpio.c ****   {
 167:libs/STM32F4xx_StdPeriph_Driver/src/stm32f4xx_gpio.c ****     if (GPIOx == GPIOI)
 172              		.loc 1 167 0
 173 0148 7A68     		ldr	r2, [r7, #4]
 174 014a 4FF40053 		mov	r3, #8192
 175 014e C4F20203 		movt	r3, 16386
 176 0152 9A42     		cmp	r2, r3
 177 0154 0BD1     		bne	.L1
 168:libs/STM32F4xx_StdPeriph_Driver/src/stm32f4xx_gpio.c ****     {
 169:libs/STM32F4xx_StdPeriph_Driver/src/stm32f4xx_gpio.c ****       RCC_AHB1PeriphResetCmd(RCC_AHB1Periph_GPIOI, ENABLE);
 178              		.loc 1 169 0
 179 0156 4FF48070 		mov	r0, #256
 180 015a 4FF00101 		mov	r1, #1
 181 015e FFF7FEFF 		bl	RCC_AHB1PeriphResetCmd
 170:libs/STM32F4xx_StdPeriph_Driver/src/stm32f4xx_gpio.c ****       RCC_AHB1PeriphResetCmd(RCC_AHB1Periph_GPIOI, DISABLE);
 182              		.loc 1 170 0
 183 0162 4FF48070 		mov	r0, #256
 184 0166 4FF00001 		mov	r1, #0
 185 016a FFF7FEFF 		bl	RCC_AHB1PeriphResetCmd
 186              	.L1:
 171:libs/STM32F4xx_StdPeriph_Driver/src/stm32f4xx_gpio.c ****     }
 172:libs/STM32F4xx_StdPeriph_Driver/src/stm32f4xx_gpio.c ****   }
 173:libs/STM32F4xx_StdPeriph_Driver/src/stm32f4xx_gpio.c **** }
 187              		.loc 1 173 0
 188 016e 07F10807 		add	r7, r7, #8
 189 0172 BD46     		mov	sp, r7
 190 0174 80BD     		pop	{r7, pc}
 191              		.cfi_endproc
 192              	.LFE110:
 194 0176 00BF     		.section	.text.GPIO_Init,"ax",%progbits
 195              		.align	2
 196              		.global	GPIO_Init
 197              		.thumb
 198              		.thumb_func
 200              	GPIO_Init:
 201              	.LFB111:
 174:libs/STM32F4xx_StdPeriph_Driver/src/stm32f4xx_gpio.c **** 
 175:libs/STM32F4xx_StdPeriph_Driver/src/stm32f4xx_gpio.c **** /**
 176:libs/STM32F4xx_StdPeriph_Driver/src/stm32f4xx_gpio.c ****   * @brief  Initializes the GPIOx peripheral according to the specified parameters in the GPIO_Init
 177:libs/STM32F4xx_StdPeriph_Driver/src/stm32f4xx_gpio.c ****   * @param  GPIOx: where x can be (A..I) to select the GPIO peripheral.
 178:libs/STM32F4xx_StdPeriph_Driver/src/stm32f4xx_gpio.c ****   * @param  GPIO_InitStruct: pointer to a GPIO_InitTypeDef structure that contains
 179:libs/STM32F4xx_StdPeriph_Driver/src/stm32f4xx_gpio.c ****   *         the configuration information for the specified GPIO peripheral.
 180:libs/STM32F4xx_StdPeriph_Driver/src/stm32f4xx_gpio.c ****   * @retval None
 181:libs/STM32F4xx_StdPeriph_Driver/src/stm32f4xx_gpio.c ****   */
 182:libs/STM32F4xx_StdPeriph_Driver/src/stm32f4xx_gpio.c **** void GPIO_Init(GPIO_TypeDef* GPIOx, GPIO_InitTypeDef* GPIO_InitStruct)
 183:libs/STM32F4xx_StdPeriph_Driver/src/stm32f4xx_gpio.c **** {
 202              		.loc 1 183 0
 203              		.cfi_startproc
 204              		@ args = 0, pretend = 0, frame = 24
 205              		@ frame_needed = 1, uses_anonymous_args = 0
 206              		@ link register save eliminated.
 207 0000 80B4     		push	{r7}
 208              	.LCFI3:
 209              		.cfi_def_cfa_offset 4
 210              		.cfi_offset 7, -4
 211 0002 87B0     		sub	sp, sp, #28
 212              	.LCFI4:
 213              		.cfi_def_cfa_offset 32
 214 0004 00AF     		add	r7, sp, #0
 215              	.LCFI5:
 216              		.cfi_def_cfa_register 7
 217 0006 7860     		str	r0, [r7, #4]
 218 0008 3960     		str	r1, [r7, #0]
 184:libs/STM32F4xx_StdPeriph_Driver/src/stm32f4xx_gpio.c ****   uint32_t pinpos = 0x00, pos = 0x00 , currentpin = 0x00;
 219              		.loc 1 184 0
 220 000a 4FF00003 		mov	r3, #0
 221 000e 7B61     		str	r3, [r7, #20]
 222 0010 4FF00003 		mov	r3, #0
 223 0014 3B61     		str	r3, [r7, #16]
 224 0016 4FF00003 		mov	r3, #0
 225 001a FB60     		str	r3, [r7, #12]
 185:libs/STM32F4xx_StdPeriph_Driver/src/stm32f4xx_gpio.c **** 
 186:libs/STM32F4xx_StdPeriph_Driver/src/stm32f4xx_gpio.c ****   /* Check the parameters */
 187:libs/STM32F4xx_StdPeriph_Driver/src/stm32f4xx_gpio.c ****   assert_param(IS_GPIO_ALL_PERIPH(GPIOx));
 188:libs/STM32F4xx_StdPeriph_Driver/src/stm32f4xx_gpio.c ****   assert_param(IS_GPIO_PIN(GPIO_InitStruct->GPIO_Pin));
 189:libs/STM32F4xx_StdPeriph_Driver/src/stm32f4xx_gpio.c ****   assert_param(IS_GPIO_MODE(GPIO_InitStruct->GPIO_Mode));
 190:libs/STM32F4xx_StdPeriph_Driver/src/stm32f4xx_gpio.c ****   assert_param(IS_GPIO_PUPD(GPIO_InitStruct->GPIO_PuPd));
 191:libs/STM32F4xx_StdPeriph_Driver/src/stm32f4xx_gpio.c **** 
 192:libs/STM32F4xx_StdPeriph_Driver/src/stm32f4xx_gpio.c ****   /* -------------------------Configure the port pins---------------- */
 193:libs/STM32F4xx_StdPeriph_Driver/src/stm32f4xx_gpio.c ****   /*-- GPIO Mode Configuration --*/
 194:libs/STM32F4xx_StdPeriph_Driver/src/stm32f4xx_gpio.c ****   for (pinpos = 0x00; pinpos < 0x10; pinpos++)
 226              		.loc 1 194 0
 227 001c 4FF00003 		mov	r3, #0
 228 0020 7B61     		str	r3, [r7, #20]
 229 0022 86E0     		b	.L12
 230              	.L16:
 195:libs/STM32F4xx_StdPeriph_Driver/src/stm32f4xx_gpio.c ****   {
 196:libs/STM32F4xx_StdPeriph_Driver/src/stm32f4xx_gpio.c ****     pos = ((uint32_t)0x01) << pinpos;
 231              		.loc 1 196 0
 232 0024 7B69     		ldr	r3, [r7, #20]
 233 0026 4FF00102 		mov	r2, #1
 234 002a 02FA03F3 		lsl	r3, r2, r3
 235 002e 3B61     		str	r3, [r7, #16]
 197:libs/STM32F4xx_StdPeriph_Driver/src/stm32f4xx_gpio.c ****     /* Get the port pins position */
 198:libs/STM32F4xx_StdPeriph_Driver/src/stm32f4xx_gpio.c ****     currentpin = (GPIO_InitStruct->GPIO_Pin) & pos;
 236              		.loc 1 198 0
 237 0030 3B68     		ldr	r3, [r7, #0]
 238 0032 1A68     		ldr	r2, [r3, #0]
 239 0034 3B69     		ldr	r3, [r7, #16]
 240 0036 1340     		ands	r3, r3, r2
 241 0038 FB60     		str	r3, [r7, #12]
 199:libs/STM32F4xx_StdPeriph_Driver/src/stm32f4xx_gpio.c **** 
 200:libs/STM32F4xx_StdPeriph_Driver/src/stm32f4xx_gpio.c ****     if (currentpin == pos)
 242              		.loc 1 200 0
 243 003a FA68     		ldr	r2, [r7, #12]
 244 003c 3B69     		ldr	r3, [r7, #16]
 245 003e 9A42     		cmp	r2, r3
 246 0040 73D1     		bne	.L13
 201:libs/STM32F4xx_StdPeriph_Driver/src/stm32f4xx_gpio.c ****     {
 202:libs/STM32F4xx_StdPeriph_Driver/src/stm32f4xx_gpio.c ****       GPIOx->MODER  &= ~(GPIO_MODER_MODER0 << (pinpos * 2));
 247              		.loc 1 202 0
 248 0042 7B68     		ldr	r3, [r7, #4]
 249 0044 1A68     		ldr	r2, [r3, #0]
 250 0046 7B69     		ldr	r3, [r7, #20]
 251 0048 4FEA4303 		lsl	r3, r3, #1
 252 004c 4FF00301 		mov	r1, #3
 253 0050 01FA03F3 		lsl	r3, r1, r3
 254 0054 6FEA0303 		mvn	r3, r3
 255 0058 1A40     		ands	r2, r2, r3
 256 005a 7B68     		ldr	r3, [r7, #4]
 257 005c 1A60     		str	r2, [r3, #0]
 203:libs/STM32F4xx_StdPeriph_Driver/src/stm32f4xx_gpio.c ****       GPIOx->MODER |= (((uint32_t)GPIO_InitStruct->GPIO_Mode) << (pinpos * 2));
 258              		.loc 1 203 0
 259 005e 7B68     		ldr	r3, [r7, #4]
 260 0060 1A68     		ldr	r2, [r3, #0]
 261 0062 3B68     		ldr	r3, [r7, #0]
 262 0064 1B79     		ldrb	r3, [r3, #4]	@ zero_extendqisi2
 263 0066 1946     		mov	r1, r3
 264 0068 7B69     		ldr	r3, [r7, #20]
 265 006a 4FEA4303 		lsl	r3, r3, #1
 266 006e 01FA03F3 		lsl	r3, r1, r3
 267 0072 1A43     		orrs	r2, r2, r3
 268 0074 7B68     		ldr	r3, [r7, #4]
 269 0076 1A60     		str	r2, [r3, #0]
 204:libs/STM32F4xx_StdPeriph_Driver/src/stm32f4xx_gpio.c **** 
 205:libs/STM32F4xx_StdPeriph_Driver/src/stm32f4xx_gpio.c ****       if ((GPIO_InitStruct->GPIO_Mode == GPIO_Mode_OUT) || (GPIO_InitStruct->GPIO_Mode == GPIO_Mode
 270              		.loc 1 205 0
 271 0078 3B68     		ldr	r3, [r7, #0]
 272 007a 1B79     		ldrb	r3, [r3, #4]	@ zero_extendqisi2
 273 007c 012B     		cmp	r3, #1
 274 007e 03D0     		beq	.L14
 275              		.loc 1 205 0 is_stmt 0 discriminator 1
 276 0080 3B68     		ldr	r3, [r7, #0]
 277 0082 1B79     		ldrb	r3, [r3, #4]	@ zero_extendqisi2
 278 0084 022B     		cmp	r3, #2
 279 0086 34D1     		bne	.L15
 280              	.L14:
 206:libs/STM32F4xx_StdPeriph_Driver/src/stm32f4xx_gpio.c ****       {
 207:libs/STM32F4xx_StdPeriph_Driver/src/stm32f4xx_gpio.c ****         /* Check Speed mode parameters */
 208:libs/STM32F4xx_StdPeriph_Driver/src/stm32f4xx_gpio.c ****         assert_param(IS_GPIO_SPEED(GPIO_InitStruct->GPIO_Speed));
 209:libs/STM32F4xx_StdPeriph_Driver/src/stm32f4xx_gpio.c **** 
 210:libs/STM32F4xx_StdPeriph_Driver/src/stm32f4xx_gpio.c ****         /* Speed mode configuration */
 211:libs/STM32F4xx_StdPeriph_Driver/src/stm32f4xx_gpio.c ****         GPIOx->OSPEEDR &= ~(GPIO_OSPEEDER_OSPEEDR0 << (pinpos * 2));
 281              		.loc 1 211 0 is_stmt 1
 282 0088 7B68     		ldr	r3, [r7, #4]
 283 008a 9A68     		ldr	r2, [r3, #8]
 284 008c 7B69     		ldr	r3, [r7, #20]
 285 008e 4FEA4303 		lsl	r3, r3, #1
 286 0092 4FF00301 		mov	r1, #3
 287 0096 01FA03F3 		lsl	r3, r1, r3
 288 009a 6FEA0303 		mvn	r3, r3
 289 009e 1A40     		ands	r2, r2, r3
 290 00a0 7B68     		ldr	r3, [r7, #4]
 291 00a2 9A60     		str	r2, [r3, #8]
 212:libs/STM32F4xx_StdPeriph_Driver/src/stm32f4xx_gpio.c ****         GPIOx->OSPEEDR |= ((uint32_t)(GPIO_InitStruct->GPIO_Speed) << (pinpos * 2));
 292              		.loc 1 212 0
 293 00a4 7B68     		ldr	r3, [r7, #4]
 294 00a6 9A68     		ldr	r2, [r3, #8]
 295 00a8 3B68     		ldr	r3, [r7, #0]
 296 00aa 5B79     		ldrb	r3, [r3, #5]	@ zero_extendqisi2
 297 00ac 1946     		mov	r1, r3
 298 00ae 7B69     		ldr	r3, [r7, #20]
 299 00b0 4FEA4303 		lsl	r3, r3, #1
 300 00b4 01FA03F3 		lsl	r3, r1, r3
 301 00b8 1A43     		orrs	r2, r2, r3
 302 00ba 7B68     		ldr	r3, [r7, #4]
 303 00bc 9A60     		str	r2, [r3, #8]
 213:libs/STM32F4xx_StdPeriph_Driver/src/stm32f4xx_gpio.c **** 
 214:libs/STM32F4xx_StdPeriph_Driver/src/stm32f4xx_gpio.c ****         /* Check Output mode parameters */
 215:libs/STM32F4xx_StdPeriph_Driver/src/stm32f4xx_gpio.c ****         assert_param(IS_GPIO_OTYPE(GPIO_InitStruct->GPIO_OType));
 216:libs/STM32F4xx_StdPeriph_Driver/src/stm32f4xx_gpio.c **** 
 217:libs/STM32F4xx_StdPeriph_Driver/src/stm32f4xx_gpio.c ****         /* Output mode configuration*/
 218:libs/STM32F4xx_StdPeriph_Driver/src/stm32f4xx_gpio.c ****         GPIOx->OTYPER  &= ~((GPIO_OTYPER_OT_0) << ((uint16_t)pinpos)) ;
 304              		.loc 1 218 0
 305 00be 7B68     		ldr	r3, [r7, #4]
 306 00c0 5A68     		ldr	r2, [r3, #4]
 307 00c2 7B69     		ldr	r3, [r7, #20]
 308 00c4 9BB2     		uxth	r3, r3
 309 00c6 4FF00101 		mov	r1, #1
 310 00ca 01FA03F3 		lsl	r3, r1, r3
 311 00ce 6FEA0303 		mvn	r3, r3
 312 00d2 1A40     		ands	r2, r2, r3
 313 00d4 7B68     		ldr	r3, [r7, #4]
 314 00d6 5A60     		str	r2, [r3, #4]
 219:libs/STM32F4xx_StdPeriph_Driver/src/stm32f4xx_gpio.c ****         GPIOx->OTYPER |= (uint16_t)(((uint16_t)GPIO_InitStruct->GPIO_OType) << ((uint16_t)pinpos));
 315              		.loc 1 219 0
 316 00d8 7B68     		ldr	r3, [r7, #4]
 317 00da 5A68     		ldr	r2, [r3, #4]
 318 00dc 3B68     		ldr	r3, [r7, #0]
 319 00de 9B79     		ldrb	r3, [r3, #6]	@ zero_extendqisi2
 320 00e0 1946     		mov	r1, r3
 321 00e2 7B69     		ldr	r3, [r7, #20]
 322 00e4 9BB2     		uxth	r3, r3
 323 00e6 01FA03F3 		lsl	r3, r1, r3
 324 00ea 9BB2     		uxth	r3, r3
 325 00ec 1A43     		orrs	r2, r2, r3
 326 00ee 7B68     		ldr	r3, [r7, #4]
 327 00f0 5A60     		str	r2, [r3, #4]
 328              	.L15:
 220:libs/STM32F4xx_StdPeriph_Driver/src/stm32f4xx_gpio.c ****       }
 221:libs/STM32F4xx_StdPeriph_Driver/src/stm32f4xx_gpio.c **** 
 222:libs/STM32F4xx_StdPeriph_Driver/src/stm32f4xx_gpio.c ****       /* Pull-up Pull down resistor configuration*/
 223:libs/STM32F4xx_StdPeriph_Driver/src/stm32f4xx_gpio.c ****       GPIOx->PUPDR &= ~(GPIO_PUPDR_PUPDR0 << ((uint16_t)pinpos * 2));
 329              		.loc 1 223 0
 330 00f2 7B68     		ldr	r3, [r7, #4]
 331 00f4 DA68     		ldr	r2, [r3, #12]
 332 00f6 7B69     		ldr	r3, [r7, #20]
 333 00f8 9BB2     		uxth	r3, r3
 334 00fa 4FEA4303 		lsl	r3, r3, #1
 335 00fe 4FF00301 		mov	r1, #3
 336 0102 01FA03F3 		lsl	r3, r1, r3
 337 0106 6FEA0303 		mvn	r3, r3
 338 010a 1A40     		ands	r2, r2, r3
 339 010c 7B68     		ldr	r3, [r7, #4]
 340 010e DA60     		str	r2, [r3, #12]
 224:libs/STM32F4xx_StdPeriph_Driver/src/stm32f4xx_gpio.c ****       GPIOx->PUPDR |= (((uint32_t)GPIO_InitStruct->GPIO_PuPd) << (pinpos * 2));
 341              		.loc 1 224 0
 342 0110 7B68     		ldr	r3, [r7, #4]
 343 0112 DA68     		ldr	r2, [r3, #12]
 344 0114 3B68     		ldr	r3, [r7, #0]
 345 0116 DB79     		ldrb	r3, [r3, #7]	@ zero_extendqisi2
 346 0118 1946     		mov	r1, r3
 347 011a 7B69     		ldr	r3, [r7, #20]
 348 011c 4FEA4303 		lsl	r3, r3, #1
 349 0120 01FA03F3 		lsl	r3, r1, r3
 350 0124 1A43     		orrs	r2, r2, r3
 351 0126 7B68     		ldr	r3, [r7, #4]
 352 0128 DA60     		str	r2, [r3, #12]
 353              	.L13:
 194:libs/STM32F4xx_StdPeriph_Driver/src/stm32f4xx_gpio.c ****   for (pinpos = 0x00; pinpos < 0x10; pinpos++)
 354              		.loc 1 194 0
 355 012a 7B69     		ldr	r3, [r7, #20]
 356 012c 03F10103 		add	r3, r3, #1
 357 0130 7B61     		str	r3, [r7, #20]
 358              	.L12:
 194:libs/STM32F4xx_StdPeriph_Driver/src/stm32f4xx_gpio.c ****   for (pinpos = 0x00; pinpos < 0x10; pinpos++)
 359              		.loc 1 194 0 is_stmt 0 discriminator 1
 360 0132 7B69     		ldr	r3, [r7, #20]
 361 0134 0F2B     		cmp	r3, #15
 362 0136 7FF675AF 		bls	.L16
 225:libs/STM32F4xx_StdPeriph_Driver/src/stm32f4xx_gpio.c ****     }
 226:libs/STM32F4xx_StdPeriph_Driver/src/stm32f4xx_gpio.c ****   }
 227:libs/STM32F4xx_StdPeriph_Driver/src/stm32f4xx_gpio.c **** }
 363              		.loc 1 227 0 is_stmt 1
 364 013a 07F11C07 		add	r7, r7, #28
 365 013e BD46     		mov	sp, r7
 366 0140 80BC     		pop	{r7}
 367 0142 7047     		bx	lr
 368              		.cfi_endproc
 369              	.LFE111:
 371              		.section	.text.GPIO_StructInit,"ax",%progbits
 372              		.align	2
 373              		.global	GPIO_StructInit
 374              		.thumb
 375              		.thumb_func
 377              	GPIO_StructInit:
 378              	.LFB112:
 228:libs/STM32F4xx_StdPeriph_Driver/src/stm32f4xx_gpio.c **** 
 229:libs/STM32F4xx_StdPeriph_Driver/src/stm32f4xx_gpio.c **** /**
 230:libs/STM32F4xx_StdPeriph_Driver/src/stm32f4xx_gpio.c ****   * @brief  Fills each GPIO_InitStruct member with its default value.
 231:libs/STM32F4xx_StdPeriph_Driver/src/stm32f4xx_gpio.c ****   * @param  GPIO_InitStruct : pointer to a GPIO_InitTypeDef structure which will be initialized.
 232:libs/STM32F4xx_StdPeriph_Driver/src/stm32f4xx_gpio.c ****   * @retval None
 233:libs/STM32F4xx_StdPeriph_Driver/src/stm32f4xx_gpio.c ****   */
 234:libs/STM32F4xx_StdPeriph_Driver/src/stm32f4xx_gpio.c **** void GPIO_StructInit(GPIO_InitTypeDef* GPIO_InitStruct)
 235:libs/STM32F4xx_StdPeriph_Driver/src/stm32f4xx_gpio.c **** {
 379              		.loc 1 235 0
 380              		.cfi_startproc
 381              		@ args = 0, pretend = 0, frame = 8
 382              		@ frame_needed = 1, uses_anonymous_args = 0
 383              		@ link register save eliminated.
 384 0000 80B4     		push	{r7}
 385              	.LCFI6:
 386              		.cfi_def_cfa_offset 4
 387              		.cfi_offset 7, -4
 388 0002 83B0     		sub	sp, sp, #12
 389              	.LCFI7:
 390              		.cfi_def_cfa_offset 16
 391 0004 00AF     		add	r7, sp, #0
 392              	.LCFI8:
 393              		.cfi_def_cfa_register 7
 394 0006 7860     		str	r0, [r7, #4]
 236:libs/STM32F4xx_StdPeriph_Driver/src/stm32f4xx_gpio.c ****   /* Reset GPIO init structure parameters values */
 237:libs/STM32F4xx_StdPeriph_Driver/src/stm32f4xx_gpio.c ****   GPIO_InitStruct->GPIO_Pin  = GPIO_Pin_All;
 395              		.loc 1 237 0
 396 0008 7B68     		ldr	r3, [r7, #4]
 397 000a 4FF6FF72 		movw	r2, #65535
 398 000e 1A60     		str	r2, [r3, #0]
 238:libs/STM32F4xx_StdPeriph_Driver/src/stm32f4xx_gpio.c ****   GPIO_InitStruct->GPIO_Mode = GPIO_Mode_IN;
 399              		.loc 1 238 0
 400 0010 7B68     		ldr	r3, [r7, #4]
 401 0012 4FF00002 		mov	r2, #0
 402 0016 1A71     		strb	r2, [r3, #4]
 239:libs/STM32F4xx_StdPeriph_Driver/src/stm32f4xx_gpio.c ****   GPIO_InitStruct->GPIO_Speed = GPIO_Speed_2MHz;
 403              		.loc 1 239 0
 404 0018 7B68     		ldr	r3, [r7, #4]
 405 001a 4FF00002 		mov	r2, #0
 406 001e 5A71     		strb	r2, [r3, #5]
 240:libs/STM32F4xx_StdPeriph_Driver/src/stm32f4xx_gpio.c ****   GPIO_InitStruct->GPIO_OType = GPIO_OType_PP;
 407              		.loc 1 240 0
 408 0020 7B68     		ldr	r3, [r7, #4]
 409 0022 4FF00002 		mov	r2, #0
 410 0026 9A71     		strb	r2, [r3, #6]
 241:libs/STM32F4xx_StdPeriph_Driver/src/stm32f4xx_gpio.c ****   GPIO_InitStruct->GPIO_PuPd = GPIO_PuPd_NOPULL;
 411              		.loc 1 241 0
 412 0028 7B68     		ldr	r3, [r7, #4]
 413 002a 4FF00002 		mov	r2, #0
 414 002e DA71     		strb	r2, [r3, #7]
 242:libs/STM32F4xx_StdPeriph_Driver/src/stm32f4xx_gpio.c **** }
 415              		.loc 1 242 0
 416 0030 07F10C07 		add	r7, r7, #12
 417 0034 BD46     		mov	sp, r7
 418 0036 80BC     		pop	{r7}
 419 0038 7047     		bx	lr
 420              		.cfi_endproc
 421              	.LFE112:
 423 003a 00BF     		.section	.text.GPIO_PinLockConfig,"ax",%progbits
 424              		.align	2
 425              		.global	GPIO_PinLockConfig
 426              		.thumb
 427              		.thumb_func
 429              	GPIO_PinLockConfig:
 430              	.LFB113:
 243:libs/STM32F4xx_StdPeriph_Driver/src/stm32f4xx_gpio.c **** 
 244:libs/STM32F4xx_StdPeriph_Driver/src/stm32f4xx_gpio.c **** /**
 245:libs/STM32F4xx_StdPeriph_Driver/src/stm32f4xx_gpio.c ****   * @brief  Locks GPIO Pins configuration registers.
 246:libs/STM32F4xx_StdPeriph_Driver/src/stm32f4xx_gpio.c ****   * @note   The locked registers are GPIOx_MODER, GPIOx_OTYPER, GPIOx_OSPEEDR,
 247:libs/STM32F4xx_StdPeriph_Driver/src/stm32f4xx_gpio.c ****   *         GPIOx_PUPDR, GPIOx_AFRL and GPIOx_AFRH.
 248:libs/STM32F4xx_StdPeriph_Driver/src/stm32f4xx_gpio.c ****   * @note   The configuration of the locked GPIO pins can no longer be modified
 249:libs/STM32F4xx_StdPeriph_Driver/src/stm32f4xx_gpio.c ****   *         until the next reset.
 250:libs/STM32F4xx_StdPeriph_Driver/src/stm32f4xx_gpio.c ****   * @param  GPIOx: where x can be (A..I) to select the GPIO peripheral.
 251:libs/STM32F4xx_StdPeriph_Driver/src/stm32f4xx_gpio.c ****   * @param  GPIO_Pin: specifies the port bit to be locked.
 252:libs/STM32F4xx_StdPeriph_Driver/src/stm32f4xx_gpio.c ****   *          This parameter can be any combination of GPIO_Pin_x where x can be (0..15).
 253:libs/STM32F4xx_StdPeriph_Driver/src/stm32f4xx_gpio.c ****   * @retval None
 254:libs/STM32F4xx_StdPeriph_Driver/src/stm32f4xx_gpio.c ****   */
 255:libs/STM32F4xx_StdPeriph_Driver/src/stm32f4xx_gpio.c **** void GPIO_PinLockConfig(GPIO_TypeDef* GPIOx, uint16_t GPIO_Pin)
 256:libs/STM32F4xx_StdPeriph_Driver/src/stm32f4xx_gpio.c **** {
 431              		.loc 1 256 0
 432              		.cfi_startproc
 433              		@ args = 0, pretend = 0, frame = 16
 434              		@ frame_needed = 1, uses_anonymous_args = 0
 435              		@ link register save eliminated.
 436 0000 80B4     		push	{r7}
 437              	.LCFI9:
 438              		.cfi_def_cfa_offset 4
 439              		.cfi_offset 7, -4
 440 0002 85B0     		sub	sp, sp, #20
 441              	.LCFI10:
 442              		.cfi_def_cfa_offset 24
 443 0004 00AF     		add	r7, sp, #0
 444              	.LCFI11:
 445              		.cfi_def_cfa_register 7
 446 0006 7860     		str	r0, [r7, #4]
 447 0008 0B46     		mov	r3, r1
 448 000a 7B80     		strh	r3, [r7, #2]	@ movhi
 257:libs/STM32F4xx_StdPeriph_Driver/src/stm32f4xx_gpio.c ****   __IO uint32_t tmp = 0x00010000;
 449              		.loc 1 257 0
 450 000c 4FF48033 		mov	r3, #65536
 451 0010 FB60     		str	r3, [r7, #12]
 258:libs/STM32F4xx_StdPeriph_Driver/src/stm32f4xx_gpio.c **** 
 259:libs/STM32F4xx_StdPeriph_Driver/src/stm32f4xx_gpio.c ****   /* Check the parameters */
 260:libs/STM32F4xx_StdPeriph_Driver/src/stm32f4xx_gpio.c ****   assert_param(IS_GPIO_ALL_PERIPH(GPIOx));
 261:libs/STM32F4xx_StdPeriph_Driver/src/stm32f4xx_gpio.c ****   assert_param(IS_GPIO_PIN(GPIO_Pin));
 262:libs/STM32F4xx_StdPeriph_Driver/src/stm32f4xx_gpio.c **** 
 263:libs/STM32F4xx_StdPeriph_Driver/src/stm32f4xx_gpio.c ****   tmp |= GPIO_Pin;
 452              		.loc 1 263 0
 453 0012 7A88     		ldrh	r2, [r7, #2]
 454 0014 FB68     		ldr	r3, [r7, #12]
 455 0016 1343     		orrs	r3, r3, r2
 456 0018 FB60     		str	r3, [r7, #12]
 264:libs/STM32F4xx_StdPeriph_Driver/src/stm32f4xx_gpio.c ****   /* Set LCKK bit */
 265:libs/STM32F4xx_StdPeriph_Driver/src/stm32f4xx_gpio.c ****   GPIOx->LCKR = tmp;
 457              		.loc 1 265 0
 458 001a FA68     		ldr	r2, [r7, #12]
 459 001c 7B68     		ldr	r3, [r7, #4]
 460 001e DA61     		str	r2, [r3, #28]
 266:libs/STM32F4xx_StdPeriph_Driver/src/stm32f4xx_gpio.c ****   /* Reset LCKK bit */
 267:libs/STM32F4xx_StdPeriph_Driver/src/stm32f4xx_gpio.c ****   GPIOx->LCKR =  GPIO_Pin;
 461              		.loc 1 267 0
 462 0020 7A88     		ldrh	r2, [r7, #2]
 463 0022 7B68     		ldr	r3, [r7, #4]
 464 0024 DA61     		str	r2, [r3, #28]
 268:libs/STM32F4xx_StdPeriph_Driver/src/stm32f4xx_gpio.c ****   /* Set LCKK bit */
 269:libs/STM32F4xx_StdPeriph_Driver/src/stm32f4xx_gpio.c ****   GPIOx->LCKR = tmp;
 465              		.loc 1 269 0
 466 0026 FA68     		ldr	r2, [r7, #12]
 467 0028 7B68     		ldr	r3, [r7, #4]
 468 002a DA61     		str	r2, [r3, #28]
 270:libs/STM32F4xx_StdPeriph_Driver/src/stm32f4xx_gpio.c ****   /* Read LCKK bit*/
 271:libs/STM32F4xx_StdPeriph_Driver/src/stm32f4xx_gpio.c ****   tmp = GPIOx->LCKR;
 469              		.loc 1 271 0
 470 002c 7B68     		ldr	r3, [r7, #4]
 471 002e DB69     		ldr	r3, [r3, #28]
 472 0030 FB60     		str	r3, [r7, #12]
 272:libs/STM32F4xx_StdPeriph_Driver/src/stm32f4xx_gpio.c ****   /* Read LCKK bit*/
 273:libs/STM32F4xx_StdPeriph_Driver/src/stm32f4xx_gpio.c ****   tmp = GPIOx->LCKR;
 473              		.loc 1 273 0
 474 0032 7B68     		ldr	r3, [r7, #4]
 475 0034 DB69     		ldr	r3, [r3, #28]
 476 0036 FB60     		str	r3, [r7, #12]
 274:libs/STM32F4xx_StdPeriph_Driver/src/stm32f4xx_gpio.c **** }
 477              		.loc 1 274 0
 478 0038 07F11407 		add	r7, r7, #20
 479 003c BD46     		mov	sp, r7
 480 003e 80BC     		pop	{r7}
 481 0040 7047     		bx	lr
 482              		.cfi_endproc
 483              	.LFE113:
 485 0042 00BF     		.section	.text.GPIO_ReadInputDataBit,"ax",%progbits
 486              		.align	2
 487              		.global	GPIO_ReadInputDataBit
 488              		.thumb
 489              		.thumb_func
 491              	GPIO_ReadInputDataBit:
 492              	.LFB114:
 275:libs/STM32F4xx_StdPeriph_Driver/src/stm32f4xx_gpio.c **** 
 276:libs/STM32F4xx_StdPeriph_Driver/src/stm32f4xx_gpio.c **** /**
 277:libs/STM32F4xx_StdPeriph_Driver/src/stm32f4xx_gpio.c ****   * @}
 278:libs/STM32F4xx_StdPeriph_Driver/src/stm32f4xx_gpio.c ****   */
 279:libs/STM32F4xx_StdPeriph_Driver/src/stm32f4xx_gpio.c **** 
 280:libs/STM32F4xx_StdPeriph_Driver/src/stm32f4xx_gpio.c **** /** @defgroup GPIO_Group2 GPIO Read and Write
 281:libs/STM32F4xx_StdPeriph_Driver/src/stm32f4xx_gpio.c ****  *  @brief   GPIO Read and Write
 282:libs/STM32F4xx_StdPeriph_Driver/src/stm32f4xx_gpio.c ****  *
 283:libs/STM32F4xx_StdPeriph_Driver/src/stm32f4xx_gpio.c **** @verbatim   
 284:libs/STM32F4xx_StdPeriph_Driver/src/stm32f4xx_gpio.c ****  ===============================================================================
 285:libs/STM32F4xx_StdPeriph_Driver/src/stm32f4xx_gpio.c ****                               GPIO Read and Write
 286:libs/STM32F4xx_StdPeriph_Driver/src/stm32f4xx_gpio.c ****  ===============================================================================  
 287:libs/STM32F4xx_StdPeriph_Driver/src/stm32f4xx_gpio.c **** 
 288:libs/STM32F4xx_StdPeriph_Driver/src/stm32f4xx_gpio.c **** @endverbatim
 289:libs/STM32F4xx_StdPeriph_Driver/src/stm32f4xx_gpio.c ****   * @{
 290:libs/STM32F4xx_StdPeriph_Driver/src/stm32f4xx_gpio.c ****   */
 291:libs/STM32F4xx_StdPeriph_Driver/src/stm32f4xx_gpio.c **** 
 292:libs/STM32F4xx_StdPeriph_Driver/src/stm32f4xx_gpio.c **** /**
 293:libs/STM32F4xx_StdPeriph_Driver/src/stm32f4xx_gpio.c ****   * @brief  Reads the specified input port pin.
 294:libs/STM32F4xx_StdPeriph_Driver/src/stm32f4xx_gpio.c ****   * @param  GPIOx: where x can be (A..I) to select the GPIO peripheral.
 295:libs/STM32F4xx_StdPeriph_Driver/src/stm32f4xx_gpio.c ****   * @param  GPIO_Pin: specifies the port bit to read.
 296:libs/STM32F4xx_StdPeriph_Driver/src/stm32f4xx_gpio.c ****   *         This parameter can be GPIO_Pin_x where x can be (0..15).
 297:libs/STM32F4xx_StdPeriph_Driver/src/stm32f4xx_gpio.c ****   * @retval The input port pin value.
 298:libs/STM32F4xx_StdPeriph_Driver/src/stm32f4xx_gpio.c ****   */
 299:libs/STM32F4xx_StdPeriph_Driver/src/stm32f4xx_gpio.c **** uint8_t GPIO_ReadInputDataBit(GPIO_TypeDef* GPIOx, uint16_t GPIO_Pin)
 300:libs/STM32F4xx_StdPeriph_Driver/src/stm32f4xx_gpio.c **** {
 493              		.loc 1 300 0
 494              		.cfi_startproc
 495              		@ args = 0, pretend = 0, frame = 16
 496              		@ frame_needed = 1, uses_anonymous_args = 0
 497              		@ link register save eliminated.
 498 0000 80B4     		push	{r7}
 499              	.LCFI12:
 500              		.cfi_def_cfa_offset 4
 501              		.cfi_offset 7, -4
 502 0002 85B0     		sub	sp, sp, #20
 503              	.LCFI13:
 504              		.cfi_def_cfa_offset 24
 505 0004 00AF     		add	r7, sp, #0
 506              	.LCFI14:
 507              		.cfi_def_cfa_register 7
 508 0006 7860     		str	r0, [r7, #4]
 509 0008 0B46     		mov	r3, r1
 510 000a 7B80     		strh	r3, [r7, #2]	@ movhi
 301:libs/STM32F4xx_StdPeriph_Driver/src/stm32f4xx_gpio.c ****   uint8_t bitstatus = 0x00;
 511              		.loc 1 301 0
 512 000c 4FF00003 		mov	r3, #0
 513 0010 FB73     		strb	r3, [r7, #15]
 302:libs/STM32F4xx_StdPeriph_Driver/src/stm32f4xx_gpio.c **** 
 303:libs/STM32F4xx_StdPeriph_Driver/src/stm32f4xx_gpio.c ****   /* Check the parameters */
 304:libs/STM32F4xx_StdPeriph_Driver/src/stm32f4xx_gpio.c ****   assert_param(IS_GPIO_ALL_PERIPH(GPIOx));
 305:libs/STM32F4xx_StdPeriph_Driver/src/stm32f4xx_gpio.c ****   assert_param(IS_GET_GPIO_PIN(GPIO_Pin));
 306:libs/STM32F4xx_StdPeriph_Driver/src/stm32f4xx_gpio.c **** 
 307:libs/STM32F4xx_StdPeriph_Driver/src/stm32f4xx_gpio.c ****   if ((GPIOx->IDR & GPIO_Pin) != (uint32_t)Bit_RESET)
 514              		.loc 1 307 0
 515 0012 7B68     		ldr	r3, [r7, #4]
 516 0014 1A69     		ldr	r2, [r3, #16]
 517 0016 7B88     		ldrh	r3, [r7, #2]
 518 0018 1340     		ands	r3, r3, r2
 519 001a 002B     		cmp	r3, #0
 520 001c 03D0     		beq	.L20
 308:libs/STM32F4xx_StdPeriph_Driver/src/stm32f4xx_gpio.c ****   {
 309:libs/STM32F4xx_StdPeriph_Driver/src/stm32f4xx_gpio.c ****     bitstatus = (uint8_t)Bit_SET;
 521              		.loc 1 309 0
 522 001e 4FF00103 		mov	r3, #1
 523 0022 FB73     		strb	r3, [r7, #15]
 524 0024 02E0     		b	.L21
 525              	.L20:
 310:libs/STM32F4xx_StdPeriph_Driver/src/stm32f4xx_gpio.c ****   }
 311:libs/STM32F4xx_StdPeriph_Driver/src/stm32f4xx_gpio.c ****   else
 312:libs/STM32F4xx_StdPeriph_Driver/src/stm32f4xx_gpio.c ****   {
 313:libs/STM32F4xx_StdPeriph_Driver/src/stm32f4xx_gpio.c ****     bitstatus = (uint8_t)Bit_RESET;
 526              		.loc 1 313 0
 527 0026 4FF00003 		mov	r3, #0
 528 002a FB73     		strb	r3, [r7, #15]
 529              	.L21:
 314:libs/STM32F4xx_StdPeriph_Driver/src/stm32f4xx_gpio.c ****   }
 315:libs/STM32F4xx_StdPeriph_Driver/src/stm32f4xx_gpio.c ****   return bitstatus;
 530              		.loc 1 315 0
 531 002c FB7B     		ldrb	r3, [r7, #15]	@ zero_extendqisi2
 316:libs/STM32F4xx_StdPeriph_Driver/src/stm32f4xx_gpio.c **** }
 532              		.loc 1 316 0
 533 002e 1846     		mov	r0, r3
 534 0030 07F11407 		add	r7, r7, #20
 535 0034 BD46     		mov	sp, r7
 536 0036 80BC     		pop	{r7}
 537 0038 7047     		bx	lr
 538              		.cfi_endproc
 539              	.LFE114:
 541 003a 00BF     		.section	.text.GPIO_ReadInputData,"ax",%progbits
 542              		.align	2
 543              		.global	GPIO_ReadInputData
 544              		.thumb
 545              		.thumb_func
 547              	GPIO_ReadInputData:
 548              	.LFB115:
 317:libs/STM32F4xx_StdPeriph_Driver/src/stm32f4xx_gpio.c **** 
 318:libs/STM32F4xx_StdPeriph_Driver/src/stm32f4xx_gpio.c **** /**
 319:libs/STM32F4xx_StdPeriph_Driver/src/stm32f4xx_gpio.c ****   * @brief  Reads the specified GPIO input data port.
 320:libs/STM32F4xx_StdPeriph_Driver/src/stm32f4xx_gpio.c ****   * @param  GPIOx: where x can be (A..I) to select the GPIO peripheral.
 321:libs/STM32F4xx_StdPeriph_Driver/src/stm32f4xx_gpio.c ****   * @retval GPIO input data port value.
 322:libs/STM32F4xx_StdPeriph_Driver/src/stm32f4xx_gpio.c ****   */
 323:libs/STM32F4xx_StdPeriph_Driver/src/stm32f4xx_gpio.c **** uint16_t GPIO_ReadInputData(GPIO_TypeDef* GPIOx)
 324:libs/STM32F4xx_StdPeriph_Driver/src/stm32f4xx_gpio.c **** {
 549              		.loc 1 324 0
 550              		.cfi_startproc
 551              		@ args = 0, pretend = 0, frame = 8
 552              		@ frame_needed = 1, uses_anonymous_args = 0
 553              		@ link register save eliminated.
 554 0000 80B4     		push	{r7}
 555              	.LCFI15:
 556              		.cfi_def_cfa_offset 4
 557              		.cfi_offset 7, -4
 558 0002 83B0     		sub	sp, sp, #12
 559              	.LCFI16:
 560              		.cfi_def_cfa_offset 16
 561 0004 00AF     		add	r7, sp, #0
 562              	.LCFI17:
 563              		.cfi_def_cfa_register 7
 564 0006 7860     		str	r0, [r7, #4]
 325:libs/STM32F4xx_StdPeriph_Driver/src/stm32f4xx_gpio.c ****   /* Check the parameters */
 326:libs/STM32F4xx_StdPeriph_Driver/src/stm32f4xx_gpio.c ****   assert_param(IS_GPIO_ALL_PERIPH(GPIOx));
 327:libs/STM32F4xx_StdPeriph_Driver/src/stm32f4xx_gpio.c **** 
 328:libs/STM32F4xx_StdPeriph_Driver/src/stm32f4xx_gpio.c ****   return ((uint16_t)GPIOx->IDR);
 565              		.loc 1 328 0
 566 0008 7B68     		ldr	r3, [r7, #4]
 567 000a 1B69     		ldr	r3, [r3, #16]
 568 000c 9BB2     		uxth	r3, r3
 329:libs/STM32F4xx_StdPeriph_Driver/src/stm32f4xx_gpio.c **** }
 569              		.loc 1 329 0
 570 000e 1846     		mov	r0, r3
 571 0010 07F10C07 		add	r7, r7, #12
 572 0014 BD46     		mov	sp, r7
 573 0016 80BC     		pop	{r7}
 574 0018 7047     		bx	lr
 575              		.cfi_endproc
 576              	.LFE115:
 578 001a 00BF     		.section	.text.GPIO_ReadOutputDataBit,"ax",%progbits
 579              		.align	2
 580              		.global	GPIO_ReadOutputDataBit
 581              		.thumb
 582              		.thumb_func
 584              	GPIO_ReadOutputDataBit:
 585              	.LFB116:
 330:libs/STM32F4xx_StdPeriph_Driver/src/stm32f4xx_gpio.c **** 
 331:libs/STM32F4xx_StdPeriph_Driver/src/stm32f4xx_gpio.c **** /**
 332:libs/STM32F4xx_StdPeriph_Driver/src/stm32f4xx_gpio.c ****   * @brief  Reads the specified output data port bit.
 333:libs/STM32F4xx_StdPeriph_Driver/src/stm32f4xx_gpio.c ****   * @param  GPIOx: where x can be (A..I) to select the GPIO peripheral.
 334:libs/STM32F4xx_StdPeriph_Driver/src/stm32f4xx_gpio.c ****   * @param  GPIO_Pin: specifies the port bit to read.
 335:libs/STM32F4xx_StdPeriph_Driver/src/stm32f4xx_gpio.c ****   *          This parameter can be GPIO_Pin_x where x can be (0..15).
 336:libs/STM32F4xx_StdPeriph_Driver/src/stm32f4xx_gpio.c ****   * @retval The output port pin value.
 337:libs/STM32F4xx_StdPeriph_Driver/src/stm32f4xx_gpio.c ****   */
 338:libs/STM32F4xx_StdPeriph_Driver/src/stm32f4xx_gpio.c **** uint8_t GPIO_ReadOutputDataBit(GPIO_TypeDef* GPIOx, uint16_t GPIO_Pin)
 339:libs/STM32F4xx_StdPeriph_Driver/src/stm32f4xx_gpio.c **** {
 586              		.loc 1 339 0
 587              		.cfi_startproc
 588              		@ args = 0, pretend = 0, frame = 16
 589              		@ frame_needed = 1, uses_anonymous_args = 0
 590              		@ link register save eliminated.
 591 0000 80B4     		push	{r7}
 592              	.LCFI18:
 593              		.cfi_def_cfa_offset 4
 594              		.cfi_offset 7, -4
 595 0002 85B0     		sub	sp, sp, #20
 596              	.LCFI19:
 597              		.cfi_def_cfa_offset 24
 598 0004 00AF     		add	r7, sp, #0
 599              	.LCFI20:
 600              		.cfi_def_cfa_register 7
 601 0006 7860     		str	r0, [r7, #4]
 602 0008 0B46     		mov	r3, r1
 603 000a 7B80     		strh	r3, [r7, #2]	@ movhi
 340:libs/STM32F4xx_StdPeriph_Driver/src/stm32f4xx_gpio.c ****   uint8_t bitstatus = 0x00;
 604              		.loc 1 340 0
 605 000c 4FF00003 		mov	r3, #0
 606 0010 FB73     		strb	r3, [r7, #15]
 341:libs/STM32F4xx_StdPeriph_Driver/src/stm32f4xx_gpio.c **** 
 342:libs/STM32F4xx_StdPeriph_Driver/src/stm32f4xx_gpio.c ****   /* Check the parameters */
 343:libs/STM32F4xx_StdPeriph_Driver/src/stm32f4xx_gpio.c ****   assert_param(IS_GPIO_ALL_PERIPH(GPIOx));
 344:libs/STM32F4xx_StdPeriph_Driver/src/stm32f4xx_gpio.c ****   assert_param(IS_GET_GPIO_PIN(GPIO_Pin));
 345:libs/STM32F4xx_StdPeriph_Driver/src/stm32f4xx_gpio.c **** 
 346:libs/STM32F4xx_StdPeriph_Driver/src/stm32f4xx_gpio.c ****   if ((GPIOx->ODR & GPIO_Pin) != (uint32_t)Bit_RESET)
 607              		.loc 1 346 0
 608 0012 7B68     		ldr	r3, [r7, #4]
 609 0014 5A69     		ldr	r2, [r3, #20]
 610 0016 7B88     		ldrh	r3, [r7, #2]
 611 0018 1340     		ands	r3, r3, r2
 612 001a 002B     		cmp	r3, #0
 613 001c 03D0     		beq	.L24
 347:libs/STM32F4xx_StdPeriph_Driver/src/stm32f4xx_gpio.c ****   {
 348:libs/STM32F4xx_StdPeriph_Driver/src/stm32f4xx_gpio.c ****     bitstatus = (uint8_t)Bit_SET;
 614              		.loc 1 348 0
 615 001e 4FF00103 		mov	r3, #1
 616 0022 FB73     		strb	r3, [r7, #15]
 617 0024 02E0     		b	.L25
 618              	.L24:
 349:libs/STM32F4xx_StdPeriph_Driver/src/stm32f4xx_gpio.c ****   }
 350:libs/STM32F4xx_StdPeriph_Driver/src/stm32f4xx_gpio.c ****   else
 351:libs/STM32F4xx_StdPeriph_Driver/src/stm32f4xx_gpio.c ****   {
 352:libs/STM32F4xx_StdPeriph_Driver/src/stm32f4xx_gpio.c ****     bitstatus = (uint8_t)Bit_RESET;
 619              		.loc 1 352 0
 620 0026 4FF00003 		mov	r3, #0
 621 002a FB73     		strb	r3, [r7, #15]
 622              	.L25:
 353:libs/STM32F4xx_StdPeriph_Driver/src/stm32f4xx_gpio.c ****   }
 354:libs/STM32F4xx_StdPeriph_Driver/src/stm32f4xx_gpio.c ****   return bitstatus;
 623              		.loc 1 354 0
 624 002c FB7B     		ldrb	r3, [r7, #15]	@ zero_extendqisi2
 355:libs/STM32F4xx_StdPeriph_Driver/src/stm32f4xx_gpio.c **** }
 625              		.loc 1 355 0
 626 002e 1846     		mov	r0, r3
 627 0030 07F11407 		add	r7, r7, #20
 628 0034 BD46     		mov	sp, r7
 629 0036 80BC     		pop	{r7}
 630 0038 7047     		bx	lr
 631              		.cfi_endproc
 632              	.LFE116:
 634 003a 00BF     		.section	.text.GPIO_ReadOutputData,"ax",%progbits
 635              		.align	2
 636              		.global	GPIO_ReadOutputData
 637              		.thumb
 638              		.thumb_func
 640              	GPIO_ReadOutputData:
 641              	.LFB117:
 356:libs/STM32F4xx_StdPeriph_Driver/src/stm32f4xx_gpio.c **** 
 357:libs/STM32F4xx_StdPeriph_Driver/src/stm32f4xx_gpio.c **** /**
 358:libs/STM32F4xx_StdPeriph_Driver/src/stm32f4xx_gpio.c ****   * @brief  Reads the specified GPIO output data port.
 359:libs/STM32F4xx_StdPeriph_Driver/src/stm32f4xx_gpio.c ****   * @param  GPIOx: where x can be (A..I) to select the GPIO peripheral.
 360:libs/STM32F4xx_StdPeriph_Driver/src/stm32f4xx_gpio.c ****   * @retval GPIO output data port value.
 361:libs/STM32F4xx_StdPeriph_Driver/src/stm32f4xx_gpio.c ****   */
 362:libs/STM32F4xx_StdPeriph_Driver/src/stm32f4xx_gpio.c **** uint16_t GPIO_ReadOutputData(GPIO_TypeDef* GPIOx)
 363:libs/STM32F4xx_StdPeriph_Driver/src/stm32f4xx_gpio.c **** {
 642              		.loc 1 363 0
 643              		.cfi_startproc
 644              		@ args = 0, pretend = 0, frame = 8
 645              		@ frame_needed = 1, uses_anonymous_args = 0
 646              		@ link register save eliminated.
 647 0000 80B4     		push	{r7}
 648              	.LCFI21:
 649              		.cfi_def_cfa_offset 4
 650              		.cfi_offset 7, -4
 651 0002 83B0     		sub	sp, sp, #12
 652              	.LCFI22:
 653              		.cfi_def_cfa_offset 16
 654 0004 00AF     		add	r7, sp, #0
 655              	.LCFI23:
 656              		.cfi_def_cfa_register 7
 657 0006 7860     		str	r0, [r7, #4]
 364:libs/STM32F4xx_StdPeriph_Driver/src/stm32f4xx_gpio.c ****   /* Check the parameters */
 365:libs/STM32F4xx_StdPeriph_Driver/src/stm32f4xx_gpio.c ****   assert_param(IS_GPIO_ALL_PERIPH(GPIOx));
 366:libs/STM32F4xx_StdPeriph_Driver/src/stm32f4xx_gpio.c **** 
 367:libs/STM32F4xx_StdPeriph_Driver/src/stm32f4xx_gpio.c ****   return ((uint16_t)GPIOx->ODR);
 658              		.loc 1 367 0
 659 0008 7B68     		ldr	r3, [r7, #4]
 660 000a 5B69     		ldr	r3, [r3, #20]
 661 000c 9BB2     		uxth	r3, r3
 368:libs/STM32F4xx_StdPeriph_Driver/src/stm32f4xx_gpio.c **** }
 662              		.loc 1 368 0
 663 000e 1846     		mov	r0, r3
 664 0010 07F10C07 		add	r7, r7, #12
 665 0014 BD46     		mov	sp, r7
 666 0016 80BC     		pop	{r7}
 667 0018 7047     		bx	lr
 668              		.cfi_endproc
 669              	.LFE117:
 671 001a 00BF     		.section	.text.GPIO_SetBits,"ax",%progbits
 672              		.align	2
 673              		.global	GPIO_SetBits
 674              		.thumb
 675              		.thumb_func
 677              	GPIO_SetBits:
 678              	.LFB118:
 369:libs/STM32F4xx_StdPeriph_Driver/src/stm32f4xx_gpio.c **** 
 370:libs/STM32F4xx_StdPeriph_Driver/src/stm32f4xx_gpio.c **** /**
 371:libs/STM32F4xx_StdPeriph_Driver/src/stm32f4xx_gpio.c ****   * @brief  Sets the selected data port bits.
 372:libs/STM32F4xx_StdPeriph_Driver/src/stm32f4xx_gpio.c ****   * @note   This functions uses GPIOx_BSRR register to allow atomic read/modify 
 373:libs/STM32F4xx_StdPeriph_Driver/src/stm32f4xx_gpio.c ****   *         accesses. In this way, there is no risk of an IRQ occurring between
 374:libs/STM32F4xx_StdPeriph_Driver/src/stm32f4xx_gpio.c ****   *         the read and the modify access.
 375:libs/STM32F4xx_StdPeriph_Driver/src/stm32f4xx_gpio.c ****   * @param  GPIOx: where x can be (A..I) to select the GPIO peripheral.
 376:libs/STM32F4xx_StdPeriph_Driver/src/stm32f4xx_gpio.c ****   * @param  GPIO_Pin: specifies the port bits to be written.
 377:libs/STM32F4xx_StdPeriph_Driver/src/stm32f4xx_gpio.c ****   *          This parameter can be any combination of GPIO_Pin_x where x can be (0..15).
 378:libs/STM32F4xx_StdPeriph_Driver/src/stm32f4xx_gpio.c ****   * @retval None
 379:libs/STM32F4xx_StdPeriph_Driver/src/stm32f4xx_gpio.c ****   */
 380:libs/STM32F4xx_StdPeriph_Driver/src/stm32f4xx_gpio.c **** void GPIO_SetBits(GPIO_TypeDef* GPIOx, uint16_t GPIO_Pin)
 381:libs/STM32F4xx_StdPeriph_Driver/src/stm32f4xx_gpio.c **** {
 679              		.loc 1 381 0
 680              		.cfi_startproc
 681              		@ args = 0, pretend = 0, frame = 8
 682              		@ frame_needed = 1, uses_anonymous_args = 0
 683              		@ link register save eliminated.
 684 0000 80B4     		push	{r7}
 685              	.LCFI24:
 686              		.cfi_def_cfa_offset 4
 687              		.cfi_offset 7, -4
 688 0002 83B0     		sub	sp, sp, #12
 689              	.LCFI25:
 690              		.cfi_def_cfa_offset 16
 691 0004 00AF     		add	r7, sp, #0
 692              	.LCFI26:
 693              		.cfi_def_cfa_register 7
 694 0006 7860     		str	r0, [r7, #4]
 695 0008 0B46     		mov	r3, r1
 696 000a 7B80     		strh	r3, [r7, #2]	@ movhi
 382:libs/STM32F4xx_StdPeriph_Driver/src/stm32f4xx_gpio.c ****   /* Check the parameters */
 383:libs/STM32F4xx_StdPeriph_Driver/src/stm32f4xx_gpio.c ****   assert_param(IS_GPIO_ALL_PERIPH(GPIOx));
 384:libs/STM32F4xx_StdPeriph_Driver/src/stm32f4xx_gpio.c ****   assert_param(IS_GPIO_PIN(GPIO_Pin));
 385:libs/STM32F4xx_StdPeriph_Driver/src/stm32f4xx_gpio.c **** 
 386:libs/STM32F4xx_StdPeriph_Driver/src/stm32f4xx_gpio.c ****   GPIOx->BSRRL = GPIO_Pin;
 697              		.loc 1 386 0
 698 000c 7B68     		ldr	r3, [r7, #4]
 699 000e 7A88     		ldrh	r2, [r7, #2]	@ movhi
 700 0010 1A83     		strh	r2, [r3, #24]	@ movhi
 387:libs/STM32F4xx_StdPeriph_Driver/src/stm32f4xx_gpio.c **** }
 701              		.loc 1 387 0
 702 0012 07F10C07 		add	r7, r7, #12
 703 0016 BD46     		mov	sp, r7
 704 0018 80BC     		pop	{r7}
 705 001a 7047     		bx	lr
 706              		.cfi_endproc
 707              	.LFE118:
 709              		.section	.text.GPIO_ResetBits,"ax",%progbits
 710              		.align	2
 711              		.global	GPIO_ResetBits
 712              		.thumb
 713              		.thumb_func
 715              	GPIO_ResetBits:
 716              	.LFB119:
 388:libs/STM32F4xx_StdPeriph_Driver/src/stm32f4xx_gpio.c **** 
 389:libs/STM32F4xx_StdPeriph_Driver/src/stm32f4xx_gpio.c **** /**
 390:libs/STM32F4xx_StdPeriph_Driver/src/stm32f4xx_gpio.c ****   * @brief  Clears the selected data port bits.
 391:libs/STM32F4xx_StdPeriph_Driver/src/stm32f4xx_gpio.c ****   * @note   This functions uses GPIOx_BSRR register to allow atomic read/modify 
 392:libs/STM32F4xx_StdPeriph_Driver/src/stm32f4xx_gpio.c ****   *         accesses. In this way, there is no risk of an IRQ occurring between
 393:libs/STM32F4xx_StdPeriph_Driver/src/stm32f4xx_gpio.c ****   *         the read and the modify access.
 394:libs/STM32F4xx_StdPeriph_Driver/src/stm32f4xx_gpio.c ****   * @param  GPIOx: where x can be (A..I) to select the GPIO peripheral.
 395:libs/STM32F4xx_StdPeriph_Driver/src/stm32f4xx_gpio.c ****   * @param  GPIO_Pin: specifies the port bits to be written.
 396:libs/STM32F4xx_StdPeriph_Driver/src/stm32f4xx_gpio.c ****   *          This parameter can be any combination of GPIO_Pin_x where x can be (0..15).
 397:libs/STM32F4xx_StdPeriph_Driver/src/stm32f4xx_gpio.c ****   * @retval None
 398:libs/STM32F4xx_StdPeriph_Driver/src/stm32f4xx_gpio.c ****   */
 399:libs/STM32F4xx_StdPeriph_Driver/src/stm32f4xx_gpio.c **** void GPIO_ResetBits(GPIO_TypeDef* GPIOx, uint16_t GPIO_Pin)
 400:libs/STM32F4xx_StdPeriph_Driver/src/stm32f4xx_gpio.c **** {
 717              		.loc 1 400 0
 718              		.cfi_startproc
 719              		@ args = 0, pretend = 0, frame = 8
 720              		@ frame_needed = 1, uses_anonymous_args = 0
 721              		@ link register save eliminated.
 722 0000 80B4     		push	{r7}
 723              	.LCFI27:
 724              		.cfi_def_cfa_offset 4
 725              		.cfi_offset 7, -4
 726 0002 83B0     		sub	sp, sp, #12
 727              	.LCFI28:
 728              		.cfi_def_cfa_offset 16
 729 0004 00AF     		add	r7, sp, #0
 730              	.LCFI29:
 731              		.cfi_def_cfa_register 7
 732 0006 7860     		str	r0, [r7, #4]
 733 0008 0B46     		mov	r3, r1
 734 000a 7B80     		strh	r3, [r7, #2]	@ movhi
 401:libs/STM32F4xx_StdPeriph_Driver/src/stm32f4xx_gpio.c ****   /* Check the parameters */
 402:libs/STM32F4xx_StdPeriph_Driver/src/stm32f4xx_gpio.c ****   assert_param(IS_GPIO_ALL_PERIPH(GPIOx));
 403:libs/STM32F4xx_StdPeriph_Driver/src/stm32f4xx_gpio.c ****   assert_param(IS_GPIO_PIN(GPIO_Pin));
 404:libs/STM32F4xx_StdPeriph_Driver/src/stm32f4xx_gpio.c **** 
 405:libs/STM32F4xx_StdPeriph_Driver/src/stm32f4xx_gpio.c ****   GPIOx->BSRRH = GPIO_Pin;
 735              		.loc 1 405 0
 736 000c 7B68     		ldr	r3, [r7, #4]
 737 000e 7A88     		ldrh	r2, [r7, #2]	@ movhi
 738 0010 5A83     		strh	r2, [r3, #26]	@ movhi
 406:libs/STM32F4xx_StdPeriph_Driver/src/stm32f4xx_gpio.c **** }
 739              		.loc 1 406 0
 740 0012 07F10C07 		add	r7, r7, #12
 741 0016 BD46     		mov	sp, r7
 742 0018 80BC     		pop	{r7}
 743 001a 7047     		bx	lr
 744              		.cfi_endproc
 745              	.LFE119:
 747              		.section	.text.GPIO_WriteBit,"ax",%progbits
 748              		.align	2
 749              		.global	GPIO_WriteBit
 750              		.thumb
 751              		.thumb_func
 753              	GPIO_WriteBit:
 754              	.LFB120:
 407:libs/STM32F4xx_StdPeriph_Driver/src/stm32f4xx_gpio.c **** 
 408:libs/STM32F4xx_StdPeriph_Driver/src/stm32f4xx_gpio.c **** /**
 409:libs/STM32F4xx_StdPeriph_Driver/src/stm32f4xx_gpio.c ****   * @brief  Sets or clears the selected data port bit.
 410:libs/STM32F4xx_StdPeriph_Driver/src/stm32f4xx_gpio.c ****   * @param  GPIOx: where x can be (A..I) to select the GPIO peripheral.
 411:libs/STM32F4xx_StdPeriph_Driver/src/stm32f4xx_gpio.c ****   * @param  GPIO_Pin: specifies the port bit to be written.
 412:libs/STM32F4xx_StdPeriph_Driver/src/stm32f4xx_gpio.c ****   *          This parameter can be one of GPIO_Pin_x where x can be (0..15).
 413:libs/STM32F4xx_StdPeriph_Driver/src/stm32f4xx_gpio.c ****   * @param  BitVal: specifies the value to be written to the selected bit.
 414:libs/STM32F4xx_StdPeriph_Driver/src/stm32f4xx_gpio.c ****   *          This parameter can be one of the BitAction enum values:
 415:libs/STM32F4xx_StdPeriph_Driver/src/stm32f4xx_gpio.c ****   *            @arg Bit_RESET: to clear the port pin
 416:libs/STM32F4xx_StdPeriph_Driver/src/stm32f4xx_gpio.c ****   *            @arg Bit_SET: to set the port pin
 417:libs/STM32F4xx_StdPeriph_Driver/src/stm32f4xx_gpio.c ****   * @retval None
 418:libs/STM32F4xx_StdPeriph_Driver/src/stm32f4xx_gpio.c ****   */
 419:libs/STM32F4xx_StdPeriph_Driver/src/stm32f4xx_gpio.c **** void GPIO_WriteBit(GPIO_TypeDef* GPIOx, uint16_t GPIO_Pin, BitAction BitVal)
 420:libs/STM32F4xx_StdPeriph_Driver/src/stm32f4xx_gpio.c **** {
 755              		.loc 1 420 0
 756              		.cfi_startproc
 757              		@ args = 0, pretend = 0, frame = 8
 758              		@ frame_needed = 1, uses_anonymous_args = 0
 759              		@ link register save eliminated.
 760 0000 80B4     		push	{r7}
 761              	.LCFI30:
 762              		.cfi_def_cfa_offset 4
 763              		.cfi_offset 7, -4
 764 0002 83B0     		sub	sp, sp, #12
 765              	.LCFI31:
 766              		.cfi_def_cfa_offset 16
 767 0004 00AF     		add	r7, sp, #0
 768              	.LCFI32:
 769              		.cfi_def_cfa_register 7
 770 0006 7860     		str	r0, [r7, #4]
 771 0008 1346     		mov	r3, r2
 772 000a 0A46     		mov	r2, r1	@ movhi
 773 000c 7A80     		strh	r2, [r7, #2]	@ movhi
 774 000e 7B70     		strb	r3, [r7, #1]
 421:libs/STM32F4xx_StdPeriph_Driver/src/stm32f4xx_gpio.c ****   /* Check the parameters */
 422:libs/STM32F4xx_StdPeriph_Driver/src/stm32f4xx_gpio.c ****   assert_param(IS_GPIO_ALL_PERIPH(GPIOx));
 423:libs/STM32F4xx_StdPeriph_Driver/src/stm32f4xx_gpio.c ****   assert_param(IS_GET_GPIO_PIN(GPIO_Pin));
 424:libs/STM32F4xx_StdPeriph_Driver/src/stm32f4xx_gpio.c ****   assert_param(IS_GPIO_BIT_ACTION(BitVal));
 425:libs/STM32F4xx_StdPeriph_Driver/src/stm32f4xx_gpio.c **** 
 426:libs/STM32F4xx_StdPeriph_Driver/src/stm32f4xx_gpio.c ****   if (BitVal != Bit_RESET)
 775              		.loc 1 426 0
 776 0010 7B78     		ldrb	r3, [r7, #1]	@ zero_extendqisi2
 777 0012 002B     		cmp	r3, #0
 778 0014 03D0     		beq	.L30
 427:libs/STM32F4xx_StdPeriph_Driver/src/stm32f4xx_gpio.c ****   {
 428:libs/STM32F4xx_StdPeriph_Driver/src/stm32f4xx_gpio.c ****     GPIOx->BSRRL = GPIO_Pin;
 779              		.loc 1 428 0
 780 0016 7B68     		ldr	r3, [r7, #4]
 781 0018 7A88     		ldrh	r2, [r7, #2]	@ movhi
 782 001a 1A83     		strh	r2, [r3, #24]	@ movhi
 783 001c 02E0     		b	.L29
 784              	.L30:
 429:libs/STM32F4xx_StdPeriph_Driver/src/stm32f4xx_gpio.c ****   }
 430:libs/STM32F4xx_StdPeriph_Driver/src/stm32f4xx_gpio.c ****   else
 431:libs/STM32F4xx_StdPeriph_Driver/src/stm32f4xx_gpio.c ****   {
 432:libs/STM32F4xx_StdPeriph_Driver/src/stm32f4xx_gpio.c ****     GPIOx->BSRRH = GPIO_Pin ;
 785              		.loc 1 432 0
 786 001e 7B68     		ldr	r3, [r7, #4]
 787 0020 7A88     		ldrh	r2, [r7, #2]	@ movhi
 788 0022 5A83     		strh	r2, [r3, #26]	@ movhi
 789              	.L29:
 433:libs/STM32F4xx_StdPeriph_Driver/src/stm32f4xx_gpio.c ****   }
 434:libs/STM32F4xx_StdPeriph_Driver/src/stm32f4xx_gpio.c **** }
 790              		.loc 1 434 0
 791 0024 07F10C07 		add	r7, r7, #12
 792 0028 BD46     		mov	sp, r7
 793 002a 80BC     		pop	{r7}
 794 002c 7047     		bx	lr
 795              		.cfi_endproc
 796              	.LFE120:
 798 002e 00BF     		.section	.text.GPIO_Write,"ax",%progbits
 799              		.align	2
 800              		.global	GPIO_Write
 801              		.thumb
 802              		.thumb_func
 804              	GPIO_Write:
 805              	.LFB121:
 435:libs/STM32F4xx_StdPeriph_Driver/src/stm32f4xx_gpio.c **** 
 436:libs/STM32F4xx_StdPeriph_Driver/src/stm32f4xx_gpio.c **** /**
 437:libs/STM32F4xx_StdPeriph_Driver/src/stm32f4xx_gpio.c ****   * @brief  Writes data to the specified GPIO data port.
 438:libs/STM32F4xx_StdPeriph_Driver/src/stm32f4xx_gpio.c ****   * @param  GPIOx: where x can be (A..I) to select the GPIO peripheral.
 439:libs/STM32F4xx_StdPeriph_Driver/src/stm32f4xx_gpio.c ****   * @param  PortVal: specifies the value to be written to the port output data register.
 440:libs/STM32F4xx_StdPeriph_Driver/src/stm32f4xx_gpio.c ****   * @retval None
 441:libs/STM32F4xx_StdPeriph_Driver/src/stm32f4xx_gpio.c ****   */
 442:libs/STM32F4xx_StdPeriph_Driver/src/stm32f4xx_gpio.c **** void GPIO_Write(GPIO_TypeDef* GPIOx, uint16_t PortVal)
 443:libs/STM32F4xx_StdPeriph_Driver/src/stm32f4xx_gpio.c **** {
 806              		.loc 1 443 0
 807              		.cfi_startproc
 808              		@ args = 0, pretend = 0, frame = 8
 809              		@ frame_needed = 1, uses_anonymous_args = 0
 810              		@ link register save eliminated.
 811 0000 80B4     		push	{r7}
 812              	.LCFI33:
 813              		.cfi_def_cfa_offset 4
 814              		.cfi_offset 7, -4
 815 0002 83B0     		sub	sp, sp, #12
 816              	.LCFI34:
 817              		.cfi_def_cfa_offset 16
 818 0004 00AF     		add	r7, sp, #0
 819              	.LCFI35:
 820              		.cfi_def_cfa_register 7
 821 0006 7860     		str	r0, [r7, #4]
 822 0008 0B46     		mov	r3, r1
 823 000a 7B80     		strh	r3, [r7, #2]	@ movhi
 444:libs/STM32F4xx_StdPeriph_Driver/src/stm32f4xx_gpio.c ****   /* Check the parameters */
 445:libs/STM32F4xx_StdPeriph_Driver/src/stm32f4xx_gpio.c ****   assert_param(IS_GPIO_ALL_PERIPH(GPIOx));
 446:libs/STM32F4xx_StdPeriph_Driver/src/stm32f4xx_gpio.c **** 
 447:libs/STM32F4xx_StdPeriph_Driver/src/stm32f4xx_gpio.c ****   GPIOx->ODR = PortVal;
 824              		.loc 1 447 0
 825 000c 7A88     		ldrh	r2, [r7, #2]
 826 000e 7B68     		ldr	r3, [r7, #4]
 827 0010 5A61     		str	r2, [r3, #20]
 448:libs/STM32F4xx_StdPeriph_Driver/src/stm32f4xx_gpio.c **** }
 828              		.loc 1 448 0
 829 0012 07F10C07 		add	r7, r7, #12
 830 0016 BD46     		mov	sp, r7
 831 0018 80BC     		pop	{r7}
 832 001a 7047     		bx	lr
 833              		.cfi_endproc
 834              	.LFE121:
 836              		.section	.text.GPIO_ToggleBits,"ax",%progbits
 837              		.align	2
 838              		.global	GPIO_ToggleBits
 839              		.thumb
 840              		.thumb_func
 842              	GPIO_ToggleBits:
 843              	.LFB122:
 449:libs/STM32F4xx_StdPeriph_Driver/src/stm32f4xx_gpio.c **** 
 450:libs/STM32F4xx_StdPeriph_Driver/src/stm32f4xx_gpio.c **** /**
 451:libs/STM32F4xx_StdPeriph_Driver/src/stm32f4xx_gpio.c ****   * @brief  Toggles the specified GPIO pins..
 452:libs/STM32F4xx_StdPeriph_Driver/src/stm32f4xx_gpio.c ****   * @param  GPIOx: where x can be (A..I) to select the GPIO peripheral.
 453:libs/STM32F4xx_StdPeriph_Driver/src/stm32f4xx_gpio.c ****   * @param  GPIO_Pin: Specifies the pins to be toggled.
 454:libs/STM32F4xx_StdPeriph_Driver/src/stm32f4xx_gpio.c ****   * @retval None
 455:libs/STM32F4xx_StdPeriph_Driver/src/stm32f4xx_gpio.c ****   */
 456:libs/STM32F4xx_StdPeriph_Driver/src/stm32f4xx_gpio.c **** void GPIO_ToggleBits(GPIO_TypeDef* GPIOx, uint16_t GPIO_Pin)
 457:libs/STM32F4xx_StdPeriph_Driver/src/stm32f4xx_gpio.c **** {
 844              		.loc 1 457 0
 845              		.cfi_startproc
 846              		@ args = 0, pretend = 0, frame = 8
 847              		@ frame_needed = 1, uses_anonymous_args = 0
 848              		@ link register save eliminated.
 849 0000 80B4     		push	{r7}
 850              	.LCFI36:
 851              		.cfi_def_cfa_offset 4
 852              		.cfi_offset 7, -4
 853 0002 83B0     		sub	sp, sp, #12
 854              	.LCFI37:
 855              		.cfi_def_cfa_offset 16
 856 0004 00AF     		add	r7, sp, #0
 857              	.LCFI38:
 858              		.cfi_def_cfa_register 7
 859 0006 7860     		str	r0, [r7, #4]
 860 0008 0B46     		mov	r3, r1
 861 000a 7B80     		strh	r3, [r7, #2]	@ movhi
 458:libs/STM32F4xx_StdPeriph_Driver/src/stm32f4xx_gpio.c ****   /* Check the parameters */
 459:libs/STM32F4xx_StdPeriph_Driver/src/stm32f4xx_gpio.c ****   assert_param(IS_GPIO_ALL_PERIPH(GPIOx));
 460:libs/STM32F4xx_StdPeriph_Driver/src/stm32f4xx_gpio.c **** 
 461:libs/STM32F4xx_StdPeriph_Driver/src/stm32f4xx_gpio.c ****   GPIOx->ODR ^= GPIO_Pin;
 862              		.loc 1 461 0
 863 000c 7B68     		ldr	r3, [r7, #4]
 864 000e 5A69     		ldr	r2, [r3, #20]
 865 0010 7B88     		ldrh	r3, [r7, #2]
 866 0012 5A40     		eors	r2, r2, r3
 867 0014 7B68     		ldr	r3, [r7, #4]
 868 0016 5A61     		str	r2, [r3, #20]
 462:libs/STM32F4xx_StdPeriph_Driver/src/stm32f4xx_gpio.c **** }
 869              		.loc 1 462 0
 870 0018 07F10C07 		add	r7, r7, #12
 871 001c BD46     		mov	sp, r7
 872 001e 80BC     		pop	{r7}
 873 0020 7047     		bx	lr
 874              		.cfi_endproc
 875              	.LFE122:
 877 0022 00BF     		.section	.text.GPIO_PinAFConfig,"ax",%progbits
 878              		.align	2
 879              		.global	GPIO_PinAFConfig
 880              		.thumb
 881              		.thumb_func
 883              	GPIO_PinAFConfig:
 884              	.LFB123:
 463:libs/STM32F4xx_StdPeriph_Driver/src/stm32f4xx_gpio.c **** 
 464:libs/STM32F4xx_StdPeriph_Driver/src/stm32f4xx_gpio.c **** /**
 465:libs/STM32F4xx_StdPeriph_Driver/src/stm32f4xx_gpio.c ****   * @}
 466:libs/STM32F4xx_StdPeriph_Driver/src/stm32f4xx_gpio.c ****   */
 467:libs/STM32F4xx_StdPeriph_Driver/src/stm32f4xx_gpio.c **** 
 468:libs/STM32F4xx_StdPeriph_Driver/src/stm32f4xx_gpio.c **** /** @defgroup GPIO_Group3 GPIO Alternate functions configuration function
 469:libs/STM32F4xx_StdPeriph_Driver/src/stm32f4xx_gpio.c ****  *  @brief   GPIO Alternate functions configuration function
 470:libs/STM32F4xx_StdPeriph_Driver/src/stm32f4xx_gpio.c ****  *
 471:libs/STM32F4xx_StdPeriph_Driver/src/stm32f4xx_gpio.c **** @verbatim   
 472:libs/STM32F4xx_StdPeriph_Driver/src/stm32f4xx_gpio.c ****  ===============================================================================
 473:libs/STM32F4xx_StdPeriph_Driver/src/stm32f4xx_gpio.c ****                GPIO Alternate functions configuration function
 474:libs/STM32F4xx_StdPeriph_Driver/src/stm32f4xx_gpio.c ****  ===============================================================================  
 475:libs/STM32F4xx_StdPeriph_Driver/src/stm32f4xx_gpio.c **** 
 476:libs/STM32F4xx_StdPeriph_Driver/src/stm32f4xx_gpio.c **** @endverbatim
 477:libs/STM32F4xx_StdPeriph_Driver/src/stm32f4xx_gpio.c ****   * @{
 478:libs/STM32F4xx_StdPeriph_Driver/src/stm32f4xx_gpio.c ****   */
 479:libs/STM32F4xx_StdPeriph_Driver/src/stm32f4xx_gpio.c **** 
 480:libs/STM32F4xx_StdPeriph_Driver/src/stm32f4xx_gpio.c **** /**
 481:libs/STM32F4xx_StdPeriph_Driver/src/stm32f4xx_gpio.c ****   * @brief  Changes the mapping of the specified pin.
 482:libs/STM32F4xx_StdPeriph_Driver/src/stm32f4xx_gpio.c ****   * @param  GPIOx: where x can be (A..I) to select the GPIO peripheral.
 483:libs/STM32F4xx_StdPeriph_Driver/src/stm32f4xx_gpio.c ****   * @param  GPIO_PinSource: specifies the pin for the Alternate function.
 484:libs/STM32F4xx_StdPeriph_Driver/src/stm32f4xx_gpio.c ****   *         This parameter can be GPIO_PinSourcex where x can be (0..15).
 485:libs/STM32F4xx_StdPeriph_Driver/src/stm32f4xx_gpio.c ****   * @param  GPIO_AFSelection: selects the pin to used as Alternate function.
 486:libs/STM32F4xx_StdPeriph_Driver/src/stm32f4xx_gpio.c ****   *          This parameter can be one of the following values:
 487:libs/STM32F4xx_StdPeriph_Driver/src/stm32f4xx_gpio.c ****   *            @arg GPIO_AF_RTC_50Hz: Connect RTC_50Hz pin to AF0 (default after reset) 
 488:libs/STM32F4xx_StdPeriph_Driver/src/stm32f4xx_gpio.c ****   *            @arg GPIO_AF_MCO: Connect MCO pin (MCO1 and MCO2) to AF0 (default after reset) 
 489:libs/STM32F4xx_StdPeriph_Driver/src/stm32f4xx_gpio.c ****   *            @arg GPIO_AF_TAMPER: Connect TAMPER pins (TAMPER_1 and TAMPER_2) to AF0 (default aft
 490:libs/STM32F4xx_StdPeriph_Driver/src/stm32f4xx_gpio.c ****   *            @arg GPIO_AF_SWJ: Connect SWJ pins (SWD and JTAG)to AF0 (default after reset) 
 491:libs/STM32F4xx_StdPeriph_Driver/src/stm32f4xx_gpio.c ****   *            @arg GPIO_AF_TRACE: Connect TRACE pins to AF0 (default after reset)
 492:libs/STM32F4xx_StdPeriph_Driver/src/stm32f4xx_gpio.c ****   *            @arg GPIO_AF_TIM1: Connect TIM1 pins to AF1
 493:libs/STM32F4xx_StdPeriph_Driver/src/stm32f4xx_gpio.c ****   *            @arg GPIO_AF_TIM2: Connect TIM2 pins to AF1
 494:libs/STM32F4xx_StdPeriph_Driver/src/stm32f4xx_gpio.c ****   *            @arg GPIO_AF_TIM3: Connect TIM3 pins to AF2
 495:libs/STM32F4xx_StdPeriph_Driver/src/stm32f4xx_gpio.c ****   *            @arg GPIO_AF_TIM4: Connect TIM4 pins to AF2
 496:libs/STM32F4xx_StdPeriph_Driver/src/stm32f4xx_gpio.c ****   *            @arg GPIO_AF_TIM5: Connect TIM5 pins to AF2
 497:libs/STM32F4xx_StdPeriph_Driver/src/stm32f4xx_gpio.c ****   *            @arg GPIO_AF_TIM8: Connect TIM8 pins to AF3
 498:libs/STM32F4xx_StdPeriph_Driver/src/stm32f4xx_gpio.c ****   *            @arg GPIO_AF_TIM9: Connect TIM9 pins to AF3
 499:libs/STM32F4xx_StdPeriph_Driver/src/stm32f4xx_gpio.c ****   *            @arg GPIO_AF_TIM10: Connect TIM10 pins to AF3
 500:libs/STM32F4xx_StdPeriph_Driver/src/stm32f4xx_gpio.c ****   *            @arg GPIO_AF_TIM11: Connect TIM11 pins to AF3
 501:libs/STM32F4xx_StdPeriph_Driver/src/stm32f4xx_gpio.c ****   *            @arg GPIO_AF_I2C1: Connect I2C1 pins to AF4
 502:libs/STM32F4xx_StdPeriph_Driver/src/stm32f4xx_gpio.c ****   *            @arg GPIO_AF_I2C2: Connect I2C2 pins to AF4
 503:libs/STM32F4xx_StdPeriph_Driver/src/stm32f4xx_gpio.c ****   *            @arg GPIO_AF_I2C3: Connect I2C3 pins to AF4
 504:libs/STM32F4xx_StdPeriph_Driver/src/stm32f4xx_gpio.c ****   *            @arg GPIO_AF_SPI1: Connect SPI1 pins to AF5
 505:libs/STM32F4xx_StdPeriph_Driver/src/stm32f4xx_gpio.c ****   *            @arg GPIO_AF_SPI2: Connect SPI2/I2S2 pins to AF5
 506:libs/STM32F4xx_StdPeriph_Driver/src/stm32f4xx_gpio.c ****   *            @arg GPIO_AF_SPI3: Connect SPI3/I2S3 pins to AF6
 507:libs/STM32F4xx_StdPeriph_Driver/src/stm32f4xx_gpio.c ****   *            @arg GPIO_AF_I2S3ext: Connect I2S3ext pins to AF7
 508:libs/STM32F4xx_StdPeriph_Driver/src/stm32f4xx_gpio.c ****   *            @arg GPIO_AF_USART1: Connect USART1 pins to AF7
 509:libs/STM32F4xx_StdPeriph_Driver/src/stm32f4xx_gpio.c ****   *            @arg GPIO_AF_USART2: Connect USART2 pins to AF7
 510:libs/STM32F4xx_StdPeriph_Driver/src/stm32f4xx_gpio.c ****   *            @arg GPIO_AF_USART3: Connect USART3 pins to AF7
 511:libs/STM32F4xx_StdPeriph_Driver/src/stm32f4xx_gpio.c ****   *            @arg GPIO_AF_UART4: Connect UART4 pins to AF8
 512:libs/STM32F4xx_StdPeriph_Driver/src/stm32f4xx_gpio.c ****   *            @arg GPIO_AF_UART5: Connect UART5 pins to AF8
 513:libs/STM32F4xx_StdPeriph_Driver/src/stm32f4xx_gpio.c ****   *            @arg GPIO_AF_USART6: Connect USART6 pins to AF8
 514:libs/STM32F4xx_StdPeriph_Driver/src/stm32f4xx_gpio.c ****   *            @arg GPIO_AF_CAN1: Connect CAN1 pins to AF9
 515:libs/STM32F4xx_StdPeriph_Driver/src/stm32f4xx_gpio.c ****   *            @arg GPIO_AF_CAN2: Connect CAN2 pins to AF9
 516:libs/STM32F4xx_StdPeriph_Driver/src/stm32f4xx_gpio.c ****   *            @arg GPIO_AF_TIM12: Connect TIM12 pins to AF9
 517:libs/STM32F4xx_StdPeriph_Driver/src/stm32f4xx_gpio.c ****   *            @arg GPIO_AF_TIM13: Connect TIM13 pins to AF9
 518:libs/STM32F4xx_StdPeriph_Driver/src/stm32f4xx_gpio.c ****   *            @arg GPIO_AF_TIM14: Connect TIM14 pins to AF9
 519:libs/STM32F4xx_StdPeriph_Driver/src/stm32f4xx_gpio.c ****   *            @arg GPIO_AF_OTG_FS: Connect OTG_FS pins to AF10
 520:libs/STM32F4xx_StdPeriph_Driver/src/stm32f4xx_gpio.c ****   *            @arg GPIO_AF_OTG_HS: Connect OTG_HS pins to AF10
 521:libs/STM32F4xx_StdPeriph_Driver/src/stm32f4xx_gpio.c ****   *            @arg GPIO_AF_ETH: Connect ETHERNET pins to AF11
 522:libs/STM32F4xx_StdPeriph_Driver/src/stm32f4xx_gpio.c ****   *            @arg GPIO_AF_FSMC: Connect FSMC pins to AF12
 523:libs/STM32F4xx_StdPeriph_Driver/src/stm32f4xx_gpio.c ****   *            @arg GPIO_AF_OTG_HS_FS: Connect OTG HS (configured in FS) pins to AF12
 524:libs/STM32F4xx_StdPeriph_Driver/src/stm32f4xx_gpio.c ****   *            @arg GPIO_AF_SDIO: Connect SDIO pins to AF12
 525:libs/STM32F4xx_StdPeriph_Driver/src/stm32f4xx_gpio.c ****   *            @arg GPIO_AF_DCMI: Connect DCMI pins to AF13
 526:libs/STM32F4xx_StdPeriph_Driver/src/stm32f4xx_gpio.c ****   *            @arg GPIO_AF_EVENTOUT: Connect EVENTOUT pins to AF15
 527:libs/STM32F4xx_StdPeriph_Driver/src/stm32f4xx_gpio.c ****   * @retval None
 528:libs/STM32F4xx_StdPeriph_Driver/src/stm32f4xx_gpio.c ****   */
 529:libs/STM32F4xx_StdPeriph_Driver/src/stm32f4xx_gpio.c **** void GPIO_PinAFConfig(GPIO_TypeDef* GPIOx, uint16_t GPIO_PinSource, uint8_t GPIO_AF)
 530:libs/STM32F4xx_StdPeriph_Driver/src/stm32f4xx_gpio.c **** {
 885              		.loc 1 530 0
 886              		.cfi_startproc
 887              		@ args = 0, pretend = 0, frame = 16
 888              		@ frame_needed = 1, uses_anonymous_args = 0
 889              		@ link register save eliminated.
 890 0000 80B4     		push	{r7}
 891              	.LCFI39:
 892              		.cfi_def_cfa_offset 4
 893              		.cfi_offset 7, -4
 894 0002 85B0     		sub	sp, sp, #20
 895              	.LCFI40:
 896              		.cfi_def_cfa_offset 24
 897 0004 00AF     		add	r7, sp, #0
 898              	.LCFI41:
 899              		.cfi_def_cfa_register 7
 900 0006 7860     		str	r0, [r7, #4]
 901 0008 1346     		mov	r3, r2
 902 000a 0A46     		mov	r2, r1	@ movhi
 903 000c 7A80     		strh	r2, [r7, #2]	@ movhi
 904 000e 7B70     		strb	r3, [r7, #1]
 531:libs/STM32F4xx_StdPeriph_Driver/src/stm32f4xx_gpio.c ****   uint32_t temp = 0x00;
 905              		.loc 1 531 0
 906 0010 4FF00003 		mov	r3, #0
 907 0014 FB60     		str	r3, [r7, #12]
 532:libs/STM32F4xx_StdPeriph_Driver/src/stm32f4xx_gpio.c ****   uint32_t temp_2 = 0x00;
 908              		.loc 1 532 0
 909 0016 4FF00003 		mov	r3, #0
 910 001a BB60     		str	r3, [r7, #8]
 533:libs/STM32F4xx_StdPeriph_Driver/src/stm32f4xx_gpio.c ****   
 534:libs/STM32F4xx_StdPeriph_Driver/src/stm32f4xx_gpio.c ****   /* Check the parameters */
 535:libs/STM32F4xx_StdPeriph_Driver/src/stm32f4xx_gpio.c ****   assert_param(IS_GPIO_ALL_PERIPH(GPIOx));
 536:libs/STM32F4xx_StdPeriph_Driver/src/stm32f4xx_gpio.c ****   assert_param(IS_GPIO_PIN_SOURCE(GPIO_PinSource));
 537:libs/STM32F4xx_StdPeriph_Driver/src/stm32f4xx_gpio.c ****   assert_param(IS_GPIO_AF(GPIO_AF));
 538:libs/STM32F4xx_StdPeriph_Driver/src/stm32f4xx_gpio.c ****   
 539:libs/STM32F4xx_StdPeriph_Driver/src/stm32f4xx_gpio.c ****   temp = ((uint32_t)(GPIO_AF) << ((uint32_t)((uint32_t)GPIO_PinSource & (uint32_t)0x07) * 4)) ;
 911              		.loc 1 539 0
 912 001c 7A78     		ldrb	r2, [r7, #1]	@ zero_extendqisi2
 913 001e 7B88     		ldrh	r3, [r7, #2]
 914 0020 03F00703 		and	r3, r3, #7
 915 0024 4FEA8303 		lsl	r3, r3, #2
 916 0028 02FA03F3 		lsl	r3, r2, r3
 917 002c FB60     		str	r3, [r7, #12]
 540:libs/STM32F4xx_StdPeriph_Driver/src/stm32f4xx_gpio.c ****   GPIOx->AFR[GPIO_PinSource >> 0x03] &= ~((uint32_t)0xF << ((uint32_t)((uint32_t)GPIO_PinSource & (
 918              		.loc 1 540 0
 919 002e 7B88     		ldrh	r3, [r7, #2]
 920 0030 4FEAD303 		lsr	r3, r3, #3
 921 0034 9BB2     		uxth	r3, r3
 922 0036 1A46     		mov	r2, r3
 923 0038 7B88     		ldrh	r3, [r7, #2]
 924 003a 4FEAD303 		lsr	r3, r3, #3
 925 003e 9BB2     		uxth	r3, r3
 926 0040 1946     		mov	r1, r3
 927 0042 7B68     		ldr	r3, [r7, #4]
 928 0044 01F10801 		add	r1, r1, #8
 929 0048 53F82110 		ldr	r1, [r3, r1, lsl #2]
 930 004c 7B88     		ldrh	r3, [r7, #2]
 931 004e 03F00703 		and	r3, r3, #7
 932 0052 4FEA8303 		lsl	r3, r3, #2
 933 0056 4FF00F00 		mov	r0, #15
 934 005a 00FA03F3 		lsl	r3, r0, r3
 935 005e 6FEA0303 		mvn	r3, r3
 936 0062 1940     		ands	r1, r1, r3
 937 0064 7B68     		ldr	r3, [r7, #4]
 938 0066 02F10802 		add	r2, r2, #8
 939 006a 43F82210 		str	r1, [r3, r2, lsl #2]
 541:libs/STM32F4xx_StdPeriph_Driver/src/stm32f4xx_gpio.c ****   temp_2 = GPIOx->AFR[GPIO_PinSource >> 0x03] | temp;
 940              		.loc 1 541 0
 941 006e 7B88     		ldrh	r3, [r7, #2]
 942 0070 4FEAD303 		lsr	r3, r3, #3
 943 0074 9BB2     		uxth	r3, r3
 944 0076 1A46     		mov	r2, r3
 945 0078 7B68     		ldr	r3, [r7, #4]
 946 007a 02F10802 		add	r2, r2, #8
 947 007e 53F82220 		ldr	r2, [r3, r2, lsl #2]
 948 0082 FB68     		ldr	r3, [r7, #12]
 949 0084 1343     		orrs	r3, r3, r2
 950 0086 BB60     		str	r3, [r7, #8]
 542:libs/STM32F4xx_StdPeriph_Driver/src/stm32f4xx_gpio.c ****   GPIOx->AFR[GPIO_PinSource >> 0x03] = temp_2;
 951              		.loc 1 542 0
 952 0088 7B88     		ldrh	r3, [r7, #2]
 953 008a 4FEAD303 		lsr	r3, r3, #3
 954 008e 9BB2     		uxth	r3, r3
 955 0090 1A46     		mov	r2, r3
 956 0092 7B68     		ldr	r3, [r7, #4]
 957 0094 02F10802 		add	r2, r2, #8
 958 0098 B968     		ldr	r1, [r7, #8]
 959 009a 43F82210 		str	r1, [r3, r2, lsl #2]
 543:libs/STM32F4xx_StdPeriph_Driver/src/stm32f4xx_gpio.c **** }
 960              		.loc 1 543 0
 961 009e 07F11407 		add	r7, r7, #20
 962 00a2 BD46     		mov	sp, r7
 963 00a4 80BC     		pop	{r7}
 964 00a6 7047     		bx	lr
 965              		.cfi_endproc
 966              	.LFE123:
 968              		.text
 969              	.Letext0:
 970              		.file 2 "/usr/local/csl/arm-2012.03/bin/../lib/gcc/arm-none-eabi/4.6.3/../../../../arm-none-eabi/i
 971              		.file 3 "libs/Device/STM32F4xx/Include/stm32f4xx.h"
 972              		.file 4 "libs/STM32F4xx_StdPeriph_Driver/inc/stm32f4xx_gpio.h"
 973              		.file 5 "libs/CMSIS/Include/core_cm4.h"
DEFINED SYMBOLS
                            *ABS*:00000000 stm32f4xx_gpio.c
     /tmp/ccbYiXrI.s:20     .text.GPIO_DeInit:00000000 $t
     /tmp/ccbYiXrI.s:25     .text.GPIO_DeInit:00000000 GPIO_DeInit
     /tmp/ccbYiXrI.s:195    .text.GPIO_Init:00000000 $t
     /tmp/ccbYiXrI.s:200    .text.GPIO_Init:00000000 GPIO_Init
     /tmp/ccbYiXrI.s:372    .text.GPIO_StructInit:00000000 $t
     /tmp/ccbYiXrI.s:377    .text.GPIO_StructInit:00000000 GPIO_StructInit
     /tmp/ccbYiXrI.s:424    .text.GPIO_PinLockConfig:00000000 $t
     /tmp/ccbYiXrI.s:429    .text.GPIO_PinLockConfig:00000000 GPIO_PinLockConfig
     /tmp/ccbYiXrI.s:486    .text.GPIO_ReadInputDataBit:00000000 $t
     /tmp/ccbYiXrI.s:491    .text.GPIO_ReadInputDataBit:00000000 GPIO_ReadInputDataBit
     /tmp/ccbYiXrI.s:542    .text.GPIO_ReadInputData:00000000 $t
     /tmp/ccbYiXrI.s:547    .text.GPIO_ReadInputData:00000000 GPIO_ReadInputData
     /tmp/ccbYiXrI.s:579    .text.GPIO_ReadOutputDataBit:00000000 $t
     /tmp/ccbYiXrI.s:584    .text.GPIO_ReadOutputDataBit:00000000 GPIO_ReadOutputDataBit
     /tmp/ccbYiXrI.s:635    .text.GPIO_ReadOutputData:00000000 $t
     /tmp/ccbYiXrI.s:640    .text.GPIO_ReadOutputData:00000000 GPIO_ReadOutputData
     /tmp/ccbYiXrI.s:672    .text.GPIO_SetBits:00000000 $t
     /tmp/ccbYiXrI.s:677    .text.GPIO_SetBits:00000000 GPIO_SetBits
     /tmp/ccbYiXrI.s:710    .text.GPIO_ResetBits:00000000 $t
     /tmp/ccbYiXrI.s:715    .text.GPIO_ResetBits:00000000 GPIO_ResetBits
     /tmp/ccbYiXrI.s:748    .text.GPIO_WriteBit:00000000 $t
     /tmp/ccbYiXrI.s:753    .text.GPIO_WriteBit:00000000 GPIO_WriteBit
     /tmp/ccbYiXrI.s:799    .text.GPIO_Write:00000000 $t
     /tmp/ccbYiXrI.s:804    .text.GPIO_Write:00000000 GPIO_Write
     /tmp/ccbYiXrI.s:837    .text.GPIO_ToggleBits:00000000 $t
     /tmp/ccbYiXrI.s:842    .text.GPIO_ToggleBits:00000000 GPIO_ToggleBits
     /tmp/ccbYiXrI.s:878    .text.GPIO_PinAFConfig:00000000 $t
     /tmp/ccbYiXrI.s:883    .text.GPIO_PinAFConfig:00000000 GPIO_PinAFConfig
                     .debug_frame:00000010 $d

UNDEFINED SYMBOLS
RCC_AHB1PeriphResetCmd
