   1              		.syntax unified
   2              		.cpu cortex-m4
   3              		.eabi_attribute 27, 3
   4              		.fpu fpv4-sp-d16
   5              		.eabi_attribute 20, 1
   6              		.eabi_attribute 21, 1
   7              		.eabi_attribute 23, 3
   8              		.eabi_attribute 24, 1
   9              		.eabi_attribute 25, 1
  10              		.eabi_attribute 26, 1
  11              		.eabi_attribute 30, 6
  12              		.eabi_attribute 34, 1
  13              		.eabi_attribute 18, 4
  14              		.thumb
  15              		.file	"stm32f4xx_crc.c"
  16              		.text
  17              	.Ltext0:
  18              		.cfi_sections	.debug_frame
  19              		.section	.text.CRC_ResetDR,"ax",%progbits
  20              		.align	2
  21              		.global	CRC_ResetDR
  22              		.thumb
  23              		.thumb_func
  25              	CRC_ResetDR:
  26              	.LFB110:
  27              		.file 1 "libs/STM32F4xx_StdPeriph_Driver/src/stm32f4xx_crc.c"
   1:libs/STM32F4xx_StdPeriph_Driver/src/stm32f4xx_crc.c **** /**
   2:libs/STM32F4xx_StdPeriph_Driver/src/stm32f4xx_crc.c ****   ******************************************************************************
   3:libs/STM32F4xx_StdPeriph_Driver/src/stm32f4xx_crc.c ****   * @file    stm32f4xx_crc.c
   4:libs/STM32F4xx_StdPeriph_Driver/src/stm32f4xx_crc.c ****   * @author  MCD Application Team
   5:libs/STM32F4xx_StdPeriph_Driver/src/stm32f4xx_crc.c ****   * @version V1.0.0RC1
   6:libs/STM32F4xx_StdPeriph_Driver/src/stm32f4xx_crc.c ****   * @date    25-August-2011
   7:libs/STM32F4xx_StdPeriph_Driver/src/stm32f4xx_crc.c ****   * @brief   This file provides all the CRC firmware functions.
   8:libs/STM32F4xx_StdPeriph_Driver/src/stm32f4xx_crc.c ****   ******************************************************************************
   9:libs/STM32F4xx_StdPeriph_Driver/src/stm32f4xx_crc.c ****   * @attention
  10:libs/STM32F4xx_StdPeriph_Driver/src/stm32f4xx_crc.c ****   *
  11:libs/STM32F4xx_StdPeriph_Driver/src/stm32f4xx_crc.c ****   * THE PRESENT FIRMWARE WHICH IS FOR GUIDANCE ONLY AIMS AT PROVIDING CUSTOMERS
  12:libs/STM32F4xx_StdPeriph_Driver/src/stm32f4xx_crc.c ****   * WITH CODING INFORMATION REGARDING THEIR PRODUCTS IN ORDER FOR THEM TO SAVE
  13:libs/STM32F4xx_StdPeriph_Driver/src/stm32f4xx_crc.c ****   * TIME. AS A RESULT, STMICROELECTRONICS SHALL NOT BE HELD LIABLE FOR ANY
  14:libs/STM32F4xx_StdPeriph_Driver/src/stm32f4xx_crc.c ****   * DIRECT, INDIRECT OR CONSEQUENTIAL DAMAGES WITH RESPECT TO ANY CLAIMS ARISING
  15:libs/STM32F4xx_StdPeriph_Driver/src/stm32f4xx_crc.c ****   * FROM THE CONTENT OF SUCH FIRMWARE AND/OR THE USE MADE BY CUSTOMERS OF THE
  16:libs/STM32F4xx_StdPeriph_Driver/src/stm32f4xx_crc.c ****   * CODING INFORMATION CONTAINED HEREIN IN CONNECTION WITH THEIR PRODUCTS.
  17:libs/STM32F4xx_StdPeriph_Driver/src/stm32f4xx_crc.c ****   *
  18:libs/STM32F4xx_StdPeriph_Driver/src/stm32f4xx_crc.c ****   * <h2><center>&copy; COPYRIGHT 2011 STMicroelectronics</center></h2>
  19:libs/STM32F4xx_StdPeriph_Driver/src/stm32f4xx_crc.c ****   ******************************************************************************
  20:libs/STM32F4xx_StdPeriph_Driver/src/stm32f4xx_crc.c ****   */
  21:libs/STM32F4xx_StdPeriph_Driver/src/stm32f4xx_crc.c **** 
  22:libs/STM32F4xx_StdPeriph_Driver/src/stm32f4xx_crc.c **** /* Includes ------------------------------------------------------------------*/
  23:libs/STM32F4xx_StdPeriph_Driver/src/stm32f4xx_crc.c **** #include "stm32f4xx_crc.h"
  24:libs/STM32F4xx_StdPeriph_Driver/src/stm32f4xx_crc.c **** 
  25:libs/STM32F4xx_StdPeriph_Driver/src/stm32f4xx_crc.c **** /** @addtogroup STM32F4xx_StdPeriph_Driver
  26:libs/STM32F4xx_StdPeriph_Driver/src/stm32f4xx_crc.c ****   * @{
  27:libs/STM32F4xx_StdPeriph_Driver/src/stm32f4xx_crc.c ****   */
  28:libs/STM32F4xx_StdPeriph_Driver/src/stm32f4xx_crc.c **** 
  29:libs/STM32F4xx_StdPeriph_Driver/src/stm32f4xx_crc.c **** /** @defgroup CRC 
  30:libs/STM32F4xx_StdPeriph_Driver/src/stm32f4xx_crc.c ****   * @brief CRC driver modules
  31:libs/STM32F4xx_StdPeriph_Driver/src/stm32f4xx_crc.c ****   * @{
  32:libs/STM32F4xx_StdPeriph_Driver/src/stm32f4xx_crc.c ****   */
  33:libs/STM32F4xx_StdPeriph_Driver/src/stm32f4xx_crc.c **** 
  34:libs/STM32F4xx_StdPeriph_Driver/src/stm32f4xx_crc.c **** /* Private typedef -----------------------------------------------------------*/
  35:libs/STM32F4xx_StdPeriph_Driver/src/stm32f4xx_crc.c **** /* Private define ------------------------------------------------------------*/
  36:libs/STM32F4xx_StdPeriph_Driver/src/stm32f4xx_crc.c **** /* Private macro -------------------------------------------------------------*/
  37:libs/STM32F4xx_StdPeriph_Driver/src/stm32f4xx_crc.c **** /* Private variables ---------------------------------------------------------*/
  38:libs/STM32F4xx_StdPeriph_Driver/src/stm32f4xx_crc.c **** /* Private function prototypes -----------------------------------------------*/
  39:libs/STM32F4xx_StdPeriph_Driver/src/stm32f4xx_crc.c **** /* Private functions ---------------------------------------------------------*/
  40:libs/STM32F4xx_StdPeriph_Driver/src/stm32f4xx_crc.c **** 
  41:libs/STM32F4xx_StdPeriph_Driver/src/stm32f4xx_crc.c **** /** @defgroup CRC_Private_Functions
  42:libs/STM32F4xx_StdPeriph_Driver/src/stm32f4xx_crc.c ****   * @{
  43:libs/STM32F4xx_StdPeriph_Driver/src/stm32f4xx_crc.c ****   */
  44:libs/STM32F4xx_StdPeriph_Driver/src/stm32f4xx_crc.c **** 
  45:libs/STM32F4xx_StdPeriph_Driver/src/stm32f4xx_crc.c **** /**
  46:libs/STM32F4xx_StdPeriph_Driver/src/stm32f4xx_crc.c ****   * @brief  Resets the CRC Data register (DR).
  47:libs/STM32F4xx_StdPeriph_Driver/src/stm32f4xx_crc.c ****   * @param  None
  48:libs/STM32F4xx_StdPeriph_Driver/src/stm32f4xx_crc.c ****   * @retval None
  49:libs/STM32F4xx_StdPeriph_Driver/src/stm32f4xx_crc.c ****   */
  50:libs/STM32F4xx_StdPeriph_Driver/src/stm32f4xx_crc.c **** void CRC_ResetDR(void)
  51:libs/STM32F4xx_StdPeriph_Driver/src/stm32f4xx_crc.c **** {
  28              		.loc 1 51 0
  29              		.cfi_startproc
  30              		@ args = 0, pretend = 0, frame = 0
  31              		@ frame_needed = 1, uses_anonymous_args = 0
  32              		@ link register save eliminated.
  33 0000 80B4     		push	{r7}
  34              	.LCFI0:
  35              		.cfi_def_cfa_offset 4
  36              		.cfi_offset 7, -4
  37 0002 00AF     		add	r7, sp, #0
  38              	.LCFI1:
  39              		.cfi_def_cfa_register 7
  52:libs/STM32F4xx_StdPeriph_Driver/src/stm32f4xx_crc.c ****   /* Reset CRC generator */
  53:libs/STM32F4xx_StdPeriph_Driver/src/stm32f4xx_crc.c ****   CRC->CR = CRC_CR_RESET;
  40              		.loc 1 53 0
  41 0004 4FF44053 		mov	r3, #12288
  42 0008 C4F20203 		movt	r3, 16386
  43 000c 4FF00102 		mov	r2, #1
  44 0010 9A60     		str	r2, [r3, #8]
  54:libs/STM32F4xx_StdPeriph_Driver/src/stm32f4xx_crc.c **** }
  45              		.loc 1 54 0
  46 0012 BD46     		mov	sp, r7
  47 0014 80BC     		pop	{r7}
  48 0016 7047     		bx	lr
  49              		.cfi_endproc
  50              	.LFE110:
  52              		.section	.text.CRC_CalcCRC,"ax",%progbits
  53              		.align	2
  54              		.global	CRC_CalcCRC
  55              		.thumb
  56              		.thumb_func
  58              	CRC_CalcCRC:
  59              	.LFB111:
  55:libs/STM32F4xx_StdPeriph_Driver/src/stm32f4xx_crc.c **** 
  56:libs/STM32F4xx_StdPeriph_Driver/src/stm32f4xx_crc.c **** /**
  57:libs/STM32F4xx_StdPeriph_Driver/src/stm32f4xx_crc.c ****   * @brief  Computes the 32-bit CRC of a given data word(32-bit).
  58:libs/STM32F4xx_StdPeriph_Driver/src/stm32f4xx_crc.c ****   * @param  Data: data word(32-bit) to compute its CRC
  59:libs/STM32F4xx_StdPeriph_Driver/src/stm32f4xx_crc.c ****   * @retval 32-bit CRC
  60:libs/STM32F4xx_StdPeriph_Driver/src/stm32f4xx_crc.c ****   */
  61:libs/STM32F4xx_StdPeriph_Driver/src/stm32f4xx_crc.c **** uint32_t CRC_CalcCRC(uint32_t Data)
  62:libs/STM32F4xx_StdPeriph_Driver/src/stm32f4xx_crc.c **** {
  60              		.loc 1 62 0
  61              		.cfi_startproc
  62              		@ args = 0, pretend = 0, frame = 8
  63              		@ frame_needed = 1, uses_anonymous_args = 0
  64              		@ link register save eliminated.
  65 0000 80B4     		push	{r7}
  66              	.LCFI2:
  67              		.cfi_def_cfa_offset 4
  68              		.cfi_offset 7, -4
  69 0002 83B0     		sub	sp, sp, #12
  70              	.LCFI3:
  71              		.cfi_def_cfa_offset 16
  72 0004 00AF     		add	r7, sp, #0
  73              	.LCFI4:
  74              		.cfi_def_cfa_register 7
  75 0006 7860     		str	r0, [r7, #4]
  63:libs/STM32F4xx_StdPeriph_Driver/src/stm32f4xx_crc.c ****   CRC->DR = Data;
  76              		.loc 1 63 0
  77 0008 4FF44053 		mov	r3, #12288
  78 000c C4F20203 		movt	r3, 16386
  79 0010 7A68     		ldr	r2, [r7, #4]
  80 0012 1A60     		str	r2, [r3, #0]
  64:libs/STM32F4xx_StdPeriph_Driver/src/stm32f4xx_crc.c ****   
  65:libs/STM32F4xx_StdPeriph_Driver/src/stm32f4xx_crc.c ****   return (CRC->DR);
  81              		.loc 1 65 0
  82 0014 4FF44053 		mov	r3, #12288
  83 0018 C4F20203 		movt	r3, 16386
  84 001c 1B68     		ldr	r3, [r3, #0]
  66:libs/STM32F4xx_StdPeriph_Driver/src/stm32f4xx_crc.c **** }
  85              		.loc 1 66 0
  86 001e 1846     		mov	r0, r3
  87 0020 07F10C07 		add	r7, r7, #12
  88 0024 BD46     		mov	sp, r7
  89 0026 80BC     		pop	{r7}
  90 0028 7047     		bx	lr
  91              		.cfi_endproc
  92              	.LFE111:
  94 002a 00BF     		.section	.text.CRC_CalcBlockCRC,"ax",%progbits
  95              		.align	2
  96              		.global	CRC_CalcBlockCRC
  97              		.thumb
  98              		.thumb_func
 100              	CRC_CalcBlockCRC:
 101              	.LFB112:
  67:libs/STM32F4xx_StdPeriph_Driver/src/stm32f4xx_crc.c **** 
  68:libs/STM32F4xx_StdPeriph_Driver/src/stm32f4xx_crc.c **** /**
  69:libs/STM32F4xx_StdPeriph_Driver/src/stm32f4xx_crc.c ****   * @brief  Computes the 32-bit CRC of a given buffer of data word(32-bit).
  70:libs/STM32F4xx_StdPeriph_Driver/src/stm32f4xx_crc.c ****   * @param  pBuffer: pointer to the buffer containing the data to be computed
  71:libs/STM32F4xx_StdPeriph_Driver/src/stm32f4xx_crc.c ****   * @param  BufferLength: length of the buffer to be computed					
  72:libs/STM32F4xx_StdPeriph_Driver/src/stm32f4xx_crc.c ****   * @retval 32-bit CRC
  73:libs/STM32F4xx_StdPeriph_Driver/src/stm32f4xx_crc.c ****   */
  74:libs/STM32F4xx_StdPeriph_Driver/src/stm32f4xx_crc.c **** uint32_t CRC_CalcBlockCRC(uint32_t pBuffer[], uint32_t BufferLength)
  75:libs/STM32F4xx_StdPeriph_Driver/src/stm32f4xx_crc.c **** {
 102              		.loc 1 75 0
 103              		.cfi_startproc
 104              		@ args = 0, pretend = 0, frame = 16
 105              		@ frame_needed = 1, uses_anonymous_args = 0
 106              		@ link register save eliminated.
 107 0000 80B4     		push	{r7}
 108              	.LCFI5:
 109              		.cfi_def_cfa_offset 4
 110              		.cfi_offset 7, -4
 111 0002 85B0     		sub	sp, sp, #20
 112              	.LCFI6:
 113              		.cfi_def_cfa_offset 24
 114 0004 00AF     		add	r7, sp, #0
 115              	.LCFI7:
 116              		.cfi_def_cfa_register 7
 117 0006 7860     		str	r0, [r7, #4]
 118 0008 3960     		str	r1, [r7, #0]
  76:libs/STM32F4xx_StdPeriph_Driver/src/stm32f4xx_crc.c ****   uint32_t index = 0;
 119              		.loc 1 76 0
 120 000a 4FF00003 		mov	r3, #0
 121 000e FB60     		str	r3, [r7, #12]
  77:libs/STM32F4xx_StdPeriph_Driver/src/stm32f4xx_crc.c ****   
  78:libs/STM32F4xx_StdPeriph_Driver/src/stm32f4xx_crc.c ****   for(index = 0; index < BufferLength; index++)
 122              		.loc 1 78 0
 123 0010 4FF00003 		mov	r3, #0
 124 0014 FB60     		str	r3, [r7, #12]
 125 0016 0EE0     		b	.L4
 126              	.L5:
  79:libs/STM32F4xx_StdPeriph_Driver/src/stm32f4xx_crc.c ****   {
  80:libs/STM32F4xx_StdPeriph_Driver/src/stm32f4xx_crc.c ****     CRC->DR = pBuffer[index];
 127              		.loc 1 80 0 discriminator 2
 128 0018 4FF44053 		mov	r3, #12288
 129 001c C4F20203 		movt	r3, 16386
 130 0020 FA68     		ldr	r2, [r7, #12]
 131 0022 4FEA8202 		lsl	r2, r2, #2
 132 0026 7968     		ldr	r1, [r7, #4]
 133 0028 8A18     		adds	r2, r1, r2
 134 002a 1268     		ldr	r2, [r2, #0]
 135 002c 1A60     		str	r2, [r3, #0]
  78:libs/STM32F4xx_StdPeriph_Driver/src/stm32f4xx_crc.c ****   for(index = 0; index < BufferLength; index++)
 136              		.loc 1 78 0 discriminator 2
 137 002e FB68     		ldr	r3, [r7, #12]
 138 0030 03F10103 		add	r3, r3, #1
 139 0034 FB60     		str	r3, [r7, #12]
 140              	.L4:
  78:libs/STM32F4xx_StdPeriph_Driver/src/stm32f4xx_crc.c ****   for(index = 0; index < BufferLength; index++)
 141              		.loc 1 78 0 is_stmt 0 discriminator 1
 142 0036 FA68     		ldr	r2, [r7, #12]
 143 0038 3B68     		ldr	r3, [r7, #0]
 144 003a 9A42     		cmp	r2, r3
 145 003c ECD3     		bcc	.L5
  81:libs/STM32F4xx_StdPeriph_Driver/src/stm32f4xx_crc.c ****   }
  82:libs/STM32F4xx_StdPeriph_Driver/src/stm32f4xx_crc.c ****   return (CRC->DR);
 146              		.loc 1 82 0 is_stmt 1
 147 003e 4FF44053 		mov	r3, #12288
 148 0042 C4F20203 		movt	r3, 16386
 149 0046 1B68     		ldr	r3, [r3, #0]
  83:libs/STM32F4xx_StdPeriph_Driver/src/stm32f4xx_crc.c **** }
 150              		.loc 1 83 0
 151 0048 1846     		mov	r0, r3
 152 004a 07F11407 		add	r7, r7, #20
 153 004e BD46     		mov	sp, r7
 154 0050 80BC     		pop	{r7}
 155 0052 7047     		bx	lr
 156              		.cfi_endproc
 157              	.LFE112:
 159              		.section	.text.CRC_GetCRC,"ax",%progbits
 160              		.align	2
 161              		.global	CRC_GetCRC
 162              		.thumb
 163              		.thumb_func
 165              	CRC_GetCRC:
 166              	.LFB113:
  84:libs/STM32F4xx_StdPeriph_Driver/src/stm32f4xx_crc.c **** 
  85:libs/STM32F4xx_StdPeriph_Driver/src/stm32f4xx_crc.c **** /**
  86:libs/STM32F4xx_StdPeriph_Driver/src/stm32f4xx_crc.c ****   * @brief  Returns the current CRC value.
  87:libs/STM32F4xx_StdPeriph_Driver/src/stm32f4xx_crc.c ****   * @param  None
  88:libs/STM32F4xx_StdPeriph_Driver/src/stm32f4xx_crc.c ****   * @retval 32-bit CRC
  89:libs/STM32F4xx_StdPeriph_Driver/src/stm32f4xx_crc.c ****   */
  90:libs/STM32F4xx_StdPeriph_Driver/src/stm32f4xx_crc.c **** uint32_t CRC_GetCRC(void)
  91:libs/STM32F4xx_StdPeriph_Driver/src/stm32f4xx_crc.c **** {
 167              		.loc 1 91 0
 168              		.cfi_startproc
 169              		@ args = 0, pretend = 0, frame = 0
 170              		@ frame_needed = 1, uses_anonymous_args = 0
 171              		@ link register save eliminated.
 172 0000 80B4     		push	{r7}
 173              	.LCFI8:
 174              		.cfi_def_cfa_offset 4
 175              		.cfi_offset 7, -4
 176 0002 00AF     		add	r7, sp, #0
 177              	.LCFI9:
 178              		.cfi_def_cfa_register 7
  92:libs/STM32F4xx_StdPeriph_Driver/src/stm32f4xx_crc.c ****   return (CRC->DR);
 179              		.loc 1 92 0
 180 0004 4FF44053 		mov	r3, #12288
 181 0008 C4F20203 		movt	r3, 16386
 182 000c 1B68     		ldr	r3, [r3, #0]
  93:libs/STM32F4xx_StdPeriph_Driver/src/stm32f4xx_crc.c **** }
 183              		.loc 1 93 0
 184 000e 1846     		mov	r0, r3
 185 0010 BD46     		mov	sp, r7
 186 0012 80BC     		pop	{r7}
 187 0014 7047     		bx	lr
 188              		.cfi_endproc
 189              	.LFE113:
 191 0016 00BF     		.section	.text.CRC_SetIDRegister,"ax",%progbits
 192              		.align	2
 193              		.global	CRC_SetIDRegister
 194              		.thumb
 195              		.thumb_func
 197              	CRC_SetIDRegister:
 198              	.LFB114:
  94:libs/STM32F4xx_StdPeriph_Driver/src/stm32f4xx_crc.c **** 
  95:libs/STM32F4xx_StdPeriph_Driver/src/stm32f4xx_crc.c **** /**
  96:libs/STM32F4xx_StdPeriph_Driver/src/stm32f4xx_crc.c ****   * @brief  Stores a 8-bit data in the Independent Data(ID) register.
  97:libs/STM32F4xx_StdPeriph_Driver/src/stm32f4xx_crc.c ****   * @param  IDValue: 8-bit value to be stored in the ID register 					
  98:libs/STM32F4xx_StdPeriph_Driver/src/stm32f4xx_crc.c ****   * @retval None
  99:libs/STM32F4xx_StdPeriph_Driver/src/stm32f4xx_crc.c ****   */
 100:libs/STM32F4xx_StdPeriph_Driver/src/stm32f4xx_crc.c **** void CRC_SetIDRegister(uint8_t IDValue)
 101:libs/STM32F4xx_StdPeriph_Driver/src/stm32f4xx_crc.c **** {
 199              		.loc 1 101 0
 200              		.cfi_startproc
 201              		@ args = 0, pretend = 0, frame = 8
 202              		@ frame_needed = 1, uses_anonymous_args = 0
 203              		@ link register save eliminated.
 204 0000 80B4     		push	{r7}
 205              	.LCFI10:
 206              		.cfi_def_cfa_offset 4
 207              		.cfi_offset 7, -4
 208 0002 83B0     		sub	sp, sp, #12
 209              	.LCFI11:
 210              		.cfi_def_cfa_offset 16
 211 0004 00AF     		add	r7, sp, #0
 212              	.LCFI12:
 213              		.cfi_def_cfa_register 7
 214 0006 0346     		mov	r3, r0
 215 0008 FB71     		strb	r3, [r7, #7]
 102:libs/STM32F4xx_StdPeriph_Driver/src/stm32f4xx_crc.c ****   CRC->IDR = IDValue;
 216              		.loc 1 102 0
 217 000a 4FF44053 		mov	r3, #12288
 218 000e C4F20203 		movt	r3, 16386
 219 0012 FA79     		ldrb	r2, [r7, #7]
 220 0014 1A71     		strb	r2, [r3, #4]
 103:libs/STM32F4xx_StdPeriph_Driver/src/stm32f4xx_crc.c **** }
 221              		.loc 1 103 0
 222 0016 07F10C07 		add	r7, r7, #12
 223 001a BD46     		mov	sp, r7
 224 001c 80BC     		pop	{r7}
 225 001e 7047     		bx	lr
 226              		.cfi_endproc
 227              	.LFE114:
 229              		.section	.text.CRC_GetIDRegister,"ax",%progbits
 230              		.align	2
 231              		.global	CRC_GetIDRegister
 232              		.thumb
 233              		.thumb_func
 235              	CRC_GetIDRegister:
 236              	.LFB115:
 104:libs/STM32F4xx_StdPeriph_Driver/src/stm32f4xx_crc.c **** 
 105:libs/STM32F4xx_StdPeriph_Driver/src/stm32f4xx_crc.c **** /**
 106:libs/STM32F4xx_StdPeriph_Driver/src/stm32f4xx_crc.c ****   * @brief  Returns the 8-bit data stored in the Independent Data(ID) register
 107:libs/STM32F4xx_StdPeriph_Driver/src/stm32f4xx_crc.c ****   * @param  None
 108:libs/STM32F4xx_StdPeriph_Driver/src/stm32f4xx_crc.c ****   * @retval 8-bit value of the ID register 
 109:libs/STM32F4xx_StdPeriph_Driver/src/stm32f4xx_crc.c ****   */
 110:libs/STM32F4xx_StdPeriph_Driver/src/stm32f4xx_crc.c **** uint8_t CRC_GetIDRegister(void)
 111:libs/STM32F4xx_StdPeriph_Driver/src/stm32f4xx_crc.c **** {
 237              		.loc 1 111 0
 238              		.cfi_startproc
 239              		@ args = 0, pretend = 0, frame = 0
 240              		@ frame_needed = 1, uses_anonymous_args = 0
 241              		@ link register save eliminated.
 242 0000 80B4     		push	{r7}
 243              	.LCFI13:
 244              		.cfi_def_cfa_offset 4
 245              		.cfi_offset 7, -4
 246 0002 00AF     		add	r7, sp, #0
 247              	.LCFI14:
 248              		.cfi_def_cfa_register 7
 112:libs/STM32F4xx_StdPeriph_Driver/src/stm32f4xx_crc.c ****   return (CRC->IDR);
 249              		.loc 1 112 0
 250 0004 4FF44053 		mov	r3, #12288
 251 0008 C4F20203 		movt	r3, 16386
 252 000c 1B79     		ldrb	r3, [r3, #4]
 253 000e DBB2     		uxtb	r3, r3
 113:libs/STM32F4xx_StdPeriph_Driver/src/stm32f4xx_crc.c **** }
 254              		.loc 1 113 0
 255 0010 1846     		mov	r0, r3
 256 0012 BD46     		mov	sp, r7
 257 0014 80BC     		pop	{r7}
 258 0016 7047     		bx	lr
 259              		.cfi_endproc
 260              	.LFE115:
 262              		.text
 263              	.Letext0:
 264              		.file 2 "/usr/local/csl/arm-2012.03/bin/../lib/gcc/arm-none-eabi/4.6.3/../../../../arm-none-eabi/i
 265              		.file 3 "libs/Device/STM32F4xx/Include/stm32f4xx.h"
 266              		.file 4 "libs/CMSIS/Include/core_cm4.h"
DEFINED SYMBOLS
                            *ABS*:00000000 stm32f4xx_crc.c
     /tmp/ccKNlG0Y.s:20     .text.CRC_ResetDR:00000000 $t
     /tmp/ccKNlG0Y.s:25     .text.CRC_ResetDR:00000000 CRC_ResetDR
     /tmp/ccKNlG0Y.s:53     .text.CRC_CalcCRC:00000000 $t
     /tmp/ccKNlG0Y.s:58     .text.CRC_CalcCRC:00000000 CRC_CalcCRC
     /tmp/ccKNlG0Y.s:95     .text.CRC_CalcBlockCRC:00000000 $t
     /tmp/ccKNlG0Y.s:100    .text.CRC_CalcBlockCRC:00000000 CRC_CalcBlockCRC
     /tmp/ccKNlG0Y.s:160    .text.CRC_GetCRC:00000000 $t
     /tmp/ccKNlG0Y.s:165    .text.CRC_GetCRC:00000000 CRC_GetCRC
     /tmp/ccKNlG0Y.s:192    .text.CRC_SetIDRegister:00000000 $t
     /tmp/ccKNlG0Y.s:197    .text.CRC_SetIDRegister:00000000 CRC_SetIDRegister
     /tmp/ccKNlG0Y.s:230    .text.CRC_GetIDRegister:00000000 $t
     /tmp/ccKNlG0Y.s:235    .text.CRC_GetIDRegister:00000000 CRC_GetIDRegister
                     .debug_frame:00000010 $d

NO UNDEFINED SYMBOLS
