   1              		.syntax unified
   2              		.cpu cortex-m4
   3              		.eabi_attribute 27, 3
   4              		.fpu fpv4-sp-d16
   5              		.eabi_attribute 20, 1
   6              		.eabi_attribute 21, 1
   7              		.eabi_attribute 23, 3
   8              		.eabi_attribute 24, 1
   9              		.eabi_attribute 25, 1
  10              		.eabi_attribute 26, 1
  11              		.eabi_attribute 30, 6
  12              		.eabi_attribute 34, 1
  13              		.eabi_attribute 18, 4
  14              		.thumb
  15              		.file	"stm32f4xx_cryp_tdes.c"
  16              		.text
  17              	.Ltext0:
  18              		.cfi_sections	.debug_frame
  19              		.section	.text.CRYP_TDES_ECB,"ax",%progbits
  20              		.align	2
  21              		.global	CRYP_TDES_ECB
  22              		.thumb
  23              		.thumb_func
  25              	CRYP_TDES_ECB:
  26              	.LFB110:
  27              		.file 1 "libs/STM32F4xx_StdPeriph_Driver/src/stm32f4xx_cryp_tdes.c"
   1:libs/STM32F4xx_StdPeriph_Driver/src/stm32f4xx_cryp_tdes.c **** /**
   2:libs/STM32F4xx_StdPeriph_Driver/src/stm32f4xx_cryp_tdes.c ****   ******************************************************************************
   3:libs/STM32F4xx_StdPeriph_Driver/src/stm32f4xx_cryp_tdes.c ****   * @file    stm32f4xx_cryp_tdes.c
   4:libs/STM32F4xx_StdPeriph_Driver/src/stm32f4xx_cryp_tdes.c ****   * @author  MCD Application Team
   5:libs/STM32F4xx_StdPeriph_Driver/src/stm32f4xx_cryp_tdes.c ****   * @version V1.0.0RC1
   6:libs/STM32F4xx_StdPeriph_Driver/src/stm32f4xx_cryp_tdes.c ****   * @date    25-August-2011
   7:libs/STM32F4xx_StdPeriph_Driver/src/stm32f4xx_cryp_tdes.c ****   * @brief   This file provides high level functions to encrypt and decrypt an 
   8:libs/STM32F4xx_StdPeriph_Driver/src/stm32f4xx_cryp_tdes.c ****   *          input message using TDES in ECB/CBC modes .
   9:libs/STM32F4xx_StdPeriph_Driver/src/stm32f4xx_cryp_tdes.c ****   *          It uses the stm32f4xx_cryp.c/.h drivers to access the STM32F4xx CRYP
  10:libs/STM32F4xx_StdPeriph_Driver/src/stm32f4xx_cryp_tdes.c ****   *          peripheral.
  11:libs/STM32F4xx_StdPeriph_Driver/src/stm32f4xx_cryp_tdes.c ****   *
  12:libs/STM32F4xx_StdPeriph_Driver/src/stm32f4xx_cryp_tdes.c ****   *  @verbatim
  13:libs/STM32F4xx_StdPeriph_Driver/src/stm32f4xx_cryp_tdes.c ****   *
  14:libs/STM32F4xx_StdPeriph_Driver/src/stm32f4xx_cryp_tdes.c ****   *          ===================================================================
  15:libs/STM32F4xx_StdPeriph_Driver/src/stm32f4xx_cryp_tdes.c ****   *                                   How to use this driver
  16:libs/STM32F4xx_StdPeriph_Driver/src/stm32f4xx_cryp_tdes.c ****   *          ===================================================================
  17:libs/STM32F4xx_StdPeriph_Driver/src/stm32f4xx_cryp_tdes.c ****   *          1. Enable The CRYP controller clock using 
  18:libs/STM32F4xx_StdPeriph_Driver/src/stm32f4xx_cryp_tdes.c ****   *            RCC_AHB2PeriphClockCmd(RCC_AHB2Periph_CRYP, ENABLE); function.
  19:libs/STM32F4xx_StdPeriph_Driver/src/stm32f4xx_cryp_tdes.c ****   *
  20:libs/STM32F4xx_StdPeriph_Driver/src/stm32f4xx_cryp_tdes.c ****   *          2. Encrypt and decrypt using TDES in ECB Mode using CRYP_TDES_ECB()
  21:libs/STM32F4xx_StdPeriph_Driver/src/stm32f4xx_cryp_tdes.c ****   *             function.
  22:libs/STM32F4xx_StdPeriph_Driver/src/stm32f4xx_cryp_tdes.c ****   *
  23:libs/STM32F4xx_StdPeriph_Driver/src/stm32f4xx_cryp_tdes.c ****   *          3. Encrypt and decrypt using TDES in CBC Mode using CRYP_TDES_CBC()
  24:libs/STM32F4xx_StdPeriph_Driver/src/stm32f4xx_cryp_tdes.c ****   *             function.
  25:libs/STM32F4xx_StdPeriph_Driver/src/stm32f4xx_cryp_tdes.c ****   *
  26:libs/STM32F4xx_StdPeriph_Driver/src/stm32f4xx_cryp_tdes.c ****   *  @endverbatim
  27:libs/STM32F4xx_StdPeriph_Driver/src/stm32f4xx_cryp_tdes.c ****   *
  28:libs/STM32F4xx_StdPeriph_Driver/src/stm32f4xx_cryp_tdes.c ****   ******************************************************************************
  29:libs/STM32F4xx_StdPeriph_Driver/src/stm32f4xx_cryp_tdes.c ****   * @attention
  30:libs/STM32F4xx_StdPeriph_Driver/src/stm32f4xx_cryp_tdes.c ****   *
  31:libs/STM32F4xx_StdPeriph_Driver/src/stm32f4xx_cryp_tdes.c ****   * THE PRESENT FIRMWARE WHICH IS FOR GUIDANCE ONLY AIMS AT PROVIDING CUSTOMERS
  32:libs/STM32F4xx_StdPeriph_Driver/src/stm32f4xx_cryp_tdes.c ****   * WITH CODING INFORMATION REGARDING THEIR PRODUCTS IN ORDER FOR THEM TO SAVE
  33:libs/STM32F4xx_StdPeriph_Driver/src/stm32f4xx_cryp_tdes.c ****   * TIME. AS A RESULT, STMICROELECTRONICS SHALL NOT BE HELD LIABLE FOR ANY
  34:libs/STM32F4xx_StdPeriph_Driver/src/stm32f4xx_cryp_tdes.c ****   * DIRECT, INDIRECT OR CONSEQUENTIAL DAMAGES WITH RESPECT TO ANY CLAIMS ARISING
  35:libs/STM32F4xx_StdPeriph_Driver/src/stm32f4xx_cryp_tdes.c ****   * FROM THE CONTENT OF SUCH FIRMWARE AND/OR THE USE MADE BY CUSTOMERS OF THE
  36:libs/STM32F4xx_StdPeriph_Driver/src/stm32f4xx_cryp_tdes.c ****   * CODING INFORMATION CONTAINED HEREIN IN CONNECTION WITH THEIR PRODUCTS.
  37:libs/STM32F4xx_StdPeriph_Driver/src/stm32f4xx_cryp_tdes.c ****   *
  38:libs/STM32F4xx_StdPeriph_Driver/src/stm32f4xx_cryp_tdes.c ****   * <h2><center>&copy; COPYRIGHT 2011 STMicroelectronics</center></h2>
  39:libs/STM32F4xx_StdPeriph_Driver/src/stm32f4xx_cryp_tdes.c ****   ******************************************************************************
  40:libs/STM32F4xx_StdPeriph_Driver/src/stm32f4xx_cryp_tdes.c ****   */ 
  41:libs/STM32F4xx_StdPeriph_Driver/src/stm32f4xx_cryp_tdes.c **** 
  42:libs/STM32F4xx_StdPeriph_Driver/src/stm32f4xx_cryp_tdes.c **** /* Includes ------------------------------------------------------------------*/
  43:libs/STM32F4xx_StdPeriph_Driver/src/stm32f4xx_cryp_tdes.c **** #include "stm32f4xx_cryp.h"
  44:libs/STM32F4xx_StdPeriph_Driver/src/stm32f4xx_cryp_tdes.c **** 
  45:libs/STM32F4xx_StdPeriph_Driver/src/stm32f4xx_cryp_tdes.c **** 
  46:libs/STM32F4xx_StdPeriph_Driver/src/stm32f4xx_cryp_tdes.c **** /** @addtogroup STM32F4xx_StdPeriph_Driver
  47:libs/STM32F4xx_StdPeriph_Driver/src/stm32f4xx_cryp_tdes.c ****   * @{
  48:libs/STM32F4xx_StdPeriph_Driver/src/stm32f4xx_cryp_tdes.c ****   */
  49:libs/STM32F4xx_StdPeriph_Driver/src/stm32f4xx_cryp_tdes.c **** 
  50:libs/STM32F4xx_StdPeriph_Driver/src/stm32f4xx_cryp_tdes.c **** /** @defgroup CRYP 
  51:libs/STM32F4xx_StdPeriph_Driver/src/stm32f4xx_cryp_tdes.c ****   * @brief CRYP driver modules
  52:libs/STM32F4xx_StdPeriph_Driver/src/stm32f4xx_cryp_tdes.c ****   * @{
  53:libs/STM32F4xx_StdPeriph_Driver/src/stm32f4xx_cryp_tdes.c ****   */
  54:libs/STM32F4xx_StdPeriph_Driver/src/stm32f4xx_cryp_tdes.c **** 
  55:libs/STM32F4xx_StdPeriph_Driver/src/stm32f4xx_cryp_tdes.c **** /* Private typedef -----------------------------------------------------------*/
  56:libs/STM32F4xx_StdPeriph_Driver/src/stm32f4xx_cryp_tdes.c **** /* Private define ------------------------------------------------------------*/
  57:libs/STM32F4xx_StdPeriph_Driver/src/stm32f4xx_cryp_tdes.c **** #define TDESBUSY_TIMEOUT    ((uint32_t) 0x00010000)
  58:libs/STM32F4xx_StdPeriph_Driver/src/stm32f4xx_cryp_tdes.c **** 
  59:libs/STM32F4xx_StdPeriph_Driver/src/stm32f4xx_cryp_tdes.c **** /* Private macro -------------------------------------------------------------*/
  60:libs/STM32F4xx_StdPeriph_Driver/src/stm32f4xx_cryp_tdes.c **** /* Private variables ---------------------------------------------------------*/
  61:libs/STM32F4xx_StdPeriph_Driver/src/stm32f4xx_cryp_tdes.c **** /* Private function prototypes -----------------------------------------------*/
  62:libs/STM32F4xx_StdPeriph_Driver/src/stm32f4xx_cryp_tdes.c **** /* Private functions ---------------------------------------------------------*/
  63:libs/STM32F4xx_StdPeriph_Driver/src/stm32f4xx_cryp_tdes.c **** 
  64:libs/STM32F4xx_StdPeriph_Driver/src/stm32f4xx_cryp_tdes.c **** 
  65:libs/STM32F4xx_StdPeriph_Driver/src/stm32f4xx_cryp_tdes.c **** /** @defgroup CRYP_Private_Functions
  66:libs/STM32F4xx_StdPeriph_Driver/src/stm32f4xx_cryp_tdes.c ****   * @{
  67:libs/STM32F4xx_StdPeriph_Driver/src/stm32f4xx_cryp_tdes.c ****   */ 
  68:libs/STM32F4xx_StdPeriph_Driver/src/stm32f4xx_cryp_tdes.c **** 
  69:libs/STM32F4xx_StdPeriph_Driver/src/stm32f4xx_cryp_tdes.c **** /** @defgroup CRYP_Group7 High Level TDES functions
  70:libs/STM32F4xx_StdPeriph_Driver/src/stm32f4xx_cryp_tdes.c ****  *  @brief   High Level TDES functions 
  71:libs/STM32F4xx_StdPeriph_Driver/src/stm32f4xx_cryp_tdes.c ****  *
  72:libs/STM32F4xx_StdPeriph_Driver/src/stm32f4xx_cryp_tdes.c **** @verbatim   
  73:libs/STM32F4xx_StdPeriph_Driver/src/stm32f4xx_cryp_tdes.c ****  ===============================================================================
  74:libs/STM32F4xx_StdPeriph_Driver/src/stm32f4xx_cryp_tdes.c ****                           High Level TDES functions
  75:libs/STM32F4xx_StdPeriph_Driver/src/stm32f4xx_cryp_tdes.c ****  ===============================================================================
  76:libs/STM32F4xx_StdPeriph_Driver/src/stm32f4xx_cryp_tdes.c **** 
  77:libs/STM32F4xx_StdPeriph_Driver/src/stm32f4xx_cryp_tdes.c **** 
  78:libs/STM32F4xx_StdPeriph_Driver/src/stm32f4xx_cryp_tdes.c **** @endverbatim
  79:libs/STM32F4xx_StdPeriph_Driver/src/stm32f4xx_cryp_tdes.c ****   * @{
  80:libs/STM32F4xx_StdPeriph_Driver/src/stm32f4xx_cryp_tdes.c ****   */
  81:libs/STM32F4xx_StdPeriph_Driver/src/stm32f4xx_cryp_tdes.c **** 
  82:libs/STM32F4xx_StdPeriph_Driver/src/stm32f4xx_cryp_tdes.c **** /**
  83:libs/STM32F4xx_StdPeriph_Driver/src/stm32f4xx_cryp_tdes.c ****   * @brief  Encrypt and decrypt using TDES in ECB Mode
  84:libs/STM32F4xx_StdPeriph_Driver/src/stm32f4xx_cryp_tdes.c ****   * @param  Mode: encryption or decryption Mode.
  85:libs/STM32F4xx_StdPeriph_Driver/src/stm32f4xx_cryp_tdes.c ****   *           This parameter can be one of the following values:
  86:libs/STM32F4xx_StdPeriph_Driver/src/stm32f4xx_cryp_tdes.c ****   *            @arg MODE_ENCRYPT: Encryption
  87:libs/STM32F4xx_StdPeriph_Driver/src/stm32f4xx_cryp_tdes.c ****   *            @arg MODE_DECRYPT: Decryption
  88:libs/STM32F4xx_StdPeriph_Driver/src/stm32f4xx_cryp_tdes.c ****   * @param  Key: Key used for TDES algorithm.
  89:libs/STM32F4xx_StdPeriph_Driver/src/stm32f4xx_cryp_tdes.c ****   * @param  Ilength: length of the Input buffer, must be a multiple of 8.
  90:libs/STM32F4xx_StdPeriph_Driver/src/stm32f4xx_cryp_tdes.c ****   * @param  Input: pointer to the Input buffer.
  91:libs/STM32F4xx_StdPeriph_Driver/src/stm32f4xx_cryp_tdes.c ****   * @param  Output: pointer to the returned buffer.
  92:libs/STM32F4xx_StdPeriph_Driver/src/stm32f4xx_cryp_tdes.c ****   * @retval An ErrorStatus enumeration value:
  93:libs/STM32F4xx_StdPeriph_Driver/src/stm32f4xx_cryp_tdes.c ****   *          - SUCCESS: Operation done
  94:libs/STM32F4xx_StdPeriph_Driver/src/stm32f4xx_cryp_tdes.c ****   *          - ERROR: Operation failed
  95:libs/STM32F4xx_StdPeriph_Driver/src/stm32f4xx_cryp_tdes.c ****   */
  96:libs/STM32F4xx_StdPeriph_Driver/src/stm32f4xx_cryp_tdes.c **** ErrorStatus CRYP_TDES_ECB(uint8_t Mode, uint8_t Key[24], uint8_t *Input, 
  97:libs/STM32F4xx_StdPeriph_Driver/src/stm32f4xx_cryp_tdes.c ****                           uint32_t Ilength, uint8_t *Output)
  98:libs/STM32F4xx_StdPeriph_Driver/src/stm32f4xx_cryp_tdes.c **** {
  28              		.loc 1 98 0
  29              		.cfi_startproc
  30              		@ args = 4, pretend = 0, frame = 136
  31              		@ frame_needed = 1, uses_anonymous_args = 0
  32 0000 90B5     		push	{r4, r7, lr}
  33              	.LCFI0:
  34              		.cfi_def_cfa_offset 12
  35              		.cfi_offset 14, -4
  36              		.cfi_offset 7, -8
  37              		.cfi_offset 4, -12
  38 0002 A3B0     		sub	sp, sp, #140
  39              	.LCFI1:
  40              		.cfi_def_cfa_offset 152
  41 0004 00AF     		add	r7, sp, #0
  42              	.LCFI2:
  43              		.cfi_def_cfa_register 7
  44 0006 B960     		str	r1, [r7, #8]
  45 0008 7A60     		str	r2, [r7, #4]
  46 000a 3B60     		str	r3, [r7, #0]
  47 000c 0346     		mov	r3, r0
  48 000e FB73     		strb	r3, [r7, #15]
  99:libs/STM32F4xx_StdPeriph_Driver/src/stm32f4xx_cryp_tdes.c ****   CRYP_InitTypeDef TDES_CRYP_InitStructure;
 100:libs/STM32F4xx_StdPeriph_Driver/src/stm32f4xx_cryp_tdes.c ****   CRYP_KeyInitTypeDef TDES_CRYP_KeyInitStructure;
 101:libs/STM32F4xx_StdPeriph_Driver/src/stm32f4xx_cryp_tdes.c ****   __IO uint32_t counter = 0;
  49              		.loc 1 101 0
  50 0010 4FF00003 		mov	r3, #0
  51 0014 7B61     		str	r3, [r7, #20]
 102:libs/STM32F4xx_StdPeriph_Driver/src/stm32f4xx_cryp_tdes.c ****   uint32_t busystatus = 0;
  52              		.loc 1 102 0
  53 0016 4FF00003 		mov	r3, #0
  54 001a 7B67     		str	r3, [r7, #116]
 103:libs/STM32F4xx_StdPeriph_Driver/src/stm32f4xx_cryp_tdes.c ****   ErrorStatus status = SUCCESS;
  55              		.loc 1 103 0
  56 001c 4FF00103 		mov	r3, #1
  57 0020 87F88730 		strb	r3, [r7, #135]
 104:libs/STM32F4xx_StdPeriph_Driver/src/stm32f4xx_cryp_tdes.c ****   uint32_t keyaddr    = (uint32_t)Key;
  58              		.loc 1 104 0
  59 0024 BB68     		ldr	r3, [r7, #8]
  60 0026 3B67     		str	r3, [r7, #112]
 105:libs/STM32F4xx_StdPeriph_Driver/src/stm32f4xx_cryp_tdes.c ****   uint32_t inputaddr  = (uint32_t)Input;
  61              		.loc 1 105 0
  62 0028 7B68     		ldr	r3, [r7, #4]
  63 002a C7F88030 		str	r3, [r7, #128]
 106:libs/STM32F4xx_StdPeriph_Driver/src/stm32f4xx_cryp_tdes.c ****   uint32_t outputaddr = (uint32_t)Output;
  64              		.loc 1 106 0
  65 002e D7F89830 		ldr	r3, [r7, #152]
  66 0032 FB67     		str	r3, [r7, #124]
 107:libs/STM32F4xx_StdPeriph_Driver/src/stm32f4xx_cryp_tdes.c ****   uint32_t i = 0;
  67              		.loc 1 107 0
  68 0034 4FF00003 		mov	r3, #0
  69 0038 BB67     		str	r3, [r7, #120]
 108:libs/STM32F4xx_StdPeriph_Driver/src/stm32f4xx_cryp_tdes.c **** 
 109:libs/STM32F4xx_StdPeriph_Driver/src/stm32f4xx_cryp_tdes.c ****   /* Crypto structures initialisation*/
 110:libs/STM32F4xx_StdPeriph_Driver/src/stm32f4xx_cryp_tdes.c ****   CRYP_KeyStructInit(&TDES_CRYP_KeyInitStructure);
  70              		.loc 1 110 0
  71 003a 07F11803 		add	r3, r7, #24
  72 003e 1846     		mov	r0, r3
  73 0040 FFF7FEFF 		bl	CRYP_KeyStructInit
 111:libs/STM32F4xx_StdPeriph_Driver/src/stm32f4xx_cryp_tdes.c **** 
 112:libs/STM32F4xx_StdPeriph_Driver/src/stm32f4xx_cryp_tdes.c ****   /* Crypto Init for Encryption process */
 113:libs/STM32F4xx_StdPeriph_Driver/src/stm32f4xx_cryp_tdes.c ****   if(Mode == MODE_ENCRYPT) /* TDES encryption */
  74              		.loc 1 113 0
  75 0044 FB7B     		ldrb	r3, [r7, #15]	@ zero_extendqisi2
  76 0046 012B     		cmp	r3, #1
  77 0048 03D1     		bne	.L2
 114:libs/STM32F4xx_StdPeriph_Driver/src/stm32f4xx_cryp_tdes.c ****   {
 115:libs/STM32F4xx_StdPeriph_Driver/src/stm32f4xx_cryp_tdes.c ****      TDES_CRYP_InitStructure.CRYP_AlgoDir = CRYP_AlgoDir_Encrypt;
  78              		.loc 1 115 0
  79 004a 4FF00003 		mov	r3, #0
  80 004e 3B87     		strh	r3, [r7, #56]	@ movhi
  81 0050 02E0     		b	.L3
  82              	.L2:
 116:libs/STM32F4xx_StdPeriph_Driver/src/stm32f4xx_cryp_tdes.c ****   }
 117:libs/STM32F4xx_StdPeriph_Driver/src/stm32f4xx_cryp_tdes.c ****   else /*if(Mode == MODE_DECRYPT)*/ /* TDES decryption */
 118:libs/STM32F4xx_StdPeriph_Driver/src/stm32f4xx_cryp_tdes.c ****   {
 119:libs/STM32F4xx_StdPeriph_Driver/src/stm32f4xx_cryp_tdes.c ****      TDES_CRYP_InitStructure.CRYP_AlgoDir = CRYP_AlgoDir_Decrypt;
  83              		.loc 1 119 0
  84 0052 4FF00403 		mov	r3, #4
  85 0056 3B87     		strh	r3, [r7, #56]	@ movhi
  86              	.L3:
 120:libs/STM32F4xx_StdPeriph_Driver/src/stm32f4xx_cryp_tdes.c ****   }
 121:libs/STM32F4xx_StdPeriph_Driver/src/stm32f4xx_cryp_tdes.c **** 
 122:libs/STM32F4xx_StdPeriph_Driver/src/stm32f4xx_cryp_tdes.c ****   TDES_CRYP_InitStructure.CRYP_AlgoMode = CRYP_AlgoMode_TDES_ECB;
  87              		.loc 1 122 0
  88 0058 4FF00003 		mov	r3, #0
  89 005c 7B87     		strh	r3, [r7, #58]	@ movhi
 123:libs/STM32F4xx_StdPeriph_Driver/src/stm32f4xx_cryp_tdes.c ****   TDES_CRYP_InitStructure.CRYP_DataType = CRYP_DataType_8b;
  90              		.loc 1 123 0
  91 005e 4FF08003 		mov	r3, #128
  92 0062 BB87     		strh	r3, [r7, #60]	@ movhi
 124:libs/STM32F4xx_StdPeriph_Driver/src/stm32f4xx_cryp_tdes.c ****   CRYP_Init(&TDES_CRYP_InitStructure);
  93              		.loc 1 124 0
  94 0064 07F13803 		add	r3, r7, #56
  95 0068 1846     		mov	r0, r3
  96 006a FFF7FEFF 		bl	CRYP_Init
 125:libs/STM32F4xx_StdPeriph_Driver/src/stm32f4xx_cryp_tdes.c **** 
 126:libs/STM32F4xx_StdPeriph_Driver/src/stm32f4xx_cryp_tdes.c ****   /* Key Initialisation */
 127:libs/STM32F4xx_StdPeriph_Driver/src/stm32f4xx_cryp_tdes.c ****   TDES_CRYP_KeyInitStructure.CRYP_Key1Left = __REV(*(uint32_t*)(keyaddr));
  97              		.loc 1 127 0
  98 006e 3B6F     		ldr	r3, [r7, #112]
  99 0070 1B68     		ldr	r3, [r3, #0]
 100 0072 FB66     		str	r3, [r7, #108]
 101              	.LBB30:
 102              	.LBB31:
 103              		.file 2 "libs/CMSIS/Include/core_cmInstr.h"
   1:libs/CMSIS/Include/core_cmInstr.h **** /**************************************************************************//**
   2:libs/CMSIS/Include/core_cmInstr.h ****  * @file     core_cmInstr.h
   3:libs/CMSIS/Include/core_cmInstr.h ****  * @brief    CMSIS Cortex-M Core Instruction Access Header File
   4:libs/CMSIS/Include/core_cmInstr.h ****  * @version  V2.10
   5:libs/CMSIS/Include/core_cmInstr.h ****  * @date     19. July 2011
   6:libs/CMSIS/Include/core_cmInstr.h ****  *
   7:libs/CMSIS/Include/core_cmInstr.h ****  * @note
   8:libs/CMSIS/Include/core_cmInstr.h ****  * Copyright (C) 2009-2011 ARM Limited. All rights reserved.
   9:libs/CMSIS/Include/core_cmInstr.h ****  *
  10:libs/CMSIS/Include/core_cmInstr.h ****  * @par
  11:libs/CMSIS/Include/core_cmInstr.h ****  * ARM Limited (ARM) is supplying this software for use with Cortex-M 
  12:libs/CMSIS/Include/core_cmInstr.h ****  * processor based microcontrollers.  This file can be freely distributed 
  13:libs/CMSIS/Include/core_cmInstr.h ****  * within development tools that are supporting such ARM based processors. 
  14:libs/CMSIS/Include/core_cmInstr.h ****  *
  15:libs/CMSIS/Include/core_cmInstr.h ****  * @par
  16:libs/CMSIS/Include/core_cmInstr.h ****  * THIS SOFTWARE IS PROVIDED "AS IS".  NO WARRANTIES, WHETHER EXPRESS, IMPLIED
  17:libs/CMSIS/Include/core_cmInstr.h ****  * OR STATUTORY, INCLUDING, BUT NOT LIMITED TO, IMPLIED WARRANTIES OF
  18:libs/CMSIS/Include/core_cmInstr.h ****  * MERCHANTABILITY AND FITNESS FOR A PARTICULAR PURPOSE APPLY TO THIS SOFTWARE.
  19:libs/CMSIS/Include/core_cmInstr.h ****  * ARM SHALL NOT, IN ANY CIRCUMSTANCES, BE LIABLE FOR SPECIAL, INCIDENTAL, OR
  20:libs/CMSIS/Include/core_cmInstr.h ****  * CONSEQUENTIAL DAMAGES, FOR ANY REASON WHATSOEVER.
  21:libs/CMSIS/Include/core_cmInstr.h ****  *
  22:libs/CMSIS/Include/core_cmInstr.h ****  ******************************************************************************/
  23:libs/CMSIS/Include/core_cmInstr.h **** 
  24:libs/CMSIS/Include/core_cmInstr.h **** #ifndef __CORE_CMINSTR_H
  25:libs/CMSIS/Include/core_cmInstr.h **** #define __CORE_CMINSTR_H
  26:libs/CMSIS/Include/core_cmInstr.h **** 
  27:libs/CMSIS/Include/core_cmInstr.h **** 
  28:libs/CMSIS/Include/core_cmInstr.h **** /* ##########################  Core Instruction Access  ######################### */
  29:libs/CMSIS/Include/core_cmInstr.h **** /** \defgroup CMSIS_Core_InstructionInterface CMSIS Core Instruction Interface
  30:libs/CMSIS/Include/core_cmInstr.h ****   Access to dedicated instructions
  31:libs/CMSIS/Include/core_cmInstr.h ****   @{
  32:libs/CMSIS/Include/core_cmInstr.h **** */
  33:libs/CMSIS/Include/core_cmInstr.h **** 
  34:libs/CMSIS/Include/core_cmInstr.h **** #if   defined ( __CC_ARM ) /*------------------RealView Compiler -----------------*/
  35:libs/CMSIS/Include/core_cmInstr.h **** /* ARM armcc specific functions */
  36:libs/CMSIS/Include/core_cmInstr.h **** 
  37:libs/CMSIS/Include/core_cmInstr.h **** #if (__ARMCC_VERSION < 400677)
  38:libs/CMSIS/Include/core_cmInstr.h ****   #error "Please use ARM Compiler Toolchain V4.0.677 or later!"
  39:libs/CMSIS/Include/core_cmInstr.h **** #endif
  40:libs/CMSIS/Include/core_cmInstr.h **** 
  41:libs/CMSIS/Include/core_cmInstr.h **** 
  42:libs/CMSIS/Include/core_cmInstr.h **** /** \brief  No Operation
  43:libs/CMSIS/Include/core_cmInstr.h **** 
  44:libs/CMSIS/Include/core_cmInstr.h ****     No Operation does nothing. This instruction can be used for code alignment purposes.
  45:libs/CMSIS/Include/core_cmInstr.h ****  */
  46:libs/CMSIS/Include/core_cmInstr.h **** #define __NOP                             __nop
  47:libs/CMSIS/Include/core_cmInstr.h **** 
  48:libs/CMSIS/Include/core_cmInstr.h **** 
  49:libs/CMSIS/Include/core_cmInstr.h **** /** \brief  Wait For Interrupt
  50:libs/CMSIS/Include/core_cmInstr.h **** 
  51:libs/CMSIS/Include/core_cmInstr.h ****     Wait For Interrupt is a hint instruction that suspends execution
  52:libs/CMSIS/Include/core_cmInstr.h ****     until one of a number of events occurs.
  53:libs/CMSIS/Include/core_cmInstr.h ****  */
  54:libs/CMSIS/Include/core_cmInstr.h **** #define __WFI                             __wfi
  55:libs/CMSIS/Include/core_cmInstr.h **** 
  56:libs/CMSIS/Include/core_cmInstr.h **** 
  57:libs/CMSIS/Include/core_cmInstr.h **** /** \brief  Wait For Event
  58:libs/CMSIS/Include/core_cmInstr.h **** 
  59:libs/CMSIS/Include/core_cmInstr.h ****     Wait For Event is a hint instruction that permits the processor to enter
  60:libs/CMSIS/Include/core_cmInstr.h ****     a low-power state until one of a number of events occurs.
  61:libs/CMSIS/Include/core_cmInstr.h ****  */
  62:libs/CMSIS/Include/core_cmInstr.h **** #define __WFE                             __wfe
  63:libs/CMSIS/Include/core_cmInstr.h **** 
  64:libs/CMSIS/Include/core_cmInstr.h **** 
  65:libs/CMSIS/Include/core_cmInstr.h **** /** \brief  Send Event
  66:libs/CMSIS/Include/core_cmInstr.h **** 
  67:libs/CMSIS/Include/core_cmInstr.h ****     Send Event is a hint instruction. It causes an event to be signaled to the CPU.
  68:libs/CMSIS/Include/core_cmInstr.h ****  */
  69:libs/CMSIS/Include/core_cmInstr.h **** #define __SEV                             __sev
  70:libs/CMSIS/Include/core_cmInstr.h **** 
  71:libs/CMSIS/Include/core_cmInstr.h **** 
  72:libs/CMSIS/Include/core_cmInstr.h **** /** \brief  Instruction Synchronization Barrier
  73:libs/CMSIS/Include/core_cmInstr.h **** 
  74:libs/CMSIS/Include/core_cmInstr.h ****     Instruction Synchronization Barrier flushes the pipeline in the processor, 
  75:libs/CMSIS/Include/core_cmInstr.h ****     so that all instructions following the ISB are fetched from cache or 
  76:libs/CMSIS/Include/core_cmInstr.h ****     memory, after the instruction has been completed.
  77:libs/CMSIS/Include/core_cmInstr.h ****  */
  78:libs/CMSIS/Include/core_cmInstr.h **** #define __ISB()                           __isb(0xF)
  79:libs/CMSIS/Include/core_cmInstr.h **** 
  80:libs/CMSIS/Include/core_cmInstr.h **** 
  81:libs/CMSIS/Include/core_cmInstr.h **** /** \brief  Data Synchronization Barrier
  82:libs/CMSIS/Include/core_cmInstr.h **** 
  83:libs/CMSIS/Include/core_cmInstr.h ****     This function acts as a special kind of Data Memory Barrier. 
  84:libs/CMSIS/Include/core_cmInstr.h ****     It completes when all explicit memory accesses before this instruction complete.
  85:libs/CMSIS/Include/core_cmInstr.h ****  */
  86:libs/CMSIS/Include/core_cmInstr.h **** #define __DSB()                           __dsb(0xF)
  87:libs/CMSIS/Include/core_cmInstr.h **** 
  88:libs/CMSIS/Include/core_cmInstr.h **** 
  89:libs/CMSIS/Include/core_cmInstr.h **** /** \brief  Data Memory Barrier
  90:libs/CMSIS/Include/core_cmInstr.h **** 
  91:libs/CMSIS/Include/core_cmInstr.h ****     This function ensures the apparent order of the explicit memory operations before 
  92:libs/CMSIS/Include/core_cmInstr.h ****     and after the instruction, without ensuring their completion.
  93:libs/CMSIS/Include/core_cmInstr.h ****  */
  94:libs/CMSIS/Include/core_cmInstr.h **** #define __DMB()                           __dmb(0xF)
  95:libs/CMSIS/Include/core_cmInstr.h **** 
  96:libs/CMSIS/Include/core_cmInstr.h **** 
  97:libs/CMSIS/Include/core_cmInstr.h **** /** \brief  Reverse byte order (32 bit)
  98:libs/CMSIS/Include/core_cmInstr.h **** 
  99:libs/CMSIS/Include/core_cmInstr.h ****     This function reverses the byte order in integer value.
 100:libs/CMSIS/Include/core_cmInstr.h **** 
 101:libs/CMSIS/Include/core_cmInstr.h ****     \param [in]    value  Value to reverse
 102:libs/CMSIS/Include/core_cmInstr.h ****     \return               Reversed value
 103:libs/CMSIS/Include/core_cmInstr.h ****  */
 104:libs/CMSIS/Include/core_cmInstr.h **** #define __REV                             __rev
 105:libs/CMSIS/Include/core_cmInstr.h **** 
 106:libs/CMSIS/Include/core_cmInstr.h **** 
 107:libs/CMSIS/Include/core_cmInstr.h **** /** \brief  Reverse byte order (16 bit)
 108:libs/CMSIS/Include/core_cmInstr.h **** 
 109:libs/CMSIS/Include/core_cmInstr.h ****     This function reverses the byte order in two unsigned short values.
 110:libs/CMSIS/Include/core_cmInstr.h **** 
 111:libs/CMSIS/Include/core_cmInstr.h ****     \param [in]    value  Value to reverse
 112:libs/CMSIS/Include/core_cmInstr.h ****     \return               Reversed value
 113:libs/CMSIS/Include/core_cmInstr.h ****  */
 114:libs/CMSIS/Include/core_cmInstr.h **** static __INLINE __ASM uint32_t __REV16(uint32_t value)
 115:libs/CMSIS/Include/core_cmInstr.h **** {
 116:libs/CMSIS/Include/core_cmInstr.h ****   rev16 r0, r0
 117:libs/CMSIS/Include/core_cmInstr.h ****   bx lr
 118:libs/CMSIS/Include/core_cmInstr.h **** }
 119:libs/CMSIS/Include/core_cmInstr.h **** 
 120:libs/CMSIS/Include/core_cmInstr.h **** 
 121:libs/CMSIS/Include/core_cmInstr.h **** /** \brief  Reverse byte order in signed short value
 122:libs/CMSIS/Include/core_cmInstr.h **** 
 123:libs/CMSIS/Include/core_cmInstr.h ****     This function reverses the byte order in a signed short value with sign extension to integer.
 124:libs/CMSIS/Include/core_cmInstr.h **** 
 125:libs/CMSIS/Include/core_cmInstr.h ****     \param [in]    value  Value to reverse
 126:libs/CMSIS/Include/core_cmInstr.h ****     \return               Reversed value
 127:libs/CMSIS/Include/core_cmInstr.h ****  */
 128:libs/CMSIS/Include/core_cmInstr.h **** static __INLINE __ASM int32_t __REVSH(int32_t value)
 129:libs/CMSIS/Include/core_cmInstr.h **** {
 130:libs/CMSIS/Include/core_cmInstr.h ****   revsh r0, r0
 131:libs/CMSIS/Include/core_cmInstr.h ****   bx lr
 132:libs/CMSIS/Include/core_cmInstr.h **** }
 133:libs/CMSIS/Include/core_cmInstr.h **** 
 134:libs/CMSIS/Include/core_cmInstr.h **** 
 135:libs/CMSIS/Include/core_cmInstr.h **** #if       (__CORTEX_M >= 0x03)
 136:libs/CMSIS/Include/core_cmInstr.h **** 
 137:libs/CMSIS/Include/core_cmInstr.h **** /** \brief  Reverse bit order of value
 138:libs/CMSIS/Include/core_cmInstr.h **** 
 139:libs/CMSIS/Include/core_cmInstr.h ****     This function reverses the bit order of the given value.
 140:libs/CMSIS/Include/core_cmInstr.h **** 
 141:libs/CMSIS/Include/core_cmInstr.h ****     \param [in]    value  Value to reverse
 142:libs/CMSIS/Include/core_cmInstr.h ****     \return               Reversed value
 143:libs/CMSIS/Include/core_cmInstr.h ****  */
 144:libs/CMSIS/Include/core_cmInstr.h **** #define __RBIT                            __rbit
 145:libs/CMSIS/Include/core_cmInstr.h **** 
 146:libs/CMSIS/Include/core_cmInstr.h **** 
 147:libs/CMSIS/Include/core_cmInstr.h **** /** \brief  LDR Exclusive (8 bit)
 148:libs/CMSIS/Include/core_cmInstr.h **** 
 149:libs/CMSIS/Include/core_cmInstr.h ****     This function performs a exclusive LDR command for 8 bit value.
 150:libs/CMSIS/Include/core_cmInstr.h **** 
 151:libs/CMSIS/Include/core_cmInstr.h ****     \param [in]    ptr  Pointer to data
 152:libs/CMSIS/Include/core_cmInstr.h ****     \return             value of type uint8_t at (*ptr)
 153:libs/CMSIS/Include/core_cmInstr.h ****  */
 154:libs/CMSIS/Include/core_cmInstr.h **** #define __LDREXB(ptr)                     ((uint8_t ) __ldrex(ptr))
 155:libs/CMSIS/Include/core_cmInstr.h **** 
 156:libs/CMSIS/Include/core_cmInstr.h **** 
 157:libs/CMSIS/Include/core_cmInstr.h **** /** \brief  LDR Exclusive (16 bit)
 158:libs/CMSIS/Include/core_cmInstr.h **** 
 159:libs/CMSIS/Include/core_cmInstr.h ****     This function performs a exclusive LDR command for 16 bit values.
 160:libs/CMSIS/Include/core_cmInstr.h **** 
 161:libs/CMSIS/Include/core_cmInstr.h ****     \param [in]    ptr  Pointer to data
 162:libs/CMSIS/Include/core_cmInstr.h ****     \return        value of type uint16_t at (*ptr)
 163:libs/CMSIS/Include/core_cmInstr.h ****  */
 164:libs/CMSIS/Include/core_cmInstr.h **** #define __LDREXH(ptr)                     ((uint16_t) __ldrex(ptr))
 165:libs/CMSIS/Include/core_cmInstr.h **** 
 166:libs/CMSIS/Include/core_cmInstr.h **** 
 167:libs/CMSIS/Include/core_cmInstr.h **** /** \brief  LDR Exclusive (32 bit)
 168:libs/CMSIS/Include/core_cmInstr.h **** 
 169:libs/CMSIS/Include/core_cmInstr.h ****     This function performs a exclusive LDR command for 32 bit values.
 170:libs/CMSIS/Include/core_cmInstr.h **** 
 171:libs/CMSIS/Include/core_cmInstr.h ****     \param [in]    ptr  Pointer to data
 172:libs/CMSIS/Include/core_cmInstr.h ****     \return        value of type uint32_t at (*ptr)
 173:libs/CMSIS/Include/core_cmInstr.h ****  */
 174:libs/CMSIS/Include/core_cmInstr.h **** #define __LDREXW(ptr)                     ((uint32_t ) __ldrex(ptr))
 175:libs/CMSIS/Include/core_cmInstr.h **** 
 176:libs/CMSIS/Include/core_cmInstr.h **** 
 177:libs/CMSIS/Include/core_cmInstr.h **** /** \brief  STR Exclusive (8 bit)
 178:libs/CMSIS/Include/core_cmInstr.h **** 
 179:libs/CMSIS/Include/core_cmInstr.h ****     This function performs a exclusive STR command for 8 bit values.
 180:libs/CMSIS/Include/core_cmInstr.h **** 
 181:libs/CMSIS/Include/core_cmInstr.h ****     \param [in]  value  Value to store
 182:libs/CMSIS/Include/core_cmInstr.h ****     \param [in]    ptr  Pointer to location
 183:libs/CMSIS/Include/core_cmInstr.h ****     \return          0  Function succeeded
 184:libs/CMSIS/Include/core_cmInstr.h ****     \return          1  Function failed
 185:libs/CMSIS/Include/core_cmInstr.h ****  */
 186:libs/CMSIS/Include/core_cmInstr.h **** #define __STREXB(value, ptr)              __strex(value, ptr)
 187:libs/CMSIS/Include/core_cmInstr.h **** 
 188:libs/CMSIS/Include/core_cmInstr.h **** 
 189:libs/CMSIS/Include/core_cmInstr.h **** /** \brief  STR Exclusive (16 bit)
 190:libs/CMSIS/Include/core_cmInstr.h **** 
 191:libs/CMSIS/Include/core_cmInstr.h ****     This function performs a exclusive STR command for 16 bit values.
 192:libs/CMSIS/Include/core_cmInstr.h **** 
 193:libs/CMSIS/Include/core_cmInstr.h ****     \param [in]  value  Value to store
 194:libs/CMSIS/Include/core_cmInstr.h ****     \param [in]    ptr  Pointer to location
 195:libs/CMSIS/Include/core_cmInstr.h ****     \return          0  Function succeeded
 196:libs/CMSIS/Include/core_cmInstr.h ****     \return          1  Function failed
 197:libs/CMSIS/Include/core_cmInstr.h ****  */
 198:libs/CMSIS/Include/core_cmInstr.h **** #define __STREXH(value, ptr)              __strex(value, ptr)
 199:libs/CMSIS/Include/core_cmInstr.h **** 
 200:libs/CMSIS/Include/core_cmInstr.h **** 
 201:libs/CMSIS/Include/core_cmInstr.h **** /** \brief  STR Exclusive (32 bit)
 202:libs/CMSIS/Include/core_cmInstr.h **** 
 203:libs/CMSIS/Include/core_cmInstr.h ****     This function performs a exclusive STR command for 32 bit values.
 204:libs/CMSIS/Include/core_cmInstr.h **** 
 205:libs/CMSIS/Include/core_cmInstr.h ****     \param [in]  value  Value to store
 206:libs/CMSIS/Include/core_cmInstr.h ****     \param [in]    ptr  Pointer to location
 207:libs/CMSIS/Include/core_cmInstr.h ****     \return          0  Function succeeded
 208:libs/CMSIS/Include/core_cmInstr.h ****     \return          1  Function failed
 209:libs/CMSIS/Include/core_cmInstr.h ****  */
 210:libs/CMSIS/Include/core_cmInstr.h **** #define __STREXW(value, ptr)              __strex(value, ptr)
 211:libs/CMSIS/Include/core_cmInstr.h **** 
 212:libs/CMSIS/Include/core_cmInstr.h **** 
 213:libs/CMSIS/Include/core_cmInstr.h **** /** \brief  Remove the exclusive lock
 214:libs/CMSIS/Include/core_cmInstr.h **** 
 215:libs/CMSIS/Include/core_cmInstr.h ****     This function removes the exclusive lock which is created by LDREX.
 216:libs/CMSIS/Include/core_cmInstr.h **** 
 217:libs/CMSIS/Include/core_cmInstr.h ****  */
 218:libs/CMSIS/Include/core_cmInstr.h **** #define __CLREX                           __clrex
 219:libs/CMSIS/Include/core_cmInstr.h **** 
 220:libs/CMSIS/Include/core_cmInstr.h **** 
 221:libs/CMSIS/Include/core_cmInstr.h **** /** \brief  Signed Saturate
 222:libs/CMSIS/Include/core_cmInstr.h **** 
 223:libs/CMSIS/Include/core_cmInstr.h ****     This function saturates a signed value.
 224:libs/CMSIS/Include/core_cmInstr.h **** 
 225:libs/CMSIS/Include/core_cmInstr.h ****     \param [in]  value  Value to be saturated
 226:libs/CMSIS/Include/core_cmInstr.h ****     \param [in]    sat  Bit position to saturate to (1..32)
 227:libs/CMSIS/Include/core_cmInstr.h ****     \return             Saturated value
 228:libs/CMSIS/Include/core_cmInstr.h ****  */
 229:libs/CMSIS/Include/core_cmInstr.h **** #define __SSAT                            __ssat
 230:libs/CMSIS/Include/core_cmInstr.h **** 
 231:libs/CMSIS/Include/core_cmInstr.h **** 
 232:libs/CMSIS/Include/core_cmInstr.h **** /** \brief  Unsigned Saturate
 233:libs/CMSIS/Include/core_cmInstr.h **** 
 234:libs/CMSIS/Include/core_cmInstr.h ****     This function saturates an unsigned value.
 235:libs/CMSIS/Include/core_cmInstr.h **** 
 236:libs/CMSIS/Include/core_cmInstr.h ****     \param [in]  value  Value to be saturated
 237:libs/CMSIS/Include/core_cmInstr.h ****     \param [in]    sat  Bit position to saturate to (0..31)
 238:libs/CMSIS/Include/core_cmInstr.h ****     \return             Saturated value
 239:libs/CMSIS/Include/core_cmInstr.h ****  */
 240:libs/CMSIS/Include/core_cmInstr.h **** #define __USAT                            __usat
 241:libs/CMSIS/Include/core_cmInstr.h **** 
 242:libs/CMSIS/Include/core_cmInstr.h **** 
 243:libs/CMSIS/Include/core_cmInstr.h **** /** \brief  Count leading zeros
 244:libs/CMSIS/Include/core_cmInstr.h **** 
 245:libs/CMSIS/Include/core_cmInstr.h ****     This function counts the number of leading zeros of a data value.
 246:libs/CMSIS/Include/core_cmInstr.h **** 
 247:libs/CMSIS/Include/core_cmInstr.h ****     \param [in]  value  Value to count the leading zeros
 248:libs/CMSIS/Include/core_cmInstr.h ****     \return             number of leading zeros in value
 249:libs/CMSIS/Include/core_cmInstr.h ****  */
 250:libs/CMSIS/Include/core_cmInstr.h **** #define __CLZ                             __clz 
 251:libs/CMSIS/Include/core_cmInstr.h **** 
 252:libs/CMSIS/Include/core_cmInstr.h **** #endif /* (__CORTEX_M >= 0x03) */
 253:libs/CMSIS/Include/core_cmInstr.h **** 
 254:libs/CMSIS/Include/core_cmInstr.h **** 
 255:libs/CMSIS/Include/core_cmInstr.h **** 
 256:libs/CMSIS/Include/core_cmInstr.h **** #elif defined ( __ICCARM__ ) /*------------------ ICC Compiler -------------------*/
 257:libs/CMSIS/Include/core_cmInstr.h **** /* IAR iccarm specific functions */
 258:libs/CMSIS/Include/core_cmInstr.h **** 
 259:libs/CMSIS/Include/core_cmInstr.h **** #include <cmsis_iar.h>
 260:libs/CMSIS/Include/core_cmInstr.h **** 
 261:libs/CMSIS/Include/core_cmInstr.h **** 
 262:libs/CMSIS/Include/core_cmInstr.h **** #elif defined ( __GNUC__ ) /*------------------ GNU Compiler ---------------------*/
 263:libs/CMSIS/Include/core_cmInstr.h **** /* GNU gcc specific functions */
 264:libs/CMSIS/Include/core_cmInstr.h **** 
 265:libs/CMSIS/Include/core_cmInstr.h **** /** \brief  No Operation
 266:libs/CMSIS/Include/core_cmInstr.h **** 
 267:libs/CMSIS/Include/core_cmInstr.h ****     No Operation does nothing. This instruction can be used for code alignment purposes.
 268:libs/CMSIS/Include/core_cmInstr.h ****  */
 269:libs/CMSIS/Include/core_cmInstr.h **** __attribute__( ( always_inline ) ) static __INLINE void __NOP(void)
 270:libs/CMSIS/Include/core_cmInstr.h **** {
 271:libs/CMSIS/Include/core_cmInstr.h ****   __ASM volatile ("nop");
 272:libs/CMSIS/Include/core_cmInstr.h **** }
 273:libs/CMSIS/Include/core_cmInstr.h **** 
 274:libs/CMSIS/Include/core_cmInstr.h **** 
 275:libs/CMSIS/Include/core_cmInstr.h **** /** \brief  Wait For Interrupt
 276:libs/CMSIS/Include/core_cmInstr.h **** 
 277:libs/CMSIS/Include/core_cmInstr.h ****     Wait For Interrupt is a hint instruction that suspends execution
 278:libs/CMSIS/Include/core_cmInstr.h ****     until one of a number of events occurs.
 279:libs/CMSIS/Include/core_cmInstr.h ****  */
 280:libs/CMSIS/Include/core_cmInstr.h **** __attribute__( ( always_inline ) ) static __INLINE void __WFI(void)
 281:libs/CMSIS/Include/core_cmInstr.h **** {
 282:libs/CMSIS/Include/core_cmInstr.h ****   __ASM volatile ("wfi");
 283:libs/CMSIS/Include/core_cmInstr.h **** }
 284:libs/CMSIS/Include/core_cmInstr.h **** 
 285:libs/CMSIS/Include/core_cmInstr.h **** 
 286:libs/CMSIS/Include/core_cmInstr.h **** /** \brief  Wait For Event
 287:libs/CMSIS/Include/core_cmInstr.h **** 
 288:libs/CMSIS/Include/core_cmInstr.h ****     Wait For Event is a hint instruction that permits the processor to enter
 289:libs/CMSIS/Include/core_cmInstr.h ****     a low-power state until one of a number of events occurs.
 290:libs/CMSIS/Include/core_cmInstr.h ****  */
 291:libs/CMSIS/Include/core_cmInstr.h **** __attribute__( ( always_inline ) ) static __INLINE void __WFE(void)
 292:libs/CMSIS/Include/core_cmInstr.h **** {
 293:libs/CMSIS/Include/core_cmInstr.h ****   __ASM volatile ("wfe");
 294:libs/CMSIS/Include/core_cmInstr.h **** }
 295:libs/CMSIS/Include/core_cmInstr.h **** 
 296:libs/CMSIS/Include/core_cmInstr.h **** 
 297:libs/CMSIS/Include/core_cmInstr.h **** /** \brief  Send Event
 298:libs/CMSIS/Include/core_cmInstr.h **** 
 299:libs/CMSIS/Include/core_cmInstr.h ****     Send Event is a hint instruction. It causes an event to be signaled to the CPU.
 300:libs/CMSIS/Include/core_cmInstr.h ****  */
 301:libs/CMSIS/Include/core_cmInstr.h **** __attribute__( ( always_inline ) ) static __INLINE void __SEV(void)
 302:libs/CMSIS/Include/core_cmInstr.h **** {
 303:libs/CMSIS/Include/core_cmInstr.h ****   __ASM volatile ("sev");
 304:libs/CMSIS/Include/core_cmInstr.h **** }
 305:libs/CMSIS/Include/core_cmInstr.h **** 
 306:libs/CMSIS/Include/core_cmInstr.h **** 
 307:libs/CMSIS/Include/core_cmInstr.h **** /** \brief  Instruction Synchronization Barrier
 308:libs/CMSIS/Include/core_cmInstr.h **** 
 309:libs/CMSIS/Include/core_cmInstr.h ****     Instruction Synchronization Barrier flushes the pipeline in the processor, 
 310:libs/CMSIS/Include/core_cmInstr.h ****     so that all instructions following the ISB are fetched from cache or 
 311:libs/CMSIS/Include/core_cmInstr.h ****     memory, after the instruction has been completed.
 312:libs/CMSIS/Include/core_cmInstr.h ****  */
 313:libs/CMSIS/Include/core_cmInstr.h **** __attribute__( ( always_inline ) ) static __INLINE void __ISB(void)
 314:libs/CMSIS/Include/core_cmInstr.h **** {
 315:libs/CMSIS/Include/core_cmInstr.h ****   __ASM volatile ("isb");
 316:libs/CMSIS/Include/core_cmInstr.h **** }
 317:libs/CMSIS/Include/core_cmInstr.h **** 
 318:libs/CMSIS/Include/core_cmInstr.h **** 
 319:libs/CMSIS/Include/core_cmInstr.h **** /** \brief  Data Synchronization Barrier
 320:libs/CMSIS/Include/core_cmInstr.h **** 
 321:libs/CMSIS/Include/core_cmInstr.h ****     This function acts as a special kind of Data Memory Barrier. 
 322:libs/CMSIS/Include/core_cmInstr.h ****     It completes when all explicit memory accesses before this instruction complete.
 323:libs/CMSIS/Include/core_cmInstr.h ****  */
 324:libs/CMSIS/Include/core_cmInstr.h **** __attribute__( ( always_inline ) ) static __INLINE void __DSB(void)
 325:libs/CMSIS/Include/core_cmInstr.h **** {
 326:libs/CMSIS/Include/core_cmInstr.h ****   __ASM volatile ("dsb");
 327:libs/CMSIS/Include/core_cmInstr.h **** }
 328:libs/CMSIS/Include/core_cmInstr.h **** 
 329:libs/CMSIS/Include/core_cmInstr.h **** 
 330:libs/CMSIS/Include/core_cmInstr.h **** /** \brief  Data Memory Barrier
 331:libs/CMSIS/Include/core_cmInstr.h **** 
 332:libs/CMSIS/Include/core_cmInstr.h ****     This function ensures the apparent order of the explicit memory operations before 
 333:libs/CMSIS/Include/core_cmInstr.h ****     and after the instruction, without ensuring their completion.
 334:libs/CMSIS/Include/core_cmInstr.h ****  */
 335:libs/CMSIS/Include/core_cmInstr.h **** __attribute__( ( always_inline ) ) static __INLINE void __DMB(void)
 336:libs/CMSIS/Include/core_cmInstr.h **** {
 337:libs/CMSIS/Include/core_cmInstr.h ****   __ASM volatile ("dmb");
 338:libs/CMSIS/Include/core_cmInstr.h **** }
 339:libs/CMSIS/Include/core_cmInstr.h **** 
 340:libs/CMSIS/Include/core_cmInstr.h **** 
 341:libs/CMSIS/Include/core_cmInstr.h **** /** \brief  Reverse byte order (32 bit)
 342:libs/CMSIS/Include/core_cmInstr.h **** 
 343:libs/CMSIS/Include/core_cmInstr.h ****     This function reverses the byte order in integer value.
 344:libs/CMSIS/Include/core_cmInstr.h **** 
 345:libs/CMSIS/Include/core_cmInstr.h ****     \param [in]    value  Value to reverse
 346:libs/CMSIS/Include/core_cmInstr.h ****     \return               Reversed value
 347:libs/CMSIS/Include/core_cmInstr.h ****  */
 348:libs/CMSIS/Include/core_cmInstr.h **** __attribute__( ( always_inline ) ) static __INLINE uint32_t __REV(uint32_t value)
 349:libs/CMSIS/Include/core_cmInstr.h **** {
 350:libs/CMSIS/Include/core_cmInstr.h ****   uint32_t result;
 351:libs/CMSIS/Include/core_cmInstr.h ****   
 352:libs/CMSIS/Include/core_cmInstr.h ****   __ASM volatile ("rev %0, %1" : "=r" (result) : "r" (value) );
 104              		.loc 2 352 0
 105 0074 FB6E     		ldr	r3, [r7, #108]
 106              	@ 352 "libs/CMSIS/Include/core_cmInstr.h" 1
 107 0076 1CBA     		rev r4, r3
 108              	@ 0 "" 2
 109              		.thumb
 110 0078 BC66     		str	r4, [r7, #104]
 353:libs/CMSIS/Include/core_cmInstr.h ****   return(result);
 111              		.loc 2 353 0
 112 007a BB6E     		ldr	r3, [r7, #104]
 113              	.LBE31:
 114              	.LBE30:
 115              		.loc 1 127 0
 116 007c 3B62     		str	r3, [r7, #32]
 128:libs/STM32F4xx_StdPeriph_Driver/src/stm32f4xx_cryp_tdes.c ****   keyaddr+=4;
 117              		.loc 1 128 0
 118 007e 3B6F     		ldr	r3, [r7, #112]
 119 0080 03F10403 		add	r3, r3, #4
 120 0084 3B67     		str	r3, [r7, #112]
 129:libs/STM32F4xx_StdPeriph_Driver/src/stm32f4xx_cryp_tdes.c ****   TDES_CRYP_KeyInitStructure.CRYP_Key1Right= __REV(*(uint32_t*)(keyaddr));
 121              		.loc 1 129 0
 122 0086 3B6F     		ldr	r3, [r7, #112]
 123 0088 1B68     		ldr	r3, [r3, #0]
 124 008a 7B66     		str	r3, [r7, #100]
 125              	.LBB32:
 126              	.LBB33:
 352:libs/CMSIS/Include/core_cmInstr.h ****   __ASM volatile ("rev %0, %1" : "=r" (result) : "r" (value) );
 127              		.loc 2 352 0
 128 008c 7B6E     		ldr	r3, [r7, #100]
 129              	@ 352 "libs/CMSIS/Include/core_cmInstr.h" 1
 130 008e 1CBA     		rev r4, r3
 131              	@ 0 "" 2
 132              		.thumb
 133 0090 3C66     		str	r4, [r7, #96]
 134              		.loc 2 353 0
 135 0092 3B6E     		ldr	r3, [r7, #96]
 136              	.LBE33:
 137              	.LBE32:
 138              		.loc 1 129 0
 139 0094 7B62     		str	r3, [r7, #36]
 130:libs/STM32F4xx_StdPeriph_Driver/src/stm32f4xx_cryp_tdes.c ****   keyaddr+=4;
 140              		.loc 1 130 0
 141 0096 3B6F     		ldr	r3, [r7, #112]
 142 0098 03F10403 		add	r3, r3, #4
 143 009c 3B67     		str	r3, [r7, #112]
 131:libs/STM32F4xx_StdPeriph_Driver/src/stm32f4xx_cryp_tdes.c ****   TDES_CRYP_KeyInitStructure.CRYP_Key2Left = __REV(*(uint32_t*)(keyaddr));
 144              		.loc 1 131 0
 145 009e 3B6F     		ldr	r3, [r7, #112]
 146 00a0 1B68     		ldr	r3, [r3, #0]
 147 00a2 FB65     		str	r3, [r7, #92]
 148              	.LBB34:
 149              	.LBB35:
 352:libs/CMSIS/Include/core_cmInstr.h ****   __ASM volatile ("rev %0, %1" : "=r" (result) : "r" (value) );
 150              		.loc 2 352 0
 151 00a4 FB6D     		ldr	r3, [r7, #92]
 152              	@ 352 "libs/CMSIS/Include/core_cmInstr.h" 1
 153 00a6 1CBA     		rev r4, r3
 154              	@ 0 "" 2
 155              		.thumb
 156 00a8 BC65     		str	r4, [r7, #88]
 157              		.loc 2 353 0
 158 00aa BB6D     		ldr	r3, [r7, #88]
 159              	.LBE35:
 160              	.LBE34:
 161              		.loc 1 131 0
 162 00ac BB62     		str	r3, [r7, #40]
 132:libs/STM32F4xx_StdPeriph_Driver/src/stm32f4xx_cryp_tdes.c ****   keyaddr+=4;
 163              		.loc 1 132 0
 164 00ae 3B6F     		ldr	r3, [r7, #112]
 165 00b0 03F10403 		add	r3, r3, #4
 166 00b4 3B67     		str	r3, [r7, #112]
 133:libs/STM32F4xx_StdPeriph_Driver/src/stm32f4xx_cryp_tdes.c ****   TDES_CRYP_KeyInitStructure.CRYP_Key2Right= __REV(*(uint32_t*)(keyaddr));
 167              		.loc 1 133 0
 168 00b6 3B6F     		ldr	r3, [r7, #112]
 169 00b8 1B68     		ldr	r3, [r3, #0]
 170 00ba 7B65     		str	r3, [r7, #84]
 171              	.LBB36:
 172              	.LBB37:
 352:libs/CMSIS/Include/core_cmInstr.h ****   __ASM volatile ("rev %0, %1" : "=r" (result) : "r" (value) );
 173              		.loc 2 352 0
 174 00bc 7B6D     		ldr	r3, [r7, #84]
 175              	@ 352 "libs/CMSIS/Include/core_cmInstr.h" 1
 176 00be 1CBA     		rev r4, r3
 177              	@ 0 "" 2
 178              		.thumb
 179 00c0 3C65     		str	r4, [r7, #80]
 180              		.loc 2 353 0
 181 00c2 3B6D     		ldr	r3, [r7, #80]
 182              	.LBE37:
 183              	.LBE36:
 184              		.loc 1 133 0
 185 00c4 FB62     		str	r3, [r7, #44]
 134:libs/STM32F4xx_StdPeriph_Driver/src/stm32f4xx_cryp_tdes.c ****   keyaddr+=4;
 186              		.loc 1 134 0
 187 00c6 3B6F     		ldr	r3, [r7, #112]
 188 00c8 03F10403 		add	r3, r3, #4
 189 00cc 3B67     		str	r3, [r7, #112]
 135:libs/STM32F4xx_StdPeriph_Driver/src/stm32f4xx_cryp_tdes.c ****   TDES_CRYP_KeyInitStructure.CRYP_Key3Left = __REV(*(uint32_t*)(keyaddr));
 190              		.loc 1 135 0
 191 00ce 3B6F     		ldr	r3, [r7, #112]
 192 00d0 1B68     		ldr	r3, [r3, #0]
 193 00d2 FB64     		str	r3, [r7, #76]
 194              	.LBB38:
 195              	.LBB39:
 352:libs/CMSIS/Include/core_cmInstr.h ****   __ASM volatile ("rev %0, %1" : "=r" (result) : "r" (value) );
 196              		.loc 2 352 0
 197 00d4 FB6C     		ldr	r3, [r7, #76]
 198              	@ 352 "libs/CMSIS/Include/core_cmInstr.h" 1
 199 00d6 1CBA     		rev r4, r3
 200              	@ 0 "" 2
 201              		.thumb
 202 00d8 BC64     		str	r4, [r7, #72]
 203              		.loc 2 353 0
 204 00da BB6C     		ldr	r3, [r7, #72]
 205              	.LBE39:
 206              	.LBE38:
 207              		.loc 1 135 0
 208 00dc 3B63     		str	r3, [r7, #48]
 136:libs/STM32F4xx_StdPeriph_Driver/src/stm32f4xx_cryp_tdes.c ****   keyaddr+=4;
 209              		.loc 1 136 0
 210 00de 3B6F     		ldr	r3, [r7, #112]
 211 00e0 03F10403 		add	r3, r3, #4
 212 00e4 3B67     		str	r3, [r7, #112]
 137:libs/STM32F4xx_StdPeriph_Driver/src/stm32f4xx_cryp_tdes.c ****   TDES_CRYP_KeyInitStructure.CRYP_Key3Right= __REV(*(uint32_t*)(keyaddr));
 213              		.loc 1 137 0
 214 00e6 3B6F     		ldr	r3, [r7, #112]
 215 00e8 1B68     		ldr	r3, [r3, #0]
 216 00ea 7B64     		str	r3, [r7, #68]
 217              	.LBB40:
 218              	.LBB41:
 352:libs/CMSIS/Include/core_cmInstr.h ****   __ASM volatile ("rev %0, %1" : "=r" (result) : "r" (value) );
 219              		.loc 2 352 0
 220 00ec 7B6C     		ldr	r3, [r7, #68]
 221              	@ 352 "libs/CMSIS/Include/core_cmInstr.h" 1
 222 00ee 1CBA     		rev r4, r3
 223              	@ 0 "" 2
 224              		.thumb
 225 00f0 3C64     		str	r4, [r7, #64]
 226              		.loc 2 353 0
 227 00f2 3B6C     		ldr	r3, [r7, #64]
 228              	.LBE41:
 229              	.LBE40:
 230              		.loc 1 137 0
 231 00f4 7B63     		str	r3, [r7, #52]
 138:libs/STM32F4xx_StdPeriph_Driver/src/stm32f4xx_cryp_tdes.c ****   CRYP_KeyInit(& TDES_CRYP_KeyInitStructure);
 232              		.loc 1 138 0
 233 00f6 07F11803 		add	r3, r7, #24
 234 00fa 1846     		mov	r0, r3
 235 00fc FFF7FEFF 		bl	CRYP_KeyInit
 139:libs/STM32F4xx_StdPeriph_Driver/src/stm32f4xx_cryp_tdes.c **** 
 140:libs/STM32F4xx_StdPeriph_Driver/src/stm32f4xx_cryp_tdes.c ****   /* Flush IN/OUT FIFO */
 141:libs/STM32F4xx_StdPeriph_Driver/src/stm32f4xx_cryp_tdes.c ****   CRYP_FIFOFlush();
 236              		.loc 1 141 0
 237 0100 FFF7FEFF 		bl	CRYP_FIFOFlush
 142:libs/STM32F4xx_StdPeriph_Driver/src/stm32f4xx_cryp_tdes.c **** 
 143:libs/STM32F4xx_StdPeriph_Driver/src/stm32f4xx_cryp_tdes.c ****   /* Enable Crypto processor */
 144:libs/STM32F4xx_StdPeriph_Driver/src/stm32f4xx_cryp_tdes.c ****   CRYP_Cmd(ENABLE);
 238              		.loc 1 144 0
 239 0104 4FF00100 		mov	r0, #1
 240 0108 FFF7FEFF 		bl	CRYP_Cmd
 145:libs/STM32F4xx_StdPeriph_Driver/src/stm32f4xx_cryp_tdes.c **** 
 146:libs/STM32F4xx_StdPeriph_Driver/src/stm32f4xx_cryp_tdes.c ****   for(i=0; ((i<Ilength) && (status != ERROR)); i+=8)
 241              		.loc 1 146 0
 242 010c 4FF00003 		mov	r3, #0
 243 0110 BB67     		str	r3, [r7, #120]
 244 0112 49E0     		b	.L4
 245              	.L10:
 147:libs/STM32F4xx_StdPeriph_Driver/src/stm32f4xx_cryp_tdes.c ****   {
 148:libs/STM32F4xx_StdPeriph_Driver/src/stm32f4xx_cryp_tdes.c ****     /* Write the Input block in the Input FIFO */
 149:libs/STM32F4xx_StdPeriph_Driver/src/stm32f4xx_cryp_tdes.c ****     CRYP_DataIn(*(uint32_t*)(inputaddr));
 246              		.loc 1 149 0
 247 0114 D7F88030 		ldr	r3, [r7, #128]
 248 0118 1B68     		ldr	r3, [r3, #0]
 249 011a 1846     		mov	r0, r3
 250 011c FFF7FEFF 		bl	CRYP_DataIn
 150:libs/STM32F4xx_StdPeriph_Driver/src/stm32f4xx_cryp_tdes.c ****     inputaddr+=4;
 251              		.loc 1 150 0
 252 0120 D7F88030 		ldr	r3, [r7, #128]
 253 0124 03F10403 		add	r3, r3, #4
 254 0128 C7F88030 		str	r3, [r7, #128]
 151:libs/STM32F4xx_StdPeriph_Driver/src/stm32f4xx_cryp_tdes.c ****     CRYP_DataIn(*(uint32_t*)(inputaddr));
 255              		.loc 1 151 0
 256 012c D7F88030 		ldr	r3, [r7, #128]
 257 0130 1B68     		ldr	r3, [r3, #0]
 258 0132 1846     		mov	r0, r3
 259 0134 FFF7FEFF 		bl	CRYP_DataIn
 152:libs/STM32F4xx_StdPeriph_Driver/src/stm32f4xx_cryp_tdes.c ****     inputaddr+=4;
 260              		.loc 1 152 0
 261 0138 D7F88030 		ldr	r3, [r7, #128]
 262 013c 03F10403 		add	r3, r3, #4
 263 0140 C7F88030 		str	r3, [r7, #128]
 153:libs/STM32F4xx_StdPeriph_Driver/src/stm32f4xx_cryp_tdes.c **** 
 154:libs/STM32F4xx_StdPeriph_Driver/src/stm32f4xx_cryp_tdes.c ****     /* Wait until the complete message has been processed */
 155:libs/STM32F4xx_StdPeriph_Driver/src/stm32f4xx_cryp_tdes.c ****     counter = 0;
 264              		.loc 1 155 0
 265 0144 4FF00003 		mov	r3, #0
 266 0148 7B61     		str	r3, [r7, #20]
 267              	.L6:
 156:libs/STM32F4xx_StdPeriph_Driver/src/stm32f4xx_cryp_tdes.c ****     do
 157:libs/STM32F4xx_StdPeriph_Driver/src/stm32f4xx_cryp_tdes.c ****     {
 158:libs/STM32F4xx_StdPeriph_Driver/src/stm32f4xx_cryp_tdes.c ****       busystatus = CRYP_GetFlagStatus(CRYP_FLAG_BUSY);
 268              		.loc 1 158 0 discriminator 1
 269 014a 4FF01000 		mov	r0, #16
 270 014e FFF7FEFF 		bl	CRYP_GetFlagStatus
 271 0152 0346     		mov	r3, r0
 272 0154 7B67     		str	r3, [r7, #116]
 159:libs/STM32F4xx_StdPeriph_Driver/src/stm32f4xx_cryp_tdes.c ****       counter++;
 273              		.loc 1 159 0 discriminator 1
 274 0156 7B69     		ldr	r3, [r7, #20]
 275 0158 03F10103 		add	r3, r3, #1
 276 015c 7B61     		str	r3, [r7, #20]
 160:libs/STM32F4xx_StdPeriph_Driver/src/stm32f4xx_cryp_tdes.c ****     }while ((counter != TDESBUSY_TIMEOUT) && (busystatus != RESET));
 277              		.loc 1 160 0 discriminator 1
 278 015e 7B69     		ldr	r3, [r7, #20]
 279 0160 B3F5803F 		cmp	r3, #65536
 280 0164 02D0     		beq	.L5
 281 0166 7B6F     		ldr	r3, [r7, #116]
 282 0168 002B     		cmp	r3, #0
 283 016a EED1     		bne	.L6
 284              	.L5:
 161:libs/STM32F4xx_StdPeriph_Driver/src/stm32f4xx_cryp_tdes.c **** 
 162:libs/STM32F4xx_StdPeriph_Driver/src/stm32f4xx_cryp_tdes.c ****     if (busystatus != RESET)
 285              		.loc 1 162 0
 286 016c 7B6F     		ldr	r3, [r7, #116]
 287 016e 002B     		cmp	r3, #0
 288 0170 04D0     		beq	.L7
 163:libs/STM32F4xx_StdPeriph_Driver/src/stm32f4xx_cryp_tdes.c ****     {
 164:libs/STM32F4xx_StdPeriph_Driver/src/stm32f4xx_cryp_tdes.c ****        status = ERROR;
 289              		.loc 1 164 0
 290 0172 4FF00003 		mov	r3, #0
 291 0176 87F88730 		strb	r3, [r7, #135]
 292 017a 11E0     		b	.L8
 293              	.L7:
 165:libs/STM32F4xx_StdPeriph_Driver/src/stm32f4xx_cryp_tdes.c ****     }
 166:libs/STM32F4xx_StdPeriph_Driver/src/stm32f4xx_cryp_tdes.c ****     else
 167:libs/STM32F4xx_StdPeriph_Driver/src/stm32f4xx_cryp_tdes.c ****     {
 168:libs/STM32F4xx_StdPeriph_Driver/src/stm32f4xx_cryp_tdes.c **** 
 169:libs/STM32F4xx_StdPeriph_Driver/src/stm32f4xx_cryp_tdes.c ****       /* Read the Output block from the Output FIFO */
 170:libs/STM32F4xx_StdPeriph_Driver/src/stm32f4xx_cryp_tdes.c ****       *(uint32_t*)(outputaddr) = CRYP_DataOut();
 294              		.loc 1 170 0
 295 017c FC6F     		ldr	r4, [r7, #124]
 296 017e FFF7FEFF 		bl	CRYP_DataOut
 297 0182 0346     		mov	r3, r0
 298 0184 2360     		str	r3, [r4, #0]
 171:libs/STM32F4xx_StdPeriph_Driver/src/stm32f4xx_cryp_tdes.c ****       outputaddr+=4;
 299              		.loc 1 171 0
 300 0186 FB6F     		ldr	r3, [r7, #124]
 301 0188 03F10403 		add	r3, r3, #4
 302 018c FB67     		str	r3, [r7, #124]
 172:libs/STM32F4xx_StdPeriph_Driver/src/stm32f4xx_cryp_tdes.c ****       *(uint32_t*)(outputaddr) = CRYP_DataOut();
 303              		.loc 1 172 0
 304 018e FC6F     		ldr	r4, [r7, #124]
 305 0190 FFF7FEFF 		bl	CRYP_DataOut
 306 0194 0346     		mov	r3, r0
 307 0196 2360     		str	r3, [r4, #0]
 173:libs/STM32F4xx_StdPeriph_Driver/src/stm32f4xx_cryp_tdes.c ****       outputaddr+=4;
 308              		.loc 1 173 0
 309 0198 FB6F     		ldr	r3, [r7, #124]
 310 019a 03F10403 		add	r3, r3, #4
 311 019e FB67     		str	r3, [r7, #124]
 312              	.L8:
 146:libs/STM32F4xx_StdPeriph_Driver/src/stm32f4xx_cryp_tdes.c ****   for(i=0; ((i<Ilength) && (status != ERROR)); i+=8)
 313              		.loc 1 146 0
 314 01a0 BB6F     		ldr	r3, [r7, #120]
 315 01a2 03F10803 		add	r3, r3, #8
 316 01a6 BB67     		str	r3, [r7, #120]
 317              	.L4:
 146:libs/STM32F4xx_StdPeriph_Driver/src/stm32f4xx_cryp_tdes.c ****   for(i=0; ((i<Ilength) && (status != ERROR)); i+=8)
 318              		.loc 1 146 0 is_stmt 0 discriminator 1
 319 01a8 BA6F     		ldr	r2, [r7, #120]
 320 01aa 3B68     		ldr	r3, [r7, #0]
 321 01ac 9A42     		cmp	r2, r3
 322 01ae 03D2     		bcs	.L9
 146:libs/STM32F4xx_StdPeriph_Driver/src/stm32f4xx_cryp_tdes.c ****   for(i=0; ((i<Ilength) && (status != ERROR)); i+=8)
 323              		.loc 1 146 0 discriminator 2
 324 01b0 97F88730 		ldrb	r3, [r7, #135]	@ zero_extendqisi2
 325 01b4 002B     		cmp	r3, #0
 326 01b6 ADD1     		bne	.L10
 327              	.L9:
 174:libs/STM32F4xx_StdPeriph_Driver/src/stm32f4xx_cryp_tdes.c ****     }
 175:libs/STM32F4xx_StdPeriph_Driver/src/stm32f4xx_cryp_tdes.c ****   }
 176:libs/STM32F4xx_StdPeriph_Driver/src/stm32f4xx_cryp_tdes.c **** 
 177:libs/STM32F4xx_StdPeriph_Driver/src/stm32f4xx_cryp_tdes.c ****   /* Disable Crypto */
 178:libs/STM32F4xx_StdPeriph_Driver/src/stm32f4xx_cryp_tdes.c ****   CRYP_Cmd(DISABLE);
 328              		.loc 1 178 0 is_stmt 1
 329 01b8 4FF00000 		mov	r0, #0
 330 01bc FFF7FEFF 		bl	CRYP_Cmd
 179:libs/STM32F4xx_StdPeriph_Driver/src/stm32f4xx_cryp_tdes.c **** 
 180:libs/STM32F4xx_StdPeriph_Driver/src/stm32f4xx_cryp_tdes.c ****   return status; 
 331              		.loc 1 180 0
 332 01c0 97F88730 		ldrb	r3, [r7, #135]	@ zero_extendqisi2
 181:libs/STM32F4xx_StdPeriph_Driver/src/stm32f4xx_cryp_tdes.c **** }
 333              		.loc 1 181 0
 334 01c4 1846     		mov	r0, r3
 335 01c6 07F18C07 		add	r7, r7, #140
 336 01ca BD46     		mov	sp, r7
 337 01cc 90BD     		pop	{r4, r7, pc}
 338              		.cfi_endproc
 339              	.LFE110:
 341 01ce 00BF     		.section	.text.CRYP_TDES_CBC,"ax",%progbits
 342              		.align	2
 343              		.global	CRYP_TDES_CBC
 344              		.thumb
 345              		.thumb_func
 347              	CRYP_TDES_CBC:
 348              	.LFB111:
 182:libs/STM32F4xx_StdPeriph_Driver/src/stm32f4xx_cryp_tdes.c **** 
 183:libs/STM32F4xx_StdPeriph_Driver/src/stm32f4xx_cryp_tdes.c **** /**
 184:libs/STM32F4xx_StdPeriph_Driver/src/stm32f4xx_cryp_tdes.c ****   * @brief  Encrypt and decrypt using TDES in CBC Mode
 185:libs/STM32F4xx_StdPeriph_Driver/src/stm32f4xx_cryp_tdes.c ****   * @param  Mode: encryption or decryption Mode.
 186:libs/STM32F4xx_StdPeriph_Driver/src/stm32f4xx_cryp_tdes.c ****   *           This parameter can be one of the following values:
 187:libs/STM32F4xx_StdPeriph_Driver/src/stm32f4xx_cryp_tdes.c ****   *            @arg MODE_ENCRYPT: Encryption
 188:libs/STM32F4xx_StdPeriph_Driver/src/stm32f4xx_cryp_tdes.c ****   *            @arg MODE_DECRYPT: Decryption
 189:libs/STM32F4xx_StdPeriph_Driver/src/stm32f4xx_cryp_tdes.c ****   * @param  Key: Key used for TDES algorithm.
 190:libs/STM32F4xx_StdPeriph_Driver/src/stm32f4xx_cryp_tdes.c ****   * @param  InitVectors: Initialisation Vectors used for TDES algorithm.
 191:libs/STM32F4xx_StdPeriph_Driver/src/stm32f4xx_cryp_tdes.c ****   * @param  Input: pointer to the Input buffer.
 192:libs/STM32F4xx_StdPeriph_Driver/src/stm32f4xx_cryp_tdes.c ****   * @param  Ilength: length of the Input buffer, must be a multiple of 8.
 193:libs/STM32F4xx_StdPeriph_Driver/src/stm32f4xx_cryp_tdes.c ****   * @param  Output: pointer to the returned buffer.
 194:libs/STM32F4xx_StdPeriph_Driver/src/stm32f4xx_cryp_tdes.c ****   * @retval An ErrorStatus enumeration value:
 195:libs/STM32F4xx_StdPeriph_Driver/src/stm32f4xx_cryp_tdes.c ****   *          - SUCCESS: Operation done
 196:libs/STM32F4xx_StdPeriph_Driver/src/stm32f4xx_cryp_tdes.c ****   *          - ERROR: Operation failed
 197:libs/STM32F4xx_StdPeriph_Driver/src/stm32f4xx_cryp_tdes.c ****   */
 198:libs/STM32F4xx_StdPeriph_Driver/src/stm32f4xx_cryp_tdes.c **** ErrorStatus CRYP_TDES_CBC(uint8_t Mode, uint8_t Key[24], uint8_t InitVectors[8],
 199:libs/STM32F4xx_StdPeriph_Driver/src/stm32f4xx_cryp_tdes.c ****                           uint8_t *Input, uint32_t Ilength, uint8_t *Output)
 200:libs/STM32F4xx_StdPeriph_Driver/src/stm32f4xx_cryp_tdes.c **** {
 349              		.loc 1 200 0
 350              		.cfi_startproc
 351              		@ args = 8, pretend = 0, frame = 168
 352              		@ frame_needed = 1, uses_anonymous_args = 0
 353 0000 90B5     		push	{r4, r7, lr}
 354              	.LCFI3:
 355              		.cfi_def_cfa_offset 12
 356              		.cfi_offset 14, -4
 357              		.cfi_offset 7, -8
 358              		.cfi_offset 4, -12
 359 0002 ABB0     		sub	sp, sp, #172
 360              	.LCFI4:
 361              		.cfi_def_cfa_offset 184
 362 0004 00AF     		add	r7, sp, #0
 363              	.LCFI5:
 364              		.cfi_def_cfa_register 7
 365 0006 B960     		str	r1, [r7, #8]
 366 0008 7A60     		str	r2, [r7, #4]
 367 000a 3B60     		str	r3, [r7, #0]
 368 000c 0346     		mov	r3, r0
 369 000e FB73     		strb	r3, [r7, #15]
 201:libs/STM32F4xx_StdPeriph_Driver/src/stm32f4xx_cryp_tdes.c ****   CRYP_InitTypeDef TDES_CRYP_InitStructure;
 202:libs/STM32F4xx_StdPeriph_Driver/src/stm32f4xx_cryp_tdes.c ****   CRYP_KeyInitTypeDef TDES_CRYP_KeyInitStructure;
 203:libs/STM32F4xx_StdPeriph_Driver/src/stm32f4xx_cryp_tdes.c ****   CRYP_IVInitTypeDef TDES_CRYP_IVInitStructure;
 204:libs/STM32F4xx_StdPeriph_Driver/src/stm32f4xx_cryp_tdes.c ****   __IO uint32_t counter = 0;
 370              		.loc 1 204 0
 371 0010 4FF00003 		mov	r3, #0
 372 0014 3B61     		str	r3, [r7, #16]
 205:libs/STM32F4xx_StdPeriph_Driver/src/stm32f4xx_cryp_tdes.c ****   uint32_t busystatus = 0;
 373              		.loc 1 205 0
 374 0016 4FF00003 		mov	r3, #0
 375 001a C7F89430 		str	r3, [r7, #148]
 206:libs/STM32F4xx_StdPeriph_Driver/src/stm32f4xx_cryp_tdes.c ****   ErrorStatus status = SUCCESS;
 376              		.loc 1 206 0
 377 001e 4FF00103 		mov	r3, #1
 378 0022 87F8A730 		strb	r3, [r7, #167]
 207:libs/STM32F4xx_StdPeriph_Driver/src/stm32f4xx_cryp_tdes.c ****   uint32_t keyaddr    = (uint32_t)Key;
 379              		.loc 1 207 0
 380 0026 BB68     		ldr	r3, [r7, #8]
 381 0028 C7F89030 		str	r3, [r7, #144]
 208:libs/STM32F4xx_StdPeriph_Driver/src/stm32f4xx_cryp_tdes.c ****   uint32_t inputaddr  = (uint32_t)Input;
 382              		.loc 1 208 0
 383 002c 3B68     		ldr	r3, [r7, #0]
 384 002e C7F8A030 		str	r3, [r7, #160]
 209:libs/STM32F4xx_StdPeriph_Driver/src/stm32f4xx_cryp_tdes.c ****   uint32_t outputaddr = (uint32_t)Output;
 385              		.loc 1 209 0
 386 0032 D7F8BC30 		ldr	r3, [r7, #188]
 387 0036 C7F89C30 		str	r3, [r7, #156]
 210:libs/STM32F4xx_StdPeriph_Driver/src/stm32f4xx_cryp_tdes.c ****   uint32_t ivaddr     = (uint32_t)InitVectors;
 388              		.loc 1 210 0
 389 003a 7B68     		ldr	r3, [r7, #4]
 390 003c C7F88C30 		str	r3, [r7, #140]
 211:libs/STM32F4xx_StdPeriph_Driver/src/stm32f4xx_cryp_tdes.c ****   uint32_t i = 0;
 391              		.loc 1 211 0
 392 0040 4FF00003 		mov	r3, #0
 393 0044 C7F89830 		str	r3, [r7, #152]
 212:libs/STM32F4xx_StdPeriph_Driver/src/stm32f4xx_cryp_tdes.c **** 
 213:libs/STM32F4xx_StdPeriph_Driver/src/stm32f4xx_cryp_tdes.c ****   /* Crypto structures initialisation*/
 214:libs/STM32F4xx_StdPeriph_Driver/src/stm32f4xx_cryp_tdes.c ****   CRYP_KeyStructInit(&TDES_CRYP_KeyInitStructure);
 394              		.loc 1 214 0
 395 0048 07F12403 		add	r3, r7, #36
 396 004c 1846     		mov	r0, r3
 397 004e FFF7FEFF 		bl	CRYP_KeyStructInit
 215:libs/STM32F4xx_StdPeriph_Driver/src/stm32f4xx_cryp_tdes.c **** 
 216:libs/STM32F4xx_StdPeriph_Driver/src/stm32f4xx_cryp_tdes.c ****   /* Crypto Init for Encryption process */
 217:libs/STM32F4xx_StdPeriph_Driver/src/stm32f4xx_cryp_tdes.c ****   if(Mode == MODE_ENCRYPT) /* TDES encryption */
 398              		.loc 1 217 0
 399 0052 FB7B     		ldrb	r3, [r7, #15]	@ zero_extendqisi2
 400 0054 012B     		cmp	r3, #1
 401 0056 04D1     		bne	.L12
 218:libs/STM32F4xx_StdPeriph_Driver/src/stm32f4xx_cryp_tdes.c ****   {
 219:libs/STM32F4xx_StdPeriph_Driver/src/stm32f4xx_cryp_tdes.c ****     TDES_CRYP_InitStructure.CRYP_AlgoDir = CRYP_AlgoDir_Encrypt;
 402              		.loc 1 219 0
 403 0058 4FF00003 		mov	r3, #0
 404 005c A7F84430 		strh	r3, [r7, #68]	@ movhi
 405 0060 03E0     		b	.L13
 406              	.L12:
 220:libs/STM32F4xx_StdPeriph_Driver/src/stm32f4xx_cryp_tdes.c ****   }
 221:libs/STM32F4xx_StdPeriph_Driver/src/stm32f4xx_cryp_tdes.c ****   else
 222:libs/STM32F4xx_StdPeriph_Driver/src/stm32f4xx_cryp_tdes.c ****   {
 223:libs/STM32F4xx_StdPeriph_Driver/src/stm32f4xx_cryp_tdes.c ****     TDES_CRYP_InitStructure.CRYP_AlgoDir = CRYP_AlgoDir_Decrypt;
 407              		.loc 1 223 0
 408 0062 4FF00403 		mov	r3, #4
 409 0066 A7F84430 		strh	r3, [r7, #68]	@ movhi
 410              	.L13:
 224:libs/STM32F4xx_StdPeriph_Driver/src/stm32f4xx_cryp_tdes.c ****   }
 225:libs/STM32F4xx_StdPeriph_Driver/src/stm32f4xx_cryp_tdes.c ****   TDES_CRYP_InitStructure.CRYP_AlgoMode = CRYP_AlgoMode_TDES_CBC;
 411              		.loc 1 225 0
 412 006a 4FF00803 		mov	r3, #8
 413 006e A7F84630 		strh	r3, [r7, #70]	@ movhi
 226:libs/STM32F4xx_StdPeriph_Driver/src/stm32f4xx_cryp_tdes.c ****   TDES_CRYP_InitStructure.CRYP_DataType = CRYP_DataType_8b;
 414              		.loc 1 226 0
 415 0072 4FF08003 		mov	r3, #128
 416 0076 A7F84830 		strh	r3, [r7, #72]	@ movhi
 227:libs/STM32F4xx_StdPeriph_Driver/src/stm32f4xx_cryp_tdes.c **** 
 228:libs/STM32F4xx_StdPeriph_Driver/src/stm32f4xx_cryp_tdes.c ****   CRYP_Init(&TDES_CRYP_InitStructure);
 417              		.loc 1 228 0
 418 007a 07F14403 		add	r3, r7, #68
 419 007e 1846     		mov	r0, r3
 420 0080 FFF7FEFF 		bl	CRYP_Init
 229:libs/STM32F4xx_StdPeriph_Driver/src/stm32f4xx_cryp_tdes.c **** 
 230:libs/STM32F4xx_StdPeriph_Driver/src/stm32f4xx_cryp_tdes.c ****   /* Key Initialisation */
 231:libs/STM32F4xx_StdPeriph_Driver/src/stm32f4xx_cryp_tdes.c ****   TDES_CRYP_KeyInitStructure.CRYP_Key1Left = __REV(*(uint32_t*)(keyaddr));
 421              		.loc 1 231 0
 422 0084 D7F89030 		ldr	r3, [r7, #144]
 423 0088 1B68     		ldr	r3, [r3, #0]
 424 008a C7F88830 		str	r3, [r7, #136]
 425              	.LBB42:
 426              	.LBB43:
 352:libs/CMSIS/Include/core_cmInstr.h ****   __ASM volatile ("rev %0, %1" : "=r" (result) : "r" (value) );
 427              		.loc 2 352 0
 428 008e D7F88830 		ldr	r3, [r7, #136]
 429              	@ 352 "libs/CMSIS/Include/core_cmInstr.h" 1
 430 0092 1CBA     		rev r4, r3
 431              	@ 0 "" 2
 432              		.thumb
 433 0094 C7F88440 		str	r4, [r7, #132]
 434              		.loc 2 353 0
 435 0098 D7F88430 		ldr	r3, [r7, #132]
 436              	.LBE43:
 437              	.LBE42:
 438              		.loc 1 231 0
 439 009c FB62     		str	r3, [r7, #44]
 232:libs/STM32F4xx_StdPeriph_Driver/src/stm32f4xx_cryp_tdes.c ****   keyaddr+=4;
 440              		.loc 1 232 0
 441 009e D7F89030 		ldr	r3, [r7, #144]
 442 00a2 03F10403 		add	r3, r3, #4
 443 00a6 C7F89030 		str	r3, [r7, #144]
 233:libs/STM32F4xx_StdPeriph_Driver/src/stm32f4xx_cryp_tdes.c ****   TDES_CRYP_KeyInitStructure.CRYP_Key1Right= __REV(*(uint32_t*)(keyaddr));
 444              		.loc 1 233 0
 445 00aa D7F89030 		ldr	r3, [r7, #144]
 446 00ae 1B68     		ldr	r3, [r3, #0]
 447 00b0 C7F88030 		str	r3, [r7, #128]
 448              	.LBB44:
 449              	.LBB45:
 352:libs/CMSIS/Include/core_cmInstr.h ****   __ASM volatile ("rev %0, %1" : "=r" (result) : "r" (value) );
 450              		.loc 2 352 0
 451 00b4 D7F88030 		ldr	r3, [r7, #128]
 452              	@ 352 "libs/CMSIS/Include/core_cmInstr.h" 1
 453 00b8 1CBA     		rev r4, r3
 454              	@ 0 "" 2
 455              		.thumb
 456 00ba FC67     		str	r4, [r7, #124]
 457              		.loc 2 353 0
 458 00bc FB6F     		ldr	r3, [r7, #124]
 459              	.LBE45:
 460              	.LBE44:
 461              		.loc 1 233 0
 462 00be 3B63     		str	r3, [r7, #48]
 234:libs/STM32F4xx_StdPeriph_Driver/src/stm32f4xx_cryp_tdes.c ****   keyaddr+=4;
 463              		.loc 1 234 0
 464 00c0 D7F89030 		ldr	r3, [r7, #144]
 465 00c4 03F10403 		add	r3, r3, #4
 466 00c8 C7F89030 		str	r3, [r7, #144]
 235:libs/STM32F4xx_StdPeriph_Driver/src/stm32f4xx_cryp_tdes.c ****   TDES_CRYP_KeyInitStructure.CRYP_Key2Left = __REV(*(uint32_t*)(keyaddr));
 467              		.loc 1 235 0
 468 00cc D7F89030 		ldr	r3, [r7, #144]
 469 00d0 1B68     		ldr	r3, [r3, #0]
 470 00d2 BB67     		str	r3, [r7, #120]
 471              	.LBB46:
 472              	.LBB47:
 352:libs/CMSIS/Include/core_cmInstr.h ****   __ASM volatile ("rev %0, %1" : "=r" (result) : "r" (value) );
 473              		.loc 2 352 0
 474 00d4 BB6F     		ldr	r3, [r7, #120]
 475              	@ 352 "libs/CMSIS/Include/core_cmInstr.h" 1
 476 00d6 1CBA     		rev r4, r3
 477              	@ 0 "" 2
 478              		.thumb
 479 00d8 7C67     		str	r4, [r7, #116]
 480              		.loc 2 353 0
 481 00da 7B6F     		ldr	r3, [r7, #116]
 482              	.LBE47:
 483              	.LBE46:
 484              		.loc 1 235 0
 485 00dc 7B63     		str	r3, [r7, #52]
 236:libs/STM32F4xx_StdPeriph_Driver/src/stm32f4xx_cryp_tdes.c ****   keyaddr+=4;
 486              		.loc 1 236 0
 487 00de D7F89030 		ldr	r3, [r7, #144]
 488 00e2 03F10403 		add	r3, r3, #4
 489 00e6 C7F89030 		str	r3, [r7, #144]
 237:libs/STM32F4xx_StdPeriph_Driver/src/stm32f4xx_cryp_tdes.c ****   TDES_CRYP_KeyInitStructure.CRYP_Key2Right= __REV(*(uint32_t*)(keyaddr));
 490              		.loc 1 237 0
 491 00ea D7F89030 		ldr	r3, [r7, #144]
 492 00ee 1B68     		ldr	r3, [r3, #0]
 493 00f0 3B67     		str	r3, [r7, #112]
 494              	.LBB48:
 495              	.LBB49:
 352:libs/CMSIS/Include/core_cmInstr.h ****   __ASM volatile ("rev %0, %1" : "=r" (result) : "r" (value) );
 496              		.loc 2 352 0
 497 00f2 3B6F     		ldr	r3, [r7, #112]
 498              	@ 352 "libs/CMSIS/Include/core_cmInstr.h" 1
 499 00f4 1CBA     		rev r4, r3
 500              	@ 0 "" 2
 501              		.thumb
 502 00f6 FC66     		str	r4, [r7, #108]
 503              		.loc 2 353 0
 504 00f8 FB6E     		ldr	r3, [r7, #108]
 505              	.LBE49:
 506              	.LBE48:
 507              		.loc 1 237 0
 508 00fa BB63     		str	r3, [r7, #56]
 238:libs/STM32F4xx_StdPeriph_Driver/src/stm32f4xx_cryp_tdes.c ****   keyaddr+=4;
 509              		.loc 1 238 0
 510 00fc D7F89030 		ldr	r3, [r7, #144]
 511 0100 03F10403 		add	r3, r3, #4
 512 0104 C7F89030 		str	r3, [r7, #144]
 239:libs/STM32F4xx_StdPeriph_Driver/src/stm32f4xx_cryp_tdes.c ****   TDES_CRYP_KeyInitStructure.CRYP_Key3Left = __REV(*(uint32_t*)(keyaddr));
 513              		.loc 1 239 0
 514 0108 D7F89030 		ldr	r3, [r7, #144]
 515 010c 1B68     		ldr	r3, [r3, #0]
 516 010e BB66     		str	r3, [r7, #104]
 517              	.LBB50:
 518              	.LBB51:
 352:libs/CMSIS/Include/core_cmInstr.h ****   __ASM volatile ("rev %0, %1" : "=r" (result) : "r" (value) );
 519              		.loc 2 352 0
 520 0110 BB6E     		ldr	r3, [r7, #104]
 521              	@ 352 "libs/CMSIS/Include/core_cmInstr.h" 1
 522 0112 1CBA     		rev r4, r3
 523              	@ 0 "" 2
 524              		.thumb
 525 0114 7C66     		str	r4, [r7, #100]
 526              		.loc 2 353 0
 527 0116 7B6E     		ldr	r3, [r7, #100]
 528              	.LBE51:
 529              	.LBE50:
 530              		.loc 1 239 0
 531 0118 FB63     		str	r3, [r7, #60]
 240:libs/STM32F4xx_StdPeriph_Driver/src/stm32f4xx_cryp_tdes.c ****   keyaddr+=4;
 532              		.loc 1 240 0
 533 011a D7F89030 		ldr	r3, [r7, #144]
 534 011e 03F10403 		add	r3, r3, #4
 535 0122 C7F89030 		str	r3, [r7, #144]
 241:libs/STM32F4xx_StdPeriph_Driver/src/stm32f4xx_cryp_tdes.c ****   TDES_CRYP_KeyInitStructure.CRYP_Key3Right= __REV(*(uint32_t*)(keyaddr));
 536              		.loc 1 241 0
 537 0126 D7F89030 		ldr	r3, [r7, #144]
 538 012a 1B68     		ldr	r3, [r3, #0]
 539 012c 3B66     		str	r3, [r7, #96]
 540              	.LBB52:
 541              	.LBB53:
 352:libs/CMSIS/Include/core_cmInstr.h ****   __ASM volatile ("rev %0, %1" : "=r" (result) : "r" (value) );
 542              		.loc 2 352 0
 543 012e 3B6E     		ldr	r3, [r7, #96]
 544              	@ 352 "libs/CMSIS/Include/core_cmInstr.h" 1
 545 0130 1CBA     		rev r4, r3
 546              	@ 0 "" 2
 547              		.thumb
 548 0132 FC65     		str	r4, [r7, #92]
 549              		.loc 2 353 0
 550 0134 FB6D     		ldr	r3, [r7, #92]
 551              	.LBE53:
 552              	.LBE52:
 553              		.loc 1 241 0
 554 0136 3B64     		str	r3, [r7, #64]
 242:libs/STM32F4xx_StdPeriph_Driver/src/stm32f4xx_cryp_tdes.c ****   CRYP_KeyInit(& TDES_CRYP_KeyInitStructure);
 555              		.loc 1 242 0
 556 0138 07F12403 		add	r3, r7, #36
 557 013c 1846     		mov	r0, r3
 558 013e FFF7FEFF 		bl	CRYP_KeyInit
 243:libs/STM32F4xx_StdPeriph_Driver/src/stm32f4xx_cryp_tdes.c **** 
 244:libs/STM32F4xx_StdPeriph_Driver/src/stm32f4xx_cryp_tdes.c ****   /* Initialization Vectors */
 245:libs/STM32F4xx_StdPeriph_Driver/src/stm32f4xx_cryp_tdes.c ****   TDES_CRYP_IVInitStructure.CRYP_IV0Left = __REV(*(uint32_t*)(ivaddr));
 559              		.loc 1 245 0
 560 0142 D7F88C30 		ldr	r3, [r7, #140]
 561 0146 1B68     		ldr	r3, [r3, #0]
 562 0148 BB65     		str	r3, [r7, #88]
 563              	.LBB54:
 564              	.LBB55:
 352:libs/CMSIS/Include/core_cmInstr.h ****   __ASM volatile ("rev %0, %1" : "=r" (result) : "r" (value) );
 565              		.loc 2 352 0
 566 014a BB6D     		ldr	r3, [r7, #88]
 567              	@ 352 "libs/CMSIS/Include/core_cmInstr.h" 1
 568 014c 1CBA     		rev r4, r3
 569              	@ 0 "" 2
 570              		.thumb
 571 014e 7C65     		str	r4, [r7, #84]
 572              		.loc 2 353 0
 573 0150 7B6D     		ldr	r3, [r7, #84]
 574              	.LBE55:
 575              	.LBE54:
 576              		.loc 1 245 0
 577 0152 7B61     		str	r3, [r7, #20]
 246:libs/STM32F4xx_StdPeriph_Driver/src/stm32f4xx_cryp_tdes.c ****   ivaddr+=4;
 578              		.loc 1 246 0
 579 0154 D7F88C30 		ldr	r3, [r7, #140]
 580 0158 03F10403 		add	r3, r3, #4
 581 015c C7F88C30 		str	r3, [r7, #140]
 247:libs/STM32F4xx_StdPeriph_Driver/src/stm32f4xx_cryp_tdes.c ****   TDES_CRYP_IVInitStructure.CRYP_IV0Right= __REV(*(uint32_t*)(ivaddr));
 582              		.loc 1 247 0
 583 0160 D7F88C30 		ldr	r3, [r7, #140]
 584 0164 1B68     		ldr	r3, [r3, #0]
 585 0166 3B65     		str	r3, [r7, #80]
 586              	.LBB56:
 587              	.LBB57:
 352:libs/CMSIS/Include/core_cmInstr.h ****   __ASM volatile ("rev %0, %1" : "=r" (result) : "r" (value) );
 588              		.loc 2 352 0
 589 0168 3B6D     		ldr	r3, [r7, #80]
 590              	@ 352 "libs/CMSIS/Include/core_cmInstr.h" 1
 591 016a 1CBA     		rev r4, r3
 592              	@ 0 "" 2
 593              		.thumb
 594 016c FC64     		str	r4, [r7, #76]
 595              		.loc 2 353 0
 596 016e FB6C     		ldr	r3, [r7, #76]
 597              	.LBE57:
 598              	.LBE56:
 599              		.loc 1 247 0
 600 0170 BB61     		str	r3, [r7, #24]
 248:libs/STM32F4xx_StdPeriph_Driver/src/stm32f4xx_cryp_tdes.c ****   CRYP_IVInit(&TDES_CRYP_IVInitStructure);
 601              		.loc 1 248 0
 602 0172 07F11403 		add	r3, r7, #20
 603 0176 1846     		mov	r0, r3
 604 0178 FFF7FEFF 		bl	CRYP_IVInit
 249:libs/STM32F4xx_StdPeriph_Driver/src/stm32f4xx_cryp_tdes.c **** 
 250:libs/STM32F4xx_StdPeriph_Driver/src/stm32f4xx_cryp_tdes.c ****   /* Flush IN/OUT FIFO */
 251:libs/STM32F4xx_StdPeriph_Driver/src/stm32f4xx_cryp_tdes.c ****   CRYP_FIFOFlush();
 605              		.loc 1 251 0
 606 017c FFF7FEFF 		bl	CRYP_FIFOFlush
 252:libs/STM32F4xx_StdPeriph_Driver/src/stm32f4xx_cryp_tdes.c **** 
 253:libs/STM32F4xx_StdPeriph_Driver/src/stm32f4xx_cryp_tdes.c ****   /* Enable Crypto processor */
 254:libs/STM32F4xx_StdPeriph_Driver/src/stm32f4xx_cryp_tdes.c ****   CRYP_Cmd(ENABLE);
 607              		.loc 1 254 0
 608 0180 4FF00100 		mov	r0, #1
 609 0184 FFF7FEFF 		bl	CRYP_Cmd
 255:libs/STM32F4xx_StdPeriph_Driver/src/stm32f4xx_cryp_tdes.c **** 
 256:libs/STM32F4xx_StdPeriph_Driver/src/stm32f4xx_cryp_tdes.c ****   for(i=0; ((i<Ilength) && (status != ERROR)); i+=8)
 610              		.loc 1 256 0
 611 0188 4FF00003 		mov	r3, #0
 612 018c C7F89830 		str	r3, [r7, #152]
 613 0190 54E0     		b	.L14
 614              	.L20:
 257:libs/STM32F4xx_StdPeriph_Driver/src/stm32f4xx_cryp_tdes.c ****   {
 258:libs/STM32F4xx_StdPeriph_Driver/src/stm32f4xx_cryp_tdes.c ****     /* Write the Input block in the Input FIFO */
 259:libs/STM32F4xx_StdPeriph_Driver/src/stm32f4xx_cryp_tdes.c ****     CRYP_DataIn(*(uint32_t*)(inputaddr));
 615              		.loc 1 259 0
 616 0192 D7F8A030 		ldr	r3, [r7, #160]
 617 0196 1B68     		ldr	r3, [r3, #0]
 618 0198 1846     		mov	r0, r3
 619 019a FFF7FEFF 		bl	CRYP_DataIn
 260:libs/STM32F4xx_StdPeriph_Driver/src/stm32f4xx_cryp_tdes.c ****     inputaddr+=4;
 620              		.loc 1 260 0
 621 019e D7F8A030 		ldr	r3, [r7, #160]
 622 01a2 03F10403 		add	r3, r3, #4
 623 01a6 C7F8A030 		str	r3, [r7, #160]
 261:libs/STM32F4xx_StdPeriph_Driver/src/stm32f4xx_cryp_tdes.c ****     CRYP_DataIn(*(uint32_t*)(inputaddr));
 624              		.loc 1 261 0
 625 01aa D7F8A030 		ldr	r3, [r7, #160]
 626 01ae 1B68     		ldr	r3, [r3, #0]
 627 01b0 1846     		mov	r0, r3
 628 01b2 FFF7FEFF 		bl	CRYP_DataIn
 262:libs/STM32F4xx_StdPeriph_Driver/src/stm32f4xx_cryp_tdes.c ****     inputaddr+=4;
 629              		.loc 1 262 0
 630 01b6 D7F8A030 		ldr	r3, [r7, #160]
 631 01ba 03F10403 		add	r3, r3, #4
 632 01be C7F8A030 		str	r3, [r7, #160]
 263:libs/STM32F4xx_StdPeriph_Driver/src/stm32f4xx_cryp_tdes.c **** 
 264:libs/STM32F4xx_StdPeriph_Driver/src/stm32f4xx_cryp_tdes.c ****     /* Wait until the complete message has been processed */
 265:libs/STM32F4xx_StdPeriph_Driver/src/stm32f4xx_cryp_tdes.c ****     counter = 0;
 633              		.loc 1 265 0
 634 01c2 4FF00003 		mov	r3, #0
 635 01c6 3B61     		str	r3, [r7, #16]
 636              	.L16:
 266:libs/STM32F4xx_StdPeriph_Driver/src/stm32f4xx_cryp_tdes.c ****     do
 267:libs/STM32F4xx_StdPeriph_Driver/src/stm32f4xx_cryp_tdes.c ****     {
 268:libs/STM32F4xx_StdPeriph_Driver/src/stm32f4xx_cryp_tdes.c ****       busystatus = CRYP_GetFlagStatus(CRYP_FLAG_BUSY);
 637              		.loc 1 268 0 discriminator 1
 638 01c8 4FF01000 		mov	r0, #16
 639 01cc FFF7FEFF 		bl	CRYP_GetFlagStatus
 640 01d0 0346     		mov	r3, r0
 641 01d2 C7F89430 		str	r3, [r7, #148]
 269:libs/STM32F4xx_StdPeriph_Driver/src/stm32f4xx_cryp_tdes.c ****       counter++;
 642              		.loc 1 269 0 discriminator 1
 643 01d6 3B69     		ldr	r3, [r7, #16]
 644 01d8 03F10103 		add	r3, r3, #1
 645 01dc 3B61     		str	r3, [r7, #16]
 270:libs/STM32F4xx_StdPeriph_Driver/src/stm32f4xx_cryp_tdes.c ****     }while ((counter != TDESBUSY_TIMEOUT) && (busystatus != RESET));
 646              		.loc 1 270 0 discriminator 1
 647 01de 3B69     		ldr	r3, [r7, #16]
 648 01e0 B3F5803F 		cmp	r3, #65536
 649 01e4 03D0     		beq	.L15
 650 01e6 D7F89430 		ldr	r3, [r7, #148]
 651 01ea 002B     		cmp	r3, #0
 652 01ec ECD1     		bne	.L16
 653              	.L15:
 271:libs/STM32F4xx_StdPeriph_Driver/src/stm32f4xx_cryp_tdes.c **** 
 272:libs/STM32F4xx_StdPeriph_Driver/src/stm32f4xx_cryp_tdes.c ****     if (busystatus != RESET)
 654              		.loc 1 272 0
 655 01ee D7F89430 		ldr	r3, [r7, #148]
 656 01f2 002B     		cmp	r3, #0
 657 01f4 04D0     		beq	.L17
 273:libs/STM32F4xx_StdPeriph_Driver/src/stm32f4xx_cryp_tdes.c ****    {
 274:libs/STM32F4xx_StdPeriph_Driver/src/stm32f4xx_cryp_tdes.c ****        status = ERROR;
 658              		.loc 1 274 0
 659 01f6 4FF00003 		mov	r3, #0
 660 01fa 87F8A730 		strb	r3, [r7, #167]
 661 01fe 17E0     		b	.L18
 662              	.L17:
 275:libs/STM32F4xx_StdPeriph_Driver/src/stm32f4xx_cryp_tdes.c ****     }
 276:libs/STM32F4xx_StdPeriph_Driver/src/stm32f4xx_cryp_tdes.c ****     else
 277:libs/STM32F4xx_StdPeriph_Driver/src/stm32f4xx_cryp_tdes.c ****     {
 278:libs/STM32F4xx_StdPeriph_Driver/src/stm32f4xx_cryp_tdes.c **** 
 279:libs/STM32F4xx_StdPeriph_Driver/src/stm32f4xx_cryp_tdes.c ****       /* Read the Output block from the Output FIFO */
 280:libs/STM32F4xx_StdPeriph_Driver/src/stm32f4xx_cryp_tdes.c ****       *(uint32_t*)(outputaddr) = CRYP_DataOut();
 663              		.loc 1 280 0
 664 0200 D7F89C40 		ldr	r4, [r7, #156]
 665 0204 FFF7FEFF 		bl	CRYP_DataOut
 666 0208 0346     		mov	r3, r0
 667 020a 2360     		str	r3, [r4, #0]
 281:libs/STM32F4xx_StdPeriph_Driver/src/stm32f4xx_cryp_tdes.c ****       outputaddr+=4;
 668              		.loc 1 281 0
 669 020c D7F89C30 		ldr	r3, [r7, #156]
 670 0210 03F10403 		add	r3, r3, #4
 671 0214 C7F89C30 		str	r3, [r7, #156]
 282:libs/STM32F4xx_StdPeriph_Driver/src/stm32f4xx_cryp_tdes.c ****       *(uint32_t*)(outputaddr) = CRYP_DataOut();
 672              		.loc 1 282 0
 673 0218 D7F89C40 		ldr	r4, [r7, #156]
 674 021c FFF7FEFF 		bl	CRYP_DataOut
 675 0220 0346     		mov	r3, r0
 676 0222 2360     		str	r3, [r4, #0]
 283:libs/STM32F4xx_StdPeriph_Driver/src/stm32f4xx_cryp_tdes.c ****       outputaddr+=4;
 677              		.loc 1 283 0
 678 0224 D7F89C30 		ldr	r3, [r7, #156]
 679 0228 03F10403 		add	r3, r3, #4
 680 022c C7F89C30 		str	r3, [r7, #156]
 681              	.L18:
 256:libs/STM32F4xx_StdPeriph_Driver/src/stm32f4xx_cryp_tdes.c ****   for(i=0; ((i<Ilength) && (status != ERROR)); i+=8)
 682              		.loc 1 256 0
 683 0230 D7F89830 		ldr	r3, [r7, #152]
 684 0234 03F10803 		add	r3, r3, #8
 685 0238 C7F89830 		str	r3, [r7, #152]
 686              	.L14:
 256:libs/STM32F4xx_StdPeriph_Driver/src/stm32f4xx_cryp_tdes.c ****   for(i=0; ((i<Ilength) && (status != ERROR)); i+=8)
 687              		.loc 1 256 0 is_stmt 0 discriminator 1
 688 023c D7F89820 		ldr	r2, [r7, #152]
 689 0240 D7F8B830 		ldr	r3, [r7, #184]
 690 0244 9A42     		cmp	r2, r3
 691 0246 03D2     		bcs	.L19
 256:libs/STM32F4xx_StdPeriph_Driver/src/stm32f4xx_cryp_tdes.c ****   for(i=0; ((i<Ilength) && (status != ERROR)); i+=8)
 692              		.loc 1 256 0 discriminator 2
 693 0248 97F8A730 		ldrb	r3, [r7, #167]	@ zero_extendqisi2
 694 024c 002B     		cmp	r3, #0
 695 024e A0D1     		bne	.L20
 696              	.L19:
 284:libs/STM32F4xx_StdPeriph_Driver/src/stm32f4xx_cryp_tdes.c ****     }
 285:libs/STM32F4xx_StdPeriph_Driver/src/stm32f4xx_cryp_tdes.c ****   }
 286:libs/STM32F4xx_StdPeriph_Driver/src/stm32f4xx_cryp_tdes.c **** 
 287:libs/STM32F4xx_StdPeriph_Driver/src/stm32f4xx_cryp_tdes.c ****   /* Disable Crypto */
 288:libs/STM32F4xx_StdPeriph_Driver/src/stm32f4xx_cryp_tdes.c ****   CRYP_Cmd(DISABLE);
 697              		.loc 1 288 0 is_stmt 1
 698 0250 4FF00000 		mov	r0, #0
 699 0254 FFF7FEFF 		bl	CRYP_Cmd
 289:libs/STM32F4xx_StdPeriph_Driver/src/stm32f4xx_cryp_tdes.c **** 
 290:libs/STM32F4xx_StdPeriph_Driver/src/stm32f4xx_cryp_tdes.c ****   return status; 
 700              		.loc 1 290 0
 701 0258 97F8A730 		ldrb	r3, [r7, #167]	@ zero_extendqisi2
 291:libs/STM32F4xx_StdPeriph_Driver/src/stm32f4xx_cryp_tdes.c **** }
 702              		.loc 1 291 0
 703 025c 1846     		mov	r0, r3
 704 025e 07F1AC07 		add	r7, r7, #172
 705 0262 BD46     		mov	sp, r7
 706 0264 90BD     		pop	{r4, r7, pc}
 707              		.cfi_endproc
 708              	.LFE111:
 710 0266 00BF     		.text
 711              	.Letext0:
 712              		.file 3 "/usr/local/csl/arm-2012.03/bin/../lib/gcc/arm-none-eabi/4.6.3/../../../../arm-none-eabi/i
 713              		.file 4 "libs/Device/STM32F4xx/Include/stm32f4xx.h"
 714              		.file 5 "libs/STM32F4xx_StdPeriph_Driver/inc/stm32f4xx_cryp.h"
 715              		.file 6 "libs/CMSIS/Include/core_cm4.h"
DEFINED SYMBOLS
                            *ABS*:00000000 stm32f4xx_cryp_tdes.c
     /tmp/cc4NBLIf.s:20     .text.CRYP_TDES_ECB:00000000 $t
     /tmp/cc4NBLIf.s:25     .text.CRYP_TDES_ECB:00000000 CRYP_TDES_ECB
     /tmp/cc4NBLIf.s:342    .text.CRYP_TDES_CBC:00000000 $t
     /tmp/cc4NBLIf.s:347    .text.CRYP_TDES_CBC:00000000 CRYP_TDES_CBC
                     .debug_frame:00000010 $d

UNDEFINED SYMBOLS
CRYP_KeyStructInit
CRYP_Init
CRYP_KeyInit
CRYP_FIFOFlush
CRYP_Cmd
CRYP_DataIn
CRYP_GetFlagStatus
CRYP_DataOut
CRYP_IVInit
