   1              		.syntax unified
   2              		.cpu cortex-m4
   3              		.eabi_attribute 27, 3
   4              		.fpu fpv4-sp-d16
   5              		.eabi_attribute 20, 1
   6              		.eabi_attribute 21, 1
   7              		.eabi_attribute 23, 3
   8              		.eabi_attribute 24, 1
   9              		.eabi_attribute 25, 1
  10              		.eabi_attribute 26, 1
  11              		.eabi_attribute 30, 6
  12              		.eabi_attribute 34, 1
  13              		.eabi_attribute 18, 4
  14              		.thumb
  15              		.file	"system_stm32f4xx.c"
  16              		.text
  17              	.Ltext0:
  18              		.cfi_sections	.debug_frame
  19              		.global	SystemCoreClock
  20              		.section	.data.SystemCoreClock,"aw",%progbits
  21              		.align	2
  24              	SystemCoreClock:
  25 0000 007A030A 		.word	168000000
  26              		.global	AHBPrescTable
  27              		.section	.data.AHBPrescTable,"aw",%progbits
  28              		.align	2
  31              	AHBPrescTable:
  32 0000 00       		.byte	0
  33 0001 00       		.byte	0
  34 0002 00       		.byte	0
  35 0003 00       		.byte	0
  36 0004 00       		.byte	0
  37 0005 00       		.byte	0
  38 0006 00       		.byte	0
  39 0007 00       		.byte	0
  40 0008 01       		.byte	1
  41 0009 02       		.byte	2
  42 000a 03       		.byte	3
  43 000b 04       		.byte	4
  44 000c 06       		.byte	6
  45 000d 07       		.byte	7
  46 000e 08       		.byte	8
  47 000f 09       		.byte	9
  48              		.section	.text.SystemInit,"ax",%progbits
  49              		.align	2
  50              		.global	SystemInit
  51              		.thumb
  52              		.thumb_func
  54              	SystemInit:
  55              	.LFB110:
  56              		.file 1 "src/system_stm32f4xx.c"
   1:src/system_stm32f4xx.c **** /**
   2:src/system_stm32f4xx.c ****   ******************************************************************************
   3:src/system_stm32f4xx.c ****   * @file    system_stm32f4xx.c
   4:src/system_stm32f4xx.c ****   * @author  MCD Application Team
   5:src/system_stm32f4xx.c ****   * @version V1.0.0
   6:src/system_stm32f4xx.c ****   * @date    19-September-2011
   7:src/system_stm32f4xx.c ****   * @brief   CMSIS Cortex-M4 Device Peripheral Access Layer System Source File.
   8:src/system_stm32f4xx.c ****   *          This file contains the system clock configuration for STM32F4xx devices,
   9:src/system_stm32f4xx.c ****   *          and is generated by the clock configuration tool
  10:src/system_stm32f4xx.c ****   *          stm32f4xx_Clock_Configuration_V1.0.0.xls
  11:src/system_stm32f4xx.c ****   *             
  12:src/system_stm32f4xx.c ****   * 1.  This file provides two functions and one global variable to be called from 
  13:src/system_stm32f4xx.c ****   *     user application:
  14:src/system_stm32f4xx.c ****   *      - SystemInit(): Setups the system clock (System clock source, PLL Multiplier
  15:src/system_stm32f4xx.c ****   *                      and Divider factors, AHB/APBx prescalers and Flash settings),
  16:src/system_stm32f4xx.c ****   *                      depending on the configuration made in the clock xls tool. 
  17:src/system_stm32f4xx.c ****   *                      This function is called at startup just after reset and 
  18:src/system_stm32f4xx.c ****   *                      before branch to main program. This call is made inside
  19:src/system_stm32f4xx.c ****   *                      the "startup_stm32f4xx.s" file.
  20:src/system_stm32f4xx.c ****   *
  21:src/system_stm32f4xx.c ****   *      - SystemCoreClock variable: Contains the core clock (HCLK), it can be used
  22:src/system_stm32f4xx.c ****   *                                  by the user application to setup the SysTick 
  23:src/system_stm32f4xx.c ****   *                                  timer or configure other parameters.
  24:src/system_stm32f4xx.c ****   *                                     
  25:src/system_stm32f4xx.c ****   *      - SystemCoreClockUpdate(): Updates the variable SystemCoreClock and must
  26:src/system_stm32f4xx.c ****   *                                 be called whenever the core clock is changed
  27:src/system_stm32f4xx.c ****   *                                 during program execution.
  28:src/system_stm32f4xx.c ****   *
  29:src/system_stm32f4xx.c ****   * 2. After each device reset the HSI (16 MHz) is used as system clock source.
  30:src/system_stm32f4xx.c ****   *    Then SystemInit() function is called, in "startup_stm32f4xx.s" file, to
  31:src/system_stm32f4xx.c ****   *    configure the system clock before to branch to main program.
  32:src/system_stm32f4xx.c ****   *
  33:src/system_stm32f4xx.c ****   * 3. If the system clock source selected by user fails to startup, the SystemInit()
  34:src/system_stm32f4xx.c ****   *    function will do nothing and HSI still used as system clock source. User can 
  35:src/system_stm32f4xx.c ****   *    add some code to deal with this issue inside the SetSysClock() function.
  36:src/system_stm32f4xx.c ****   *
  37:src/system_stm32f4xx.c ****   * 4. The default value of HSE crystal is set to 8 MHz, refer to "HSE_VALUE" define
  38:src/system_stm32f4xx.c ****   *    in "stm32f4xx.h" file. When HSE is used as system clock source, directly or
  39:src/system_stm32f4xx.c ****   *    through PLL, and you are using different crystal you have to adapt the HSE
  40:src/system_stm32f4xx.c ****   *    value to your own configuration.
  41:src/system_stm32f4xx.c ****   *
  42:src/system_stm32f4xx.c ****   * 5. This file configures the system clock as follows:
  43:src/system_stm32f4xx.c ****   *=============================================================================
  44:src/system_stm32f4xx.c ****   *=============================================================================
  45:src/system_stm32f4xx.c ****   *        Supported STM32F4xx device revision    | Rev A
  46:src/system_stm32f4xx.c ****   *-----------------------------------------------------------------------------
  47:src/system_stm32f4xx.c ****   *        System Clock source                    | PLL (HSE)
  48:src/system_stm32f4xx.c ****   *-----------------------------------------------------------------------------
  49:src/system_stm32f4xx.c ****   *        SYSCLK(Hz)                             | 168000000
  50:src/system_stm32f4xx.c ****   *-----------------------------------------------------------------------------
  51:src/system_stm32f4xx.c ****   *        HCLK(Hz)                               | 168000000
  52:src/system_stm32f4xx.c ****   *-----------------------------------------------------------------------------
  53:src/system_stm32f4xx.c ****   *        AHB Prescaler                          | 1
  54:src/system_stm32f4xx.c ****   *-----------------------------------------------------------------------------
  55:src/system_stm32f4xx.c ****   *        APB1 Prescaler                         | 4
  56:src/system_stm32f4xx.c ****   *-----------------------------------------------------------------------------
  57:src/system_stm32f4xx.c ****   *        APB2 Prescaler                         | 2
  58:src/system_stm32f4xx.c ****   *-----------------------------------------------------------------------------
  59:src/system_stm32f4xx.c ****   *        HSE Frequency(Hz)                      | 8000000
  60:src/system_stm32f4xx.c ****   *-----------------------------------------------------------------------------
  61:src/system_stm32f4xx.c ****   *        PLL_M                                  | 8
  62:src/system_stm32f4xx.c ****   *-----------------------------------------------------------------------------
  63:src/system_stm32f4xx.c ****   *        PLL_N                                  | 336
  64:src/system_stm32f4xx.c ****   *-----------------------------------------------------------------------------
  65:src/system_stm32f4xx.c ****   *        PLL_P                                  | 2
  66:src/system_stm32f4xx.c ****   *-----------------------------------------------------------------------------
  67:src/system_stm32f4xx.c ****   *        PLL_Q                                  | 7
  68:src/system_stm32f4xx.c ****   *-----------------------------------------------------------------------------
  69:src/system_stm32f4xx.c ****   *        PLLI2S_N                               | 192
  70:src/system_stm32f4xx.c ****   *-----------------------------------------------------------------------------
  71:src/system_stm32f4xx.c ****   *        PLLI2S_R                               | 5
  72:src/system_stm32f4xx.c ****   *-----------------------------------------------------------------------------
  73:src/system_stm32f4xx.c ****   *        I2S input clock(Hz)                    | 38400000
  74:src/system_stm32f4xx.c ****   *-----------------------------------------------------------------------------
  75:src/system_stm32f4xx.c ****   *        VDD(V)                                 | 3.3
  76:src/system_stm32f4xx.c ****   *-----------------------------------------------------------------------------
  77:src/system_stm32f4xx.c ****   *        High Performance mode                  | Enabled
  78:src/system_stm32f4xx.c ****   *-----------------------------------------------------------------------------
  79:src/system_stm32f4xx.c ****   *        Flash Latency(WS)                      | 5
  80:src/system_stm32f4xx.c ****   *-----------------------------------------------------------------------------
  81:src/system_stm32f4xx.c ****   *        Prefetch Buffer                        | OFF
  82:src/system_stm32f4xx.c ****   *-----------------------------------------------------------------------------
  83:src/system_stm32f4xx.c ****   *        Instruction cache                      | ON
  84:src/system_stm32f4xx.c ****   *-----------------------------------------------------------------------------
  85:src/system_stm32f4xx.c ****   *        Data cache                             | ON
  86:src/system_stm32f4xx.c ****   *-----------------------------------------------------------------------------
  87:src/system_stm32f4xx.c ****   *        Require 48MHz for USB OTG FS,          | Enabled
  88:src/system_stm32f4xx.c ****   *        SDIO and RNG clock                     |
  89:src/system_stm32f4xx.c ****   *-----------------------------------------------------------------------------
  90:src/system_stm32f4xx.c ****   *=============================================================================
  91:src/system_stm32f4xx.c ****   ****************************************************************************** 
  92:src/system_stm32f4xx.c ****   * @attention
  93:src/system_stm32f4xx.c ****   *
  94:src/system_stm32f4xx.c ****   * THE PRESENT FIRMWARE WHICH IS FOR GUIDANCE ONLY AIMS AT PROVIDING CUSTOMERS
  95:src/system_stm32f4xx.c ****   * WITH CODING INFORMATION REGARDING THEIR PRODUCTS IN ORDER FOR THEM TO SAVE
  96:src/system_stm32f4xx.c ****   * TIME. AS A RESULT, STMICROELECTRONICS SHALL NOT BE HELD LIABLE FOR ANY
  97:src/system_stm32f4xx.c ****   * DIRECT, INDIRECT OR CONSEQUENTIAL DAMAGES WITH RESPECT TO ANY CLAIMS ARISING
  98:src/system_stm32f4xx.c ****   * FROM THE CONTENT OF SUCH FIRMWARE AND/OR THE USE MADE BY CUSTOMERS OF THE
  99:src/system_stm32f4xx.c ****   * CODING INFORMATION CONTAINED HEREIN IN CONNECTION WITH THEIR PRODUCTS.
 100:src/system_stm32f4xx.c ****   *
 101:src/system_stm32f4xx.c ****   * <h2><center>&copy; COPYRIGHT 2011 STMicroelectronics</center></h2>
 102:src/system_stm32f4xx.c ****   ******************************************************************************
 103:src/system_stm32f4xx.c ****   */
 104:src/system_stm32f4xx.c **** 
 105:src/system_stm32f4xx.c **** /** @addtogroup CMSIS
 106:src/system_stm32f4xx.c ****   * @{
 107:src/system_stm32f4xx.c ****   */
 108:src/system_stm32f4xx.c **** 
 109:src/system_stm32f4xx.c **** /** @addtogroup stm32f4xx_system
 110:src/system_stm32f4xx.c ****   * @{
 111:src/system_stm32f4xx.c ****   */  
 112:src/system_stm32f4xx.c ****   
 113:src/system_stm32f4xx.c **** /** @addtogroup STM32F4xx_System_Private_Includes
 114:src/system_stm32f4xx.c ****   * @{
 115:src/system_stm32f4xx.c ****   */
 116:src/system_stm32f4xx.c **** 
 117:src/system_stm32f4xx.c **** #include "stm32f4xx.h"
 118:src/system_stm32f4xx.c **** 
 119:src/system_stm32f4xx.c **** /**
 120:src/system_stm32f4xx.c ****   * @}
 121:src/system_stm32f4xx.c ****   */
 122:src/system_stm32f4xx.c **** 
 123:src/system_stm32f4xx.c **** /** @addtogroup STM32F4xx_System_Private_TypesDefinitions
 124:src/system_stm32f4xx.c ****   * @{
 125:src/system_stm32f4xx.c ****   */
 126:src/system_stm32f4xx.c **** 
 127:src/system_stm32f4xx.c **** /**
 128:src/system_stm32f4xx.c ****   * @}
 129:src/system_stm32f4xx.c ****   */
 130:src/system_stm32f4xx.c **** 
 131:src/system_stm32f4xx.c **** /** @addtogroup STM32F4xx_System_Private_Defines
 132:src/system_stm32f4xx.c ****   * @{
 133:src/system_stm32f4xx.c ****   */
 134:src/system_stm32f4xx.c **** 
 135:src/system_stm32f4xx.c **** /*!< Uncomment the following line if you need to use external SRAM mounted
 136:src/system_stm32f4xx.c ****      on STM324xG_EVAL board as data memory  */
 137:src/system_stm32f4xx.c **** /* #define DATA_IN_ExtSRAM */
 138:src/system_stm32f4xx.c **** 
 139:src/system_stm32f4xx.c **** /*!< Uncomment the following line if you need to relocate your vector Table in
 140:src/system_stm32f4xx.c ****      Internal SRAM. */
 141:src/system_stm32f4xx.c **** /* #define VECT_TAB_SRAM */
 142:src/system_stm32f4xx.c **** #define VECT_TAB_OFFSET  0x00 /*!< Vector Table base offset field. 
 143:src/system_stm32f4xx.c ****                                    This value must be a multiple of 0x200. */
 144:src/system_stm32f4xx.c **** 
 145:src/system_stm32f4xx.c **** 
 146:src/system_stm32f4xx.c **** /* PLL_VCO = (HSE_VALUE or HSI_VALUE / PLL_M) * PLL_N */
 147:src/system_stm32f4xx.c **** #define PLL_M      8
 148:src/system_stm32f4xx.c **** #define PLL_N      336
 149:src/system_stm32f4xx.c **** 
 150:src/system_stm32f4xx.c **** /* SYSCLK = PLL_VCO / PLL_P */
 151:src/system_stm32f4xx.c **** #define PLL_P      2
 152:src/system_stm32f4xx.c **** 
 153:src/system_stm32f4xx.c **** /* USB OTG FS, SDIO and RNG Clock =  PLL_VCO / PLLQ */
 154:src/system_stm32f4xx.c **** #define PLL_Q      7
 155:src/system_stm32f4xx.c **** 
 156:src/system_stm32f4xx.c **** /* PLLI2S_VCO = (HSE_VALUE Or HSI_VALUE / PLL_M) * PLLI2S_N
 157:src/system_stm32f4xx.c ****    I2SCLK = PLLI2S_VCO / PLLI2S_R */
 158:src/system_stm32f4xx.c **** #define PLLI2S_N   192
 159:src/system_stm32f4xx.c **** #define PLLI2S_R   5
 160:src/system_stm32f4xx.c **** 
 161:src/system_stm32f4xx.c **** /**
 162:src/system_stm32f4xx.c ****   * @}
 163:src/system_stm32f4xx.c ****   */
 164:src/system_stm32f4xx.c **** 
 165:src/system_stm32f4xx.c **** /** @addtogroup STM32F4xx_System_Private_Macros
 166:src/system_stm32f4xx.c ****   * @{
 167:src/system_stm32f4xx.c ****   */
 168:src/system_stm32f4xx.c **** 
 169:src/system_stm32f4xx.c **** /**
 170:src/system_stm32f4xx.c ****   * @}
 171:src/system_stm32f4xx.c ****   */
 172:src/system_stm32f4xx.c **** 
 173:src/system_stm32f4xx.c **** /** @addtogroup STM32F4xx_System_Private_Variables
 174:src/system_stm32f4xx.c ****   * @{
 175:src/system_stm32f4xx.c ****   */
 176:src/system_stm32f4xx.c **** 
 177:src/system_stm32f4xx.c ****   uint32_t SystemCoreClock = 168000000;
 178:src/system_stm32f4xx.c **** 
 179:src/system_stm32f4xx.c ****   __I uint8_t AHBPrescTable[16] = {0, 0, 0, 0, 0, 0, 0, 0, 1, 2, 3, 4, 6, 7, 8, 9};
 180:src/system_stm32f4xx.c **** 
 181:src/system_stm32f4xx.c **** /**
 182:src/system_stm32f4xx.c ****   * @}
 183:src/system_stm32f4xx.c ****   */
 184:src/system_stm32f4xx.c **** 
 185:src/system_stm32f4xx.c **** /** @addtogroup STM32F4xx_System_Private_FunctionPrototypes
 186:src/system_stm32f4xx.c ****   * @{
 187:src/system_stm32f4xx.c ****   */
 188:src/system_stm32f4xx.c **** 
 189:src/system_stm32f4xx.c **** static void SetSysClock(void);
 190:src/system_stm32f4xx.c **** #ifdef DATA_IN_ExtSRAM
 191:src/system_stm32f4xx.c ****   static void SystemInit_ExtMemCtl(void); 
 192:src/system_stm32f4xx.c **** #endif /* DATA_IN_ExtSRAM */
 193:src/system_stm32f4xx.c **** 
 194:src/system_stm32f4xx.c **** /**
 195:src/system_stm32f4xx.c ****   * @}
 196:src/system_stm32f4xx.c ****   */
 197:src/system_stm32f4xx.c **** 
 198:src/system_stm32f4xx.c **** /** @addtogroup STM32F4xx_System_Private_Functions
 199:src/system_stm32f4xx.c ****   * @{
 200:src/system_stm32f4xx.c ****   */
 201:src/system_stm32f4xx.c **** 
 202:src/system_stm32f4xx.c **** /**
 203:src/system_stm32f4xx.c ****   * @brief  Setup the microcontroller system
 204:src/system_stm32f4xx.c ****   *         Initialize the Embedded Flash Interface, the PLL and update the 
 205:src/system_stm32f4xx.c ****   *         SystemFrequency variable.
 206:src/system_stm32f4xx.c ****   * @param  None
 207:src/system_stm32f4xx.c ****   * @retval None
 208:src/system_stm32f4xx.c ****   */
 209:src/system_stm32f4xx.c **** void SystemInit(void)
 210:src/system_stm32f4xx.c **** {
  57              		.loc 1 210 0
  58              		.cfi_startproc
  59              		@ args = 0, pretend = 0, frame = 0
  60              		@ frame_needed = 1, uses_anonymous_args = 0
  61 0000 80B5     		push	{r7, lr}
  62              	.LCFI0:
  63              		.cfi_def_cfa_offset 8
  64              		.cfi_offset 14, -4
  65              		.cfi_offset 7, -8
  66 0002 00AF     		add	r7, sp, #0
  67              	.LCFI1:
  68              		.cfi_def_cfa_register 7
 211:src/system_stm32f4xx.c ****   /* Reset the RCC clock configuration to the default reset state ------------*/
 212:src/system_stm32f4xx.c ****   /* Set HSION bit */
 213:src/system_stm32f4xx.c ****   RCC->CR |= (uint32_t)0x00000001;
  69              		.loc 1 213 0
  70 0004 4FF46053 		mov	r3, #14336
  71 0008 C4F20203 		movt	r3, 16386
  72 000c 4FF46052 		mov	r2, #14336
  73 0010 C4F20202 		movt	r2, 16386
  74 0014 1268     		ldr	r2, [r2, #0]
  75 0016 42F00102 		orr	r2, r2, #1
  76 001a 1A60     		str	r2, [r3, #0]
 214:src/system_stm32f4xx.c **** 
 215:src/system_stm32f4xx.c ****   /* Reset CFGR register */
 216:src/system_stm32f4xx.c ****   RCC->CFGR = 0x00000000;
  77              		.loc 1 216 0
  78 001c 4FF46053 		mov	r3, #14336
  79 0020 C4F20203 		movt	r3, 16386
  80 0024 4FF00002 		mov	r2, #0
  81 0028 9A60     		str	r2, [r3, #8]
 217:src/system_stm32f4xx.c **** 
 218:src/system_stm32f4xx.c ****   /* Reset HSEON, CSSON and PLLON bits */
 219:src/system_stm32f4xx.c ****   RCC->CR &= (uint32_t)0xFEF6FFFF;
  82              		.loc 1 219 0
  83 002a 4FF46053 		mov	r3, #14336
  84 002e C4F20203 		movt	r3, 16386
  85 0032 4FF46052 		mov	r2, #14336
  86 0036 C4F20202 		movt	r2, 16386
  87 003a 1268     		ldr	r2, [r2, #0]
  88 003c 22F08472 		bic	r2, r2, #17301504
  89 0040 22F48032 		bic	r2, r2, #65536
  90 0044 1A60     		str	r2, [r3, #0]
 220:src/system_stm32f4xx.c **** 
 221:src/system_stm32f4xx.c ****   /* Reset PLLCFGR register */
 222:src/system_stm32f4xx.c ****   RCC->PLLCFGR = 0x24003010;
  91              		.loc 1 222 0
  92 0046 4FF46053 		mov	r3, #14336
  93 004a C4F20203 		movt	r3, 16386
  94 004e 43F21002 		movw	r2, #12304
  95 0052 C2F20042 		movt	r2, 9216
  96 0056 5A60     		str	r2, [r3, #4]
 223:src/system_stm32f4xx.c **** 
 224:src/system_stm32f4xx.c ****   /* Reset HSEBYP bit */
 225:src/system_stm32f4xx.c ****   RCC->CR &= (uint32_t)0xFFFBFFFF;
  97              		.loc 1 225 0
  98 0058 4FF46053 		mov	r3, #14336
  99 005c C4F20203 		movt	r3, 16386
 100 0060 4FF46052 		mov	r2, #14336
 101 0064 C4F20202 		movt	r2, 16386
 102 0068 1268     		ldr	r2, [r2, #0]
 103 006a 22F48022 		bic	r2, r2, #262144
 104 006e 1A60     		str	r2, [r3, #0]
 226:src/system_stm32f4xx.c **** 
 227:src/system_stm32f4xx.c ****   /* Disable all interrupts */
 228:src/system_stm32f4xx.c ****   RCC->CIR = 0x00000000;
 105              		.loc 1 228 0
 106 0070 4FF46053 		mov	r3, #14336
 107 0074 C4F20203 		movt	r3, 16386
 108 0078 4FF00002 		mov	r2, #0
 109 007c DA60     		str	r2, [r3, #12]
 229:src/system_stm32f4xx.c **** 
 230:src/system_stm32f4xx.c **** #ifdef DATA_IN_ExtSRAM
 231:src/system_stm32f4xx.c ****   SystemInit_ExtMemCtl(); 
 232:src/system_stm32f4xx.c **** #endif /* DATA_IN_ExtSRAM */
 233:src/system_stm32f4xx.c ****          
 234:src/system_stm32f4xx.c ****   /* Configure the System clock source, PLL Multiplier and Divider factors, 
 235:src/system_stm32f4xx.c ****      AHB/APBx prescalers and Flash settings ----------------------------------*/
 236:src/system_stm32f4xx.c ****   SetSysClock();
 110              		.loc 1 236 0
 111 007e FFF7FEFF 		bl	SetSysClock
 237:src/system_stm32f4xx.c **** 
 238:src/system_stm32f4xx.c ****   /* Configure the Vector Table location add offset address ------------------*/
 239:src/system_stm32f4xx.c **** #ifdef VECT_TAB_SRAM
 240:src/system_stm32f4xx.c ****   SCB->VTOR = SRAM_BASE | VECT_TAB_OFFSET; /* Vector Table Relocation in Internal SRAM */
 241:src/system_stm32f4xx.c **** #else
 242:src/system_stm32f4xx.c ****   SCB->VTOR = FLASH_BASE | VECT_TAB_OFFSET; /* Vector Table Relocation in Internal FLASH */
 112              		.loc 1 242 0
 113 0082 4FF46D43 		mov	r3, #60672
 114 0086 CEF20003 		movt	r3, 57344
 115 008a 4FF00062 		mov	r2, #134217728
 116 008e 9A60     		str	r2, [r3, #8]
 243:src/system_stm32f4xx.c **** #endif
 244:src/system_stm32f4xx.c **** }
 117              		.loc 1 244 0
 118 0090 80BD     		pop	{r7, pc}
 119              		.cfi_endproc
 120              	.LFE110:
 122 0092 00BF     		.section	.text.SystemCoreClockUpdate,"ax",%progbits
 123              		.align	2
 124              		.global	SystemCoreClockUpdate
 125              		.thumb
 126              		.thumb_func
 128              	SystemCoreClockUpdate:
 129              	.LFB111:
 245:src/system_stm32f4xx.c **** 
 246:src/system_stm32f4xx.c **** /**
 247:src/system_stm32f4xx.c ****    * @brief  Update SystemCoreClock variable according to Clock Register Values.
 248:src/system_stm32f4xx.c ****   *         The SystemCoreClock variable contains the core clock (HCLK), it can
 249:src/system_stm32f4xx.c ****   *         be used by the user application to setup the SysTick timer or configure
 250:src/system_stm32f4xx.c ****   *         other parameters.
 251:src/system_stm32f4xx.c ****   *           
 252:src/system_stm32f4xx.c ****   * @note   Each time the core clock (HCLK) changes, this function must be called
 253:src/system_stm32f4xx.c ****   *         to update SystemCoreClock variable value. Otherwise, any configuration
 254:src/system_stm32f4xx.c ****   *         based on this variable will be incorrect.         
 255:src/system_stm32f4xx.c ****   *     
 256:src/system_stm32f4xx.c ****   * @note   - The system frequency computed by this function is not the real 
 257:src/system_stm32f4xx.c ****   *           frequency in the chip. It is calculated based on the predefined 
 258:src/system_stm32f4xx.c ****   *           constant and the selected clock source:
 259:src/system_stm32f4xx.c ****   *             
 260:src/system_stm32f4xx.c ****   *           - If SYSCLK source is HSI, SystemCoreClock will contain the HSI_VALUE(*)
 261:src/system_stm32f4xx.c ****   *                                              
 262:src/system_stm32f4xx.c ****   *           - If SYSCLK source is HSE, SystemCoreClock will contain the HSE_VALUE(**)
 263:src/system_stm32f4xx.c ****   *                          
 264:src/system_stm32f4xx.c ****   *           - If SYSCLK source is PLL, SystemCoreClock will contain the HSE_VALUE(**) 
 265:src/system_stm32f4xx.c ****   *             or HSI_VALUE(*) multiplied/divided by the PLL factors.
 266:src/system_stm32f4xx.c ****   *         
 267:src/system_stm32f4xx.c ****   *         (*) HSI_VALUE is a constant defined in stm32f4xx.h file (default value
 268:src/system_stm32f4xx.c ****   *             16 MHz) but the real value may vary depending on the variations
 269:src/system_stm32f4xx.c ****   *             in voltage and temperature.   
 270:src/system_stm32f4xx.c ****   *    
 271:src/system_stm32f4xx.c ****   *         (**) HSE_VALUE is a constant defined in stm32f4xx.h file (default value
 272:src/system_stm32f4xx.c ****   *              25 MHz), user has to ensure that HSE_VALUE is same as the real
 273:src/system_stm32f4xx.c ****   *              frequency of the crystal used. Otherwise, this function may
 274:src/system_stm32f4xx.c ****   *              have wrong result.
 275:src/system_stm32f4xx.c ****   *                
 276:src/system_stm32f4xx.c ****   *         - The result of this function could be not correct when using fractional
 277:src/system_stm32f4xx.c ****   *           value for HSE crystal.
 278:src/system_stm32f4xx.c ****   *     
 279:src/system_stm32f4xx.c ****   * @param  None
 280:src/system_stm32f4xx.c ****   * @retval None
 281:src/system_stm32f4xx.c ****   */
 282:src/system_stm32f4xx.c **** void SystemCoreClockUpdate(void)
 283:src/system_stm32f4xx.c **** {
 130              		.loc 1 283 0
 131              		.cfi_startproc
 132              		@ args = 0, pretend = 0, frame = 24
 133              		@ frame_needed = 1, uses_anonymous_args = 0
 134              		@ link register save eliminated.
 135 0000 80B4     		push	{r7}
 136              	.LCFI2:
 137              		.cfi_def_cfa_offset 4
 138              		.cfi_offset 7, -4
 139 0002 87B0     		sub	sp, sp, #28
 140              	.LCFI3:
 141              		.cfi_def_cfa_offset 32
 142 0004 00AF     		add	r7, sp, #0
 143              	.LCFI4:
 144              		.cfi_def_cfa_register 7
 284:src/system_stm32f4xx.c ****   uint32_t tmp = 0, pllvco = 0, pllp = 2, pllsource = 0, pllm = 2;
 145              		.loc 1 284 0
 146 0006 4FF00003 		mov	r3, #0
 147 000a 3B61     		str	r3, [r7, #16]
 148 000c 4FF00003 		mov	r3, #0
 149 0010 7B61     		str	r3, [r7, #20]
 150 0012 4FF00203 		mov	r3, #2
 151 0016 FB60     		str	r3, [r7, #12]
 152 0018 4FF00003 		mov	r3, #0
 153 001c BB60     		str	r3, [r7, #8]
 154 001e 4FF00203 		mov	r3, #2
 155 0022 7B60     		str	r3, [r7, #4]
 285:src/system_stm32f4xx.c ****   
 286:src/system_stm32f4xx.c ****   /* Get SYSCLK source -------------------------------------------------------*/
 287:src/system_stm32f4xx.c ****   tmp = RCC->CFGR & RCC_CFGR_SWS;
 156              		.loc 1 287 0
 157 0024 4FF46053 		mov	r3, #14336
 158 0028 C4F20203 		movt	r3, 16386
 159 002c 9B68     		ldr	r3, [r3, #8]
 160 002e 03F00C03 		and	r3, r3, #12
 161 0032 3B61     		str	r3, [r7, #16]
 288:src/system_stm32f4xx.c **** 
 289:src/system_stm32f4xx.c ****   switch (tmp)
 162              		.loc 1 289 0
 163 0034 3B69     		ldr	r3, [r7, #16]
 164 0036 042B     		cmp	r3, #4
 165 0038 0DD0     		beq	.L5
 166 003a 082B     		cmp	r3, #8
 167 003c 15D0     		beq	.L6
 168 003e 002B     		cmp	r3, #0
 169 0040 69D1     		bne	.L10
 170              	.L4:
 290:src/system_stm32f4xx.c ****   {
 291:src/system_stm32f4xx.c ****     case 0x00:  /* HSI used as system clock source */
 292:src/system_stm32f4xx.c ****       SystemCoreClock = HSI_VALUE;
 171              		.loc 1 292 0
 172 0042 40F20003 		movw	r3, #:lower16:SystemCoreClock
 173 0046 C0F20003 		movt	r3, #:upper16:SystemCoreClock
 174 004a 4FF41052 		mov	r2, #9216
 175 004e C0F2F402 		movt	r2, 244
 176 0052 1A60     		str	r2, [r3, #0]
 293:src/system_stm32f4xx.c ****       break;
 177              		.loc 1 293 0
 178 0054 69E0     		b	.L7
 179              	.L5:
 294:src/system_stm32f4xx.c ****     case 0x04:  /* HSE used as system clock source */
 295:src/system_stm32f4xx.c ****       SystemCoreClock = HSE_VALUE;
 180              		.loc 1 295 0
 181 0056 40F20003 		movw	r3, #:lower16:SystemCoreClock
 182 005a C0F20003 		movt	r3, #:upper16:SystemCoreClock
 183 005e 4FF49052 		mov	r2, #4608
 184 0062 C0F27A02 		movt	r2, 122
 185 0066 1A60     		str	r2, [r3, #0]
 296:src/system_stm32f4xx.c ****       break;
 186              		.loc 1 296 0
 187 0068 5FE0     		b	.L7
 188              	.L6:
 297:src/system_stm32f4xx.c ****     case 0x08:  /* PLL used as system clock source */
 298:src/system_stm32f4xx.c **** 
 299:src/system_stm32f4xx.c ****       /* PLL_VCO = (HSE_VALUE or HSI_VALUE / PLL_M) * PLL_N
 300:src/system_stm32f4xx.c ****          SYSCLK = PLL_VCO / PLL_P
 301:src/system_stm32f4xx.c ****          */    
 302:src/system_stm32f4xx.c ****       pllsource = (RCC->PLLCFGR & RCC_PLLCFGR_PLLSRC) >> 22;
 189              		.loc 1 302 0
 190 006a 4FF46053 		mov	r3, #14336
 191 006e C4F20203 		movt	r3, 16386
 192 0072 5B68     		ldr	r3, [r3, #4]
 193 0074 03F48003 		and	r3, r3, #4194304
 194 0078 4FEA9353 		lsr	r3, r3, #22
 195 007c BB60     		str	r3, [r7, #8]
 303:src/system_stm32f4xx.c ****       pllm = RCC->PLLCFGR & RCC_PLLCFGR_PLLM;
 196              		.loc 1 303 0
 197 007e 4FF46053 		mov	r3, #14336
 198 0082 C4F20203 		movt	r3, 16386
 199 0086 5B68     		ldr	r3, [r3, #4]
 200 0088 03F03F03 		and	r3, r3, #63
 201 008c 7B60     		str	r3, [r7, #4]
 304:src/system_stm32f4xx.c ****       
 305:src/system_stm32f4xx.c ****       if (pllsource != 0)
 202              		.loc 1 305 0
 203 008e BB68     		ldr	r3, [r7, #8]
 204 0090 002B     		cmp	r3, #0
 205 0092 14D0     		beq	.L8
 306:src/system_stm32f4xx.c ****       {
 307:src/system_stm32f4xx.c ****         /* HSE used as PLL clock source */
 308:src/system_stm32f4xx.c ****         pllvco = (HSE_VALUE / pllm) * ((RCC->PLLCFGR & RCC_PLLCFGR_PLLN) >> 6);
 206              		.loc 1 308 0
 207 0094 4FF49053 		mov	r3, #4608
 208 0098 C0F27A03 		movt	r3, 122
 209 009c 7A68     		ldr	r2, [r7, #4]
 210 009e B3FBF2F2 		udiv	r2, r3, r2
 211 00a2 4FF46053 		mov	r3, #14336
 212 00a6 C4F20203 		movt	r3, 16386
 213 00aa 5968     		ldr	r1, [r3, #4]
 214 00ac 47F6C073 		movw	r3, #32704
 215 00b0 0B40     		ands	r3, r3, r1
 216 00b2 4FEA9313 		lsr	r3, r3, #6
 217 00b6 03FB02F3 		mul	r3, r3, r2
 218 00ba 7B61     		str	r3, [r7, #20]
 219 00bc 13E0     		b	.L9
 220              	.L8:
 309:src/system_stm32f4xx.c ****       }
 310:src/system_stm32f4xx.c ****       else
 311:src/system_stm32f4xx.c ****       {
 312:src/system_stm32f4xx.c ****         /* HSI used as PLL clock source */
 313:src/system_stm32f4xx.c ****         pllvco = (HSI_VALUE / pllm) * ((RCC->PLLCFGR & RCC_PLLCFGR_PLLN) >> 6);      
 221              		.loc 1 313 0
 222 00be 4FF41053 		mov	r3, #9216
 223 00c2 C0F2F403 		movt	r3, 244
 224 00c6 7A68     		ldr	r2, [r7, #4]
 225 00c8 B3FBF2F2 		udiv	r2, r3, r2
 226 00cc 4FF46053 		mov	r3, #14336
 227 00d0 C4F20203 		movt	r3, 16386
 228 00d4 5968     		ldr	r1, [r3, #4]
 229 00d6 47F6C073 		movw	r3, #32704
 230 00da 0B40     		ands	r3, r3, r1
 231 00dc 4FEA9313 		lsr	r3, r3, #6
 232 00e0 03FB02F3 		mul	r3, r3, r2
 233 00e4 7B61     		str	r3, [r7, #20]
 234              	.L9:
 314:src/system_stm32f4xx.c ****       }
 315:src/system_stm32f4xx.c **** 
 316:src/system_stm32f4xx.c ****       pllp = (((RCC->PLLCFGR & RCC_PLLCFGR_PLLP) >>16) + 1 ) *2;
 235              		.loc 1 316 0
 236 00e6 4FF46053 		mov	r3, #14336
 237 00ea C4F20203 		movt	r3, 16386
 238 00ee 5B68     		ldr	r3, [r3, #4]
 239 00f0 03F44033 		and	r3, r3, #196608
 240 00f4 4FEA1343 		lsr	r3, r3, #16
 241 00f8 03F10103 		add	r3, r3, #1
 242 00fc 4FEA4303 		lsl	r3, r3, #1
 243 0100 FB60     		str	r3, [r7, #12]
 317:src/system_stm32f4xx.c ****       SystemCoreClock = pllvco/pllp;
 244              		.loc 1 317 0
 245 0102 7A69     		ldr	r2, [r7, #20]
 246 0104 FB68     		ldr	r3, [r7, #12]
 247 0106 B2FBF3F2 		udiv	r2, r2, r3
 248 010a 40F20003 		movw	r3, #:lower16:SystemCoreClock
 249 010e C0F20003 		movt	r3, #:upper16:SystemCoreClock
 250 0112 1A60     		str	r2, [r3, #0]
 318:src/system_stm32f4xx.c ****       break;
 251              		.loc 1 318 0
 252 0114 09E0     		b	.L7
 253              	.L10:
 319:src/system_stm32f4xx.c ****     default:
 320:src/system_stm32f4xx.c ****       SystemCoreClock = HSI_VALUE;
 254              		.loc 1 320 0
 255 0116 40F20003 		movw	r3, #:lower16:SystemCoreClock
 256 011a C0F20003 		movt	r3, #:upper16:SystemCoreClock
 257 011e 4FF41052 		mov	r2, #9216
 258 0122 C0F2F402 		movt	r2, 244
 259 0126 1A60     		str	r2, [r3, #0]
 321:src/system_stm32f4xx.c ****       break;
 260              		.loc 1 321 0
 261 0128 00BF     		nop
 262              	.L7:
 322:src/system_stm32f4xx.c ****   }
 323:src/system_stm32f4xx.c ****   /* Compute HCLK frequency --------------------------------------------------*/
 324:src/system_stm32f4xx.c ****   /* Get HCLK prescaler */
 325:src/system_stm32f4xx.c ****   tmp = AHBPrescTable[((RCC->CFGR & RCC_CFGR_HPRE) >> 4)];
 263              		.loc 1 325 0
 264 012a 4FF46053 		mov	r3, #14336
 265 012e C4F20203 		movt	r3, 16386
 266 0132 9B68     		ldr	r3, [r3, #8]
 267 0134 03F0F003 		and	r3, r3, #240
 268 0138 4FEA1312 		lsr	r2, r3, #4
 269 013c 40F20003 		movw	r3, #:lower16:AHBPrescTable
 270 0140 C0F20003 		movt	r3, #:upper16:AHBPrescTable
 271 0144 9B5C     		ldrb	r3, [r3, r2]
 272 0146 DBB2     		uxtb	r3, r3
 273 0148 3B61     		str	r3, [r7, #16]
 326:src/system_stm32f4xx.c ****   /* HCLK frequency */
 327:src/system_stm32f4xx.c ****   SystemCoreClock >>= tmp;
 274              		.loc 1 327 0
 275 014a 40F20003 		movw	r3, #:lower16:SystemCoreClock
 276 014e C0F20003 		movt	r3, #:upper16:SystemCoreClock
 277 0152 1A68     		ldr	r2, [r3, #0]
 278 0154 3B69     		ldr	r3, [r7, #16]
 279 0156 22FA03F2 		lsr	r2, r2, r3
 280 015a 40F20003 		movw	r3, #:lower16:SystemCoreClock
 281 015e C0F20003 		movt	r3, #:upper16:SystemCoreClock
 282 0162 1A60     		str	r2, [r3, #0]
 328:src/system_stm32f4xx.c **** }
 283              		.loc 1 328 0
 284 0164 07F11C07 		add	r7, r7, #28
 285 0168 BD46     		mov	sp, r7
 286 016a 80BC     		pop	{r7}
 287 016c 7047     		bx	lr
 288              		.cfi_endproc
 289              	.LFE111:
 291 016e 00BF     		.section	.text.SetSysClock,"ax",%progbits
 292              		.align	2
 293              		.thumb
 294              		.thumb_func
 296              	SetSysClock:
 297              	.LFB112:
 329:src/system_stm32f4xx.c **** 
 330:src/system_stm32f4xx.c **** /**
 331:src/system_stm32f4xx.c ****   * @brief  Configures the System clock source, PLL Multiplier and Divider factors, 
 332:src/system_stm32f4xx.c ****   *         AHB/APBx prescalers and Flash settings
 333:src/system_stm32f4xx.c ****   * @Note   This function should be called only once the RCC clock configuration  
 334:src/system_stm32f4xx.c ****   *         is reset to the default reset state (done in SystemInit() function).   
 335:src/system_stm32f4xx.c ****   * @param  None
 336:src/system_stm32f4xx.c ****   * @retval None
 337:src/system_stm32f4xx.c ****   */
 338:src/system_stm32f4xx.c **** static void SetSysClock(void)
 339:src/system_stm32f4xx.c **** {
 298              		.loc 1 339 0
 299              		.cfi_startproc
 300              		@ args = 0, pretend = 0, frame = 8
 301              		@ frame_needed = 1, uses_anonymous_args = 0
 302              		@ link register save eliminated.
 303 0000 80B4     		push	{r7}
 304              	.LCFI5:
 305              		.cfi_def_cfa_offset 4
 306              		.cfi_offset 7, -4
 307 0002 83B0     		sub	sp, sp, #12
 308              	.LCFI6:
 309              		.cfi_def_cfa_offset 16
 310 0004 00AF     		add	r7, sp, #0
 311              	.LCFI7:
 312              		.cfi_def_cfa_register 7
 340:src/system_stm32f4xx.c **** /******************************************************************************/
 341:src/system_stm32f4xx.c **** /*            PLL (clocked by HSE) used as System clock source                */
 342:src/system_stm32f4xx.c **** /******************************************************************************/
 343:src/system_stm32f4xx.c ****   __IO uint32_t StartUpCounter = 0, HSEStatus = 0;
 313              		.loc 1 343 0
 314 0006 4FF00003 		mov	r3, #0
 315 000a 7B60     		str	r3, [r7, #4]
 316 000c 4FF00003 		mov	r3, #0
 317 0010 3B60     		str	r3, [r7, #0]
 344:src/system_stm32f4xx.c ****   
 345:src/system_stm32f4xx.c ****   /* Enable HSE */
 346:src/system_stm32f4xx.c ****   RCC->CR |= ((uint32_t)RCC_CR_HSEON);
 318              		.loc 1 346 0
 319 0012 4FF46053 		mov	r3, #14336
 320 0016 C4F20203 		movt	r3, 16386
 321 001a 4FF46052 		mov	r2, #14336
 322 001e C4F20202 		movt	r2, 16386
 323 0022 1268     		ldr	r2, [r2, #0]
 324 0024 42F48032 		orr	r2, r2, #65536
 325 0028 1A60     		str	r2, [r3, #0]
 326              	.L13:
 347:src/system_stm32f4xx.c ****  
 348:src/system_stm32f4xx.c ****   /* Wait till HSE is ready and if Time out is reached exit */
 349:src/system_stm32f4xx.c ****   do
 350:src/system_stm32f4xx.c ****   {
 351:src/system_stm32f4xx.c ****     HSEStatus = RCC->CR & RCC_CR_HSERDY;
 327              		.loc 1 351 0 discriminator 1
 328 002a 4FF46053 		mov	r3, #14336
 329 002e C4F20203 		movt	r3, 16386
 330 0032 1B68     		ldr	r3, [r3, #0]
 331 0034 03F40033 		and	r3, r3, #131072
 332 0038 3B60     		str	r3, [r7, #0]
 352:src/system_stm32f4xx.c ****     StartUpCounter++;
 333              		.loc 1 352 0 discriminator 1
 334 003a 7B68     		ldr	r3, [r7, #4]
 335 003c 03F10103 		add	r3, r3, #1
 336 0040 7B60     		str	r3, [r7, #4]
 353:src/system_stm32f4xx.c ****   } while((HSEStatus == 0) && (StartUpCounter != HSE_STARTUP_TIMEOUT));
 337              		.loc 1 353 0 discriminator 1
 338 0042 3B68     		ldr	r3, [r7, #0]
 339 0044 002B     		cmp	r3, #0
 340 0046 03D1     		bne	.L12
 341 0048 7B68     		ldr	r3, [r7, #4]
 342 004a B3F5A06F 		cmp	r3, #1280
 343 004e ECD1     		bne	.L13
 344              	.L12:
 354:src/system_stm32f4xx.c **** 
 355:src/system_stm32f4xx.c ****   if ((RCC->CR & RCC_CR_HSERDY) != RESET)
 345              		.loc 1 355 0
 346 0050 4FF46053 		mov	r3, #14336
 347 0054 C4F20203 		movt	r3, 16386
 348 0058 1B68     		ldr	r3, [r3, #0]
 349 005a 03F40033 		and	r3, r3, #131072
 350 005e 002B     		cmp	r3, #0
 351 0060 03D0     		beq	.L14
 356:src/system_stm32f4xx.c ****   {
 357:src/system_stm32f4xx.c ****     HSEStatus = (uint32_t)0x01;
 352              		.loc 1 357 0
 353 0062 4FF00103 		mov	r3, #1
 354 0066 3B60     		str	r3, [r7, #0]
 355 0068 02E0     		b	.L15
 356              	.L14:
 358:src/system_stm32f4xx.c ****   }
 359:src/system_stm32f4xx.c ****   else
 360:src/system_stm32f4xx.c ****   {
 361:src/system_stm32f4xx.c ****     HSEStatus = (uint32_t)0x00;
 357              		.loc 1 361 0
 358 006a 4FF00003 		mov	r3, #0
 359 006e 3B60     		str	r3, [r7, #0]
 360              	.L15:
 362:src/system_stm32f4xx.c ****   }
 363:src/system_stm32f4xx.c **** 
 364:src/system_stm32f4xx.c ****   if (HSEStatus == (uint32_t)0x01)
 361              		.loc 1 364 0
 362 0070 3B68     		ldr	r3, [r7, #0]
 363 0072 012B     		cmp	r3, #1
 364 0074 40F08280 		bne	.L16
 365:src/system_stm32f4xx.c ****   {
 366:src/system_stm32f4xx.c ****     /* Enable high performance mode, System frequency up to 168 MHz */
 367:src/system_stm32f4xx.c ****     RCC->APB1ENR |= RCC_APB1ENR_PWREN;
 365              		.loc 1 367 0
 366 0078 4FF46053 		mov	r3, #14336
 367 007c C4F20203 		movt	r3, 16386
 368 0080 4FF46052 		mov	r2, #14336
 369 0084 C4F20202 		movt	r2, 16386
 370 0088 126C     		ldr	r2, [r2, #64]
 371 008a 42F08052 		orr	r2, r2, #268435456
 372 008e 1A64     		str	r2, [r3, #64]
 368:src/system_stm32f4xx.c ****     PWR->CR |= PWR_CR_PMODE;  
 373              		.loc 1 368 0
 374 0090 4FF4E043 		mov	r3, #28672
 375 0094 C4F20003 		movt	r3, 16384
 376 0098 4FF4E042 		mov	r2, #28672
 377 009c C4F20002 		movt	r2, 16384
 378 00a0 1268     		ldr	r2, [r2, #0]
 379 00a2 42F48042 		orr	r2, r2, #16384
 380 00a6 1A60     		str	r2, [r3, #0]
 369:src/system_stm32f4xx.c **** 
 370:src/system_stm32f4xx.c ****     /* HCLK = SYSCLK / 1*/
 371:src/system_stm32f4xx.c ****     RCC->CFGR |= RCC_CFGR_HPRE_DIV1;
 381              		.loc 1 371 0
 382 00a8 4FF46053 		mov	r3, #14336
 383 00ac C4F20203 		movt	r3, 16386
 384 00b0 4FF46052 		mov	r2, #14336
 385 00b4 C4F20202 		movt	r2, 16386
 386 00b8 9268     		ldr	r2, [r2, #8]
 387 00ba 9A60     		str	r2, [r3, #8]
 372:src/system_stm32f4xx.c ****       
 373:src/system_stm32f4xx.c ****     /* PCLK2 = HCLK / 2*/
 374:src/system_stm32f4xx.c ****     RCC->CFGR |= RCC_CFGR_PPRE2_DIV2;
 388              		.loc 1 374 0
 389 00bc 4FF46053 		mov	r3, #14336
 390 00c0 C4F20203 		movt	r3, 16386
 391 00c4 4FF46052 		mov	r2, #14336
 392 00c8 C4F20202 		movt	r2, 16386
 393 00cc 9268     		ldr	r2, [r2, #8]
 394 00ce 42F40042 		orr	r2, r2, #32768
 395 00d2 9A60     		str	r2, [r3, #8]
 375:src/system_stm32f4xx.c ****     
 376:src/system_stm32f4xx.c ****     /* PCLK1 = HCLK / 4*/
 377:src/system_stm32f4xx.c ****     RCC->CFGR |= RCC_CFGR_PPRE1_DIV4;
 396              		.loc 1 377 0
 397 00d4 4FF46053 		mov	r3, #14336
 398 00d8 C4F20203 		movt	r3, 16386
 399 00dc 4FF46052 		mov	r2, #14336
 400 00e0 C4F20202 		movt	r2, 16386
 401 00e4 9268     		ldr	r2, [r2, #8]
 402 00e6 42F4A052 		orr	r2, r2, #5120
 403 00ea 9A60     		str	r2, [r3, #8]
 378:src/system_stm32f4xx.c **** 
 379:src/system_stm32f4xx.c ****     /* Configure the main PLL */
 380:src/system_stm32f4xx.c ****     RCC->PLLCFGR = PLL_M | (PLL_N << 6) | (((PLL_P >> 1) -1) << 16) |
 404              		.loc 1 380 0
 405 00ec 4FF46053 		mov	r3, #14336
 406 00f0 C4F20203 		movt	r3, 16386
 407 00f4 45F20842 		movw	r2, #21512
 408 00f8 C0F24072 		movt	r2, 1856
 409 00fc 5A60     		str	r2, [r3, #4]
 381:src/system_stm32f4xx.c ****                    (RCC_PLLCFGR_PLLSRC_HSE) | (PLL_Q << 24);
 382:src/system_stm32f4xx.c **** 
 383:src/system_stm32f4xx.c ****     /* Enable the main PLL */
 384:src/system_stm32f4xx.c ****     RCC->CR |= RCC_CR_PLLON;
 410              		.loc 1 384 0
 411 00fe 4FF46053 		mov	r3, #14336
 412 0102 C4F20203 		movt	r3, 16386
 413 0106 4FF46052 		mov	r2, #14336
 414 010a C4F20202 		movt	r2, 16386
 415 010e 1268     		ldr	r2, [r2, #0]
 416 0110 42F08072 		orr	r2, r2, #16777216
 417 0114 1A60     		str	r2, [r3, #0]
 385:src/system_stm32f4xx.c **** 
 386:src/system_stm32f4xx.c ****     /* Wait till the main PLL is ready */
 387:src/system_stm32f4xx.c ****     while((RCC->CR & RCC_CR_PLLRDY) == 0)
 418              		.loc 1 387 0
 419 0116 00BF     		nop
 420              	.L17:
 421              		.loc 1 387 0 is_stmt 0 discriminator 1
 422 0118 4FF46053 		mov	r3, #14336
 423 011c C4F20203 		movt	r3, 16386
 424 0120 1B68     		ldr	r3, [r3, #0]
 425 0122 03F00073 		and	r3, r3, #33554432
 426 0126 002B     		cmp	r3, #0
 427 0128 F6D0     		beq	.L17
 388:src/system_stm32f4xx.c ****     {
 389:src/system_stm32f4xx.c ****     }
 390:src/system_stm32f4xx.c ****    
 391:src/system_stm32f4xx.c ****     /* Configure Flash prefetch, Instruction cache, Data cache and wait state */
 392:src/system_stm32f4xx.c ****     FLASH->ACR = FLASH_ACR_ICEN |FLASH_ACR_DCEN |FLASH_ACR_LATENCY_5WS;
 428              		.loc 1 392 0 is_stmt 1
 429 012a 4FF47053 		mov	r3, #15360
 430 012e C4F20203 		movt	r3, 16386
 431 0132 40F20562 		movw	r2, #1541
 432 0136 1A60     		str	r2, [r3, #0]
 393:src/system_stm32f4xx.c **** 
 394:src/system_stm32f4xx.c ****     /* Select the main PLL as system clock source */
 395:src/system_stm32f4xx.c ****     RCC->CFGR &= (uint32_t)((uint32_t)~(RCC_CFGR_SW));
 433              		.loc 1 395 0
 434 0138 4FF46053 		mov	r3, #14336
 435 013c C4F20203 		movt	r3, 16386
 436 0140 4FF46052 		mov	r2, #14336
 437 0144 C4F20202 		movt	r2, 16386
 438 0148 9268     		ldr	r2, [r2, #8]
 439 014a 22F00302 		bic	r2, r2, #3
 440 014e 9A60     		str	r2, [r3, #8]
 396:src/system_stm32f4xx.c ****     RCC->CFGR |= RCC_CFGR_SW_PLL;
 441              		.loc 1 396 0
 442 0150 4FF46053 		mov	r3, #14336
 443 0154 C4F20203 		movt	r3, 16386
 444 0158 4FF46052 		mov	r2, #14336
 445 015c C4F20202 		movt	r2, 16386
 446 0160 9268     		ldr	r2, [r2, #8]
 447 0162 42F00202 		orr	r2, r2, #2
 448 0166 9A60     		str	r2, [r3, #8]
 397:src/system_stm32f4xx.c **** 
 398:src/system_stm32f4xx.c ****     /* Wait till the main PLL is used as system clock source */
 399:src/system_stm32f4xx.c ****     while ((RCC->CFGR & (uint32_t)RCC_CFGR_SWS ) != RCC_CFGR_SWS_PLL);
 449              		.loc 1 399 0
 450 0168 00BF     		nop
 451              	.L18:
 452              		.loc 1 399 0 is_stmt 0 discriminator 1
 453 016a 4FF46053 		mov	r3, #14336
 454 016e C4F20203 		movt	r3, 16386
 455 0172 9B68     		ldr	r3, [r3, #8]
 456 0174 03F00C03 		and	r3, r3, #12
 457 0178 082B     		cmp	r3, #8
 458 017a F6D1     		bne	.L18
 459              	.L16:
 400:src/system_stm32f4xx.c ****     {
 401:src/system_stm32f4xx.c ****     }
 402:src/system_stm32f4xx.c ****   }
 403:src/system_stm32f4xx.c ****   else
 404:src/system_stm32f4xx.c ****   { /* If HSE fails to start-up, the application will have wrong clock
 405:src/system_stm32f4xx.c ****          configuration. User can add here some code to deal with this error */
 406:src/system_stm32f4xx.c ****   }
 407:src/system_stm32f4xx.c **** 
 408:src/system_stm32f4xx.c **** /******************************************************************************/
 409:src/system_stm32f4xx.c **** /*                        I2S clock configuration                             */
 410:src/system_stm32f4xx.c **** /******************************************************************************/
 411:src/system_stm32f4xx.c ****   /* PLLI2S clock used as I2S clock source */
 412:src/system_stm32f4xx.c ****   RCC->CFGR &= ~RCC_CFGR_I2SSRC;
 460              		.loc 1 412 0 is_stmt 1
 461 017c 4FF46053 		mov	r3, #14336
 462 0180 C4F20203 		movt	r3, 16386
 463 0184 4FF46052 		mov	r2, #14336
 464 0188 C4F20202 		movt	r2, 16386
 465 018c 9268     		ldr	r2, [r2, #8]
 466 018e 22F40002 		bic	r2, r2, #8388608
 467 0192 9A60     		str	r2, [r3, #8]
 413:src/system_stm32f4xx.c **** 
 414:src/system_stm32f4xx.c ****   /* Configure PLLI2S */
 415:src/system_stm32f4xx.c ****   RCC->PLLI2SCFGR = (PLLI2S_N << 6) | (PLLI2S_R << 28);
 468              		.loc 1 415 0
 469 0194 4FF46053 		mov	r3, #14336
 470 0198 C4F20203 		movt	r3, 16386
 471 019c 4FF44052 		mov	r2, #12288
 472 01a0 C5F20002 		movt	r2, 20480
 473 01a4 C3F88420 		str	r2, [r3, #132]
 416:src/system_stm32f4xx.c **** 
 417:src/system_stm32f4xx.c ****   /* Enable PLLI2S */
 418:src/system_stm32f4xx.c ****   RCC->CR |= ((uint32_t)RCC_CR_PLLI2SON);
 474              		.loc 1 418 0
 475 01a8 4FF46053 		mov	r3, #14336
 476 01ac C4F20203 		movt	r3, 16386
 477 01b0 4FF46052 		mov	r2, #14336
 478 01b4 C4F20202 		movt	r2, 16386
 479 01b8 1268     		ldr	r2, [r2, #0]
 480 01ba 42F08062 		orr	r2, r2, #67108864
 481 01be 1A60     		str	r2, [r3, #0]
 419:src/system_stm32f4xx.c **** 
 420:src/system_stm32f4xx.c ****   /* Wait till PLLI2S is ready */
 421:src/system_stm32f4xx.c ****   while((RCC->CR & RCC_CR_PLLI2SRDY) == 0)
 482              		.loc 1 421 0
 483 01c0 00BF     		nop
 484              	.L19:
 485              		.loc 1 421 0 is_stmt 0 discriminator 1
 486 01c2 4FF46053 		mov	r3, #14336
 487 01c6 C4F20203 		movt	r3, 16386
 488 01ca 1B68     		ldr	r3, [r3, #0]
 489 01cc 03F00063 		and	r3, r3, #134217728
 490 01d0 002B     		cmp	r3, #0
 491 01d2 F6D0     		beq	.L19
 422:src/system_stm32f4xx.c ****   {
 423:src/system_stm32f4xx.c ****   }
 424:src/system_stm32f4xx.c **** }
 492              		.loc 1 424 0 is_stmt 1
 493 01d4 07F10C07 		add	r7, r7, #12
 494 01d8 BD46     		mov	sp, r7
 495 01da 80BC     		pop	{r7}
 496 01dc 7047     		bx	lr
 497              		.cfi_endproc
 498              	.LFE112:
 500 01de 00BF     		.text
 501              	.Letext0:
 502              		.file 2 "/usr/local/csl/arm-2012.03/bin/../lib/gcc/arm-none-eabi/4.6.3/../../../../arm-none-eabi/i
 503              		.file 3 "libs/CMSIS/Include/core_cm4.h"
 504              		.file 4 "libs/Device/STM32F4xx/Include/stm32f4xx.h"
DEFINED SYMBOLS
                            *ABS*:00000000 system_stm32f4xx.c
     /tmp/cczd43xd.s:24     .data.SystemCoreClock:00000000 SystemCoreClock
     /tmp/cczd43xd.s:21     .data.SystemCoreClock:00000000 $d
     /tmp/cczd43xd.s:31     .data.AHBPrescTable:00000000 AHBPrescTable
     /tmp/cczd43xd.s:28     .data.AHBPrescTable:00000000 $d
     /tmp/cczd43xd.s:49     .text.SystemInit:00000000 $t
     /tmp/cczd43xd.s:54     .text.SystemInit:00000000 SystemInit
     /tmp/cczd43xd.s:296    .text.SetSysClock:00000000 SetSysClock
     /tmp/cczd43xd.s:123    .text.SystemCoreClockUpdate:00000000 $t
     /tmp/cczd43xd.s:128    .text.SystemCoreClockUpdate:00000000 SystemCoreClockUpdate
     /tmp/cczd43xd.s:292    .text.SetSysClock:00000000 $t
                     .debug_frame:00000010 $d

NO UNDEFINED SYMBOLS
